      "name": "windows_eventchannel"
    },
    "data": {
      "win": {
        "system": {
          "providerName": "Microsoft-Windows-Security-Auditing",
          "providerGuid": "{54849625-5478-4994-a5ba-3e3b0328c30d}",
          "eventID": "4624",
          "version": "2",
          "level": "0",
          "task": "12544",
          "opcode": "0",
          "keywords": "0x8020000000000000",
          "systemTime": "2026-03-10T13:42:45.2214353Z",
          "eventRecordID": "11544991",
          "processID": "1548",
          "threadID": "19396",
          "channel": "Security",
          "computer": "VBR",
          "severityValue": "AUDIT_SUCCESS",
          "message": "\"An account was successfully logged on.\r\n\r\nSubject:\r\n\tSecurity ID:\t\tS-1-0-0\r\n\tAccount Name:\t\t-\r\n\tAccount Domain:\t\t-\r\n\tLogon ID:\t\t0x0\r\n\r\nLogon Information:\r\n\tLogon Type:\t\t3\r\n\tRestricted Admin Mode:\t-\r\n\tVirtual Account:\t\tNo\r\n\tElevated Token:\t\tYes\r\n\r\nImpersonation Level:\t\tImpersonation\r\n\r\nNew Logon:\r\n\tSecurity ID:\t\tS-1-5-21-2804995003-1717164549-3382355335-500\r\n\tAccount Name:\t\tAdministrator\r\n\tAccount Domain:\t\tVBR\r\n\tLogon ID:\t\t0x5FB5271\r\n\tLinked Logon ID:\t\t0x0\r\n\tNetwork Account Name:\t-\r\n\tNetwork Account Domain:\t-\r\n\tLogon GUID:\t\t{00000000-0000-0000-0000-000000000000}\r\n\r\nProcess Information:\r\n\tProcess ID:\t\t0x0\r\n\tProcess Name:\t\t-\r\n\r\nNetwork Information:\r\n\tWorkstation Name:\tVBR\r\n\tSource Network Address:\t10.3.31.112\r\n\tSource Port:\t\t64679\r\n\r\nDetailed Authentication Information:\r\n\tLogon Process:\t\tNtLmSsp \r\n\tAuthentication Package:\tNTLM\r\n\tTransited Services:\t-\r\n\tPackage Name (NTLM only):\tNTLM V2\r\n\tKey Length:\t\t128\r\n\r\nThis event is generated when a logon session is created. It is generated on the computer that was accessed.\r\n\r\nThe subject fields indicate the account on the local system which requested the logon. This is most commonly a service such as the Server service, or a local process such as Winlogon.exe or Services.exe.\r\n\r\nThe logon type field indicates the kind of logon that occurred. The most common types are 2 (interactive) and 3 (network).\r\n\r\nThe New Logon fields indicate the account for whom the new logon was created, i.e. the account that was logged on.\r\n\r\nThe network fields indicate where a remote logon request originated. Workstation name is not always available and may be left blank in some cases.\r\n\r\nThe impersonation level field indicates the extent to which a process in the logon session can impersonate.\r\n\r\nThe authentication information fields provide detailed information about this specific logon request.\r\n\t- Logon GUID is a unique identifier that can be used to correlate this event with a KDC event.\r\n\t- Transited services indicate which intermediate services have participated in this logon request.\r\n\t- Package name indicates which sub-protocol was used among the NTLM protocols.\r\n\t- Key length indicates the length of the generated session key. This will be 0 if no session key was requested.\""
        },
        "eventdata": {
          "subjectUserSid": "S-1-0-0",
          "subjectLogonId": "0x0",
          "targetUserSid": "S-1-5-21-2804995003-1717164549-3382355335-500",
          "targetUserName": "Administrator",
          "targetDomainName": "VBR",
          "targetLogonId": "0x5fb5271",
          "logonType": "3",
          "logonProcessName": "NtLmSsp",
          "authenticationPackageName": "NTLM",
          "workstationName": "VBR",
          "logonGuid": "{00000000-0000-0000-0000-000000000000}",
          "lmPackageName": "NTLM V2",
          "keyLength": "128",
          "processId": "0x0",
          "ipAddress": "10.3.31.112",
          "ipPort": "64679",
          "impersonationLevel": "%%1833",
          "virtualAccount": "%%1843",
          "targetLinkedLogonId": "0x0",
          "elevatedToken": "%%1842"
        }
      }
    },
    "location": "EventChannel"
  },
  {
    "timestamp": "2026-03-10T14:42:46.026+0100",
    "rule": {
      "level": 6,
      "description": "Fortigate attack dropped.",
      "id": "81629",
      "firedtimes": 3215,
      "mail": false,
      "groups": [
        "fortigate",
        "syslog",
        "attack"
      ],
      "gdpr": [
        "IV_35.7.d"
      ],
      "hipaa": [
        "164.312.b"
      ],
      "nist_800_53": [
        "AU.6"
      ],
      "pci_dss": [
        "10.6.1"
      ]
    },
    "agent": {
      "id": "000",
      "name": "wazuh.fiit.stuba.sk.novalocal"
    },
    "manager": {
      "name": "wazuh.fiit.stuba.sk.novalocal"
    },
    "id": "1773150166.1081598152",
    "full_log": "Mar 10 14:42:45 147.175.144.2 date=2026-03-10 time=14:42:45 devname=\"FortiGate-600F\" devid=\"FG6H0FTB23904723\" eventtime=1773150165627792389 tz=\"+0100\" logid=\"0419016384\" type=\"utm\" subtype=\"ips\" eventtype=\"signature\" level=\"alert\" vd=\"root\" severity=\"low\" srcip=152.32.213.68 srccountry=\"Hong Kong\" dstip=147.175.146.164 dstcountry=\"Slovakia\" srcintf=\"outside\" srcintfrole=\"wan\" dstintf=\"inside\" dstintfrole=\"lan\" sessionid=2077954043 action=\"dropped\" proto=6 service=\"SCCP\" policyid=11 poluuid=\"808834ec-9d1a-51ef-835d-f46e34b6c71e\" policytype=\"policy\" attack=\"Nmap.Script.Scanner\" srcport=51010 dstport=2000 direction=\"outgoing\" attackid=45360 profile=\"high_security\" ref=\"http://www.fortinet.com/ids/VID45360\" incidentserialno=294667090 msg=\"tools: Nmap.Script.Scanner\" crscore=5 craction=32768 crlevel=\"low\"",
    "predecoder": {
      "timestamp": "Mar 10 14:42:45",
      "hostname": "147.175.144.2"
    },
    "decoder": {
      "name": "fortigate-firewall-v5"
    },
    "data": {
      "action": "dropped",
      "srcip": "152.32.213.68",
      "srcport": "51010",
      "dstip": "147.175.146.164",
      "dstport": "2000",
      "attack": "Nmap.Script.Scanner",
      "attackid": "45360",
      "craction": "32768",
      "crlevel": "low",
      "crscore": "5",
      "devid": "FG6H0FTB23904723",
      "devname": "FortiGate-600F",
      "direction": "outgoing",
      "dstcountry": "Slovakia",
      "dstintf": "inside",
      "dstintfrole": "lan",
      "eventtime": "1773150165627792389",
      "eventtype": "signature",
      "incidentserialno": "294667090",
      "level": "alert",
      "logid": "0419016384",
      "msg": "tools: Nmap.Script.Scanner",
      "policyid": "11",
      "poluuid": "808834ec-9d1a-51ef-835d-f46e34b6c71e",
      "profile": "high_security",
      "proto": "6",
      "ref": "http://www.fortinet.com/ids/VID45360",
      "service": "SCCP",
      "sessionid": "2077954043",
      "severity": "low",
      "srccountry": "Hong Kong",
      "srcintf": "outside",
      "srcintfrole": "wan",
      "subtype": "ips",
      "time": "14:42:45",
      "type": "utm",
      "vd": "root"
    },
    "location": "127.0.0.1"
  },
  {
    "timestamp": "2026-03-10T14:42:46.034+0100",
    "rule": {
      "level": 6,
      "description": "User has authenticated",
      "id": "200000",
      "firedtimes": 973,
      "mail": false,
      "groups": [
        "aruba_ap_syslog_rules"
      ]
    },
    "agent": {
      "id": "000",
      "name": "wazuh.fiit.stuba.sk.novalocal"
    },
    "manager": {
      "name": "wazuh.fiit.stuba.sk.novalocal"
    },
    "id": "1773150166.1081600299",
    "full_log": "Mar 10 14:42:44 10.0.219.171 stm[5653]: <501199> <NOTI> AP:AP071 <10.0.219.171 A8:5B:F7:CA:17:1E>  User authenticated, mac-e2:c5:c2:58:6f:ab, username-xrubchev@stuba.sk, IP-147.175.163.90, method-802.1x, role-eduroam",
    "predecoder": {
      "program_name": "stm",
      "timestamp": "Mar 10 14:42:44",
      "hostname": "10.0.219.171"
    },
    "decoder": {
      "parent": "aruba_ap_syslog",
      "name": "aruba_ap_user_authenticated"
    },
    "data": {
      "ap": "071",
      "username": "xrubchev@stuba.sk",
      "ip": "147.175.163.90",
      "method": "802.1x",
      "role": "eduroam"
    },
    "location": "127.0.0.1"
  },
  {
    "timestamp": "2026-03-10T14:42:46.032+0100",
    "rule": {
      "level": 6,
      "description": "Fortigate attack dropped.",
      "id": "81629",
      "firedtimes": 3216,
      "mail": false,
      "groups": [
        "fortigate",
        "syslog",
        "attack"
      ],
      "gdpr": [
        "IV_35.7.d"
      ],
      "hipaa": [
        "164.312.b"
      ],
      "nist_800_53": [
        "AU.6"
      ],
      "pci_dss": [
        "10.6.1"
      ]
    },
    "agent": {
      "id": "000",
      "name": "wazuh.fiit.stuba.sk.novalocal"
    },
    "manager": {
      "name": "wazuh.fiit.stuba.sk.novalocal"
    },
    "id": "1773150166.1081600639",
    "full_log": "Mar 10 14:42:45 147.175.144.2 date=2026-03-10 time=14:42:45 devname=\"FortiGate-600F\" devid=\"FG6H0FTB23904723\" eventtime=1773150165748382585 tz=\"+0100\" logid=\"0419016384\" type=\"utm\" subtype=\"ips\" eventtype=\"signature\" level=\"alert\" vd=\"root\" severity=\"high\" srcip=175.107.225.114 srccountry=\"Pakistan\" dstip=147.175.146.252 dstcountry=\"Slovakia\" srcintf=\"outside\" srcintfrole=\"wan\" dstintf=\"inside\" dstintfrole=\"lan\" sessionid=2077954679 action=\"dropped\" proto=17 service=\"udp/64199\" policyid=11 poluuid=\"808834ec-9d1a-51ef-835d-f46e34b6c71e\" policytype=\"policy\" attack=\"Mozi.Botnet\" srcport=11128 dstport=64199 direction=\"outgoing\" attackid=50496 profile=\"high_security\" ref=\"http://www.fortinet.com/ids/VID50496\" incidentserialno=294667132 msg=\"backdoor: Mozi.Botnet\" crscore=30 craction=8192 crlevel=\"high\"",
    "predecoder": {
      "timestamp": "Mar 10 14:42:45",
      "hostname": "147.175.144.2"
    },
    "decoder": {
      "name": "fortigate-firewall-v5"
    },
    "data": {
      "action": "dropped",
      "srcip": "175.107.225.114",
      "srcport": "11128",
      "dstip": "147.175.146.252",
      "dstport": "64199",
      "attack": "Mozi.Botnet",
      "attackid": "50496",
      "craction": "8192",
      "crlevel": "high",
      "crscore": "30",
      "devid": "FG6H0FTB23904723",
      "devname": "FortiGate-600F",
      "direction": "outgoing",
      "dstcountry": "Slovakia",
      "dstintf": "inside",
      "dstintfrole": "lan",
      "eventtime": "1773150165748382585",
      "eventtype": "signature",
      "incidentserialno": "294667132",
      "level": "alert",
      "logid": "0419016384",
      "msg": "backdoor: Mozi.Botnet",
      "policyid": "11",
      "poluuid": "808834ec-9d1a-51ef-835d-f46e34b6c71e",
      "profile": "high_security",
      "proto": "17",
      "ref": "http://www.fortinet.com/ids/VID50496",
      "service": "udp/64199",
      "sessionid": "2077954679",
      "severity": "high",
      "srccountry": "Pakistan",
      "srcintf": "outside",
      "srcintfrole": "wan",
      "subtype": "ips",
      "time": "14:42:45",
      "type": "utm",
      "vd": "root"
    },
    "location": "127.0.0.1"
  },
  {
    "timestamp": "2026-03-10T14:42:46.530+0100",
    "rule": {
      "level": 6,
      "description": "Successful Remote Logon Detected - User:\\Administrator - NTLM authentication, possible pass-the-hash attack - Possible RDP connection. Verify that VBR is allowed to perform RDP connections",
      "id": "92657",
      "mitre": {
        "id": [
          "T1550.002",
          "T1078.002",
          "T1021.001"
        ],
        "tactic": [
          "Defense Evasion",
          "Lateral Movement",
          "Persistence",
          "Privilege Escalation",
          "Initial Access"
        ],
        "technique": [
          "Pass the Hash",
          "Domain Accounts",
          "Remote Desktop Protocol"
        ]
      },
      "firedtimes": 186,
      "mail": false,
      "groups": [
        "win_evt_channel",
        "windows",
        "\n      authentication_success",
        "\n    "
      ],
      "pci_dss": [
        "10.2.5"
      ],
      "gpg13": [
        "7.1",
        "7.2"
      ],
      "gdpr": [
        "IV_32.2"
      ],
      "hipaa": [
        "164.312.b"
      ],
      "nist_800_53": [
        "AU.14",
        "AC.7"
      ],
      "tsc": [
        "CC6.8",
        "CC7.2",
        "CC7.3"
      ]
    },
    "agent": {
      "id": "241",
      "name": "VBR",
      "ip": "10.3.32.111"
    },
    "manager": {
      "name": "wazuh.fiit.stuba.sk.novalocal"
    },
    "id": "1773150166.1081603041",
    "full_log": "{\"win\":{\"system\":{\"providerName\":\"Microsoft-Windows-Security-Auditing\",\"providerGuid\":\"{54849625-5478-4994-a5ba-3e3b0328c30d}\",\"eventID\":\"4624\",\"version\":\"2\",\"level\":\"0\",\"task\":\"12544\",\"opcode\":\"0\",\"keywords\":\"0x8020000000000000\",\"systemTime\":\"2026-03-10T13:42:46.3468806Z\",\"eventRecordID\":\"11544999\",\"processID\":\"1548\",\"threadID\":\"19396\",\"channel\":\"Security\",\"computer\":\"VBR\",\"severityValue\":\"AUDIT_SUCCESS\",\"message\":\"\\\"An account was successfully logged on.\\r\\n\\r\\nSubject:\\r\\n\\tSecurity ID:\\t\\tS-1-0-0\\r\\n\\tAccount Name:\\t\\t-\\r\\n\\tAccount Domain:\\t\\t-\\r\\n\\tLogon ID:\\t\\t0x0\\r\\n\\r\\nLogon Information:\\r\\n\\tLogon Type:\\t\\t3\\r\\n\\tRestricted Admin Mode:\\t-\\r\\n\\tVirtual Account:\\t\\tNo\\r\\n\\tElevated Token:\\t\\tYes\\r\\n\\r\\nImpersonation Level:\\t\\tImpersonation\\r\\n\\r\\nNew Logon:\\r\\n\\tSecurity ID:\\t\\tS-1-5-21-2804995003-1717164549-3382355335-500\\r\\n\\tAccount Name:\\t\\tAdministrator\\r\\n\\tAccount Domain:\\t\\tVBR\\r\\n\\tLogon ID:\\t\\t0x5FBAC3F\\r\\n\\tLinked Logon ID:\\t\\t0x0\\r\\n\\tNetwork Account Name:\\t-\\r\\n\\tNetwork Account Domain:\\t-\\r\\n\\tLogon GUID:\\t\\t{00000000-0000-0000-0000-000000000000}\\r\\n\\r\\nProcess Information:\\r\\n\\tProcess ID:\\t\\t0x0\\r\\n\\tProcess Name:\\t\\t-\\r\\n\\r\\nNetwork Information:\\r\\n\\tWorkstation Name:\\tVBR\\r\\n\\tSource Network Address:\\t10.3.31.112\\r\\n\\tSource Port:\\t\\t64683\\r\\n\\r\\nDetailed Authentication Information:\\r\\n\\tLogon Process:\\t\\tNtLmSsp \\r\\n\\tAuthentication Package:\\tNTLM\\r\\n\\tTransited Services:\\t-\\r\\n\\tPackage Name (NTLM only):\\tNTLM V2\\r\\n\\tKey Length:\\t\\t128\\r\\n\\r\\nThis event is generated when a logon session is created. It is generated on the computer that was accessed.\\r\\n\\r\\nThe subject fields indicate the account on the local system which requested the logon. This is most commonly a service such as the Server service, or a local process such as Winlogon.exe or Services.exe.\\r\\n\\r\\nThe logon type field indicates the kind of logon that occurred. The most common types are 2 (interactive) and 3 (network).\\r\\n\\r\\nThe New Logon fields indicate the account for whom the new logon was created, i.e. the account that was logged on.\\r\\n\\r\\nThe network fields indicate where a remote logon request originated. Workstation name is not always available and may be left blank in some cases.\\r\\n\\r\\nThe impersonation level field indicates the extent to which a process in the logon session can impersonate.\\r\\n\\r\\nThe authentication information fields provide detailed information about this specific logon request.\\r\\n\\t- Logon GUID is a unique identifier that can be used to correlate this event with a KDC event.\\r\\n\\t- Transited services indicate which intermediate services have participated in this logon request.\\r\\n\\t- Package name indicates which sub-protocol was used among the NTLM protocols.\\r\\n\\t- Key length indicates the length of the generated session key. This will be 0 if no session key was requested.\\\"\"},\"eventdata\":{\"subjectUserSid\":\"S-1-0-0\",\"subjectLogonId\":\"0x0\",\"targetUserSid\":\"S-1-5-21-2804995003-1717164549-3382355335-500\",\"targetUserName\":\"Administrator\",\"targetDomainName\":\"VBR\",\"targetLogonId\":\"0x5fbac3f\",\"logonType\":\"3\",\"logonProcessName\":\"NtLmSsp\",\"authenticationPackageName\":\"NTLM\",\"workstationName\":\"VBR\",\"logonGuid\":\"{00000000-0000-0000-0000-000000000000}\",\"lmPackageName\":\"NTLM V2\",\"keyLength\":\"128\",\"processId\":\"0x0\",\"ipAddress\":\"10.3.31.112\",\"ipPort\":\"64683\",\"impersonationLevel\":\"%%1833\",\"virtualAccount\":\"%%1843\",\"targetLinkedLogonId\":\"0x0\",\"elevatedToken\":\"%%1842\"}}}",
    "decoder": {
      "name": "windows_eventchannel"
    },
    "data": {
      "win": {
        "system": {
          "providerName": "Microsoft-Windows-Security-Auditing",
          "providerGuid": "{54849625-5478-4994-a5ba-3e3b0328c30d}",
          "eventID": "4624",
          "version": "2",
          "level": "0",
          "task": "12544",
          "opcode": "0",
          "keywords": "0x8020000000000000",
          "systemTime": "2026-03-10T13:42:46.3468806Z",
          "eventRecordID": "11544999",
          "processID": "1548",
          "threadID": "19396",
          "channel": "Security",
          "computer": "VBR",
          "severityValue": "AUDIT_SUCCESS",
          "message": "\"An account was successfully logged on.\r\n\r\nSubject:\r\n\tSecurity ID:\t\tS-1-0-0\r\n\tAccount Name:\t\t-\r\n\tAccount Domain:\t\t-\r\n\tLogon ID:\t\t0x0\r\n\r\nLogon Information:\r\n\tLogon Type:\t\t3\r\n\tRestricted Admin Mode:\t-\r\n\tVirtual Account:\t\tNo\r\n\tElevated Token:\t\tYes\r\n\r\nImpersonation Level:\t\tImpersonation\r\n\r\nNew Logon:\r\n\tSecurity ID:\t\tS-1-5-21-2804995003-1717164549-3382355335-500\r\n\tAccount Name:\t\tAdministrator\r\n\tAccount Domain:\t\tVBR\r\n\tLogon ID:\t\t0x5FBAC3F\r\n\tLinked Logon ID:\t\t0x0\r\n\tNetwork Account Name:\t-\r\n\tNetwork Account Domain:\t-\r\n\tLogon GUID:\t\t{00000000-0000-0000-0000-000000000000}\r\n\r\nProcess Information:\r\n\tProcess ID:\t\t0x0\r\n\tProcess Name:\t\t-\r\n\r\nNetwork Information:\r\n\tWorkstation Name:\tVBR\r\n\tSource Network Address:\t10.3.31.112\r\n\tSource Port:\t\t64683\r\n\r\nDetailed Authentication Information:\r\n\tLogon Process:\t\tNtLmSsp \r\n\tAuthentication Package:\tNTLM\r\n\tTransited Services:\t-\r\n\tPackage Name (NTLM only):\tNTLM V2\r\n\tKey Length:\t\t128\r\n\r\nThis event is generated when a logon session is created. It is generated on the computer that was accessed.\r\n\r\nThe subject fields indicate the account on the local system which requested the logon. This is most commonly a service such as the Server service, or a local process such as Winlogon.exe or Services.exe.\r\n\r\nThe logon type field indicates the kind of logon that occurred. The most common types are 2 (interactive) and 3 (network).\r\n\r\nThe New Logon fields indicate the account for whom the new logon was created, i.e. the account that was logged on.\r\n\r\nThe network fields indicate where a remote logon request originated. Workstation name is not always available and may be left blank in some cases.\r\n\r\nThe impersonation level field indicates the extent to which a process in the logon session can impersonate.\r\n\r\nThe authentication information fields provide detailed information about this specific logon request.\r\n\t- Logon GUID is a unique identifier that can be used to correlate this event with a KDC event.\r\n\t- Transited services indicate which intermediate services have participated in this logon request.\r\n\t- Package name indicates which sub-protocol was used among the NTLM protocols.\r\n\t- Key length indicates the length of the generated session key. This will be 0 if no session key was requested.\""
        },
        "eventdata": {
          "subjectUserSid": "S-1-0-0",
          "subjectLogonId": "0x0",
          "targetUserSid": "S-1-5-21-2804995003-1717164549-3382355335-500",
          "targetUserName": "Administrator",
          "targetDomainName": "VBR",
          "targetLogonId": "0x5fbac3f",
          "logonType": "3",
          "logonProcessName": "NtLmSsp",
          "authenticationPackageName": "NTLM",
          "workstationName": "VBR",
          "logonGuid": "{00000000-0000-0000-0000-000000000000}",
          "lmPackageName": "NTLM V2",
          "keyLength": "128",
          "processId": "0x0",
          "ipAddress": "10.3.31.112",
          "ipPort": "64683",
          "impersonationLevel": "%%1833",
          "virtualAccount": "%%1843",
          "targetLinkedLogonId": "0x0",
          "elevatedToken": "%%1842"
        }
      }
    },
    "location": "EventChannel"
  },
  {
    "timestamp": "2026-03-10T14:42:46.640+0100",
    "rule": {
      "level": 6,
      "description": "Successful Remote Logon Detected - User:\\Administrator - NTLM authentication, possible pass-the-hash attack - Possible RDP connection. Verify that VBR is allowed to perform RDP connections",
      "id": "92657",
      "mitre": {
        "id": [
          "T1550.002",
          "T1078.002",
          "T1021.001"
        ],
        "tactic": [
          "Defense Evasion",
          "Lateral Movement",
          "Persistence",
          "Privilege Escalation",
          "Initial Access"
        ],
        "technique": [
          "Pass the Hash",
          "Domain Accounts",
          "Remote Desktop Protocol"
        ]
      },
      "firedtimes": 187,
      "mail": false,
      "groups": [
        "win_evt_channel",
        "windows",
        "\n      authentication_success",
        "\n    "
      ],
      "pci_dss": [
        "10.2.5"
      ],
      "gpg13": [
        "7.1",
        "7.2"
      ],
      "gdpr": [
        "IV_32.2"
      ],
      "hipaa": [
        "164.312.b"
      ],
      "nist_800_53": [
        "AU.14",
        "AC.7"
      ],
      "tsc": [
        "CC6.8",
        "CC7.2",
        "CC7.3"
      ]
    },
    "agent": {
      "id": "241",
      "name": "VBR",
      "ip": "10.3.32.111"
    },
    "manager": {
      "name": "wazuh.fiit.stuba.sk.novalocal"
    },
    "id": "1773150166.1081605610",
    "full_log": "{\"win\":{\"system\":{\"providerName\":\"Microsoft-Windows-Security-Auditing\",\"providerGuid\":\"{54849625-5478-4994-a5ba-3e3b0328c30d}\",\"eventID\":\"4624\",\"version\":\"2\",\"level\":\"0\",\"task\":\"12544\",\"opcode\":\"0\",\"keywords\":\"0x8020000000000000\",\"systemTime\":\"2026-03-10T13:42:46.3847038Z\",\"eventRecordID\":\"11545006\",\"processID\":\"1548\",\"threadID\":\"19396\",\"channel\":\"Security\",\"computer\":\"VBR\",\"severityValue\":\"AUDIT_SUCCESS\",\"message\":\"\\\"An account was successfully logged on.\\r\\n\\r\\nSubject:\\r\\n\\tSecurity ID:\\t\\tS-1-0-0\\r\\n\\tAccount Name:\\t\\t-\\r\\n\\tAccount Domain:\\t\\t-\\r\\n\\tLogon ID:\\t\\t0x0\\r\\n\\r\\nLogon Information:\\r\\n\\tLogon Type:\\t\\t3\\r\\n\\tRestricted Admin Mode:\\t-\\r\\n\\tVirtual Account:\\t\\tNo\\r\\n\\tElevated Token:\\t\\tYes\\r\\n\\r\\nImpersonation Level:\\t\\tImpersonation\\r\\n\\r\\nNew Logon:\\r\\n\\tSecurity ID:\\t\\tS-1-5-21-2804995003-1717164549-3382355335-500\\r\\n\\tAccount Name:\\t\\tAdministrator\\r\\n\\tAccount Domain:\\t\\tVBR\\r\\n\\tLogon ID:\\t\\t0x5FBAF4A\\r\\n\\tLinked Logon ID:\\t\\t0x0\\r\\n\\tNetwork Account Name:\\t-\\r\\n\\tNetwork Account Domain:\\t-\\r\\n\\tLogon GUID:\\t\\t{00000000-0000-0000-0000-000000000000}\\r\\n\\r\\nProcess Information:\\r\\n\\tProcess ID:\\t\\t0x0\\r\\n\\tProcess Name:\\t\\t-\\r\\n\\r\\nNetwork Information:\\r\\n\\tWorkstation Name:\\tVBR\\r\\n\\tSource Network Address:\\t10.3.31.112\\r\\n\\tSource Port:\\t\\t64684\\r\\n\\r\\nDetailed Authentication Information:\\r\\n\\tLogon Process:\\t\\tNtLmSsp \\r\\n\\tAuthentication Package:\\tNTLM\\r\\n\\tTransited Services:\\t-\\r\\n\\tPackage Name (NTLM only):\\tNTLM V2\\r\\n\\tKey Length:\\t\\t128\\r\\n\\r\\nThis event is generated when a logon session is created. It is generated on the computer that was accessed.\\r\\n\\r\\nThe subject fields indicate the account on the local system which requested the logon. This is most commonly a service such as the Server service, or a local process such as Winlogon.exe or Services.exe.\\r\\n\\r\\nThe logon type field indicates the kind of logon that occurred. The most common types are 2 (interactive) and 3 (network).\\r\\n\\r\\nThe New Logon fields indicate the account for whom the new logon was created, i.e. the account that was logged on.\\r\\n\\r\\nThe network fields indicate where a remote logon request originated. Workstation name is not always available and may be left blank in some cases.\\r\\n\\r\\nThe impersonation level field indicates the extent to which a process in the logon session can impersonate.\\r\\n\\r\\nThe authentication information fields provide detailed information about this specific logon request.\\r\\n\\t- Logon GUID is a unique identifier that can be used to correlate this event with a KDC event.\\r\\n\\t- Transited services indicate which intermediate services have participated in this logon request.\\r\\n\\t- Package name indicates which sub-protocol was used among the NTLM protocols.\\r\\n\\t- Key length indicates the length of the generated session key. This will be 0 if no session key was requested.\\\"\"},\"eventdata\":{\"subjectUserSid\":\"S-1-0-0\",\"subjectLogonId\":\"0x0\",\"targetUserSid\":\"S-1-5-21-2804995003-1717164549-3382355335-500\",\"targetUserName\":\"Administrator\",\"targetDomainName\":\"VBR\",\"targetLogonId\":\"0x5fbaf4a\",\"logonType\":\"3\",\"logonProcessName\":\"NtLmSsp\",\"authenticationPackageName\":\"NTLM\",\"workstationName\":\"VBR\",\"logonGuid\":\"{00000000-0000-0000-0000-000000000000}\",\"lmPackageName\":\"NTLM V2\",\"keyLength\":\"128\",\"processId\":\"0x0\",\"ipAddress\":\"10.3.31.112\",\"ipPort\":\"64684\",\"impersonationLevel\":\"%%1833\",\"virtualAccount\":\"%%1843\",\"targetLinkedLogonId\":\"0x0\",\"elevatedToken\":\"%%1842\"}}}",
    "decoder": {
      "name": "windows_eventchannel"
    },
    "data": {
      "win": {
        "system": {
          "providerName": "Microsoft-Windows-Security-Auditing",
          "providerGuid": "{54849625-5478-4994-a5ba-3e3b0328c30d}",
          "eventID": "4624",
          "version": "2",
          "level": "0",
          "task": "12544",
          "opcode": "0",
          "keywords": "0x8020000000000000",
          "systemTime": "2026-03-10T13:42:46.3847038Z",
          "eventRecordID": "11545006",
          "processID": "1548",
          "threadID": "19396",
          "channel": "Security",
          "computer": "VBR",
          "severityValue": "AUDIT_SUCCESS",
          "message": "\"An account was successfully logged on.\r\n\r\nSubject:\r\n\tSecurity ID:\t\tS-1-0-0\r\n\tAccount Name:\t\t-\r\n\tAccount Domain:\t\t-\r\n\tLogon ID:\t\t0x0\r\n\r\nLogon Information:\r\n\tLogon Type:\t\t3\r\n\tRestricted Admin Mode:\t-\r\n\tVirtual Account:\t\tNo\r\n\tElevated Token:\t\tYes\r\n\r\nImpersonation Level:\t\tImpersonation\r\n\r\nNew Logon:\r\n\tSecurity ID:\t\tS-1-5-21-2804995003-1717164549-3382355335-500\r\n\tAccount Name:\t\tAdministrator\r\n\tAccount Domain:\t\tVBR\r\n\tLogon ID:\t\t0x5FBAF4A\r\n\tLinked Logon ID:\t\t0x0\r\n\tNetwork Account Name:\t-\r\n\tNetwork Account Domain:\t-\r\n\tLogon GUID:\t\t{00000000-0000-0000-0000-000000000000}\r\n\r\nProcess Information:\r\n\tProcess ID:\t\t0x0\r\n\tProcess Name:\t\t-\r\n\r\nNetwork Information:\r\n\tWorkstation Name:\tVBR\r\n\tSource Network Address:\t10.3.31.112\r\n\tSource Port:\t\t64684\r\n\r\nDetailed Authentication Information:\r\n\tLogon Process:\t\tNtLmSsp \r\n\tAuthentication Package:\tNTLM\r\n\tTransited Services:\t-\r\n\tPackage Name (NTLM only):\tNTLM V2\r\n\tKey Length:\t\t128\r\n\r\nThis event is generated when a logon session is created. It is generated on the computer that was accessed.\r\n\r\nThe subject fields indicate the account on the local system which requested the logon. This is most commonly a service such as the Server service, or a local process such as Winlogon.exe or Services.exe.\r\n\r\nThe logon type field indicates the kind of logon that occurred. The most common types are 2 (interactive) and 3 (network).\r\n\r\nThe New Logon fields indicate the account for whom the new logon was created, i.e. the account that was logged on.\r\n\r\nThe network fields indicate where a remote logon request originated. Workstation name is not always available and may be left blank in some cases.\r\n\r\nThe impersonation level field indicates the extent to which a process in the logon session can impersonate.\r\n\r\nThe authentication information fields provide detailed information about this specific logon request.\r\n\t- Logon GUID is a unique identifier that can be used to correlate this event with a KDC event.\r\n\t- Transited services indicate which intermediate services have participated in this logon request.\r\n\t- Package name indicates which sub-protocol was used among the NTLM protocols.\r\n\t- Key length indicates the length of the generated session key. This will be 0 if no session key was requested.\""
        },
        "eventdata": {
          "subjectUserSid": "S-1-0-0",
          "subjectLogonId": "0x0",
          "targetUserSid": "S-1-5-21-2804995003-1717164549-3382355335-500",
          "targetUserName": "Administrator",
          "targetDomainName": "VBR",
          "targetLogonId": "0x5fbaf4a",
          "logonType": "3",
          "logonProcessName": "NtLmSsp",
          "authenticationPackageName": "NTLM",
          "workstationName": "VBR",
          "logonGuid": "{00000000-0000-0000-0000-000000000000}",
          "lmPackageName": "NTLM V2",
          "keyLength": "128",
          "processId": "0x0",
          "ipAddress": "10.3.31.112",
          "ipPort": "64684",
          "impersonationLevel": "%%1833",
          "virtualAccount": "%%1843",
          "targetLinkedLogonId": "0x0",
          "elevatedToken": "%%1842"
        }
      }
    },
    "location": "EventChannel"
  },
  {
    "timestamp": "2026-03-10T14:42:46.749+0100",
    "rule": {
      "level": 6,
      "description": "Successful Remote Logon Detected - User:\\Administrator - NTLM authentication, possible pass-the-hash attack - Possible RDP connection. Verify that VBR is allowed to perform RDP connections",
      "id": "92657",
      "mitre": {
        "id": [
          "T1550.002",
          "T1078.002",
          "T1021.001"
        ],
        "tactic": [
          "Defense Evasion",
          "Lateral Movement",
          "Persistence",
          "Privilege Escalation",
          "Initial Access"
        ],
        "technique": [
          "Pass the Hash",
          "Domain Accounts",
          "Remote Desktop Protocol"
        ]
      },
      "firedtimes": 188,
      "mail": false,
      "groups": [
        "win_evt_channel",
        "windows",
        "\n      authentication_success",
        "\n    "
      ],
      "pci_dss": [
        "10.2.5"
      ],
      "gpg13": [
        "7.1",
        "7.2"
      ],
      "gdpr": [
        "IV_32.2"
      ],
      "hipaa": [
        "164.312.b"
      ],
      "nist_800_53": [
        "AU.14",
        "AC.7"
      ],
      "tsc": [
        "CC6.8",
        "CC7.2",
        "CC7.3"
      ]
    },
    "agent": {
      "id": "241",
      "name": "VBR",
      "ip": "10.3.32.111"
    },
    "manager": {
      "name": "wazuh.fiit.stuba.sk.novalocal"
    },
    "id": "1773150166.1081608914",
    "full_log": "{\"win\":{\"system\":{\"providerName\":\"Microsoft-Windows-Security-Auditing\",\"providerGuid\":\"{54849625-5478-4994-a5ba-3e3b0328c30d}\",\"eventID\":\"4624\",\"version\":\"2\",\"level\":\"0\",\"task\":\"12544\",\"opcode\":\"0\",\"keywords\":\"0x8020000000000000\",\"systemTime\":\"2026-03-10T13:42:47.0142559Z\",\"eventRecordID\":\"11545013\",\"processID\":\"1548\",\"threadID\":\"18988\",\"channel\":\"Security\",\"computer\":\"VBR\",\"severityValue\":\"AUDIT_SUCCESS\",\"message\":\"\\\"An account was successfully logged on.\\r\\n\\r\\nSubject:\\r\\n\\tSecurity ID:\\t\\tS-1-0-0\\r\\n\\tAccount Name:\\t\\t-\\r\\n\\tAccount Domain:\\t\\t-\\r\\n\\tLogon ID:\\t\\t0x0\\r\\n\\r\\nLogon Information:\\r\\n\\tLogon Type:\\t\\t3\\r\\n\\tRestricted Admin Mode:\\t-\\r\\n\\tVirtual Account:\\t\\tNo\\r\\n\\tElevated Token:\\t\\tYes\\r\\n\\r\\nImpersonation Level:\\t\\tImpersonation\\r\\n\\r\\nNew Logon:\\r\\n\\tSecurity ID:\\t\\tS-1-5-21-2804995003-1717164549-3382355335-500\\r\\n\\tAccount Name:\\t\\tAdministrator\\r\\n\\tAccount Domain:\\t\\tVBR\\r\\n\\tLogon ID:\\t\\t0x5FC2081\\r\\n\\tLinked Logon ID:\\t\\t0x0\\r\\n\\tNetwork Account Name:\\t-\\r\\n\\tNetwork Account Domain:\\t-\\r\\n\\tLogon GUID:\\t\\t{00000000-0000-0000-0000-000000000000}\\r\\n\\r\\nProcess Information:\\r\\n\\tProcess ID:\\t\\t0x0\\r\\n\\tProcess Name:\\t\\t-\\r\\n\\r\\nNetwork Information:\\r\\n\\tWorkstation Name:\\tVBR\\r\\n\\tSource Network Address:\\t10.3.31.112\\r\\n\\tSource Port:\\t\\t64686\\r\\n\\r\\nDetailed Authentication Information:\\r\\n\\tLogon Process:\\t\\tNtLmSsp \\r\\n\\tAuthentication Package:\\tNTLM\\r\\n\\tTransited Services:\\t-\\r\\n\\tPackage Name (NTLM only):\\tNTLM V2\\r\\n\\tKey Length:\\t\\t128\\r\\n\\r\\nThis event is generated when a logon session is created. It is generated on the computer that was accessed.\\r\\n\\r\\nThe subject fields indicate the account on the local system which requested the logon. This is most commonly a service such as the Server service, or a local process such as Winlogon.exe or Services.exe.\\r\\n\\r\\nThe logon type field indicates the kind of logon that occurred. The most common types are 2 (interactive) and 3 (network).\\r\\n\\r\\nThe New Logon fields indicate the account for whom the new logon was created, i.e. the account that was logged on.\\r\\n\\r\\nThe network fields indicate where a remote logon request originated. Workstation name is not always available and may be left blank in some cases.\\r\\n\\r\\nThe impersonation level field indicates the extent to which a process in the logon session can impersonate.\\r\\n\\r\\nThe authentication information fields provide detailed information about this specific logon request.\\r\\n\\t- Logon GUID is a unique identifier that can be used to correlate this event with a KDC event.\\r\\n\\t- Transited services indicate which intermediate services have participated in this logon request.\\r\\n\\t- Package name indicates which sub-protocol was used among the NTLM protocols.\\r\\n\\t- Key length indicates the length of the generated session key. This will be 0 if no session key was requested.\\\"\"},\"eventdata\":{\"subjectUserSid\":\"S-1-0-0\",\"subjectLogonId\":\"0x0\",\"targetUserSid\":\"S-1-5-21-2804995003-1717164549-3382355335-500\",\"targetUserName\":\"Administrator\",\"targetDomainName\":\"VBR\",\"targetLogonId\":\"0x5fc2081\",\"logonType\":\"3\",\"logonProcessName\":\"NtLmSsp\",\"authenticationPackageName\":\"NTLM\",\"workstationName\":\"VBR\",\"logonGuid\":\"{00000000-0000-0000-0000-000000000000}\",\"lmPackageName\":\"NTLM V2\",\"keyLength\":\"128\",\"processId\":\"0x0\",\"ipAddress\":\"10.3.31.112\",\"ipPort\":\"64686\",\"impersonationLevel\":\"%%1833\",\"virtualAccount\":\"%%1843\",\"targetLinkedLogonId\":\"0x0\",\"elevatedToken\":\"%%1842\"}}}",
    "decoder": {
      "name": "windows_eventchannel"
    },
    "data": {
      "win": {
        "system": {
          "providerName": "Microsoft-Windows-Security-Auditing",
          "providerGuid": "{54849625-5478-4994-a5ba-3e3b0328c30d}",
          "eventID": "4624",
          "version": "2",
          "level": "0",
          "task": "12544",
          "opcode": "0",
          "keywords": "0x8020000000000000",
          "systemTime": "2026-03-10T13:42:47.0142559Z",
          "eventRecordID": "11545013",
          "processID": "1548",
          "threadID": "18988",
          "channel": "Security",
          "computer": "VBR",
          "severityValue": "AUDIT_SUCCESS",
          "message": "\"An account was successfully logged on.\r\n\r\nSubject:\r\n\tSecurity ID:\t\tS-1-0-0\r\n\tAccount Name:\t\t-\r\n\tAccount Domain:\t\t-\r\n\tLogon ID:\t\t0x0\r\n\r\nLogon Information:\r\n\tLogon Type:\t\t3\r\n\tRestricted Admin Mode:\t-\r\n\tVirtual Account:\t\tNo\r\n\tElevated Token:\t\tYes\r\n\r\nImpersonation Level:\t\tImpersonation\r\n\r\nNew Logon:\r\n\tSecurity ID:\t\tS-1-5-21-2804995003-1717164549-3382355335-500\r\n\tAccount Name:\t\tAdministrator\r\n\tAccount Domain:\t\tVBR\r\n\tLogon ID:\t\t0x5FC2081\r\n\tLinked Logon ID:\t\t0x0\r\n\tNetwork Account Name:\t-\r\n\tNetwork Account Domain:\t-\r\n\tLogon GUID:\t\t{00000000-0000-0000-0000-000000000000}\r\n\r\nProcess Information:\r\n\tProcess ID:\t\t0x0\r\n\tProcess Name:\t\t-\r\n\r\nNetwork Information:\r\n\tWorkstation Name:\tVBR\r\n\tSource Network Address:\t10.3.31.112\r\n\tSource Port:\t\t64686\r\n\r\nDetailed Authentication Information:\r\n\tLogon Process:\t\tNtLmSsp \r\n\tAuthentication Package:\tNTLM\r\n\tTransited Services:\t-\r\n\tPackage Name (NTLM only):\tNTLM V2\r\n\tKey Length:\t\t128\r\n\r\nThis event is generated when a logon session is created. It is generated on the computer that was accessed.\r\n\r\nThe subject fields indicate the account on the local system which requested the logon. This is most commonly a service such as the Server service, or a local process such as Winlogon.exe or Services.exe.\r\n\r\nThe logon type field indicates the kind of logon that occurred. The most common types are 2 (interactive) and 3 (network).\r\n\r\nThe New Logon fields indicate the account for whom the new logon was created, i.e. the account that was logged on.\r\n\r\nThe network fields indicate where a remote logon request originated. Workstation name is not always available and may be left blank in some cases.\r\n\r\nThe impersonation level field indicates the extent to which a process in the logon session can impersonate.\r\n\r\nThe authentication information fields provide detailed information about this specific logon request.\r\n\t- Logon GUID is a unique identifier that can be used to correlate this event with a KDC event.\r\n\t- Transited services indicate which intermediate services have participated in this logon request.\r\n\t- Package name indicates which sub-protocol was used among the NTLM protocols.\r\n\t- Key length indicates the length of the generated session key. This will be 0 if no session key was requested.\""
        },
        "eventdata": {
          "subjectUserSid": "S-1-0-0",
          "subjectLogonId": "0x0",
          "targetUserSid": "S-1-5-21-2804995003-1717164549-3382355335-500",
          "targetUserName": "Administrator",
          "targetDomainName": "VBR",
          "targetLogonId": "0x5fc2081",
          "logonType": "3",
          "logonProcessName": "NtLmSsp",
          "authenticationPackageName": "NTLM",
          "workstationName": "VBR",
          "logonGuid": "{00000000-0000-0000-0000-000000000000}",
          "lmPackageName": "NTLM V2",
          "keyLength": "128",
          "processId": "0x0",
          "ipAddress": "10.3.31.112",
          "ipPort": "64686",
          "impersonationLevel": "%%1833",
          "virtualAccount": "%%1843",
          "targetLinkedLogonId": "0x0",
          "elevatedToken": "%%1842"
        }
      }
    },
    "location": "EventChannel"
  },
  {
    "timestamp": "2026-03-10T14:42:46.845+0100",
    "rule": {
      "level": 6,
      "description": "Successful Remote Logon Detected - User:\\Administrator - NTLM authentication, possible pass-the-hash attack - Possible RDP connection. Verify that VBR is allowed to perform RDP connections",
      "id": "92657",
      "mitre": {
        "id": [
          "T1550.002",
          "T1078.002",
          "T1021.001"
        ],
        "tactic": [
          "Defense Evasion",
          "Lateral Movement",
          "Persistence",
          "Privilege Escalation",
          "Initial Access"
        ],
        "technique": [
          "Pass the Hash",
          "Domain Accounts",
          "Remote Desktop Protocol"
        ]
      },
      "firedtimes": 189,
      "mail": false,
      "groups": [
        "win_evt_channel",
        "windows",
        "\n      authentication_success",
        "\n    "
      ],
      "pci_dss": [
        "10.2.5"
      ],
      "gpg13": [
        "7.1",
        "7.2"
      ],
      "gdpr": [
        "IV_32.2"
      ],
      "hipaa": [
        "164.312.b"
      ],
      "nist_800_53": [
        "AU.14",
        "AC.7"
      ],
      "tsc": [
        "CC6.8",
        "CC7.2",
        "CC7.3"
      ]
    },
    "agent": {
      "id": "241",
      "name": "VBR",
      "ip": "10.3.32.111"
    },
    "manager": {
      "name": "wazuh.fiit.stuba.sk.novalocal"
    },
    "id": "1773150166.1081614015",
    "full_log": "{\"win\":{\"system\":{\"providerName\":\"Microsoft-Windows-Security-Auditing\",\"providerGuid\":\"{54849625-5478-4994-a5ba-3e3b0328c30d}\",\"eventID\":\"4624\",\"version\":\"2\",\"level\":\"0\",\"task\":\"12544\",\"opcode\":\"0\",\"keywords\":\"0x8020000000000000\",\"systemTime\":\"2026-03-10T13:42:47.0237271Z\",\"eventRecordID\":\"11545018\",\"processID\":\"1548\",\"threadID\":\"18988\",\"channel\":\"Security\",\"computer\":\"VBR\",\"severityValue\":\"AUDIT_SUCCESS\",\"message\":\"\\\"An account was successfully logged on.\\r\\n\\r\\nSubject:\\r\\n\\tSecurity ID:\\t\\tS-1-0-0\\r\\n\\tAccount Name:\\t\\t-\\r\\n\\tAccount Domain:\\t\\t-\\r\\n\\tLogon ID:\\t\\t0x0\\r\\n\\r\\nLogon Information:\\r\\n\\tLogon Type:\\t\\t3\\r\\n\\tRestricted Admin Mode:\\t-\\r\\n\\tVirtual Account:\\t\\tNo\\r\\n\\tElevated Token:\\t\\tYes\\r\\n\\r\\nImpersonation Level:\\t\\tImpersonation\\r\\n\\r\\nNew Logon:\\r\\n\\tSecurity ID:\\t\\tS-1-5-21-2804995003-1717164549-3382355335-500\\r\\n\\tAccount Name:\\t\\tAdministrator\\r\\n\\tAccount Domain:\\t\\tVBR\\r\\n\\tLogon ID:\\t\\t0x5FC2272\\r\\n\\tLinked Logon ID:\\t\\t0x0\\r\\n\\tNetwork Account Name:\\t-\\r\\n\\tNetwork Account Domain:\\t-\\r\\n\\tLogon GUID:\\t\\t{00000000-0000-0000-0000-000000000000}\\r\\n\\r\\nProcess Information:\\r\\n\\tProcess ID:\\t\\t0x0\\r\\n\\tProcess Name:\\t\\t-\\r\\n\\r\\nNetwork Information:\\r\\n\\tWorkstation Name:\\tVBR\\r\\n\\tSource Network Address:\\t10.3.31.112\\r\\n\\tSource Port:\\t\\t64687\\r\\n\\r\\nDetailed Authentication Information:\\r\\n\\tLogon Process:\\t\\tNtLmSsp \\r\\n\\tAuthentication Package:\\tNTLM\\r\\n\\tTransited Services:\\t-\\r\\n\\tPackage Name (NTLM only):\\tNTLM V2\\r\\n\\tKey Length:\\t\\t128\\r\\n\\r\\nThis event is generated when a logon session is created. It is generated on the computer that was accessed.\\r\\n\\r\\nThe subject fields indicate the account on the local system which requested the logon. This is most commonly a service such as the Server service, or a local process such as Winlogon.exe or Services.exe.\\r\\n\\r\\nThe logon type field indicates the kind of logon that occurred. The most common types are 2 (interactive) and 3 (network).\\r\\n\\r\\nThe New Logon fields indicate the account for whom the new logon was created, i.e. the account that was logged on.\\r\\n\\r\\nThe network fields indicate where a remote logon request originated. Workstation name is not always available and may be left blank in some cases.\\r\\n\\r\\nThe impersonation level field indicates the extent to which a process in the logon session can impersonate.\\r\\n\\r\\nThe authentication information fields provide detailed information about this specific logon request.\\r\\n\\t- Logon GUID is a unique identifier that can be used to correlate this event with a KDC event.\\r\\n\\t- Transited services indicate which intermediate services have participated in this logon request.\\r\\n\\t- Package name indicates which sub-protocol was used among the NTLM protocols.\\r\\n\\t- Key length indicates the length of the generated session key. This will be 0 if no session key was requested.\\\"\"},\"eventdata\":{\"subjectUserSid\":\"S-1-0-0\",\"subjectLogonId\":\"0x0\",\"targetUserSid\":\"S-1-5-21-2804995003-1717164549-3382355335-500\",\"targetUserName\":\"Administrator\",\"targetDomainName\":\"VBR\",\"targetLogonId\":\"0x5fc2272\",\"logonType\":\"3\",\"logonProcessName\":\"NtLmSsp\",\"authenticationPackageName\":\"NTLM\",\"workstationName\":\"VBR\",\"logonGuid\":\"{00000000-0000-0000-0000-000000000000}\",\"lmPackageName\":\"NTLM V2\",\"keyLength\":\"128\",\"processId\":\"0x0\",\"ipAddress\":\"10.3.31.112\",\"ipPort\":\"64687\",\"impersonationLevel\":\"%%1833\",\"virtualAccount\":\"%%1843\",\"targetLinkedLogonId\":\"0x0\",\"elevatedToken\":\"%%1842\"}}}",
    "decoder": {
      "name": "windows_eventchannel"
    },
    "data": {
      "win": {
        "system": {
          "providerName": "Microsoft-Windows-Security-Auditing",
          "providerGuid": "{54849625-5478-4994-a5ba-3e3b0328c30d}",
          "eventID": "4624",
          "version": "2",
          "level": "0",
          "task": "12544",
          "opcode": "0",
          "keywords": "0x8020000000000000",
          "systemTime": "2026-03-10T13:42:47.0237271Z",
          "eventRecordID": "11545018",
          "processID": "1548",
          "threadID": "18988",
          "channel": "Security",
          "computer": "VBR",
          "severityValue": "AUDIT_SUCCESS",
          "message": "\"An account was successfully logged on.\r\n\r\nSubject:\r\n\tSecurity ID:\t\tS-1-0-0\r\n\tAccount Name:\t\t-\r\n\tAccount Domain:\t\t-\r\n\tLogon ID:\t\t0x0\r\n\r\nLogon Information:\r\n\tLogon Type:\t\t3\r\n\tRestricted Admin Mode:\t-\r\n\tVirtual Account:\t\tNo\r\n\tElevated Token:\t\tYes\r\n\r\nImpersonation Level:\t\tImpersonation\r\n\r\nNew Logon:\r\n\tSecurity ID:\t\tS-1-5-21-2804995003-1717164549-3382355335-500\r\n\tAccount Name:\t\tAdministrator\r\n\tAccount Domain:\t\tVBR\r\n\tLogon ID:\t\t0x5FC2272\r\n\tLinked Logon ID:\t\t0x0\r\n\tNetwork Account Name:\t-\r\n\tNetwork Account Domain:\t-\r\n\tLogon GUID:\t\t{00000000-0000-0000-0000-000000000000}\r\n\r\nProcess Information:\r\n\tProcess ID:\t\t0x0\r\n\tProcess Name:\t\t-\r\n\r\nNetwork Information:\r\n\tWorkstation Name:\tVBR\r\n\tSource Network Address:\t10.3.31.112\r\n\tSource Port:\t\t64687\r\n\r\nDetailed Authentication Information:\r\n\tLogon Process:\t\tNtLmSsp \r\n\tAuthentication Package:\tNTLM\r\n\tTransited Services:\t-\r\n\tPackage Name (NTLM only):\tNTLM V2\r\n\tKey Length:\t\t128\r\n\r\nThis event is generated when a logon session is created. It is generated on the computer that was accessed.\r\n\r\nThe subject fields indicate the account on the local system which requested the logon. This is most commonly a service such as the Server service, or a local process such as Winlogon.exe or Services.exe.\r\n\r\nThe logon type field indicates the kind of logon that occurred. The most common types are 2 (interactive) and 3 (network).\r\n\r\nThe New Logon fields indicate the account for whom the new logon was created, i.e. the account that was logged on.\r\n\r\nThe network fields indicate where a remote logon request originated. Workstation name is not always available and may be left blank in some cases.\r\n\r\nThe impersonation level field indicates the extent to which a process in the logon session can impersonate.\r\n\r\nThe authentication information fields provide detailed information about this specific logon request.\r\n\t- Logon GUID is a unique identifier that can be used to correlate this event with a KDC event.\r\n\t- Transited services indicate which intermediate services have participated in this logon request.\r\n\t- Package name indicates which sub-protocol was used among the NTLM protocols.\r\n\t- Key length indicates the length of the generated session key. This will be 0 if no session key was requested.\""
        },
        "eventdata": {
          "subjectUserSid": "S-1-0-0",
          "subjectLogonId": "0x0",
          "targetUserSid": "S-1-5-21-2804995003-1717164549-3382355335-500",
          "targetUserName": "Administrator",
          "targetDomainName": "VBR",
          "targetLogonId": "0x5fc2272",
          "logonType": "3",
          "logonProcessName": "NtLmSsp",
          "authenticationPackageName": "NTLM",
          "workstationName": "VBR",
          "logonGuid": "{00000000-0000-0000-0000-000000000000}",
          "lmPackageName": "NTLM V2",
          "keyLength": "128",
          "processId": "0x0",
          "ipAddress": "10.3.31.112",
          "ipPort": "64687",
          "impersonationLevel": "%%1833",
          "virtualAccount": "%%1843",
          "targetLinkedLogonId": "0x0",
          "elevatedToken": "%%1842"
        }
      }
    },
    "location": "EventChannel"
  },
