  {
    "timestamp": "2026-03-05T11:28:16.105+0100",
    "rule": {
      "level": 10,
      "description": "Multiple Windows Logon Failures",
      "id": "60204",
      "mitre": {
        "id": [
          "T1110"
        ],
        "tactic": [
          "Credential Access"
        ],
        "technique": [
          "Brute Force"
        ]
      },
      "frequency": 8,
      "firedtimes": 24,
      "mail": false,
      "groups": [
        "windows",
        "windows_security",
        "authentication_failures"
      ],
      "pci_dss": [
        "10.2.4",
        "10.2.5",
        "11.4"
      ],
      "gdpr": [
        "IV_35.7.d",
        "IV_32.2"
      ],
      "hipaa": [
        "164.312.b"
      ],
      "nist_800_53": [
        "AU.14",
        "AC.7",
        "SI.4"
      ],
      "tsc": [
        "CC6.1",
        "CC6.8",
        "CC7.2",
        "CC7.3"
      ]
    },
    "agent": {
      "id": "248",
      "name": "safeq",
      "ip": "147.175.144.91"
    },
    "manager": {
      "name": "wazuh.fiit.stuba.sk.novalocal"
    },
    "id": "1772706496.6513380723",
    "previous_output": "{\"win\":{\"system\":{\"providerName\":\"Microsoft-Windows-Security-Auditing\",\"providerGuid\":\"{54849625-5478-4994-a5ba-3e3b0328c30d}\",\"eventID\":\"4625\",\"version\":\"0\",\"level\":\"0\",\"task\":\"12544\",\"opcode\":\"0\",\"keywords\":\"0x8010000000000000\",\"systemTime\":\"2026-03-05T10:28:15.2060012Z\",\"eventRecordID\":\"4655735\",\"processID\":\"724\",\"threadID\":\"3600\",\"channel\":\"Security\",\"computer\":\"safeq.ad.fiit\",\"severityValue\":\"AUDIT_FAILURE\",\"message\":\"\\\"An account failed to log on.\\r\\n\\r\\nSubject:\\r\\n\\tSecurity ID:\\t\\tS-1-0-0\\r\\n\\tAccount Name:\\t\\t-\\r\\n\\tAccount Domain:\\t\\t-\\r\\n\\tLogon ID:\\t\\t0x0\\r\\n\\r\\nLogon Type:\\t\\t\\t3\\r\\n\\r\\nAccount For Which Logon Failed:\\r\\n\\tSecurity ID:\\t\\tS-1-0-0\\r\\n\\tAccount Name:\\t\\tMackova\\r\\n\\tAccount Domain:\\t\\tPC-1415P\\r\\n\\r\\nFailure Information:\\r\\n\\tFailure Reason:\\t\\tUnknown user name or bad password.\\r\\n\\tStatus:\\t\\t\\t0xC000006D\\r\\n\\tSub Status:\\t\\t0xC0000064\\r\\n\\r\\nProcess Information:\\r\\n\\tCaller Process ID:\\t0x0\\r\\n\\tCaller Process Name:\\t-\\r\\n\\r\\nNetwork Information:\\r\\n\\tWorkstation Name:\\tPC-1415P\\r\\n\\tSource Network Address:\\t147.175.145.162\\r\\n\\tSource Port:\\t\\t52579\\r\\n\\r\\nDetailed Authentication Information:\\r\\n\\tLogon Process:\\t\\tNtLmSsp \\r\\n\\tAuthentication Package:\\tNTLM\\r\\n\\tTransited Services:\\t-\\r\\n\\tPackage Name (NTLM only):\\t-\\r\\n\\tKey Length:\\t\\t0\\r\\n\\r\\nThis event is generated when a logon request fails. It is generated on the computer where access was attempted.\\r\\n\\r\\nThe Subject fields indicate the account on the local system which requested the logon. This is most commonly a service such as the Server service, or a local process such as Winlogon.exe or Services.exe.\\r\\n\\r\\nThe Logon Type field indicates the kind of logon that was requested. The most common types are 2 (interactive) and 3 (network).\\r\\n\\r\\nThe Process Information fields indicate which account and process on the system requested the logon.\\r\\n\\r\\nThe Network Information fields indicate where a remote logon request originated. Workstation name is not always available and may be left blank in some cases.\\r\\n\\r\\nThe authentication information fields provide detailed information about this specific logon request.\\r\\n\\t- Transited services indicate which intermediate services have participated in this logon request.\\r\\n\\t- Package name indicates which sub-protocol was used among the NTLM protocols.\\r\\n\\t- Key length indicates the length of the generated session key. This will be 0 if no session key was requested.\\\"\"},\"eventdata\":{\"subjectUserSid\":\"S-1-0-0\",\"subjectLogonId\":\"0x0\",\"targetUserSid\":\"S-1-0-0\",\"targetUserName\":\"Mackova\",\"targetDomainName\":\"PC-1415P\",\"status\":\"0xc000006d\",\"failureReason\":\"%%2313\",\"subStatus\":\"0xc0000064\",\"logonType\":\"3\",\"logonProcessName\":\"NtLmSsp\",\"authenticationPackageName\":\"NTLM\",\"workstationName\":\"PC-1415P\",\"keyLength\":\"0\",\"processId\":\"0x0\",\"ipAddress\":\"147.175.145.162\",\"ipPort\":\"52579\"}}}\n{\"win\":{\"system\":{\"providerName\":\"Microsoft-Windows-Security-Auditing\",\"providerGuid\":\"{54849625-5478-4994-a5ba-3e3b0328c30d}\",\"eventID\":\"4625\",\"version\":\"0\",\"level\":\"0\",\"task\":\"12544\",\"opcode\":\"0\",\"keywords\":\"0x8010000000000000\",\"systemTime\":\"2026-03-05T10:28:15.1872877Z\",\"eventRecordID\":\"4655733\",\"processID\":\"724\",\"threadID\":\"3600\",\"channel\":\"Security\",\"computer\":\"safeq.ad.fiit\",\"severityValue\":\"AUDIT_FAILURE\",\"message\":\"\\\"An account failed to log on.\\r\\n\\r\\nSubject:\\r\\n\\tSecurity ID:\\t\\tS-1-0-0\\r\\n\\tAccount Name:\\t\\t-\\r\\n\\tAccount Domain:\\t\\t-\\r\\n\\tLogon ID:\\t\\t0x0\\r\\n\\r\\nLogon Type:\\t\\t\\t3\\r\\n\\r\\nAccount For Which Logon Failed:\\r\\n\\tSecurity ID:\\t\\tS-1-0-0\\r\\n\\tAccount Name:\\t\\tMackova\\r\\n\\tAccount Domain:\\t\\tPC-1415P\\r\\n\\r\\nFailure Information:\\r\\n\\tFailure Reason:\\t\\tUnknown user name or bad password.\\r\\n\\tStatus:\\t\\t\\t0xC000006D\\r\\n\\tSub Status:\\t\\t0xC0000064\\r\\n\\r\\nProcess Information:\\r\\n\\tCaller Process ID:\\t0x0\\r\\n\\tCaller Process Name:\\t-\\r\\n\\r\\nNetwork Information:\\r\\n\\tWorkstation Name:\\tPC-1415P\\r\\n\\tSource Network Address:\\t147.175.145.162\\r\\n\\tSource Port:\\t\\t52578\\r\\n\\r\\nDetailed Authentication Information:\\r\\n\\tLogon Process:\\t\\tNtLmSsp \\r\\n\\tAuthentication Package:\\tNTLM\\r\\n\\tTransited Services:\\t-\\r\\n\\tPackage Name (NTLM only):\\t-\\r\\n\\tKey Length:\\t\\t0\\r\\n\\r\\nThis event is generated when a logon request fails. It is generated on the computer where access was attempted.\\r\\n\\r\\nThe Subject fields indicate the account on the local system which requested the logon. This is most commonly a service such as the Server service, or a local process such as Winlogon.exe or Services.exe.\\r\\n\\r\\nThe Logon Type field indicates the kind of logon that was requested. The most common types are 2 (interactive) and 3 (network).\\r\\n\\r\\nThe Process Information fields indicate which account and process on the system requested the logon.\\r\\n\\r\\nThe Network Information fields indicate where a remote logon request originated. Workstation name is not always available and may be left blank in some cases.\\r\\n\\r\\nThe authentication information fields provide detailed information about this specific logon request.\\r\\n\\t- Transited services indicate which intermediate services have participated in this logon request.\\r\\n\\t- Package name indicates which sub-protocol was used among the NTLM protocols.\\r\\n\\t- Key length indicates the length of the generated session key. This will be 0 if no session key was requested.\\\"\"},\"eventdata\":{\"subjectUserSid\":\"S-1-0-0\",\"subjectLogonId\":\"0x0\",\"targetUserSid\":\"S-1-0-0\",\"targetUserName\":\"Mackova\",\"targetDomainName\":\"PC-1415P\",\"status\":\"0xc000006d\",\"failureReason\":\"%%2313\",\"subStatus\":\"0xc0000064\",\"logonType\":\"3\",\"logonProcessName\":\"NtLmSsp\",\"authenticationPackageName\":\"NTLM\",\"workstationName\":\"PC-1415P\",\"keyLength\":\"0\",\"processId\":\"0x0\",\"ipAddress\":\"147.175.145.162\",\"ipPort\":\"52578\"}}}\n{\"win\":{\"system\":{\"providerName\":\"Microsoft-Windows-Security-Auditing\",\"providerGuid\":\"{54849625-5478-4994-a5ba-3e3b0328c30d}\",\"eventID\":\"4625\",\"version\":\"0\",\"level\":\"0\",\"task\":\"12544\",\"opcode\":\"0\",\"keywords\":\"0x8010000000000000\",\"systemTime\":\"2026-03-05T10:28:14.9111468Z\",\"eventRecordID\":\"4655730\",\"processID\":\"724\",\"threadID\":\"3600\",\"channel\":\"Security\",\"computer\":\"safeq.ad.fiit\",\"severityValue\":\"AUDIT_FAILURE\",\"message\":\"\\\"An account failed to log on.\\r\\n\\r\\nSubject:\\r\\n\\tSecurity ID:\\t\\tS-1-0-0\\r\\n\\tAccount Name:\\t\\t-\\r\\n\\tAccount Domain:\\t\\t-\\r\\n\\tLogon ID:\\t\\t0x0\\r\\n\\r\\nLogon Type:\\t\\t\\t3\\r\\n\\r\\nAccount For Which Logon Failed:\\r\\n\\tSecurity ID:\\t\\tS-1-0-0\\r\\n\\tAccount Name:\\t\\tMackova\\r\\n\\tAccount Domain:\\t\\tPC-1415P\\r\\n\\r\\nFailure Information:\\r\\n\\tFailure Reason:\\t\\tUnknown user name or bad password.\\r\\n\\tStatus:\\t\\t\\t0xC000006D\\r\\n\\tSub Status:\\t\\t0xC0000064\\r\\n\\r\\nProcess Information:\\r\\n\\tCaller Process ID:\\t0x0\\r\\n\\tCaller Process Name:\\t-\\r\\n\\r\\nNetwork Information:\\r\\n\\tWorkstation Name:\\tPC-1415P\\r\\n\\tSource Network Address:\\t147.175.145.162\\r\\n\\tSource Port:\\t\\t52577\\r\\n\\r\\nDetailed Authentication Information:\\r\\n\\tLogon Process:\\t\\tNtLmSsp \\r\\n\\tAuthentication Package:\\tNTLM\\r\\n\\tTransited Services:\\t-\\r\\n\\tPackage Name (NTLM only):\\t-\\r\\n\\tKey Length:\\t\\t0\\r\\n\\r\\nThis event is generated when a logon request fails. It is generated on the computer where access was attempted.\\r\\n\\r\\nThe Subject fields indicate the account on the local system which requested the logon. This is most commonly a service such as the Server service, or a local process such as Winlogon.exe or Services.exe.\\r\\n\\r\\nThe Logon Type field indicates the kind of logon that was requested. The most common types are 2 (interactive) and 3 (network).\\r\\n\\r\\nThe Process Information fields indicate which account and process on the system requested the logon.\\r\\n\\r\\nThe Network Information fields indicate where a remote logon request originated. Workstation name is not always available and may be left blank in some cases.\\r\\n\\r\\nThe authentication information fields provide detailed information about this specific logon request.\\r\\n\\t- Transited services indicate which intermediate services have participated in this logon request.\\r\\n\\t- Package name indicates which sub-protocol was used among the NTLM protocols.\\r\\n\\t- Key length indicates the length of the generated session key. This will be 0 if no session key was requested.\\\"\"},\"eventdata\":{\"subjectUserSid\":\"S-1-0-0\",\"subjectLogonId\":\"0x0\",\"targetUserSid\":\"S-1-0-0\",\"targetUserName\":\"Mackova\",\"targetDomainName\":\"PC-1415P\",\"status\":\"0xc000006d\",\"failureReason\":\"%%2313\",\"subStatus\":\"0xc0000064\",\"logonType\":\"3\",\"logonProcessName\":\"NtLmSsp\",\"authenticationPackageName\":\"NTLM\",\"workstationName\":\"PC-1415P\",\"keyLength\":\"0\",\"processId\":\"0x0\",\"ipAddress\":\"147.175.145.162\",\"ipPort\":\"52577\"}}}\n{\"win\":{\"system\":{\"providerName\":\"Microsoft-Windows-Security-Auditing\",\"providerGuid\":\"{54849625-5478-4994-a5ba-3e3b0328c30d}\",\"eventID\":\"4625\",\"version\":\"0\",\"level\":\"0\",\"task\":\"12544\",\"opcode\":\"0\",\"keywords\":\"0x8010000000000000\",\"systemTime\":\"2026-03-05T10:28:14.8877046Z\",\"eventRecordID\":\"4655728\",\"processID\":\"724\",\"threadID\":\"1888\",\"channel\":\"Security\",\"computer\":\"safeq.ad.fiit\",\"severityValue\":\"AUDIT_FAILURE\",\"message\":\"\\\"An account failed to log on.\\r\\n\\r\\nSubject:\\r\\n\\tSecurity ID:\\t\\tS-1-0-0\\r\\n\\tAccount Name:\\t\\t-\\r\\n\\tAccount Domain:\\t\\t-\\r\\n\\tLogon ID:\\t\\t0x0\\r\\n\\r\\nLogon Type:\\t\\t\\t3\\r\\n\\r\\nAccount For Which Logon Failed:\\r\\n\\tSecurity ID:\\t\\tS-1-0-0\\r\\n\\tAccount Name:\\t\\tMackova\\r\\n\\tAccount Domain:\\t\\tPC-1415P\\r\\n\\r\\nFailure Information:\\r\\n\\tFailure Reason:\\t\\tUnknown user name or bad password.\\r\\n\\tStatus:\\t\\t\\t0xC000006D\\r\\n\\tSub Status:\\t\\t0xC0000064\\r\\n\\r\\nProcess Information:\\r\\n\\tCaller Process ID:\\t0x0\\r\\n\\tCaller Process Name:\\t-\\r\\n\\r\\nNetwork Information:\\r\\n\\tWorkstation Name:\\tPC-1415P\\r\\n\\tSource Network Address:\\t147.175.145.162\\r\\n\\tSource Port:\\t\\t52576\\r\\n\\r\\nDetailed Authentication Information:\\r\\n\\tLogon Process:\\t\\tNtLmSsp \\r\\n\\tAuthentication Package:\\tNTLM\\r\\n\\tTransited Services:\\t-\\r\\n\\tPackage Name (NTLM only):\\t-\\r\\n\\tKey Length:\\t\\t0\\r\\n\\r\\nThis event is generated when a logon request fails. It is generated on the computer where access was attempted.\\r\\n\\r\\nThe Subject fields indicate the account on the local system which requested the logon. This is most commonly a service such as the Server service, or a local process such as Winlogon.exe or Services.exe.\\r\\n\\r\\nThe Logon Type field indicates the kind of logon that was requested. The most common types are 2 (interactive) and 3 (network).\\r\\n\\r\\nThe Process Information fields indicate which account and process on the system requested the logon.\\r\\n\\r\\nThe Network Information fields indicate where a remote logon request originated. Workstation name is not always available and may be left blank in some cases.\\r\\n\\r\\nThe authentication information fields provide detailed information about this specific logon request.\\r\\n\\t- Transited services indicate which intermediate services have participated in this logon request.\\r\\n\\t- Package name indicates which sub-protocol was used among the NTLM protocols.\\r\\n\\t- Key length indicates the length of the generated session key. This will be 0 if no session key was requested.\\\"\"},\"eventdata\":{\"subjectUserSid\":\"S-1-0-0\",\"subjectLogonId\":\"0x0\",\"targetUserSid\":\"S-1-0-0\",\"targetUserName\":\"Mackova\",\"targetDomainName\":\"PC-1415P\",\"status\":\"0xc000006d\",\"failureReason\":\"%%2313\",\"subStatus\":\"0xc0000064\",\"logonType\":\"3\",\"logonProcessName\":\"NtLmSsp\",\"authenticationPackageName\":\"NTLM\",\"workstationName\":\"PC-1415P\",\"keyLength\":\"0\",\"processId\":\"0x0\",\"ipAddress\":\"147.175.145.162\",\"ipPort\":\"52576\"}}}\n{\"win\":{\"system\":{\"providerName\":\"Microsoft-Windows-Security-Auditing\",\"providerGuid\":\"{54849625-5478-4994-a5ba-3e3b0328c30d}\",\"eventID\":\"4625\",\"version\":\"0\",\"level\":\"0\",\"task\":\"12544\",\"opcode\":\"0\",\"keywords\":\"0x8010000000000000\",\"systemTime\":\"2026-03-05T10:28:06.8165167Z\",\"eventRecordID\":\"4655722\",\"processID\":\"724\",\"threadID\":\"1888\",\"channel\":\"Security\",\"computer\":\"safeq.ad.fiit\",\"severityValue\":\"AUDIT_FAILURE\",\"message\":\"\\\"An account failed to log on.\\r\\n\\r\\nSubject:\\r\\n\\tSecurity ID:\\t\\tS-1-0-0\\r\\n\\tAccount Name:\\t\\t-\\r\\n\\tAccount Domain:\\t\\t-\\r\\n\\tLogon ID:\\t\\t0x0\\r\\n\\r\\nLogon Type:\\t\\t\\t3\\r\\n\\r\\nAccount For Which Logon Failed:\\r\\n\\tSecurity ID:\\t\\tS-1-0-0\\r\\n\\tAccount Name:\\t\\tMackova\\r\\n\\tAccount Domain:\\t\\tPC-1415P\\r\\n\\r\\nFailure Information:\\r\\n\\tFailure Reason:\\t\\tUnknown user name or bad password.\\r\\n\\tStatus:\\t\\t\\t0xC000006D\\r\\n\\tSub Status:\\t\\t0xC0000064\\r\\n\\r\\nProcess Information:\\r\\n\\tCaller Process ID:\\t0x0\\r\\n\\tCaller Process Name:\\t-\\r\\n\\r\\nNetwork Information:\\r\\n\\tWorkstation Name:\\tPC-1415P\\r\\n\\tSource Network Address:\\t147.175.145.162\\r\\n\\tSource Port:\\t\\t52574\\r\\n\\r\\nDetailed Authentication Information:\\r\\n\\tLogon Process:\\t\\tNtLmSsp \\r\\n\\tAuthentication Package:\\tNTLM\\r\\n\\tTransited Services:\\t-\\r\\n\\tPackage Name (NTLM only):\\t-\\r\\n\\tKey Length:\\t\\t0\\r\\n\\r\\nThis event is generated when a logon request fails. It is generated on the computer where access was attempted.\\r\\n\\r\\nThe Subject fields indicate the account on the local system which requested the logon. This is most commonly a service such as the Server service, or a local process such as Winlogon.exe or Services.exe.\\r\\n\\r\\nThe Logon Type field indicates the kind of logon that was requested. The most common types are 2 (interactive) and 3 (network).\\r\\n\\r\\nThe Process Information fields indicate which account and process on the system requested the logon.\\r\\n\\r\\nThe Network Information fields indicate where a remote logon request originated. Workstation name is not always available and may be left blank in some cases.\\r\\n\\r\\nThe authentication information fields provide detailed information about this specific logon request.\\r\\n\\t- Transited services indicate which intermediate services have participated in this logon request.\\r\\n\\t- Package name indicates which sub-protocol was used among the NTLM protocols.\\r\\n\\t- Key length indicates the length of the generated session key. This will be 0 if no session key was requested.\\\"\"},\"eventdata\":{\"subjectUserSid\":\"S-1-0-0\",\"subjectLogonId\":\"0x0\",\"targetUserSid\":\"S-1-0-0\",\"targetUserName\":\"Mackova\",\"targetDomainName\":\"PC-1415P\",\"status\":\"0xc000006d\",\"failureReason\":\"%%2313\",\"subStatus\":\"0xc0000064\",\"logonType\":\"3\",\"logonProcessName\":\"NtLmSsp\",\"authenticationPackageName\":\"NTLM\",\"workstationName\":\"PC-1415P\",\"keyLength\":\"0\",\"processId\":\"0x0\",\"ipAddress\":\"147.175.145.162\",\"ipPort\":\"52574\"}}}\n{\"win\":{\"system\":{\"providerName\":\"Microsoft-Windows-Security-Auditing\",\"providerGuid\":\"{54849625-5478-4994-a5ba-3e3b0328c30d}\",\"eventID\":\"4625\",\"version\":\"0\",\"level\":\"0\",\"task\":\"12544\",\"opcode\":\"0\",\"keywords\":\"0x8010000000000000\",\"systemTime\":\"2026-03-05T10:28:06.7897535Z\",\"eventRecordID\":\"4655719\",\"processID\":\"724\",\"threadID\":\"1888\",\"channel\":\"Security\",\"computer\":\"safeq.ad.fiit\",\"severityValue\":\"AUDIT_FAILURE\",\"message\":\"\\\"An account failed to log on.\\r\\n\\r\\nSubject:\\r\\n\\tSecurity ID:\\t\\tS-1-0-0\\r\\n\\tAccount Name:\\t\\t-\\r\\n\\tAccount Domain:\\t\\t-\\r\\n\\tLogon ID:\\t\\t0x0\\r\\n\\r\\nLogon Type:\\t\\t\\t3\\r\\n\\r\\nAccount For Which Logon Failed:\\r\\n\\tSecurity ID:\\t\\tS-1-0-0\\r\\n\\tAccount Name:\\t\\tMackova\\r\\n\\tAccount Domain:\\t\\tPC-1415P\\r\\n\\r\\nFailure Information:\\r\\n\\tFailure Reason:\\t\\tUnknown user name or bad password.\\r\\n\\tStatus:\\t\\t\\t0xC000006D\\r\\n\\tSub Status:\\t\\t0xC0000064\\r\\n\\r\\nProcess Information:\\r\\n\\tCaller Process ID:\\t0x0\\r\\n\\tCaller Process Name:\\t-\\r\\n\\r\\nNetwork Information:\\r\\n\\tWorkstation Name:\\tPC-1415P\\r\\n\\tSource Network Address:\\t147.175.145.162\\r\\n\\tSource Port:\\t\\t52572\\r\\n\\r\\nDetailed Authentication Information:\\r\\n\\tLogon Process:\\t\\tNtLmSsp \\r\\n\\tAuthentication Package:\\tNTLM\\r\\n\\tTransited Services:\\t-\\r\\n\\tPackage Name (NTLM only):\\t-\\r\\n\\tKey Length:\\t\\t0\\r\\n\\r\\nThis event is generated when a logon request fails. It is generated on the computer where access was attempted.\\r\\n\\r\\nThe Subject fields indicate the account on the local system which requested the logon. This is most commonly a service such as the Server service, or a local process such as Winlogon.exe or Services.exe.\\r\\n\\r\\nThe Logon Type field indicates the kind of logon that was requested. The most common types are 2 (interactive) and 3 (network).\\r\\n\\r\\nThe Process Information fields indicate which account and process on the system requested the logon.\\r\\n\\r\\nThe Network Information fields indicate where a remote logon request originated. Workstation name is not always available and may be left blank in some cases.\\r\\n\\r\\nThe authentication information fields provide detailed information about this specific logon request.\\r\\n\\t- Transited services indicate which intermediate services have participated in this logon request.\\r\\n\\t- Package name indicates which sub-protocol was used among the NTLM protocols.\\r\\n\\t- Key length indicates the length of the generated session key. This will be 0 if no session key was requested.\\\"\"},\"eventdata\":{\"subjectUserSid\":\"S-1-0-0\",\"subjectLogonId\":\"0x0\",\"targetUserSid\":\"S-1-0-0\",\"targetUserName\":\"Mackova\",\"targetDomainName\":\"PC-1415P\",\"status\":\"0xc000006d\",\"failureReason\":\"%%2313\",\"subStatus\":\"0xc0000064\",\"logonType\":\"3\",\"logonProcessName\":\"NtLmSsp\",\"authenticationPackageName\":\"NTLM\",\"workstationName\":\"PC-1415P\",\"keyLength\":\"0\",\"processId\":\"0x0\",\"ipAddress\":\"147.175.145.162\",\"ipPort\":\"52572\"}}}\n{\"win\":{\"system\":{\"providerName\":\"Microsoft-Windows-Security-Auditing\",\"providerGuid\":\"{54849625-5478-4994-a5ba-3e3b0328c30d}\",\"eventID\":\"4625\",\"version\":\"0\",\"level\":\"0\",\"task\":\"12544\",\"opcode\":\"0\",\"keywords\":\"0x8010000000000000\",\"systemTime\":\"2026-03-05T10:28:06.7879797Z\",\"eventRecordID\":\"4655717\",\"processID\":\"724\",\"threadID\":\"1888\",\"channel\":\"Security\",\"computer\":\"safeq.ad.fiit\",\"severityValue\":\"AUDIT_FAILURE\",\"message\":\"\\\"An account failed to log on.\\r\\n\\r\\nSubject:\\r\\n\\tSecurity ID:\\t\\tS-1-0-0\\r\\n\\tAccount Name:\\t\\t-\\r\\n\\tAccount Domain:\\t\\t-\\r\\n\\tLogon ID:\\t\\t0x0\\r\\n\\r\\nLogon Type:\\t\\t\\t3\\r\\n\\r\\nAccount For Which Logon Failed:\\r\\n\\tSecurity ID:\\t\\tS-1-0-0\\r\\n\\tAccount Name:\\t\\tMackova\\r\\n\\tAccount Domain:\\t\\tPC-1415P\\r\\n\\r\\nFailure Information:\\r\\n\\tFailure Reason:\\t\\tUnknown user name or bad password.\\r\\n\\tStatus:\\t\\t\\t0xC000006D\\r\\n\\tSub Status:\\t\\t0xC0000064\\r\\n\\r\\nProcess Information:\\r\\n\\tCaller Process ID:\\t0x0\\r\\n\\tCaller Process Name:\\t-\\r\\n\\r\\nNetwork Information:\\r\\n\\tWorkstation Name:\\tPC-1415P\\r\\n\\tSource Network Address:\\t147.175.145.162\\r\\n\\tSource Port:\\t\\t52571\\r\\n\\r\\nDetailed Authentication Information:\\r\\n\\tLogon Process:\\t\\tNtLmSsp \\r\\n\\tAuthentication Package:\\tNTLM\\r\\n\\tTransited Services:\\t-\\r\\n\\tPackage Name (NTLM only):\\t-\\r\\n\\tKey Length:\\t\\t0\\r\\n\\r\\nThis event is generated when a logon request fails. It is generated on the computer where access was attempted.\\r\\n\\r\\nThe Subject fields indicate the account on the local system which requested the logon. This is most commonly a service such as the Server service, or a local process such as Winlogon.exe or Services.exe.\\r\\n\\r\\nThe Logon Type field indicates the kind of logon that was requested. The most common types are 2 (interactive) and 3 (network).\\r\\n\\r\\nThe Process Information fields indicate which account and process on the system requested the logon.\\r\\n\\r\\nThe Network Information fields indicate where a remote logon request originated. Workstation name is not always available and may be left blank in some cases.\\r\\n\\r\\nThe authentication information fields provide detailed information about this specific logon request.\\r\\n\\t- Transited services indicate which intermediate services have participated in this logon request.\\r\\n\\t- Package name indicates which sub-protocol was used among the NTLM protocols.\\r\\n\\t- Key length indicates the length of the generated session key. This will be 0 if no session key was requested.\\\"\"},\"eventdata\":{\"subjectUserSid\":\"S-1-0-0\",\"subjectLogonId\":\"0x0\",\"targetUserSid\":\"S-1-0-0\",\"targetUserName\":\"Mackova\",\"targetDomainName\":\"PC-1415P\",\"status\":\"0xc000006d\",\"failureReason\":\"%%2313\",\"subStatus\":\"0xc0000064\",\"logonType\":\"3\",\"logonProcessName\":\"NtLmSsp\",\"authenticationPackageName\":\"NTLM\",\"workstationName\":\"PC-1415P\",\"keyLength\":\"0\",\"processId\":\"0x0\",\"ipAddress\":\"147.175.145.162\",\"ipPort\":\"52571\"}}}",
    "full_log": "{\"win\":{\"system\":{\"providerName\":\"Microsoft-Windows-Security-Auditing\",\"providerGuid\":\"{54849625-5478-4994-a5ba-3e3b0328c30d}\",\"eventID\":\"4625\",\"version\":\"0\",\"level\":\"0\",\"task\":\"12544\",\"opcode\":\"0\",\"keywords\":\"0x8010000000000000\",\"systemTime\":\"2026-03-05T10:28:15.2239296Z\",\"eventRecordID\":\"4655737\",\"processID\":\"724\",\"threadID\":\"3600\",\"channel\":\"Security\",\"computer\":\"safeq.ad.fiit\",\"severityValue\":\"AUDIT_FAILURE\",\"message\":\"\\\"An account failed to log on.\\r\\n\\r\\nSubject:\\r\\n\\tSecurity ID:\\t\\tS-1-0-0\\r\\n\\tAccount Name:\\t\\t-\\r\\n\\tAccount Domain:\\t\\t-\\r\\n\\tLogon ID:\\t\\t0x0\\r\\n\\r\\nLogon Type:\\t\\t\\t3\\r\\n\\r\\nAccount For Which Logon Failed:\\r\\n\\tSecurity ID:\\t\\tS-1-0-0\\r\\n\\tAccount Name:\\t\\tMackova\\r\\n\\tAccount Domain:\\t\\tPC-1415P\\r\\n\\r\\nFailure Information:\\r\\n\\tFailure Reason:\\t\\tUnknown user name or bad password.\\r\\n\\tStatus:\\t\\t\\t0xC000006D\\r\\n\\tSub Status:\\t\\t0xC0000064\\r\\n\\r\\nProcess Information:\\r\\n\\tCaller Process ID:\\t0x0\\r\\n\\tCaller Process Name:\\t-\\r\\n\\r\\nNetwork Information:\\r\\n\\tWorkstation Name:\\tPC-1415P\\r\\n\\tSource Network Address:\\t147.175.145.162\\r\\n\\tSource Port:\\t\\t52580\\r\\n\\r\\nDetailed Authentication Information:\\r\\n\\tLogon Process:\\t\\tNtLmSsp \\r\\n\\tAuthentication Package:\\tNTLM\\r\\n\\tTransited Services:\\t-\\r\\n\\tPackage Name (NTLM only):\\t-\\r\\n\\tKey Length:\\t\\t0\\r\\n\\r\\nThis event is generated when a logon request fails. It is generated on the computer where access was attempted.\\r\\n\\r\\nThe Subject fields indicate the account on the local system which requested the logon. This is most commonly a service such as the Server service, or a local process such as Winlogon.exe or Services.exe.\\r\\n\\r\\nThe Logon Type field indicates the kind of logon that was requested. The most common types are 2 (interactive) and 3 (network).\\r\\n\\r\\nThe Process Information fields indicate which account and process on the system requested the logon.\\r\\n\\r\\nThe Network Information fields indicate where a remote logon request originated. Workstation name is not always available and may be left blank in some cases.\\r\\n\\r\\nThe authentication information fields provide detailed information about this specific logon request.\\r\\n\\t- Transited services indicate which intermediate services have participated in this logon request.\\r\\n\\t- Package name indicates which sub-protocol was used among the NTLM protocols.\\r\\n\\t- Key length indicates the length of the generated session key. This will be 0 if no session key was requested.\\\"\"},\"eventdata\":{\"subjectUserSid\":\"S-1-0-0\",\"subjectLogonId\":\"0x0\",\"targetUserSid\":\"S-1-0-0\",\"targetUserName\":\"Mackova\",\"targetDomainName\":\"PC-1415P\",\"status\":\"0xc000006d\",\"failureReason\":\"%%2313\",\"subStatus\":\"0xc0000064\",\"logonType\":\"3\",\"logonProcessName\":\"NtLmSsp\",\"authenticationPackageName\":\"NTLM\",\"workstationName\":\"PC-1415P\",\"keyLength\":\"0\",\"processId\":\"0x0\",\"ipAddress\":\"147.175.145.162\",\"ipPort\":\"52580\"}}}",
    "decoder": {
      "name": "windows_eventchannel"
    },
    "data": {
      "win": {
        "system": {
          "providerName": "Microsoft-Windows-Security-Auditing",
          "providerGuid": "{54849625-5478-4994-a5ba-3e3b0328c30d}",
          "eventID": "4625",
          "version": "0",
          "level": "0",
          "task": "12544",
          "opcode": "0",
          "keywords": "0x8010000000000000",
          "systemTime": "2026-03-05T10:28:15.2239296Z",
          "eventRecordID": "4655737",
          "processID": "724",
          "threadID": "3600",
          "channel": "Security",
          "computer": "safeq.ad.fiit",
          "severityValue": "AUDIT_FAILURE",
          "message": "\"An account failed to log on.\r\n\r\nSubject:\r\n\tSecurity ID:\t\tS-1-0-0\r\n\tAccount Name:\t\t-\r\n\tAccount Domain:\t\t-\r\n\tLogon ID:\t\t0x0\r\n\r\nLogon Type:\t\t\t3\r\n\r\nAccount For Which Logon Failed:\r\n\tSecurity ID:\t\tS-1-0-0\r\n\tAccount Name:\t\tMackova\r\n\tAccount Domain:\t\tPC-1415P\r\n\r\nFailure Information:\r\n\tFailure Reason:\t\tUnknown user name or bad password.\r\n\tStatus:\t\t\t0xC000006D\r\n\tSub Status:\t\t0xC0000064\r\n\r\nProcess Information:\r\n\tCaller Process ID:\t0x0\r\n\tCaller Process Name:\t-\r\n\r\nNetwork Information:\r\n\tWorkstation Name:\tPC-1415P\r\n\tSource Network Address:\t147.175.145.162\r\n\tSource Port:\t\t52580\r\n\r\nDetailed Authentication Information:\r\n\tLogon Process:\t\tNtLmSsp \r\n\tAuthentication Package:\tNTLM\r\n\tTransited Services:\t-\r\n\tPackage Name (NTLM only):\t-\r\n\tKey Length:\t\t0\r\n\r\nThis event is generated when a logon request fails. It is generated on the computer where access was attempted.\r\n\r\nThe Subject fields indicate the account on the local system which requested the logon. This is most commonly a service such as the Server service, or a local process such as Winlogon.exe or Services.exe.\r\n\r\nThe Logon Type field indicates the kind of logon that was requested. The most common types are 2 (interactive) and 3 (network).\r\n\r\nThe Process Information fields indicate which account and process on the system requested the logon.\r\n\r\nThe Network Information fields indicate where a remote logon request originated. Workstation name is not always available and may be left blank in some cases.\r\n\r\nThe authentication information fields provide detailed information about this specific logon request.\r\n\t- Transited services indicate which intermediate services have participated in this logon request.\r\n\t- Package name indicates which sub-protocol was used among the NTLM protocols.\r\n\t- Key length indicates the length of the generated session key. This will be 0 if no session key was requested.\""
        },
        "eventdata": {
          "subjectUserSid": "S-1-0-0",
          "subjectLogonId": "0x0",
          "targetUserSid": "S-1-0-0",
          "targetUserName": "Mackova",
          "targetDomainName": "PC-1415P",
          "status": "0xc000006d",
          "failureReason": "%%2313",
          "subStatus": "0xc0000064",
          "logonType": "3",
          "logonProcessName": "NtLmSsp",
          "authenticationPackageName": "NTLM",
          "workstationName": "PC-1415P",
          "keyLength": "0",
          "processId": "0x0",
          "ipAddress": "147.175.145.162",
          "ipPort": "52580"
        }
      }
    },
    "location": "EventChannel"
  },
  {
    "timestamp": "2026-03-05T11:28:16.886+0100",
    "rule": {
      "level": 6,
      "description": "Fortigate attack dropped.",
      "id": "81629",
      "firedtimes": 1076,
      "mail": false,
      "groups": [
        "fortigate",
        "syslog",
        "attack"
      ],
      "gdpr": [
        "IV_35.7.d"
      ],
      "hipaa": [
        "164.312.b"
      ],
      "nist_800_53": [
        "AU.6"
      ],
      "pci_dss": [
        "10.6.1"
      ]
    },
    "agent": {
      "id": "000",
      "name": "wazuh.fiit.stuba.sk.novalocal"
    },
    "manager": {
      "name": "wazuh.fiit.stuba.sk.novalocal"
    },
    "id": "1772706496.6513448187",
    "full_log": "Mar  5 11:28:16 147.175.144.2 date=2026-03-05 time=11:28:16 devname=\"FortiGate-600F\" devid=\"FG6H0FTB23904723\" eventtime=1772706496077712038 tz=\"+0100\" logid=\"0419016384\" type=\"utm\" subtype=\"ips\" eventtype=\"signature\" level=\"alert\" vd=\"root\" severity=\"high\" srcip=202.141.36.168 srccountry=\"India\" dstip=147.175.146.252 dstcountry=\"Slovakia\" srcintf=\"outside\" srcintfrole=\"wan\" dstintf=\"inside\" dstintfrole=\"lan\" sessionid=1534752785 action=\"dropped\" proto=17 service=\"udp/64199\" policyid=11 poluuid=\"808834ec-9d1a-51ef-835d-f46e34b6c71e\" policytype=\"policy\" attack=\"Mozi.Botnet\" srcport=2324 dstport=64199 direction=\"outgoing\" attackid=50496 profile=\"high_security\" ref=\"http://www.fortinet.com/ids/VID50496\" incidentserialno=224904272 msg=\"backdoor: Mozi.Botnet\" crscore=30 craction=8192 crlevel=\"high\"",
    "predecoder": {
      "timestamp": "Mar  5 11:28:16",
      "hostname": "147.175.144.2"
    },
    "decoder": {
      "name": "fortigate-firewall-v5"
    },
    "data": {
      "action": "dropped",
      "srcip": "202.141.36.168",
      "srcport": "2324",
      "dstip": "147.175.146.252",
      "dstport": "64199",
      "attack": "Mozi.Botnet",
      "attackid": "50496",
      "craction": "8192",
      "crlevel": "high",
      "crscore": "30",
      "devid": "FG6H0FTB23904723",
      "devname": "FortiGate-600F",
      "direction": "outgoing",
      "dstcountry": "Slovakia",
      "dstintf": "inside",
      "dstintfrole": "lan",
      "eventtime": "1772706496077712038",
      "eventtype": "signature",
      "incidentserialno": "224904272",
      "level": "alert",
      "logid": "0419016384",
      "msg": "backdoor: Mozi.Botnet",
      "policyid": "11",
      "poluuid": "808834ec-9d1a-51ef-835d-f46e34b6c71e",
      "profile": "high_security",
      "proto": "17",
      "ref": "http://www.fortinet.com/ids/VID50496",
      "service": "udp/64199",
      "sessionid": "1534752785",
      "severity": "high",
      "srccountry": "India",
      "srcintf": "outside",
      "srcintfrole": "wan",
      "subtype": "ips",
      "time": "11:28:16",
      "type": "utm",
      "vd": "root"
    },
    "location": "127.0.0.1"
  },
  {
    "timestamp": "2026-03-05T11:28:17.857+0100",
    "rule": {
      "level": 6,
      "description": "Fortigate attack dropped.",
      "id": "81629",
      "firedtimes": 1077,
      "mail": false,
      "groups": [
        "fortigate",
        "syslog",
        "attack"
      ],
      "gdpr": [
        "IV_35.7.d"
      ],
      "hipaa": [
        "164.312.b"
      ],
      "nist_800_53": [
        "AU.6"
      ],
      "pci_dss": [
        "10.6.1"
      ]
    },
    "agent": {
      "id": "000",
      "name": "wazuh.fiit.stuba.sk.novalocal"
    },
    "manager": {
      "name": "wazuh.fiit.stuba.sk.novalocal"
    },
    "id": "1772706497.6513503678",
    "full_log": "Mar  5 11:28:16 147.175.144.2 date=2026-03-05 time=11:28:16 devname=\"FortiGate-600F\" devid=\"FG6H0FTB23904723\" eventtime=1772706497009535907 tz=\"+0100\" logid=\"0419016384\" type=\"utm\" subtype=\"ips\" eventtype=\"signature\" level=\"alert\" vd=\"root\" severity=\"high\" srcip=117.212.18.154 srccountry=\"India\" dstip=147.175.146.252 dstcountry=\"Slovakia\" srcintf=\"outside\" srcintfrole=\"wan\" dstintf=\"inside\" dstintfrole=\"lan\" sessionid=1534754286 action=\"dropped\" proto=17 service=\"udp/64199\" policyid=11 poluuid=\"808834ec-9d1a-51ef-835d-f46e34b6c71e\" policytype=\"policy\" attack=\"Mozi.Botnet\" srcport=46753 dstport=64199 direction=\"outgoing\" attackid=50496 profile=\"high_security\" ref=\"http://www.fortinet.com/ids/VID50496\" incidentserialno=224904458 msg=\"backdoor: Mozi.Botnet\" crscore=30 craction=8192 crlevel=\"high\"",
    "predecoder": {
      "timestamp": "Mar  5 11:28:16",
      "hostname": "147.175.144.2"
    },
    "decoder": {
      "name": "fortigate-firewall-v5"
    },
    "data": {
      "action": "dropped",
      "srcip": "117.212.18.154",
      "srcport": "46753",
      "dstip": "147.175.146.252",
      "dstport": "64199",
      "attack": "Mozi.Botnet",
      "attackid": "50496",
      "craction": "8192",
      "crlevel": "high",
      "crscore": "30",
      "devid": "FG6H0FTB23904723",
      "devname": "FortiGate-600F",
      "direction": "outgoing",
      "dstcountry": "Slovakia",
      "dstintf": "inside",
      "dstintfrole": "lan",
      "eventtime": "1772706497009535907",
      "eventtype": "signature",
      "incidentserialno": "224904458",
      "level": "alert",
      "logid": "0419016384",
      "msg": "backdoor: Mozi.Botnet",
      "policyid": "11",
      "poluuid": "808834ec-9d1a-51ef-835d-f46e34b6c71e",
      "profile": "high_security",
      "proto": "17",
      "ref": "http://www.fortinet.com/ids/VID50496",
      "service": "udp/64199",
      "sessionid": "1534754286",
      "severity": "high",
      "srccountry": "India",
      "srcintf": "outside",
      "srcintfrole": "wan",
      "subtype": "ips",
      "time": "11:28:16",
      "type": "utm",
      "vd": "root"
    },
    "location": "127.0.0.1"
  },
  {
    "timestamp": "2026-03-05T11:28:18.906+0100",
    "rule": {
      "level": 6,
      "description": "Fortigate attack dropped.",
      "id": "81629",
      "firedtimes": 1078,
      "mail": false,
      "groups": [
        "fortigate",
        "syslog",
        "attack"
      ],
      "gdpr": [
        "IV_35.7.d"
      ],
      "hipaa": [
        "164.312.b"
      ],
      "nist_800_53": [
        "AU.6"
      ],
      "pci_dss": [
        "10.6.1"
      ]
    },
    "agent": {
      "id": "000",
      "name": "wazuh.fiit.stuba.sk.novalocal"
    },
    "manager": {
      "name": "wazuh.fiit.stuba.sk.novalocal"
    },
    "id": "1772706498.6513781273",
    "full_log": "Mar  5 11:28:18 147.175.144.2 date=2026-03-05 time=11:28:18 devname=\"FortiGate-600F\" devid=\"FG6H0FTB23904723\" eventtime=1772706498131637841 tz=\"+0100\" logid=\"0419016384\" type=\"utm\" subtype=\"ips\" eventtype=\"signature\" level=\"alert\" vd=\"root\" severity=\"high\" srcip=45.194.92.11 srccountry=\"Canada\" dstip=147.175.144.163 dstcountry=\"Slovakia\" srcintf=\"outside\" srcintfrole=\"wan\" dstintf=\"inside\" dstintfrole=\"lan\" sessionid=1534755903 action=\"dropped\" proto=6 service=\"HTTP\" policyid=11 poluuid=\"808834ec-9d1a-51ef-835d-f46e34b6c71e\" policytype=\"policy\" attack=\"React.Server.Components.react-flight.Remote.Code.Execution\" srcport=39384 dstport=80 hostname=\"147.175.144.163\" url=\"/api/route\" agent=\"Mozilla/5.0 (Linux; Android 14; SM-F9560 Build/UP1A.231005.007; wv) AppleWebKit/537.36 (KHTML, like Gecko) Version/4.0 Chrome/127.0.6533.103 Mobile Safari/537.36\" httpmethod=\"POST\" direction=\"outgoing\" attackid=59644 profile=\"high_security\" ref=\"http://www.fortinet.com/ids/VID59644\" incidentserialno=224904662 msg=\"applications3: React.Server.Components.react-flight.Remote.Code.Execution\" crscore=30 craction=8192 crlevel=\"high\"",
    "predecoder": {
      "timestamp": "Mar  5 11:28:18",
      "hostname": "147.175.144.2"
    },
    "decoder": {
      "name": "fortigate-firewall-v5"
    },
    "data": {
      "action": "dropped",
      "srcip": "45.194.92.11",
      "srcport": "39384",
      "dstip": "147.175.144.163",
      "dstport": "80",
      "url": "/api/route",
      "agent": "Mozilla/5.0 (Linux; Android 14; SM-F9560 Build/UP1A.231005.007; wv) AppleWebKit/537.36 (KHTML, like Gecko) Version/4.0 Chrome/127.0.6533.103 Mobile Safari/537.36",
      "attack": "React.Server.Components.react-flight.Remote.Code.Execution",
      "attackid": "59644",
      "craction": "8192",
      "crlevel": "high",
      "crscore": "30",
      "devid": "FG6H0FTB23904723",
      "devname": "FortiGate-600F",
      "direction": "outgoing",
      "dstcountry": "Slovakia",
      "dstintf": "inside",
      "dstintfrole": "lan",
      "eventtime": "1772706498131637841",
      "eventtype": "signature",
      "hostname": "147.175.144.163",
      "incidentserialno": "224904662",
      "level": "alert",
      "logid": "0419016384",
      "msg": "applications3: React.Server.Components.react-flight.Remote.Code.Execution",
      "policyid": "11",
      "poluuid": "808834ec-9d1a-51ef-835d-f46e34b6c71e",
      "profile": "high_security",
      "proto": "6",
      "ref": "http://www.fortinet.com/ids/VID59644",
      "service": "HTTP",
      "sessionid": "1534755903",
      "severity": "high",
      "srccountry": "Canada",
      "srcintf": "outside",
      "srcintfrole": "wan",
      "subtype": "ips",
      "time": "11:28:18",
      "type": "utm",
      "vd": "root"
    },
    "location": "127.0.0.1"
  },
  {
    "timestamp": "2026-03-05T11:28:19.844+0100",
    "rule": {
      "level": 6,
      "description": "Fortigate attack dropped.",
      "id": "81629",
      "firedtimes": 1079,
      "mail": false,
      "groups": [
        "fortigate",
        "syslog",
        "attack"
      ],
      "gdpr": [
        "IV_35.7.d"
      ],
      "hipaa": [
        "164.312.b"
      ],
      "nist_800_53": [
        "AU.6"
      ],
      "pci_dss": [
        "10.6.1"
      ]
    },
    "agent": {
      "id": "000",
      "name": "wazuh.fiit.stuba.sk.novalocal"
    },
    "manager": {
      "name": "wazuh.fiit.stuba.sk.novalocal"
    },
    "id": "1772706499.6513898966",
    "full_log": "Mar  5 11:28:19 147.175.144.2 date=2026-03-05 time=11:28:18 devname=\"FortiGate-600F\" devid=\"FG6H0FTB23904723\" eventtime=1772706499105460350 tz=\"+0100\" logid=\"0419016384\" type=\"utm\" subtype=\"ips\" eventtype=\"signature\" level=\"alert\" vd=\"root\" severity=\"high\" srcip=117.215.49.196 srccountry=\"India\" dstip=147.175.146.252 dstcountry=\"Slovakia\" srcintf=\"outside\" srcintfrole=\"wan\" dstintf=\"inside\" dstintfrole=\"lan\" sessionid=1534599646 action=\"dropped\" proto=17 service=\"udp/64199\" policyid=11 poluuid=\"808834ec-9d1a-51ef-835d-f46e34b6c71e\" policytype=\"policy\" attack=\"Mozi.Botnet\" srcport=34021 dstport=64199 direction=\"outgoing\" attackid=50496 profile=\"high_security\" ref=\"http://www.fortinet.com/ids/VID50496\" incidentserialno=224904889 msg=\"backdoor: Mozi.Botnet\" crscore=30 craction=8192 crlevel=\"high\"",
    "predecoder": {
      "timestamp": "Mar  5 11:28:19",
      "hostname": "147.175.144.2"
    },
    "decoder": {
      "name": "fortigate-firewall-v5"
    },
    "data": {
      "action": "dropped",
      "srcip": "117.215.49.196",
      "srcport": "34021",
      "dstip": "147.175.146.252",
      "dstport": "64199",
      "attack": "Mozi.Botnet",
      "attackid": "50496",
      "craction": "8192",
      "crlevel": "high",
      "crscore": "30",
      "devid": "FG6H0FTB23904723",
      "devname": "FortiGate-600F",
      "direction": "outgoing",
      "dstcountry": "Slovakia",
      "dstintf": "inside",
      "dstintfrole": "lan",
      "eventtime": "1772706499105460350",
      "eventtype": "signature",
      "incidentserialno": "224904889",
      "level": "alert",
      "logid": "0419016384",
      "msg": "backdoor: Mozi.Botnet",
      "policyid": "11",
      "poluuid": "808834ec-9d1a-51ef-835d-f46e34b6c71e",
      "profile": "high_security",
      "proto": "17",
      "ref": "http://www.fortinet.com/ids/VID50496",
      "service": "udp/64199",
      "sessionid": "1534599646",
      "severity": "high",
      "srccountry": "India",
      "srcintf": "outside",
      "srcintfrole": "wan",
      "subtype": "ips",
      "time": "11:28:18",
      "type": "utm",
      "vd": "root"
    },
    "location": "127.0.0.1"
  },
  {
    "timestamp": "2026-03-05T11:28:21.853+0100",
    "rule": {
      "level": 6,
      "description": "Fortigate attack dropped.",
      "id": "81629",
      "firedtimes": 1080,
      "mail": false,
      "groups": [
        "fortigate",
        "syslog",
        "attack"
      ],
      "gdpr": [
        "IV_35.7.d"
      ],
      "hipaa": [
        "164.312.b"
      ],
      "nist_800_53": [
        "AU.6"
      ],
      "pci_dss": [
        "10.6.1"
      ]
    },
    "agent": {
      "id": "000",
      "name": "wazuh.fiit.stuba.sk.novalocal"
    },
    "manager": {
      "name": "wazuh.fiit.stuba.sk.novalocal"
    },
    "id": "1772706501.6514226235",
    "full_log": "Mar  5 11:28:20 147.175.144.2 date=2026-03-05 time=11:28:20 devname=\"FortiGate-600F\" devid=\"FG6H0FTB23904723\" eventtime=1772706500840928968 tz=\"+0100\" logid=\"0419016384\" type=\"utm\" subtype=\"ips\" eventtype=\"signature\" level=\"alert\" vd=\"root\" severity=\"critical\" srcip=89.248.168.239 srccountry=\"Netherlands\" dstip=147.175.150.176 dstcountry=\"Slovakia\" srcintf=\"outside\" srcintfrole=\"wan\" dstintf=\"inside\" dstintfrole=\"lan\" sessionid=1534759778 action=\"dropped\" proto=6 service=\"HTTP\" policyid=11 poluuid=\"808834ec-9d1a-51ef-835d-f46e34b6c71e\" policytype=\"policy\" attack=\"PHPUnit.Eval-stdin.PHP.Remote.Code.Execution\" srcport=60500 dstport=80 hostname=\"147.175.150.176\" url=\"/wp-content/plugins/dzs-videogallery/class_parts/vendor/phpunit/phpunit/src/Util/PHP/eval-stdin.php\" agent=\"Mozilla/5.0 (Windows NT 10.0; Win64; x64) AppleWebKit/537.36 (KHTML, like Gecko) Chrome/144.0.0.0 Safari/537.36\" httpmethod=\"POST\" direction=\"outgoing\" attackid=45765 profile=\"high_security\" ref=\"http://www.fortinet.com/ids/VID45765\" incidentserialno=224905385 msg=\"web_server: PHPUnit.Eval-stdin.PHP.Remote.Code.Execution\" crscore=50 craction=4096 crlevel=\"critical\"",
    "predecoder": {
      "timestamp": "Mar  5 11:28:20",
      "hostname": "147.175.144.2"
    },
    "decoder": {
      "name": "fortigate-firewall-v5"
    },
    "data": {
      "action": "dropped",
      "srcip": "89.248.168.239",
      "srcport": "60500",
      "dstip": "147.175.150.176",
      "dstport": "80",
      "url": "/wp-content/plugins/dzs-videogallery/class_parts/vendor/phpunit/phpunit/src/Util/PHP/eval-stdin.php",
      "agent": "Mozilla/5.0 (Windows NT 10.0; Win64; x64) AppleWebKit/537.36 (KHTML, like Gecko) Chrome/144.0.0.0 Safari/537.36",
      "attack": "PHPUnit.Eval-stdin.PHP.Remote.Code.Execution",
      "attackid": "45765",
      "craction": "4096",
      "crlevel": "critical",
      "crscore": "50",
      "devid": "FG6H0FTB23904723",
      "devname": "FortiGate-600F",
      "direction": "outgoing",
      "dstcountry": "Slovakia",
      "dstintf": "inside",
      "dstintfrole": "lan",
      "eventtime": "1772706500840928968",
      "eventtype": "signature",
      "hostname": "147.175.150.176",
      "incidentserialno": "224905385",
      "level": "alert",
      "logid": "0419016384",
      "msg": "web_server: PHPUnit.Eval-stdin.PHP.Remote.Code.Execution",
      "policyid": "11",
      "poluuid": "808834ec-9d1a-51ef-835d-f46e34b6c71e",
      "profile": "high_security",
      "proto": "6",
      "ref": "http://www.fortinet.com/ids/VID45765",
      "service": "HTTP",
      "sessionid": "1534759778",
      "severity": "critical",
      "srccountry": "Netherlands",
      "srcintf": "outside",
      "srcintfrole": "wan",
      "subtype": "ips",
      "time": "11:28:20",
      "type": "utm",
      "vd": "root"
    },
    "location": "127.0.0.1"
  },
  {
    "timestamp": "2026-03-05T11:28:21.922+0100",
    "rule": {
      "level": 6,
      "description": "Fortigate attack dropped.",
      "id": "81629",
      "firedtimes": 1081,
      "mail": false,
      "groups": [
        "fortigate",
        "syslog",
        "attack"
      ],
      "gdpr": [
        "IV_35.7.d"
      ],
      "hipaa": [
        "164.312.b"
      ],
      "nist_800_53": [
        "AU.6"
      ],
      "pci_dss": [
        "10.6.1"
      ]
    },
    "agent": {
      "id": "000",
      "name": "wazuh.fiit.stuba.sk.novalocal"
    },
    "manager": {
      "name": "wazuh.fiit.stuba.sk.novalocal"
    },
    "id": "1772706501.6514357842",
    "full_log": "Mar  5 11:28:21 147.175.144.2 date=2026-03-05 time=11:28:20 devname=\"FortiGate-600F\" devid=\"FG6H0FTB23904723\" eventtime=1772706501168247221 tz=\"+0100\" logid=\"0419016384\" type=\"utm\" subtype=\"ips\" eventtype=\"signature\" level=\"alert\" vd=\"root\" severity=\"low\" srcip=8.211.47.67 srccountry=\"Germany\" dstip=147.175.154.28 dstcountry=\"Slovakia\" srcintf=\"outside\" srcintfrole=\"wan\" dstintf=\"inside\" dstintfrole=\"lan\" sessionid=1534761251 action=\"dropped\" proto=17 service=\"SNMP\" policyid=11 poluuid=\"808834ec-9d1a-51ef-835d-f46e34b6c71e\" policytype=\"policy\" attack=\"Nmap.Script.Scanner\" srcport=17694 dstport=161 direction=\"outgoing\" attackid=45360 profile=\"high_security\" ref=\"http://www.fortinet.com/ids/VID45360\" incidentserialno=224905509 msg=\"tools: Nmap.Script.Scanner\" crscore=5 craction=32768 crlevel=\"low\"",
    "predecoder": {
      "timestamp": "Mar  5 11:28:21",
      "hostname": "147.175.144.2"
    },
    "decoder": {
      "name": "fortigate-firewall-v5"
    },
    "data": {
      "action": "dropped",
      "srcip": "8.211.47.67",
      "srcport": "17694",
      "dstip": "147.175.154.28",
      "dstport": "161",
      "attack": "Nmap.Script.Scanner",
      "attackid": "45360",
      "craction": "32768",
      "crlevel": "low",
      "crscore": "5",
      "devid": "FG6H0FTB23904723",
      "devname": "FortiGate-600F",
      "direction": "outgoing",
      "dstcountry": "Slovakia",
      "dstintf": "inside",
      "dstintfrole": "lan",
      "eventtime": "1772706501168247221",
      "eventtype": "signature",
      "incidentserialno": "224905509",
      "level": "alert",
      "logid": "0419016384",
      "msg": "tools: Nmap.Script.Scanner",
      "policyid": "11",
      "poluuid": "808834ec-9d1a-51ef-835d-f46e34b6c71e",
      "profile": "high_security",
      "proto": "17",
      "ref": "http://www.fortinet.com/ids/VID45360",
      "service": "SNMP",
      "sessionid": "1534761251",
      "severity": "low",
      "srccountry": "Germany",
      "srcintf": "outside",
      "srcintfrole": "wan",
      "subtype": "ips",
      "time": "11:28:20",
      "type": "utm",
      "vd": "root"
    },
    "location": "127.0.0.1"
  }
]