  {
    "timestamp": "2026-03-09T10:44:50.806+0100",
    "rule": {
      "level": 6,
      "description": "Successful Remote Logon Detected - User:\\mrskova - NTLM authentication, possible pass-the-hash attack - Possible RDP connection. Verify that PC-1401 is allowed to perform RDP connections",
      "id": "92657",
      "mitre": {
        "id": [
          "T1550.002",
          "T1078.002",
          "T1021.001"
        ],
        "tactic": [
          "Defense Evasion",
          "Lateral Movement",
          "Persistence",
          "Privilege Escalation",
          "Initial Access"
        ],
        "technique": [
          "Pass the Hash",
          "Domain Accounts",
          "Remote Desktop Protocol"
        ]
      },
      "firedtimes": 154,
      "mail": false,
      "groups": [
        "win_evt_channel",
        "windows",
        "\n      authentication_success",
        "\n    "
      ],
      "pci_dss": [
        "10.2.5"
      ],
      "gpg13": [
        "7.1",
        "7.2"
      ],
      "gdpr": [
        "IV_32.2"
      ],
      "hipaa": [
        "164.312.b"
      ],
      "nist_800_53": [
        "AU.14",
        "AC.7"
      ],
      "tsc": [
        "CC6.8",
        "CC7.2",
        "CC7.3"
      ]
    },
    "agent": {
      "id": "248",
      "name": "safeq",
      "ip": "147.175.144.91"
    },
    "manager": {
      "name": "wazuh.fiit.stuba.sk.novalocal"
    },
    "id": "1773049490.7497919930",
    "full_log": "{\"win\":{\"system\":{\"providerName\":\"Microsoft-Windows-Security-Auditing\",\"providerGuid\":\"{54849625-5478-4994-a5ba-3e3b0328c30d}\",\"eventID\":\"4624\",\"version\":\"2\",\"level\":\"0\",\"task\":\"12544\",\"opcode\":\"0\",\"keywords\":\"0x8020000000000000\",\"systemTime\":\"2026-03-09T09:44:48.4703169Z\",\"eventRecordID\":\"4713748\",\"processID\":\"724\",\"threadID\":\"10528\",\"channel\":\"Security\",\"computer\":\"safeq.ad.fiit\",\"severityValue\":\"AUDIT_SUCCESS\",\"message\":\"\\\"An account was successfully logged on.\\r\\n\\r\\nSubject:\\r\\n\\tSecurity ID:\\t\\tS-1-0-0\\r\\n\\tAccount Name:\\t\\t-\\r\\n\\tAccount Domain:\\t\\t-\\r\\n\\tLogon ID:\\t\\t0x0\\r\\n\\r\\nLogon Information:\\r\\n\\tLogon Type:\\t\\t3\\r\\n\\tRestricted Admin Mode:\\t-\\r\\n\\tVirtual Account:\\t\\tNo\\r\\n\\tElevated Token:\\t\\tNo\\r\\n\\r\\nImpersonation Level:\\t\\tImpersonation\\r\\n\\r\\nNew Logon:\\r\\n\\tSecurity ID:\\t\\tS-1-5-21-1309104577-3639403422-2087168069-1364\\r\\n\\tAccount Name:\\t\\tmrskova\\r\\n\\tAccount Domain:\\t\\tAD\\r\\n\\tLogon ID:\\t\\t0xB00E4C65\\r\\n\\tLinked Logon ID:\\t\\t0x0\\r\\n\\tNetwork Account Name:\\t-\\r\\n\\tNetwork Account Domain:\\t-\\r\\n\\tLogon GUID:\\t\\t{00000000-0000-0000-0000-000000000000}\\r\\n\\r\\nProcess Information:\\r\\n\\tProcess ID:\\t\\t0x0\\r\\n\\tProcess Name:\\t\\t-\\r\\n\\r\\nNetwork Information:\\r\\n\\tWorkstation Name:\\tPC-1401\\r\\n\\tSource Network Address:\\t147.175.145.145\\r\\n\\tSource Port:\\t\\t53397\\r\\n\\r\\nDetailed Authentication Information:\\r\\n\\tLogon Process:\\t\\tNtLmSsp \\r\\n\\tAuthentication Package:\\tNTLM\\r\\n\\tTransited Services:\\t-\\r\\n\\tPackage Name (NTLM only):\\tNTLM V2\\r\\n\\tKey Length:\\t\\t128\\r\\n\\r\\nThis event is generated when a logon session is created. It is generated on the computer that was accessed.\\r\\n\\r\\nThe subject fields indicate the account on the local system which requested the logon. This is most commonly a service such as the Server service, or a local process such as Winlogon.exe or Services.exe.\\r\\n\\r\\nThe logon type field indicates the kind of logon that occurred. The most common types are 2 (interactive) and 3 (network).\\r\\n\\r\\nThe New Logon fields indicate the account for whom the new logon was created, i.e. the account that was logged on.\\r\\n\\r\\nThe network fields indicate where a remote logon request originated. Workstation name is not always available and may be left blank in some cases.\\r\\n\\r\\nThe impersonation level field indicates the extent to which a process in the logon session can impersonate.\\r\\n\\r\\nThe authentication information fields provide detailed information about this specific logon request.\\r\\n\\t- Logon GUID is a unique identifier that can be used to correlate this event with a KDC event.\\r\\n\\t- Transited services indicate which intermediate services have participated in this logon request.\\r\\n\\t- Package name indicates which sub-protocol was used among the NTLM protocols.\\r\\n\\t- Key length indicates the length of the generated session key. This will be 0 if no session key was requested.\\\"\"},\"eventdata\":{\"subjectUserSid\":\"S-1-0-0\",\"subjectLogonId\":\"0x0\",\"targetUserSid\":\"S-1-5-21-1309104577-3639403422-2087168069-1364\",\"targetUserName\":\"mrskova\",\"targetDomainName\":\"AD\",\"targetLogonId\":\"0xb00e4c65\",\"logonType\":\"3\",\"logonProcessName\":\"NtLmSsp\",\"authenticationPackageName\":\"NTLM\",\"workstationName\":\"PC-1401\",\"logonGuid\":\"{00000000-0000-0000-0000-000000000000}\",\"lmPackageName\":\"NTLM V2\",\"keyLength\":\"128\",\"processId\":\"0x0\",\"ipAddress\":\"147.175.145.145\",\"ipPort\":\"53397\",\"impersonationLevel\":\"%%1833\",\"virtualAccount\":\"%%1843\",\"targetLinkedLogonId\":\"0x0\",\"elevatedToken\":\"%%1843\"}}}",
    "decoder": {
      "name": "windows_eventchannel"
    },
    "data": {
      "win": {
        "system": {
          "providerName": "Microsoft-Windows-Security-Auditing",
          "providerGuid": "{54849625-5478-4994-a5ba-3e3b0328c30d}",
          "eventID": "4624",
          "version": "2",
          "level": "0",
          "task": "12544",
          "opcode": "0",
          "keywords": "0x8020000000000000",
          "systemTime": "2026-03-09T09:44:48.4703169Z",
          "eventRecordID": "4713748",
          "processID": "724",
          "threadID": "10528",
          "channel": "Security",
          "computer": "safeq.ad.fiit",
          "severityValue": "AUDIT_SUCCESS",
          "message": "\"An account was successfully logged on.\r\n\r\nSubject:\r\n\tSecurity ID:\t\tS-1-0-0\r\n\tAccount Name:\t\t-\r\n\tAccount Domain:\t\t-\r\n\tLogon ID:\t\t0x0\r\n\r\nLogon Information:\r\n\tLogon Type:\t\t3\r\n\tRestricted Admin Mode:\t-\r\n\tVirtual Account:\t\tNo\r\n\tElevated Token:\t\tNo\r\n\r\nImpersonation Level:\t\tImpersonation\r\n\r\nNew Logon:\r\n\tSecurity ID:\t\tS-1-5-21-1309104577-3639403422-2087168069-1364\r\n\tAccount Name:\t\tmrskova\r\n\tAccount Domain:\t\tAD\r\n\tLogon ID:\t\t0xB00E4C65\r\n\tLinked Logon ID:\t\t0x0\r\n\tNetwork Account Name:\t-\r\n\tNetwork Account Domain:\t-\r\n\tLogon GUID:\t\t{00000000-0000-0000-0000-000000000000}\r\n\r\nProcess Information:\r\n\tProcess ID:\t\t0x0\r\n\tProcess Name:\t\t-\r\n\r\nNetwork Information:\r\n\tWorkstation Name:\tPC-1401\r\n\tSource Network Address:\t147.175.145.145\r\n\tSource Port:\t\t53397\r\n\r\nDetailed Authentication Information:\r\n\tLogon Process:\t\tNtLmSsp \r\n\tAuthentication Package:\tNTLM\r\n\tTransited Services:\t-\r\n\tPackage Name (NTLM only):\tNTLM V2\r\n\tKey Length:\t\t128\r\n\r\nThis event is generated when a logon session is created. It is generated on the computer that was accessed.\r\n\r\nThe subject fields indicate the account on the local system which requested the logon. This is most commonly a service such as the Server service, or a local process such as Winlogon.exe or Services.exe.\r\n\r\nThe logon type field indicates the kind of logon that occurred. The most common types are 2 (interactive) and 3 (network).\r\n\r\nThe New Logon fields indicate the account for whom the new logon was created, i.e. the account that was logged on.\r\n\r\nThe network fields indicate where a remote logon request originated. Workstation name is not always available and may be left blank in some cases.\r\n\r\nThe impersonation level field indicates the extent to which a process in the logon session can impersonate.\r\n\r\nThe authentication information fields provide detailed information about this specific logon request.\r\n\t- Logon GUID is a unique identifier that can be used to correlate this event with a KDC event.\r\n\t- Transited services indicate which intermediate services have participated in this logon request.\r\n\t- Package name indicates which sub-protocol was used among the NTLM protocols.\r\n\t- Key length indicates the length of the generated session key. This will be 0 if no session key was requested.\""
        },
        "eventdata": {
          "subjectUserSid": "S-1-0-0",
          "subjectLogonId": "0x0",
          "targetUserSid": "S-1-5-21-1309104577-3639403422-2087168069-1364",
          "targetUserName": "mrskova",
          "targetDomainName": "AD",
          "targetLogonId": "0xb00e4c65",
          "logonType": "3",
          "logonProcessName": "NtLmSsp",
          "authenticationPackageName": "NTLM",
          "workstationName": "PC-1401",
          "logonGuid": "{00000000-0000-0000-0000-000000000000}",
          "lmPackageName": "NTLM V2",
          "keyLength": "128",
          "processId": "0x0",
          "ipAddress": "147.175.145.145",
          "ipPort": "53397",
          "impersonationLevel": "%%1833",
          "virtualAccount": "%%1843",
          "targetLinkedLogonId": "0x0",
          "elevatedToken": "%%1843"
        }
      }
    },
    "location": "EventChannel"
  },
  {
    "timestamp": "2026-03-09T10:44:50.825+0100",
    "rule": {
      "level": 6,
      "description": "Fortigate attack dropped.",
      "id": "81629",
      "firedtimes": 7326,
      "mail": false,
      "groups": [
        "fortigate",
        "syslog",
        "attack"
      ],
      "gdpr": [
        "IV_35.7.d"
      ],
      "hipaa": [
        "164.312.b"
      ],
      "nist_800_53": [
        "AU.6"
      ],
      "pci_dss": [
        "10.6.1"
      ]
    },
    "agent": {
      "id": "000",
      "name": "wazuh.fiit.stuba.sk.novalocal"
    },
    "manager": {
      "name": "wazuh.fiit.stuba.sk.novalocal"
    },
    "id": "1773049490.7497942519",
    "full_log": "Mar  9 10:44:49 147.175.144.2 date=2026-03-09 time=10:44:49 devname=\"FortiGate-600F\" devid=\"FG6H0FTB23904723\" eventtime=1773049489847330472 tz=\"+0100\" logid=\"0419016384\" type=\"utm\" subtype=\"ips\" eventtype=\"signature\" level=\"alert\" vd=\"root\" severity=\"high\" srcip=202.141.47.222 srccountry=\"India\" dstip=147.175.146.252 dstcountry=\"Slovakia\" srcintf=\"outside\" srcintfrole=\"wan\" dstintf=\"inside\" dstintfrole=\"lan\" sessionid=1951377941 action=\"dropped\" proto=17 service=\"udp/64199\" policyid=11 poluuid=\"808834ec-9d1a-51ef-835d-f46e34b6c71e\" policytype=\"policy\" attack=\"Mozi.Botnet\" srcport=38906 dstport=64199 direction=\"outgoing\" attackid=50496 profile=\"high_security\" ref=\"http://www.fortinet.com/ids/VID50496\" incidentserialno=271828585 msg=\"backdoor: Mozi.Botnet\" crscore=30 craction=8192 crlevel=\"high\"",
    "predecoder": {
      "timestamp": "Mar  9 10:44:49",
      "hostname": "147.175.144.2"
    },
    "decoder": {
      "name": "fortigate-firewall-v5"
    },
    "data": {
      "action": "dropped",
      "srcip": "202.141.47.222",
      "srcport": "38906",
      "dstip": "147.175.146.252",
      "dstport": "64199",
      "attack": "Mozi.Botnet",
      "attackid": "50496",
      "craction": "8192",
      "crlevel": "high",
      "crscore": "30",
      "devid": "FG6H0FTB23904723",
      "devname": "FortiGate-600F",
      "direction": "outgoing",
      "dstcountry": "Slovakia",
      "dstintf": "inside",
      "dstintfrole": "lan",
      "eventtime": "1773049489847330472",
      "eventtype": "signature",
      "incidentserialno": "271828585",
      "level": "alert",
      "logid": "0419016384",
      "msg": "backdoor: Mozi.Botnet",
      "policyid": "11",
      "poluuid": "808834ec-9d1a-51ef-835d-f46e34b6c71e",
      "profile": "high_security",
      "proto": "17",
      "ref": "http://www.fortinet.com/ids/VID50496",
      "service": "udp/64199",
      "sessionid": "1951377941",
      "severity": "high",
      "srccountry": "India",
      "srcintf": "outside",
      "srcintfrole": "wan",
      "subtype": "ips",
      "time": "10:44:49",
      "type": "utm",
      "vd": "root"
    },
    "location": "127.0.0.1"
  },
  {
    "timestamp": "2026-03-09T10:44:50.834+0100",
    "rule": {
      "level": 6,
      "description": "Fortigate attack dropped.",
      "id": "81629",
      "firedtimes": 7327,
      "mail": false,
      "groups": [
        "fortigate",
        "syslog",
        "attack"
      ],
      "gdpr": [
        "IV_35.7.d"
      ],
      "hipaa": [
        "164.312.b"
      ],
      "nist_800_53": [
        "AU.6"
      ],
      "pci_dss": [
        "10.6.1"
      ]
    },
    "agent": {
      "id": "000",
      "name": "wazuh.fiit.stuba.sk.novalocal"
    },
    "manager": {
      "name": "wazuh.fiit.stuba.sk.novalocal"
    },
    "id": "1773049490.7497942519",
    "full_log": "Mar  9 10:44:50 147.175.144.2 date=2026-03-09 time=10:44:50 devname=\"FortiGate-600F\" devid=\"FG6H0FTB23904723\" eventtime=1773049490145902724 tz=\"+0100\" logid=\"0419016384\" type=\"utm\" subtype=\"ips\" eventtype=\"signature\" level=\"alert\" vd=\"root\" severity=\"high\" srcip=139.5.1.153 srccountry=\"India\" dstip=147.175.146.252 dstcountry=\"Slovakia\" srcintf=\"outside\" srcintfrole=\"wan\" dstintf=\"inside\" dstintfrole=\"lan\" sessionid=1951378181 action=\"dropped\" proto=17 service=\"udp/64199\" policyid=11 poluuid=\"808834ec-9d1a-51ef-835d-f46e34b6c71e\" policytype=\"policy\" attack=\"Mozi.Botnet\" srcport=35659 dstport=64199 direction=\"outgoing\" attackid=50496 profile=\"high_security\" ref=\"http://www.fortinet.com/ids/VID50496\" incidentserialno=271828667 msg=\"backdoor: Mozi.Botnet\" crscore=30 craction=8192 crlevel=\"high\"",
    "predecoder": {
      "timestamp": "Mar  9 10:44:50",
      "hostname": "147.175.144.2"
    },
    "decoder": {
      "name": "fortigate-firewall-v5"
    },
    "data": {
      "action": "dropped",
      "srcip": "139.5.1.153",
      "srcport": "35659",
      "dstip": "147.175.146.252",
      "dstport": "64199",
      "attack": "Mozi.Botnet",
      "attackid": "50496",
      "craction": "8192",
      "crlevel": "high",
      "crscore": "30",
      "devid": "FG6H0FTB23904723",
      "devname": "FortiGate-600F",
      "direction": "outgoing",
      "dstcountry": "Slovakia",
      "dstintf": "inside",
      "dstintfrole": "lan",
      "eventtime": "1773049490145902724",
      "eventtype": "signature",
      "incidentserialno": "271828667",
      "level": "alert",
      "logid": "0419016384",
      "msg": "backdoor: Mozi.Botnet",
      "policyid": "11",
      "poluuid": "808834ec-9d1a-51ef-835d-f46e34b6c71e",
      "profile": "high_security",
      "proto": "17",
      "ref": "http://www.fortinet.com/ids/VID50496",
      "service": "udp/64199",
      "sessionid": "1951378181",
      "severity": "high",
      "srccountry": "India",
      "srcintf": "outside",
      "srcintfrole": "wan",
      "subtype": "ips",
      "time": "10:44:50",
      "type": "utm",
      "vd": "root"
    },
    "location": "127.0.0.1"
  },
  {
    "timestamp": "2026-03-09T10:44:50.870+0100",
    "rule": {
      "level": 6,
      "description": "Fortigate attack dropped.",
      "id": "81629",
      "firedtimes": 7328,
      "mail": false,
      "groups": [
        "fortigate",
        "syslog",
        "attack"
      ],
      "gdpr": [
        "IV_35.7.d"
      ],
      "hipaa": [
        "164.312.b"
      ],
      "nist_800_53": [
        "AU.6"
      ],
      "pci_dss": [
        "10.6.1"
      ]
    },
    "agent": {
      "id": "000",
      "name": "wazuh.fiit.stuba.sk.novalocal"
    },
    "manager": {
      "name": "wazuh.fiit.stuba.sk.novalocal"
    },
    "id": "1773049490.7498019669",
    "full_log": "Mar  9 10:44:50 147.175.144.2 date=2026-03-09 time=10:44:50 devname=\"FortiGate-600F\" devid=\"FG6H0FTB23904723\" eventtime=1773049490408135760 tz=\"+0100\" logid=\"0419016384\" type=\"utm\" subtype=\"ips\" eventtype=\"signature\" level=\"alert\" vd=\"root\" severity=\"high\" srcip=144.48.132.195 srccountry=\"Pakistan\" dstip=147.175.146.252 dstcountry=\"Slovakia\" srcintf=\"outside\" srcintfrole=\"wan\" dstintf=\"inside\" dstintfrole=\"lan\" sessionid=1951378346 action=\"dropped\" proto=17 service=\"udp/64199\" policyid=11 poluuid=\"808834ec-9d1a-51ef-835d-f46e34b6c71e\" policytype=\"policy\" attack=\"Mozi.Botnet\" srcport=46466 dstport=64199 direction=\"outgoing\" attackid=50496 profile=\"high_security\" ref=\"http://www.fortinet.com/ids/VID50496\" incidentserialno=271828718 msg=\"backdoor: Mozi.Botnet\" crscore=30 craction=8192 crlevel=\"high\"",
    "predecoder": {
      "timestamp": "Mar  9 10:44:50",
      "hostname": "147.175.144.2"
    },
    "decoder": {
      "name": "fortigate-firewall-v5"
    },
    "data": {
      "action": "dropped",
      "srcip": "144.48.132.195",
      "srcport": "46466",
      "dstip": "147.175.146.252",
      "dstport": "64199",
      "attack": "Mozi.Botnet",
      "attackid": "50496",
      "craction": "8192",
      "crlevel": "high",
      "crscore": "30",
      "devid": "FG6H0FTB23904723",
      "devname": "FortiGate-600F",
      "direction": "outgoing",
      "dstcountry": "Slovakia",
      "dstintf": "inside",
      "dstintfrole": "lan",
      "eventtime": "1773049490408135760",
      "eventtype": "signature",
      "incidentserialno": "271828718",
      "level": "alert",
      "logid": "0419016384",
      "msg": "backdoor: Mozi.Botnet",
      "policyid": "11",
      "poluuid": "808834ec-9d1a-51ef-835d-f46e34b6c71e",
      "profile": "high_security",
      "proto": "17",
      "ref": "http://www.fortinet.com/ids/VID50496",
      "service": "udp/64199",
      "sessionid": "1951378346",
      "severity": "high",
      "srccountry": "Pakistan",
      "srcintf": "outside",
      "srcintfrole": "wan",
      "subtype": "ips",
      "time": "10:44:50",
      "type": "utm",
      "vd": "root"
    },
    "location": "127.0.0.1"
  },
  {
    "timestamp": "2026-03-09T10:44:50.885+0100",
    "rule": {
      "level": 6,
      "description": "Successful Remote Logon Detected - User:\\mrskova - NTLM authentication, possible pass-the-hash attack - Possible RDP connection. Verify that PC-1401 is allowed to perform RDP connections",
      "id": "92657",
      "mitre": {
        "id": [
          "T1550.002",
          "T1078.002",
          "T1021.001"
        ],
        "tactic": [
          "Defense Evasion",
          "Lateral Movement",
          "Persistence",
          "Privilege Escalation",
          "Initial Access"
        ],
        "technique": [
          "Pass the Hash",
          "Domain Accounts",
          "Remote Desktop Protocol"
        ]
      },
      "firedtimes": 155,
      "mail": false,
      "groups": [
        "win_evt_channel",
        "windows",
        "\n      authentication_success",
        "\n    "
      ],
      "pci_dss": [
        "10.2.5"
      ],
      "gpg13": [
        "7.1",
        "7.2"
      ],
      "gdpr": [
        "IV_32.2"
      ],
      "hipaa": [
        "164.312.b"
      ],
      "nist_800_53": [
        "AU.14",
        "AC.7"
      ],
      "tsc": [
        "CC6.8",
        "CC7.2",
        "CC7.3"
      ]
    },
    "agent": {
      "id": "248",
      "name": "safeq",
      "ip": "147.175.144.91"
    },
    "manager": {
      "name": "wazuh.fiit.stuba.sk.novalocal"
    },
    "id": "1773049490.7498057525",
    "full_log": "{\"win\":{\"system\":{\"providerName\":\"Microsoft-Windows-Security-Auditing\",\"providerGuid\":\"{54849625-5478-4994-a5ba-3e3b0328c30d}\",\"eventID\":\"4624\",\"version\":\"2\",\"level\":\"0\",\"task\":\"12544\",\"opcode\":\"0\",\"keywords\":\"0x8020000000000000\",\"systemTime\":\"2026-03-09T09:44:48.4889249Z\",\"eventRecordID\":\"4713753\",\"processID\":\"724\",\"threadID\":\"10528\",\"channel\":\"Security\",\"computer\":\"safeq.ad.fiit\",\"severityValue\":\"AUDIT_SUCCESS\",\"message\":\"\\\"An account was successfully logged on.\\r\\n\\r\\nSubject:\\r\\n\\tSecurity ID:\\t\\tS-1-0-0\\r\\n\\tAccount Name:\\t\\t-\\r\\n\\tAccount Domain:\\t\\t-\\r\\n\\tLogon ID:\\t\\t0x0\\r\\n\\r\\nLogon Information:\\r\\n\\tLogon Type:\\t\\t3\\r\\n\\tRestricted Admin Mode:\\t-\\r\\n\\tVirtual Account:\\t\\tNo\\r\\n\\tElevated Token:\\t\\tNo\\r\\n\\r\\nImpersonation Level:\\t\\tImpersonation\\r\\n\\r\\nNew Logon:\\r\\n\\tSecurity ID:\\t\\tS-1-5-21-1309104577-3639403422-2087168069-1364\\r\\n\\tAccount Name:\\t\\tmrskova\\r\\n\\tAccount Domain:\\t\\tAD\\r\\n\\tLogon ID:\\t\\t0xB00E4C98\\r\\n\\tLinked Logon ID:\\t\\t0x0\\r\\n\\tNetwork Account Name:\\t-\\r\\n\\tNetwork Account Domain:\\t-\\r\\n\\tLogon GUID:\\t\\t{00000000-0000-0000-0000-000000000000}\\r\\n\\r\\nProcess Information:\\r\\n\\tProcess ID:\\t\\t0x0\\r\\n\\tProcess Name:\\t\\t-\\r\\n\\r\\nNetwork Information:\\r\\n\\tWorkstation Name:\\tPC-1401\\r\\n\\tSource Network Address:\\t147.175.145.145\\r\\n\\tSource Port:\\t\\t53399\\r\\n\\r\\nDetailed Authentication Information:\\r\\n\\tLogon Process:\\t\\tNtLmSsp \\r\\n\\tAuthentication Package:\\tNTLM\\r\\n\\tTransited Services:\\t-\\r\\n\\tPackage Name (NTLM only):\\tNTLM V2\\r\\n\\tKey Length:\\t\\t128\\r\\n\\r\\nThis event is generated when a logon session is created. It is generated on the computer that was accessed.\\r\\n\\r\\nThe subject fields indicate the account on the local system which requested the logon. This is most commonly a service such as the Server service, or a local process such as Winlogon.exe or Services.exe.\\r\\n\\r\\nThe logon type field indicates the kind of logon that occurred. The most common types are 2 (interactive) and 3 (network).\\r\\n\\r\\nThe New Logon fields indicate the account for whom the new logon was created, i.e. the account that was logged on.\\r\\n\\r\\nThe network fields indicate where a remote logon request originated. Workstation name is not always available and may be left blank in some cases.\\r\\n\\r\\nThe impersonation level field indicates the extent to which a process in the logon session can impersonate.\\r\\n\\r\\nThe authentication information fields provide detailed information about this specific logon request.\\r\\n\\t- Logon GUID is a unique identifier that can be used to correlate this event with a KDC event.\\r\\n\\t- Transited services indicate which intermediate services have participated in this logon request.\\r\\n\\t- Package name indicates which sub-protocol was used among the NTLM protocols.\\r\\n\\t- Key length indicates the length of the generated session key. This will be 0 if no session key was requested.\\\"\"},\"eventdata\":{\"subjectUserSid\":\"S-1-0-0\",\"subjectLogonId\":\"0x0\",\"targetUserSid\":\"S-1-5-21-1309104577-3639403422-2087168069-1364\",\"targetUserName\":\"mrskova\",\"targetDomainName\":\"AD\",\"targetLogonId\":\"0xb00e4c98\",\"logonType\":\"3\",\"logonProcessName\":\"NtLmSsp\",\"authenticationPackageName\":\"NTLM\",\"workstationName\":\"PC-1401\",\"logonGuid\":\"{00000000-0000-0000-0000-000000000000}\",\"lmPackageName\":\"NTLM V2\",\"keyLength\":\"128\",\"processId\":\"0x0\",\"ipAddress\":\"147.175.145.145\",\"ipPort\":\"53399\",\"impersonationLevel\":\"%%1833\",\"virtualAccount\":\"%%1843\",\"targetLinkedLogonId\":\"0x0\",\"elevatedToken\":\"%%1843\"}}}",
    "decoder": {
      "name": "windows_eventchannel"
    },
    "data": {
      "win": {
        "system": {
          "providerName": "Microsoft-Windows-Security-Auditing",
          "providerGuid": "{54849625-5478-4994-a5ba-3e3b0328c30d}",
          "eventID": "4624",
          "version": "2",
          "level": "0",
          "task": "12544",
          "opcode": "0",
          "keywords": "0x8020000000000000",
          "systemTime": "2026-03-09T09:44:48.4889249Z",
          "eventRecordID": "4713753",
          "processID": "724",
          "threadID": "10528",
          "channel": "Security",
          "computer": "safeq.ad.fiit",
          "severityValue": "AUDIT_SUCCESS",
          "message": "\"An account was successfully logged on.\r\n\r\nSubject:\r\n\tSecurity ID:\t\tS-1-0-0\r\n\tAccount Name:\t\t-\r\n\tAccount Domain:\t\t-\r\n\tLogon ID:\t\t0x0\r\n\r\nLogon Information:\r\n\tLogon Type:\t\t3\r\n\tRestricted Admin Mode:\t-\r\n\tVirtual Account:\t\tNo\r\n\tElevated Token:\t\tNo\r\n\r\nImpersonation Level:\t\tImpersonation\r\n\r\nNew Logon:\r\n\tSecurity ID:\t\tS-1-5-21-1309104577-3639403422-2087168069-1364\r\n\tAccount Name:\t\tmrskova\r\n\tAccount Domain:\t\tAD\r\n\tLogon ID:\t\t0xB00E4C98\r\n\tLinked Logon ID:\t\t0x0\r\n\tNetwork Account Name:\t-\r\n\tNetwork Account Domain:\t-\r\n\tLogon GUID:\t\t{00000000-0000-0000-0000-000000000000}\r\n\r\nProcess Information:\r\n\tProcess ID:\t\t0x0\r\n\tProcess Name:\t\t-\r\n\r\nNetwork Information:\r\n\tWorkstation Name:\tPC-1401\r\n\tSource Network Address:\t147.175.145.145\r\n\tSource Port:\t\t53399\r\n\r\nDetailed Authentication Information:\r\n\tLogon Process:\t\tNtLmSsp \r\n\tAuthentication Package:\tNTLM\r\n\tTransited Services:\t-\r\n\tPackage Name (NTLM only):\tNTLM V2\r\n\tKey Length:\t\t128\r\n\r\nThis event is generated when a logon session is created. It is generated on the computer that was accessed.\r\n\r\nThe subject fields indicate the account on the local system which requested the logon. This is most commonly a service such as the Server service, or a local process such as Winlogon.exe or Services.exe.\r\n\r\nThe logon type field indicates the kind of logon that occurred. The most common types are 2 (interactive) and 3 (network).\r\n\r\nThe New Logon fields indicate the account for whom the new logon was created, i.e. the account that was logged on.\r\n\r\nThe network fields indicate where a remote logon request originated. Workstation name is not always available and may be left blank in some cases.\r\n\r\nThe impersonation level field indicates the extent to which a process in the logon session can impersonate.\r\n\r\nThe authentication information fields provide detailed information about this specific logon request.\r\n\t- Logon GUID is a unique identifier that can be used to correlate this event with a KDC event.\r\n\t- Transited services indicate which intermediate services have participated in this logon request.\r\n\t- Package name indicates which sub-protocol was used among the NTLM protocols.\r\n\t- Key length indicates the length of the generated session key. This will be 0 if no session key was requested.\""
        },
        "eventdata": {
          "subjectUserSid": "S-1-0-0",
          "subjectLogonId": "0x0",
          "targetUserSid": "S-1-5-21-1309104577-3639403422-2087168069-1364",
          "targetUserName": "mrskova",
          "targetDomainName": "AD",
          "targetLogonId": "0xb00e4c98",
          "logonType": "3",
          "logonProcessName": "NtLmSsp",
          "authenticationPackageName": "NTLM",
          "workstationName": "PC-1401",
          "logonGuid": "{00000000-0000-0000-0000-000000000000}",
          "lmPackageName": "NTLM V2",
          "keyLength": "128",
          "processId": "0x0",
          "ipAddress": "147.175.145.145",
          "ipPort": "53399",
          "impersonationLevel": "%%1833",
          "virtualAccount": "%%1843",
          "targetLinkedLogonId": "0x0",
          "elevatedToken": "%%1843"
        }
      }
    },
    "location": "EventChannel"
  },
  {
    "timestamp": "2026-03-09T10:44:50.902+0100",
    "rule": {
      "level": 6,
      "description": "Successful Remote Logon Detected - User:\\mrskova - NTLM authentication, possible pass-the-hash attack - Possible RDP connection. Verify that PC-1401 is allowed to perform RDP connections",
      "id": "92657",
      "mitre": {
        "id": [
          "T1550.002",
          "T1078.002",
          "T1021.001"
        ],
        "tactic": [
          "Defense Evasion",
          "Lateral Movement",
          "Persistence",
          "Privilege Escalation",
          "Initial Access"
        ],
        "technique": [
          "Pass the Hash",
          "Domain Accounts",
          "Remote Desktop Protocol"
        ]
      },
      "firedtimes": 156,
      "mail": false,
      "groups": [
        "win_evt_channel",
        "windows",
        "\n      authentication_success",
        "\n    "
      ],
      "pci_dss": [
        "10.2.5"
      ],
      "gpg13": [
        "7.1",
        "7.2"
      ],
      "gdpr": [
        "IV_32.2"
      ],
      "hipaa": [
        "164.312.b"
      ],
      "nist_800_53": [
        "AU.14",
        "AC.7"
      ],
      "tsc": [
        "CC6.8",
        "CC7.2",
        "CC7.3"
      ]
    },
    "agent": {
      "id": "248",
      "name": "safeq",
      "ip": "147.175.144.91"
    },
    "manager": {
      "name": "wazuh.fiit.stuba.sk.novalocal"
    },
    "id": "1773049490.7498065037",
    "full_log": "{\"win\":{\"system\":{\"providerName\":\"Microsoft-Windows-Security-Auditing\",\"providerGuid\":\"{54849625-5478-4994-a5ba-3e3b0328c30d}\",\"eventID\":\"4624\",\"version\":\"2\",\"level\":\"0\",\"task\":\"12544\",\"opcode\":\"0\",\"keywords\":\"0x8020000000000000\",\"systemTime\":\"2026-03-09T09:44:48.4915251Z\",\"eventRecordID\":\"4713754\",\"processID\":\"724\",\"threadID\":\"320\",\"channel\":\"Security\",\"computer\":\"safeq.ad.fiit\",\"severityValue\":\"AUDIT_SUCCESS\",\"message\":\"\\\"An account was successfully logged on.\\r\\n\\r\\nSubject:\\r\\n\\tSecurity ID:\\t\\tS-1-0-0\\r\\n\\tAccount Name:\\t\\t-\\r\\n\\tAccount Domain:\\t\\t-\\r\\n\\tLogon ID:\\t\\t0x0\\r\\n\\r\\nLogon Information:\\r\\n\\tLogon Type:\\t\\t3\\r\\n\\tRestricted Admin Mode:\\t-\\r\\n\\tVirtual Account:\\t\\tNo\\r\\n\\tElevated Token:\\t\\tNo\\r\\n\\r\\nImpersonation Level:\\t\\tImpersonation\\r\\n\\r\\nNew Logon:\\r\\n\\tSecurity ID:\\t\\tS-1-5-21-1309104577-3639403422-2087168069-1364\\r\\n\\tAccount Name:\\t\\tmrskova\\r\\n\\tAccount Domain:\\t\\tAD\\r\\n\\tLogon ID:\\t\\t0xB00E4CA9\\r\\n\\tLinked Logon ID:\\t\\t0x0\\r\\n\\tNetwork Account Name:\\t-\\r\\n\\tNetwork Account Domain:\\t-\\r\\n\\tLogon GUID:\\t\\t{00000000-0000-0000-0000-000000000000}\\r\\n\\r\\nProcess Information:\\r\\n\\tProcess ID:\\t\\t0x0\\r\\n\\tProcess Name:\\t\\t-\\r\\n\\r\\nNetwork Information:\\r\\n\\tWorkstation Name:\\tPC-1401\\r\\n\\tSource Network Address:\\t147.175.145.145\\r\\n\\tSource Port:\\t\\t53401\\r\\n\\r\\nDetailed Authentication Information:\\r\\n\\tLogon Process:\\t\\tNtLmSsp \\r\\n\\tAuthentication Package:\\tNTLM\\r\\n\\tTransited Services:\\t-\\r\\n\\tPackage Name (NTLM only):\\tNTLM V2\\r\\n\\tKey Length:\\t\\t128\\r\\n\\r\\nThis event is generated when a logon session is created. It is generated on the computer that was accessed.\\r\\n\\r\\nThe subject fields indicate the account on the local system which requested the logon. This is most commonly a service such as the Server service, or a local process such as Winlogon.exe or Services.exe.\\r\\n\\r\\nThe logon type field indicates the kind of logon that occurred. The most common types are 2 (interactive) and 3 (network).\\r\\n\\r\\nThe New Logon fields indicate the account for whom the new logon was created, i.e. the account that was logged on.\\r\\n\\r\\nThe network fields indicate where a remote logon request originated. Workstation name is not always available and may be left blank in some cases.\\r\\n\\r\\nThe impersonation level field indicates the extent to which a process in the logon session can impersonate.\\r\\n\\r\\nThe authentication information fields provide detailed information about this specific logon request.\\r\\n\\t- Logon GUID is a unique identifier that can be used to correlate this event with a KDC event.\\r\\n\\t- Transited services indicate which intermediate services have participated in this logon request.\\r\\n\\t- Package name indicates which sub-protocol was used among the NTLM protocols.\\r\\n\\t- Key length indicates the length of the generated session key. This will be 0 if no session key was requested.\\\"\"},\"eventdata\":{\"subjectUserSid\":\"S-1-0-0\",\"subjectLogonId\":\"0x0\",\"targetUserSid\":\"S-1-5-21-1309104577-3639403422-2087168069-1364\",\"targetUserName\":\"mrskova\",\"targetDomainName\":\"AD\",\"targetLogonId\":\"0xb00e4ca9\",\"logonType\":\"3\",\"logonProcessName\":\"NtLmSsp\",\"authenticationPackageName\":\"NTLM\",\"workstationName\":\"PC-1401\",\"logonGuid\":\"{00000000-0000-0000-0000-000000000000}\",\"lmPackageName\":\"NTLM V2\",\"keyLength\":\"128\",\"processId\":\"0x0\",\"ipAddress\":\"147.175.145.145\",\"ipPort\":\"53401\",\"impersonationLevel\":\"%%1833\",\"virtualAccount\":\"%%1843\",\"targetLinkedLogonId\":\"0x0\",\"elevatedToken\":\"%%1843\"}}}",
    "decoder": {
      "name": "windows_eventchannel"
    },
    "data": {
      "win": {
        "system": {
          "providerName": "Microsoft-Windows-Security-Auditing",
          "providerGuid": "{54849625-5478-4994-a5ba-3e3b0328c30d}",
          "eventID": "4624",
          "version": "2",
          "level": "0",
          "task": "12544",
          "opcode": "0",
          "keywords": "0x8020000000000000",
          "systemTime": "2026-03-09T09:44:48.4915251Z",
          "eventRecordID": "4713754",
          "processID": "724",
          "threadID": "320",
          "channel": "Security",
          "computer": "safeq.ad.fiit",
          "severityValue": "AUDIT_SUCCESS",
          "message": "\"An account was successfully logged on.\r\n\r\nSubject:\r\n\tSecurity ID:\t\tS-1-0-0\r\n\tAccount Name:\t\t-\r\n\tAccount Domain:\t\t-\r\n\tLogon ID:\t\t0x0\r\n\r\nLogon Information:\r\n\tLogon Type:\t\t3\r\n\tRestricted Admin Mode:\t-\r\n\tVirtual Account:\t\tNo\r\n\tElevated Token:\t\tNo\r\n\r\nImpersonation Level:\t\tImpersonation\r\n\r\nNew Logon:\r\n\tSecurity ID:\t\tS-1-5-21-1309104577-3639403422-2087168069-1364\r\n\tAccount Name:\t\tmrskova\r\n\tAccount Domain:\t\tAD\r\n\tLogon ID:\t\t0xB00E4CA9\r\n\tLinked Logon ID:\t\t0x0\r\n\tNetwork Account Name:\t-\r\n\tNetwork Account Domain:\t-\r\n\tLogon GUID:\t\t{00000000-0000-0000-0000-000000000000}\r\n\r\nProcess Information:\r\n\tProcess ID:\t\t0x0\r\n\tProcess Name:\t\t-\r\n\r\nNetwork Information:\r\n\tWorkstation Name:\tPC-1401\r\n\tSource Network Address:\t147.175.145.145\r\n\tSource Port:\t\t53401\r\n\r\nDetailed Authentication Information:\r\n\tLogon Process:\t\tNtLmSsp \r\n\tAuthentication Package:\tNTLM\r\n\tTransited Services:\t-\r\n\tPackage Name (NTLM only):\tNTLM V2\r\n\tKey Length:\t\t128\r\n\r\nThis event is generated when a logon session is created. It is generated on the computer that was accessed.\r\n\r\nThe subject fields indicate the account on the local system which requested the logon. This is most commonly a service such as the Server service, or a local process such as Winlogon.exe or Services.exe.\r\n\r\nThe logon type field indicates the kind of logon that occurred. The most common types are 2 (interactive) and 3 (network).\r\n\r\nThe New Logon fields indicate the account for whom the new logon was created, i.e. the account that was logged on.\r\n\r\nThe network fields indicate where a remote logon request originated. Workstation name is not always available and may be left blank in some cases.\r\n\r\nThe impersonation level field indicates the extent to which a process in the logon session can impersonate.\r\n\r\nThe authentication information fields provide detailed information about this specific logon request.\r\n\t- Logon GUID is a unique identifier that can be used to correlate this event with a KDC event.\r\n\t- Transited services indicate which intermediate services have participated in this logon request.\r\n\t- Package name indicates which sub-protocol was used among the NTLM protocols.\r\n\t- Key length indicates the length of the generated session key. This will be 0 if no session key was requested.\""
        },
        "eventdata": {
          "subjectUserSid": "S-1-0-0",
          "subjectLogonId": "0x0",
          "targetUserSid": "S-1-5-21-1309104577-3639403422-2087168069-1364",
          "targetUserName": "mrskova",
          "targetDomainName": "AD",
          "targetLogonId": "0xb00e4ca9",
          "logonType": "3",
          "logonProcessName": "NtLmSsp",
          "authenticationPackageName": "NTLM",
          "workstationName": "PC-1401",
          "logonGuid": "{00000000-0000-0000-0000-000000000000}",
          "lmPackageName": "NTLM V2",
          "keyLength": "128",
          "processId": "0x0",
          "ipAddress": "147.175.145.145",
          "ipPort": "53401",
          "impersonationLevel": "%%1833",
          "virtualAccount": "%%1843",
          "targetLinkedLogonId": "0x0",
          "elevatedToken": "%%1843"
        }
      }
    },
    "location": "EventChannel"
  },
  {
    "timestamp": "2026-03-09T10:44:50.948+0100",
    "rule": {
      "level": 6,
      "description": "Successful Remote Logon Detected - User:\\mrskova - NTLM authentication, possible pass-the-hash attack - Possible RDP connection. Verify that PC-1401 is allowed to perform RDP connections",
      "id": "92657",
      "mitre": {
        "id": [
          "T1550.002",
          "T1078.002",
          "T1021.001"
        ],
        "tactic": [
          "Defense Evasion",
          "Lateral Movement",
          "Persistence",
          "Privilege Escalation",
          "Initial Access"
        ],
        "technique": [
          "Pass the Hash",
          "Domain Accounts",
          "Remote Desktop Protocol"
        ]
      },
      "firedtimes": 157,
      "mail": false,
      "groups": [
        "win_evt_channel",
        "windows",
        "\n      authentication_success",
        "\n    "
      ],
      "pci_dss": [
        "10.2.5"
      ],
      "gpg13": [
        "7.1",
        "7.2"
      ],
      "gdpr": [
        "IV_32.2"
      ],
      "hipaa": [
        "164.312.b"
      ],
      "nist_800_53": [
        "AU.14",
        "AC.7"
      ],
      "tsc": [
        "CC6.8",
        "CC7.2",
        "CC7.3"
      ]
    },
    "agent": {
      "id": "248",
      "name": "safeq",
      "ip": "147.175.144.91"
    },
    "manager": {
      "name": "wazuh.fiit.stuba.sk.novalocal"
    },
    "id": "1773049490.7498080692",
    "full_log": "{\"win\":{\"system\":{\"providerName\":\"Microsoft-Windows-Security-Auditing\",\"providerGuid\":\"{54849625-5478-4994-a5ba-3e3b0328c30d}\",\"eventID\":\"4624\",\"version\":\"2\",\"level\":\"0\",\"task\":\"12544\",\"opcode\":\"0\",\"keywords\":\"0x8020000000000000\",\"systemTime\":\"2026-03-09T09:44:48.5525497Z\",\"eventRecordID\":\"4713757\",\"processID\":\"724\",\"threadID\":\"320\",\"channel\":\"Security\",\"computer\":\"safeq.ad.fiit\",\"severityValue\":\"AUDIT_SUCCESS\",\"message\":\"\\\"An account was successfully logged on.\\r\\n\\r\\nSubject:\\r\\n\\tSecurity ID:\\t\\tS-1-0-0\\r\\n\\tAccount Name:\\t\\t-\\r\\n\\tAccount Domain:\\t\\t-\\r\\n\\tLogon ID:\\t\\t0x0\\r\\n\\r\\nLogon Information:\\r\\n\\tLogon Type:\\t\\t3\\r\\n\\tRestricted Admin Mode:\\t-\\r\\n\\tVirtual Account:\\t\\tNo\\r\\n\\tElevated Token:\\t\\tNo\\r\\n\\r\\nImpersonation Level:\\t\\tImpersonation\\r\\n\\r\\nNew Logon:\\r\\n\\tSecurity ID:\\t\\tS-1-5-21-1309104577-3639403422-2087168069-1364\\r\\n\\tAccount Name:\\t\\tmrskova\\r\\n\\tAccount Domain:\\t\\tAD\\r\\n\\tLogon ID:\\t\\t0xB00E4CFC\\r\\n\\tLinked Logon ID:\\t\\t0x0\\r\\n\\tNetwork Account Name:\\t-\\r\\n\\tNetwork Account Domain:\\t-\\r\\n\\tLogon GUID:\\t\\t{00000000-0000-0000-0000-000000000000}\\r\\n\\r\\nProcess Information:\\r\\n\\tProcess ID:\\t\\t0x0\\r\\n\\tProcess Name:\\t\\t-\\r\\n\\r\\nNetwork Information:\\r\\n\\tWorkstation Name:\\tPC-1401\\r\\n\\tSource Network Address:\\t147.175.145.145\\r\\n\\tSource Port:\\t\\t53403\\r\\n\\r\\nDetailed Authentication Information:\\r\\n\\tLogon Process:\\t\\tNtLmSsp \\r\\n\\tAuthentication Package:\\tNTLM\\r\\n\\tTransited Services:\\t-\\r\\n\\tPackage Name (NTLM only):\\tNTLM V2\\r\\n\\tKey Length:\\t\\t128\\r\\n\\r\\nThis event is generated when a logon session is created. It is generated on the computer that was accessed.\\r\\n\\r\\nThe subject fields indicate the account on the local system which requested the logon. This is most commonly a service such as the Server service, or a local process such as Winlogon.exe or Services.exe.\\r\\n\\r\\nThe logon type field indicates the kind of logon that occurred. The most common types are 2 (interactive) and 3 (network).\\r\\n\\r\\nThe New Logon fields indicate the account for whom the new logon was created, i.e. the account that was logged on.\\r\\n\\r\\nThe network fields indicate where a remote logon request originated. Workstation name is not always available and may be left blank in some cases.\\r\\n\\r\\nThe impersonation level field indicates the extent to which a process in the logon session can impersonate.\\r\\n\\r\\nThe authentication information fields provide detailed information about this specific logon request.\\r\\n\\t- Logon GUID is a unique identifier that can be used to correlate this event with a KDC event.\\r\\n\\t- Transited services indicate which intermediate services have participated in this logon request.\\r\\n\\t- Package name indicates which sub-protocol was used among the NTLM protocols.\\r\\n\\t- Key length indicates the length of the generated session key. This will be 0 if no session key was requested.\\\"\"},\"eventdata\":{\"subjectUserSid\":\"S-1-0-0\",\"subjectLogonId\":\"0x0\",\"targetUserSid\":\"S-1-5-21-1309104577-3639403422-2087168069-1364\",\"targetUserName\":\"mrskova\",\"targetDomainName\":\"AD\",\"targetLogonId\":\"0xb00e4cfc\",\"logonType\":\"3\",\"logonProcessName\":\"NtLmSsp\",\"authenticationPackageName\":\"NTLM\",\"workstationName\":\"PC-1401\",\"logonGuid\":\"{00000000-0000-0000-0000-000000000000}\",\"lmPackageName\":\"NTLM V2\",\"keyLength\":\"128\",\"processId\":\"0x0\",\"ipAddress\":\"147.175.145.145\",\"ipPort\":\"53403\",\"impersonationLevel\":\"%%1833\",\"virtualAccount\":\"%%1843\",\"targetLinkedLogonId\":\"0x0\",\"elevatedToken\":\"%%1843\"}}}",
    "decoder": {
      "name": "windows_eventchannel"
    },
    "data": {
      "win": {
        "system": {
          "providerName": "Microsoft-Windows-Security-Auditing",
          "providerGuid": "{54849625-5478-4994-a5ba-3e3b0328c30d}",
          "eventID": "4624",
          "version": "2",
          "level": "0",
          "task": "12544",
          "opcode": "0",
          "keywords": "0x8020000000000000",
          "systemTime": "2026-03-09T09:44:48.5525497Z",
          "eventRecordID": "4713757",
          "processID": "724",
          "threadID": "320",
          "channel": "Security",
          "computer": "safeq.ad.fiit",
          "severityValue": "AUDIT_SUCCESS",
          "message": "\"An account was successfully logged on.\r\n\r\nSubject:\r\n\tSecurity ID:\t\tS-1-0-0\r\n\tAccount Name:\t\t-\r\n\tAccount Domain:\t\t-\r\n\tLogon ID:\t\t0x0\r\n\r\nLogon Information:\r\n\tLogon Type:\t\t3\r\n\tRestricted Admin Mode:\t-\r\n\tVirtual Account:\t\tNo\r\n\tElevated Token:\t\tNo\r\n\r\nImpersonation Level:\t\tImpersonation\r\n\r\nNew Logon:\r\n\tSecurity ID:\t\tS-1-5-21-1309104577-3639403422-2087168069-1364\r\n\tAccount Name:\t\tmrskova\r\n\tAccount Domain:\t\tAD\r\n\tLogon ID:\t\t0xB00E4CFC\r\n\tLinked Logon ID:\t\t0x0\r\n\tNetwork Account Name:\t-\r\n\tNetwork Account Domain:\t-\r\n\tLogon GUID:\t\t{00000000-0000-0000-0000-000000000000}\r\n\r\nProcess Information:\r\n\tProcess ID:\t\t0x0\r\n\tProcess Name:\t\t-\r\n\r\nNetwork Information:\r\n\tWorkstation Name:\tPC-1401\r\n\tSource Network Address:\t147.175.145.145\r\n\tSource Port:\t\t53403\r\n\r\nDetailed Authentication Information:\r\n\tLogon Process:\t\tNtLmSsp \r\n\tAuthentication Package:\tNTLM\r\n\tTransited Services:\t-\r\n\tPackage Name (NTLM only):\tNTLM V2\r\n\tKey Length:\t\t128\r\n\r\nThis event is generated when a logon session is created. It is generated on the computer that was accessed.\r\n\r\nThe subject fields indicate the account on the local system which requested the logon. This is most commonly a service such as the Server service, or a local process such as Winlogon.exe or Services.exe.\r\n\r\nThe logon type field indicates the kind of logon that occurred. The most common types are 2 (interactive) and 3 (network).\r\n\r\nThe New Logon fields indicate the account for whom the new logon was created, i.e. the account that was logged on.\r\n\r\nThe network fields indicate where a remote logon request originated. Workstation name is not always available and may be left blank in some cases.\r\n\r\nThe impersonation level field indicates the extent to which a process in the logon session can impersonate.\r\n\r\nThe authentication information fields provide detailed information about this specific logon request.\r\n\t- Logon GUID is a unique identifier that can be used to correlate this event with a KDC event.\r\n\t- Transited services indicate which intermediate services have participated in this logon request.\r\n\t- Package name indicates which sub-protocol was used among the NTLM protocols.\r\n\t- Key length indicates the length of the generated session key. This will be 0 if no session key was requested.\""
        },
        "eventdata": {
          "subjectUserSid": "S-1-0-0",
          "subjectLogonId": "0x0",
          "targetUserSid": "S-1-5-21-1309104577-3639403422-2087168069-1364",
          "targetUserName": "mrskova",
          "targetDomainName": "AD",
          "targetLogonId": "0xb00e4cfc",
          "logonType": "3",
          "logonProcessName": "NtLmSsp",
          "authenticationPackageName": "NTLM",
          "workstationName": "PC-1401",
          "logonGuid": "{00000000-0000-0000-0000-000000000000}",
          "lmPackageName": "NTLM V2",
          "keyLength": "128",
          "processId": "0x0",
          "ipAddress": "147.175.145.145",
          "ipPort": "53403",
          "impersonationLevel": "%%1833",
          "virtualAccount": "%%1843",
          "targetLinkedLogonId": "0x0",
          "elevatedToken": "%%1843"
        }
      }
    },
    "location": "EventChannel"
  },
