"eventRecordID\":\"4655865\",\"processID\":\"724\",\"threadID\":\"9860\",\"channel\":\"Security\",\"computer\":\"safeq.ad.fiit\",\"severityValue\":\"AUDIT_FAILURE\",\"message\":\"\\\"An account failed to log on.\\r\\n\\r\\nSubject:\\r\\n\\tSecurity ID:\\t\\tS-1-0-0\\r\\n\\tAccount Name:\\t\\t-\\r\\n\\tAccount Domain:\\t\\t-\\r\\n\\tLogon ID:\\t\\t0x0\\r\\n\\r\\nLogon Type:\\t\\t\\t3\\r\\n\\r\\nAccount For Which Logon Failed:\\r\\n\\tSecurity ID:\\t\\tS-1-0-0\\r\\n\\tAccount Name:\\t\\tMackova\\r\\n\\tAccount Domain:\\t\\tPC-1415P\\r\\n\\r\\nFailure Information:\\r\\n\\tFailure Reason:\\t\\tUnknown user name or bad password.\\r\\n\\tStatus:\\t\\t\\t0xC000006D\\r\\n\\tSub Status:\\t\\t0xC0000064\\r\\n\\r\\nProcess Information:\\r\\n\\tCaller Process ID:\\t0x0\\r\\n\\tCaller Process Name:\\t-\\r\\n\\r\\nNetwork Information:\\r\\n\\tWorkstation Name:\\tPC-1415P\\r\\n\\tSource Network Address:\\t147.175.145.162\\r\\n\\tSource Port:\\t\\t52688\\r\\n\\r\\nDetailed Authentication Information:\\r\\n\\tLogon Process:\\t\\tNtLmSsp \\r\\n\\tAuthentication Package:\\tNTLM\\r\\n\\tTransited Services:\\t-\\r\\n\\tPackage Name (NTLM only):\\t-\\r\\n\\tKey Length:\\t\\t0\\r\\n\\r\\nThis event is generated when a logon request fails. It is generated on the computer where access was attempted.\\r\\n\\r\\nThe Subject fields indicate the account on the local system which requested the logon. This is most commonly a service such as the Server service, or a local process such as Winlogon.exe or Services.exe.\\r\\n\\r\\nThe Logon Type field indicates the kind of logon that was requested. The most common types are 2 (interactive) and 3 (network).\\r\\n\\r\\nThe Process Information fields indicate which account and process on the system requested the logon.\\r\\n\\r\\nThe Network Information fields indicate where a remote logon request originated. Workstation name is not always available and may be left blank in some cases.\\r\\n\\r\\nThe authentication information fields provide detailed information about this specific logon request.\\r\\n\\t- Transited services indicate which intermediate services have participated in this logon request.\\r\\n\\t- Package name indicates which sub-protocol was used among the NTLM protocols.\\r\\n\\t- Key length indicates the length of the generated session key. This will be 0 if no session key was requested.\\\"\"},\"eventdata\":{\"subjectUserSid\":\"S-1-0-0\",\"subjectLogonId\":\"0x0\",\"targetUserSid\":\"S-1-0-0\",\"targetUserName\":\"Mackova\",\"targetDomainName\":\"PC-1415P\",\"status\":\"0xc000006d\",\"failureReason\":\"%%2313\",\"subStatus\":\"0xc0000064\",\"logonType\":\"3\",\"logonProcessName\":\"NtLmSsp\",\"authenticationPackageName\":\"NTLM\",\"workstationName\":\"PC-1415P\",\"keyLength\":\"0\",\"processId\":\"0x0\",\"ipAddress\":\"147.175.145.162\",\"ipPort\":\"52688\"}}}\n{\"win\":{\"system\":{\"providerName\":\"Microsoft-Windows-Security-Auditing\",\"providerGuid\":\"{54849625-5478-4994-a5ba-3e3b0328c30d}\",\"eventID\":\"4625\",\"version\":\"0\",\"level\":\"0\",\"task\":\"12544\",\"opcode\":\"0\",\"keywords\":\"0x8010000000000000\",\"systemTime\":\"2026-03-05T10:30:20.2168299Z\",\"eventRecordID\":\"4655863\",\"processID\":\"724\",\"threadID\":\"9860\",\"channel\":\"Security\",\"computer\":\"safeq.ad.fiit\",\"severityValue\":\"AUDIT_FAILURE\",\"message\":\"\\\"An account failed to log on.\\r\\n\\r\\nSubject:\\r\\n\\tSecurity ID:\\t\\tS-1-0-0\\r\\n\\tAccount Name:\\t\\t-\\r\\n\\tAccount Domain:\\t\\t-\\r\\n\\tLogon ID:\\t\\t0x0\\r\\n\\r\\nLogon Type:\\t\\t\\t3\\r\\n\\r\\nAccount For Which Logon Failed:\\r\\n\\tSecurity ID:\\t\\tS-1-0-0\\r\\n\\tAccount Name:\\t\\tMackova\\r\\n\\tAccount Domain:\\t\\tPC-1415P\\r\\n\\r\\nFailure Information:\\r\\n\\tFailure Reason:\\t\\tUnknown user name or bad password.\\r\\n\\tStatus:\\t\\t\\t0xC000006D\\r\\n\\tSub Status:\\t\\t0xC0000064\\r\\n\\r\\nProcess Information:\\r\\n\\tCaller Process ID:\\t0x0\\r\\n\\tCaller Process Name:\\t-\\r\\n\\r\\nNetwork Information:\\r\\n\\tWorkstation Name:\\tPC-1415P\\r\\n\\tSource Network Address:\\t147.175.145.162\\r\\n\\tSource Port:\\t\\t52678\\r\\n\\r\\nDetailed Authentication Information:\\r\\n\\tLogon Process:\\t\\tNtLmSsp \\r\\n\\tAuthentication Package:\\tNTLM\\r\\n\\tTransited Services:\\t-\\r\\n\\tPackage Name (NTLM only):\\t-\\r\\n\\tKey Length:\\t\\t0\\r\\n\\r\\nThis event is generated when a logon request fails. It is generated on the computer where access was attempted.\\r\\n\\r\\nThe Subject fields indicate the account on the local system which requested the logon. This is most commonly a service such as the Server service, or a local process such as Winlogon.exe or Services.exe.\\r\\n\\r\\nThe Logon Type field indicates the kind of logon that was requested. The most common types are 2 (interactive) and 3 (network).\\r\\n\\r\\nThe Process Information fields indicate which account and process on the system requested the logon.\\r\\n\\r\\nThe Network Information fields indicate where a remote logon request originated. Workstation name is not always available and may be left blank in some cases.\\r\\n\\r\\nThe authentication information fields provide detailed information about this specific logon request.\\r\\n\\t- Transited services indicate which intermediate services have participated in this logon request.\\r\\n\\t- Package name indicates which sub-protocol was used among the NTLM protocols.\\r\\n\\t- Key length indicates the length of the generated session key. This will be 0 if no session key was requested.\\\"\"},\"eventdata\":{\"subjectUserSid\":\"S-1-0-0\",\"subjectLogonId\":\"0x0\",\"targetUserSid\":\"S-1-0-0\",\"targetUserName\":\"Mackova\",\"targetDomainName\":\"PC-1415P\",\"status\":\"0xc000006d\",\"failureReason\":\"%%2313\",\"subStatus\":\"0xc0000064\",\"logonType\":\"3\",\"logonProcessName\":\"NtLmSsp\",\"authenticationPackageName\":\"NTLM\",\"workstationName\":\"PC-1415P\",\"keyLength\":\"0\",\"processId\":\"0x0\",\"ipAddress\":\"147.175.145.162\",\"ipPort\":\"52678\"}}}\n{\"win\":{\"system\":{\"providerName\":\"Microsoft-Windows-Security-Auditing\",\"providerGuid\":\"{54849625-5478-4994-a5ba-3e3b0328c30d}\",\"eventID\":\"4625\",\"version\":\"0\",\"level\":\"0\",\"task\":\"12544\",\"opcode\":\"0\",\"keywords\":\"0x8010000000000000\",\"systemTime\":\"2026-03-05T10:30:20.1970930Z\",\"eventRecordID\":\"4655861\",\"processID\":\"724\",\"threadID\":\"9860\",\"channel\":\"Security\",\"computer\":\"safeq.ad.fiit\",\"severityValue\":\"AUDIT_FAILURE\",\"message\":\"\\\"An account failed to log on.\\r\\n\\r\\nSubject:\\r\\n\\tSecurity ID:\\t\\tS-1-0-0\\r\\n\\tAccount Name:\\t\\t-\\r\\n\\tAccount Domain:\\t\\t-\\r\\n\\tLogon ID:\\t\\t0x0\\r\\n\\r\\nLogon Type:\\t\\t\\t3\\r\\n\\r\\nAccount For Which Logon Failed:\\r\\n\\tSecurity ID:\\t\\tS-1-0-0\\r\\n\\tAccount Name:\\t\\tMackova\\r\\n\\tAccount Domain:\\t\\tPC-1415P\\r\\n\\r\\nFailure Information:\\r\\n\\tFailure Reason:\\t\\tUnknown user name or bad password.\\r\\n\\tStatus:\\t\\t\\t0xC000006D\\r\\n\\tSub Status:\\t\\t0xC0000064\\r\\n\\r\\nProcess Information:\\r\\n\\tCaller Process ID:\\t0x0\\r\\n\\tCaller Process Name:\\t-\\r\\n\\r\\nNetwork Information:\\r\\n\\tWorkstation Name:\\tPC-1415P\\r\\n\\tSource Network Address:\\t147.175.145.162\\r\\n\\tSource Port:\\t\\t52677\\r\\n\\r\\nDetailed Authentication Information:\\r\\n\\tLogon Process:\\t\\tNtLmSsp \\r\\n\\tAuthentication Package:\\tNTLM\\r\\n\\tTransited Services:\\t-\\r\\n\\tPackage Name (NTLM only):\\t-\\r\\n\\tKey Length:\\t\\t0\\r\\n\\r\\nThis event is generated when a logon request fails. It is generated on the computer where access was attempted.\\r\\n\\r\\nThe Subject fields indicate the account on the local system which requested the logon. This is most commonly a service such as the Server service, or a local process such as Winlogon.exe or Services.exe.\\r\\n\\r\\nThe Logon Type field indicates the kind of logon that was requested. The most common types are 2 (interactive) and 3 (network).\\r\\n\\r\\nThe Process Information fields indicate which account and process on the system requested the logon.\\r\\n\\r\\nThe Network Information fields indicate where a remote logon request originated. Workstation name is not always available and may be left blank in some cases.\\r\\n\\r\\nThe authentication information fields provide detailed information about this specific logon request.\\r\\n\\t- Transited services indicate which intermediate services have participated in this logon request.\\r\\n\\t- Package name indicates which sub-protocol was used among the NTLM protocols.\\r\\n\\t- Key length indicates the length of the generated session key. This will be 0 if no session key was requested.\\\"\"},\"eventdata\":{\"subjectUserSid\":\"S-1-0-0\",\"subjectLogonId\":\"0x0\",\"targetUserSid\":\"S-1-0-0\",\"targetUserName\":\"Mackova\",\"targetDomainName\":\"PC-1415P\",\"status\":\"0xc000006d\",\"failureReason\":\"%%2313\",\"subStatus\":\"0xc0000064\",\"logonType\":\"3\",\"logonProcessName\":\"NtLmSsp\",\"authenticationPackageName\":\"NTLM\",\"workstationName\":\"PC-1415P\",\"keyLength\":\"0\",\"processId\":\"0x0\",\"ipAddress\":\"147.175.145.162\",\"ipPort\":\"52677\"}}}\n{\"win\":{\"system\":{\"providerName\":\"Microsoft-Windows-Security-Auditing\",\"providerGuid\":\"{54849625-5478-4994-a5ba-3e3b0328c30d}\",\"eventID\":\"4625\",\"version\":\"0\",\"level\":\"0\",\"task\":\"12544\",\"opcode\":\"0\",\"keywords\":\"0x8010000000000000\",\"systemTime\":\"2026-03-05T10:29:56.1246345Z\",\"eventRecordID\":\"4655846\",\"processID\":\"724\",\"threadID\":\"9860\",\"channel\":\"Security\",\"computer\":\"safeq.ad.fiit\",\"severityValue\":\"AUDIT_FAILURE\",\"message\":\"\\\"An account failed to log on.\\r\\n\\r\\nSubject:\\r\\n\\tSecurity ID:\\t\\tS-1-0-0\\r\\n\\tAccount Name:\\t\\t-\\r\\n\\tAccount Domain:\\t\\t-\\r\\n\\tLogon ID:\\t\\t0x0\\r\\n\\r\\nLogon Type:\\t\\t\\t3\\r\\n\\r\\nAccount For Which Logon Failed:\\r\\n\\tSecurity ID:\\t\\tS-1-0-0\\r\\n\\tAccount Name:\\t\\tMackova\\r\\n\\tAccount Domain:\\t\\tPC-1415P\\r\\n\\r\\nFailure Information:\\r\\n\\tFailure Reason:\\t\\tUnknown user name or bad password.\\r\\n\\tStatus:\\t\\t\\t0xC000006D\\r\\n\\tSub Status:\\t\\t0xC0000064\\r\\n\\r\\nProcess Information:\\r\\n\\tCaller Process ID:\\t0x0\\r\\n\\tCaller Process Name:\\t-\\r\\n\\r\\nNetwork Information:\\r\\n\\tWorkstation Name:\\tPC-1415P\\r\\n\\tSource Network Address:\\t147.175.145.162\\r\\n\\tSource Port:\\t\\t52672\\r\\n\\r\\nDetailed Authentication Information:\\r\\n\\tLogon Process:\\t\\tNtLmSsp \\r\\n\\tAuthentication Package:\\tNTLM\\r\\n\\tTransited Services:\\t-\\r\\n\\tPackage Name (NTLM only):\\t-\\r\\n\\tKey Length:\\t\\t0\\r\\n\\r\\nThis event is generated when a logon request fails. It is generated on the computer where access was attempted.\\r\\n\\r\\nThe Subject fields indicate the account on the local system which requested the logon. This is most commonly a service such as the Server service, or a local process such as Winlogon.exe or Services.exe.\\r\\n\\r\\nThe Logon Type field indicates the kind of logon that was requested. The most common types are 2 (interactive) and 3 (network).\\r\\n\\r\\nThe Process Information fields indicate which account and process on the system requested the logon.\\r\\n\\r\\nThe Network Information fields indicate where a remote logon request originated. Workstation name is not always available and may be left blank in some cases.\\r\\n\\r\\nThe authentication information fields provide detailed information about this specific logon request.\\r\\n\\t- Transited services indicate which intermediate services have participated in this logon request.\\r\\n\\t- Package name indicates which sub-protocol was used among the NTLM protocols.\\r\\n\\t- Key length indicates the length of the generated session key. This will be 0 if no session key was requested.\\\"\"},\"eventdata\":{\"subjectUserSid\":\"S-1-0-0\",\"subjectLogonId\":\"0x0\",\"targetUserSid\":\"S-1-0-0\",\"targetUserName\":\"Mackova\",\"targetDomainName\":\"PC-1415P\",\"status\":\"0xc000006d\",\"failureReason\":\"%%2313\",\"subStatus\":\"0xc0000064\",\"logonType\":\"3\",\"logonProcessName\":\"NtLmSsp\",\"authenticationPackageName\":\"NTLM\",\"workstationName\":\"PC-1415P\",\"keyLength\":\"0\",\"processId\":\"0x0\",\"ipAddress\":\"147.175.145.162\",\"ipPort\":\"52672\"}}}\n{\"win\":{\"system\":{\"providerName\":\"Microsoft-Windows-Security-Auditing\",\"providerGuid\":\"{54849625-5478-4994-a5ba-3e3b0328c30d}\",\"eventID\":\"4625\",\"version\":\"0\",\"level\":\"0\",\"task\":\"12544\",\"opcode\":\"0\",\"keywords\":\"0x8010000000000000\",\"systemTime\":\"2026-03-05T10:29:56.1044510Z\",\"eventRecordID\":\"4655844\",\"processID\":\"724\",\"threadID\":\"9860\",\"channel\":\"Security\",\"computer\":\"safeq.ad.fiit\",\"severityValue\":\"AUDIT_FAILURE\",\"message\":\"\\\"An account failed to log on.\\r\\n\\r\\nSubject:\\r\\n\\tSecurity ID:\\t\\tS-1-0-0\\r\\n\\tAccount Name:\\t\\t-\\r\\n\\tAccount Domain:\\t\\t-\\r\\n\\tLogon ID:\\t\\t0x0\\r\\n\\r\\nLogon Type:\\t\\t\\t3\\r\\n\\r\\nAccount For Which Logon Failed:\\r\\n\\tSecurity ID:\\t\\tS-1-0-0\\r\\n\\tAccount Name:\\t\\tMackova\\r\\n\\tAccount Domain:\\t\\tPC-1415P\\r\\n\\r\\nFailure Information:\\r\\n\\tFailure Reason:\\t\\tUnknown user name or bad password.\\r\\n\\tStatus:\\t\\t\\t0xC000006D\\r\\n\\tSub Status:\\t\\t0xC0000064\\r\\n\\r\\nProcess Information:\\r\\n\\tCaller Process ID:\\t0x0\\r\\n\\tCaller Process Name:\\t-\\r\\n\\r\\nNetwork Information:\\r\\n\\tWorkstation Name:\\tPC-1415P\\r\\n\\tSource Network Address:\\t147.175.145.162\\r\\n\\tSource Port:\\t\\t52671\\r\\n\\r\\nDetailed Authentication Information:\\r\\n\\tLogon Process:\\t\\tNtLmSsp \\r\\n\\tAuthentication Package:\\tNTLM\\r\\n\\tTransited Services:\\t-\\r\\n\\tPackage Name (NTLM only):\\t-\\r\\n\\tKey Length:\\t\\t0\\r\\n\\r\\nThis event is generated when a logon request fails. It is generated on the computer where access was attempted.\\r\\n\\r\\nThe Subject fields indicate the account on the local system which requested the logon. This is most commonly a service such as the Server service, or a local process such as Winlogon.exe or Services.exe.\\r\\n\\r\\nThe Logon Type field indicates the kind of logon that was requested. The most common types are 2 (interactive) and 3 (network).\\r\\n\\r\\nThe Process Information fields indicate which account and process on the system requested the logon.\\r\\n\\r\\nThe Network Information fields indicate where a remote logon request originated. Workstation name is not always available and may be left blank in some cases.\\r\\n\\r\\nThe authentication information fields provide detailed information about this specific logon request.\\r\\n\\t- Transited services indicate which intermediate services have participated in this logon request.\\r\\n\\t- Package name indicates which sub-protocol was used among the NTLM protocols.\\r\\n\\t- Key length indicates the length of the generated session key. This will be 0 if no session key was requested.\\\"\"},\"eventdata\":{\"subjectUserSid\":\"S-1-0-0\",\"subjectLogonId\":\"0x0\",\"targetUserSid\":\"S-1-0-0\",\"targetUserName\":\"Mackova\",\"targetDomainName\":\"PC-1415P\",\"status\":\"0xc000006d\",\"failureReason\":\"%%2313\",\"subStatus\":\"0xc0000064\",\"logonType\":\"3\",\"logonProcessName\":\"NtLmSsp\",\"authenticationPackageName\":\"NTLM\",\"workstationName\":\"PC-1415P\",\"keyLength\":\"0\",\"processId\":\"0x0\",\"ipAddress\":\"147.175.145.162\",\"ipPort\":\"52671\"}}}",
    "full_log": "{\"win\":{\"system\":{\"providerName\":\"Microsoft-Windows-Security-Auditing\",\"providerGuid\":\"{54849625-5478-4994-a5ba-3e3b0328c30d}\",\"eventID\":\"4625\",\"version\":\"0\",\"level\":\"0\",\"task\":\"12544\",\"opcode\":\"0\",\"keywords\":\"0x8010000000000000\",\"systemTime\":\"2026-03-05T10:30:24.9712233Z\",\"eventRecordID\":\"4655871\",\"processID\":\"724\",\"threadID\":\"9860\",\"channel\":\"Security\",\"computer\":\"safeq.ad.fiit\",\"severityValue\":\"AUDIT_FAILURE\",\"message\":\"\\\"An account failed to log on.\\r\\n\\r\\nSubject:\\r\\n\\tSecurity ID:\\t\\tS-1-0-0\\r\\n\\tAccount Name:\\t\\t-\\r\\n\\tAccount Domain:\\t\\t-\\r\\n\\tLogon ID:\\t\\t0x0\\r\\n\\r\\nLogon Type:\\t\\t\\t3\\r\\n\\r\\nAccount For Which Logon Failed:\\r\\n\\tSecurity ID:\\t\\tS-1-0-0\\r\\n\\tAccount Name:\\t\\tMackova\\r\\n\\tAccount Domain:\\t\\tPC-1415P\\r\\n\\r\\nFailure Information:\\r\\n\\tFailure Reason:\\t\\tUnknown user name or bad password.\\r\\n\\tStatus:\\t\\t\\t0xC000006D\\r\\n\\tSub Status:\\t\\t0xC0000064\\r\\n\\r\\nProcess Information:\\r\\n\\tCaller Process ID:\\t0x0\\r\\n\\tCaller Process Name:\\t-\\r\\n\\r\\nNetwork Information:\\r\\n\\tWorkstation Name:\\tPC-1415P\\r\\n\\tSource Network Address:\\t147.175.145.162\\r\\n\\tSource Port:\\t\\t52691\\r\\n\\r\\nDetailed Authentication Information:\\r\\n\\tLogon Process:\\t\\tNtLmSsp \\r\\n\\tAuthentication Package:\\tNTLM\\r\\n\\tTransited Services:\\t-\\r\\n\\tPackage Name (NTLM only):\\t-\\r\\n\\tKey Length:\\t\\t0\\r\\n\\r\\nThis event is generated when a logon request fails. It is generated on the computer where access was attempted.\\r\\n\\r\\nThe Subject fields indicate the account on the local system which requested the logon. This is most commonly a service such as the Server service, or a local process such as Winlogon.exe or Services.exe.\\r\\n\\r\\nThe Logon Type field indicates the kind of logon that was requested. The most common types are 2 (interactive) and 3 (network).\\r\\n\\r\\nThe Process Information fields indicate which account and process on the system requested the logon.\\r\\n\\r\\nThe Network Information fields indicate where a remote logon request originated. Workstation name is not always available and may be left blank in some cases.\\r\\n\\r\\nThe authentication information fields provide detailed information about this specific logon request.\\r\\n\\t- Transited services indicate which intermediate services have participated in this logon request.\\r\\n\\t- Package name indicates which sub-protocol was used among the NTLM protocols.\\r\\n\\t- Key length indicates the length of the generated session key. This will be 0 if no session key was requested.\\\"\"},\"eventdata\":{\"subjectUserSid\":\"S-1-0-0\",\"subjectLogonId\":\"0x0\",\"targetUserSid\":\"S-1-0-0\",\"targetUserName\":\"Mackova\",\"targetDomainName\":\"PC-1415P\",\"status\":\"0xc000006d\",\"failureReason\":\"%%2313\",\"subStatus\":\"0xc0000064\",\"logonType\":\"3\",\"logonProcessName\":\"NtLmSsp\",\"authenticationPackageName\":\"NTLM\",\"workstationName\":\"PC-1415P\",\"keyLength\":\"0\",\"processId\":\"0x0\",\"ipAddress\":\"147.175.145.162\",\"ipPort\":\"52691\"}}}",
    "decoder": {
      "name": "windows_eventchannel"
    },
    "data": {
      "win": {
        "system": {
          "providerName": "Microsoft-Windows-Security-Auditing",
          "providerGuid": "{54849625-5478-4994-a5ba-3e3b0328c30d}",
          "eventID": "4625",
          "version": "0",
          "level": "0",
          "task": "12544",
          "opcode": "0",
          "keywords": "0x8010000000000000",
          "systemTime": "2026-03-05T10:30:24.9712233Z",
          "eventRecordID": "4655871",
          "processID": "724",
          "threadID": "9860",
          "channel": "Security",
          "computer": "safeq.ad.fiit",
          "severityValue": "AUDIT_FAILURE",
          "message": "\"An account failed to log on.\r\n\r\nSubject:\r\n\tSecurity ID:\t\tS-1-0-0\r\n\tAccount Name:\t\t-\r\n\tAccount Domain:\t\t-\r\n\tLogon ID:\t\t0x0\r\n\r\nLogon Type:\t\t\t3\r\n\r\nAccount For Which Logon Failed:\r\n\tSecurity ID:\t\tS-1-0-0\r\n\tAccount Name:\t\tMackova\r\n\tAccount Domain:\t\tPC-1415P\r\n\r\nFailure Information:\r\n\tFailure Reason:\t\tUnknown user name or bad password.\r\n\tStatus:\t\t\t0xC000006D\r\n\tSub Status:\t\t0xC0000064\r\n\r\nProcess Information:\r\n\tCaller Process ID:\t0x0\r\n\tCaller Process Name:\t-\r\n\r\nNetwork Information:\r\n\tWorkstation Name:\tPC-1415P\r\n\tSource Network Address:\t147.175.145.162\r\n\tSource Port:\t\t52691\r\n\r\nDetailed Authentication Information:\r\n\tLogon Process:\t\tNtLmSsp \r\n\tAuthentication Package:\tNTLM\r\n\tTransited Services:\t-\r\n\tPackage Name (NTLM only):\t-\r\n\tKey Length:\t\t0\r\n\r\nThis event is generated when a logon request fails. It is generated on the computer where access was attempted.\r\n\r\nThe Subject fields indicate the account on the local system which requested the logon. This is most commonly a service such as the Server service, or a local process such as Winlogon.exe or Services.exe.\r\n\r\nThe Logon Type field indicates the kind of logon that was requested. The most common types are 2 (interactive) and 3 (network).\r\n\r\nThe Process Information fields indicate which account and process on the system requested the logon.\r\n\r\nThe Network Information fields indicate where a remote logon request originated. Workstation name is not always available and may be left blank in some cases.\r\n\r\nThe authentication information fields provide detailed information about this specific logon request.\r\n\t- Transited services indicate which intermediate services have participated in this logon request.\r\n\t- Package name indicates which sub-protocol was used among the NTLM protocols.\r\n\t- Key length indicates the length of the generated session key. This will be 0 if no session key was requested.\""
        },
        "eventdata": {
          "subjectUserSid": "S-1-0-0",
          "subjectLogonId": "0x0",
          "targetUserSid": "S-1-0-0",
          "targetUserName": "Mackova",
          "targetDomainName": "PC-1415P",
          "status": "0xc000006d",
          "failureReason": "%%2313",
          "subStatus": "0xc0000064",
          "logonType": "3",
          "logonProcessName": "NtLmSsp",
          "authenticationPackageName": "NTLM",
          "workstationName": "PC-1415P",
          "keyLength": "0",
          "processId": "0x0",
          "ipAddress": "147.175.145.162",
          "ipPort": "52691"
        }
      }
    },
    "location": "EventChannel"
  },
  {
    "timestamp": "2026-03-05T11:30:27.081+0100",
    "rule": {
      "level": 6,
      "description": "User has authenticated",
      "id": "200000",
      "firedtimes": 331,
      "mail": false,
      "groups": [
        "aruba_ap_syslog_rules"
      ]
    },
    "agent": {
      "id": "000",
      "name": "wazuh.fiit.stuba.sk.novalocal"
    },
    "manager": {
      "name": "wazuh.fiit.stuba.sk.novalocal"
    },
    "id": "1772706627.6543585517",
    "full_log": "Mar  5 11:30:26 10.0.219.14 stm[5447]: <501199> <NOTI> AP:AP14 <10.0.219.14 54:D7:E3:CA:C4:98>  User authenticated, mac-40:5e:f6:20:54:d4, username-miznerova@stuba.sk, IP-147.175.163.212, method-802.1x, role-eduroam",
    "predecoder": {
      "program_name": "stm",
      "timestamp": "Mar  5 11:30:26",
      "hostname": "10.0.219.14"
    },
    "decoder": {
      "parent": "aruba_ap_syslog",
      "name": "aruba_ap_user_authenticated"
    },
    "data": {
      "ap": "14",
      "username": "miznerova@stuba.sk",
      "ip": "147.175.163.212",
      "method": "802.1x",
      "role": "eduroam"
    },
    "location": "127.0.0.1"
  },
  {
    "timestamp": "2026-03-05T11:30:27.856+0100",
    "rule": {
      "level": 6,
      "description": "Fortigate attack dropped.",
      "id": "81629",
      "firedtimes": 1168,
      "mail": false,
      "groups": [
        "fortigate",
        "syslog",
        "attack"
      ],
      "gdpr": [
        "IV_35.7.d"
      ],
      "hipaa": [
        "164.312.b"
      ],
      "nist_800_53": [
        "AU.6"
      ],
      "pci_dss": [
        "10.6.1"
      ]
    },
    "agent": {
      "id": "000",
      "name": "wazuh.fiit.stuba.sk.novalocal"
    },
    "manager": {
      "name": "wazuh.fiit.stuba.sk.novalocal"
    },
    "id": "1772706627.6543744957",
    "full_log": "Mar  5 11:30:26 147.175.144.2 date=2026-03-05 time=11:30:26 devname=\"FortiGate-600F\" devid=\"FG6H0FTB23904723\" eventtime=1772706626897169183 tz=\"+0100\" logid=\"0419016384\" type=\"utm\" subtype=\"ips\" eventtype=\"signature\" level=\"alert\" vd=\"root\" severity=\"high\" srcip=222.137.118.243 srccountry=\"China\" dstip=147.175.146.252 dstcountry=\"Slovakia\" srcintf=\"outside\" srcintfrole=\"wan\" dstintf=\"inside\" dstintfrole=\"lan\" sessionid=1534944116 action=\"dropped\" proto=17 service=\"udp/64199\" policyid=11 poluuid=\"808834ec-9d1a-51ef-835d-f46e34b6c71e\" policytype=\"policy\" attack=\"Mozi.Botnet\" srcport=36160 dstport=64199 direction=\"outgoing\" attackid=50496 profile=\"high_security\" ref=\"http://www.fortinet.com/ids/VID50496\" incidentserialno=224946577 msg=\"backdoor: Mozi.Botnet\" crscore=30 craction=8192 crlevel=\"high\"",
    "predecoder": {
      "timestamp": "Mar  5 11:30:26",
      "hostname": "147.175.144.2"
    },
    "decoder": {
      "name": "fortigate-firewall-v5"
    },
    "data": {
      "action": "dropped",
      "srcip": "222.137.118.243",
      "srcport": "36160",
      "dstip": "147.175.146.252",
      "dstport": "64199",
      "attack": "Mozi.Botnet",
      "attackid": "50496",
      "craction": "8192",
      "crlevel": "high",
      "crscore": "30",
      "devid": "FG6H0FTB23904723",
      "devname": "FortiGate-600F",
      "direction": "outgoing",
      "dstcountry": "Slovakia",
      "dstintf": "inside",
      "dstintfrole": "lan",
      "eventtime": "1772706626897169183",
      "eventtype": "signature",
      "incidentserialno": "224946577",
      "level": "alert",
      "logid": "0419016384",
      "msg": "backdoor: Mozi.Botnet",
      "policyid": "11",
      "poluuid": "808834ec-9d1a-51ef-835d-f46e34b6c71e",
      "profile": "high_security",
      "proto": "17",
      "ref": "http://www.fortinet.com/ids/VID50496",
      "service": "udp/64199",
      "sessionid": "1534944116",
      "severity": "high",
      "srccountry": "China",
      "srcintf": "outside",
      "srcintfrole": "wan",
      "subtype": "ips",
      "time": "11:30:26",
      "type": "utm",
      "vd": "root"
    },
    "location": "127.0.0.1"
  },
  {
    "timestamp": "2026-03-05T11:30:28.029+0100",
    "rule": {
      "level": 6,
      "description": "Fortigate attack dropped.",
      "id": "81629",
      "firedtimes": 1169,
      "mail": false,
      "groups": [
        "fortigate",
        "syslog",
        "attack"
      ],
      "gdpr": [
        "IV_35.7.d"
      ],
      "hipaa": [
        "164.312.b"
      ],
      "nist_800_53": [
        "AU.6"
      ],
      "pci_dss": [
        "10.6.1"
      ]
    },
    "agent": {
      "id": "000",
      "name": "wazuh.fiit.stuba.sk.novalocal"
    },
    "manager": {
      "name": "wazuh.fiit.stuba.sk.novalocal"
    },
    "id": "1772706628.6544153940",
    "full_log": "Mar  5 11:30:27 147.175.144.2 date=2026-03-05 time=11:30:27 devname=\"FortiGate-600F\" devid=\"FG6H0FTB23904723\" eventtime=1772706627473341929 tz=\"+0100\" logid=\"0419016384\" type=\"utm\" subtype=\"ips\" eventtype=\"signature\" level=\"alert\" vd=\"root\" severity=\"high\" srcip=113.237.108.187 srccountry=\"China\" dstip=147.175.146.252 dstcountry=\"Slovakia\" srcintf=\"outside\" srcintfrole=\"wan\" dstintf=\"inside\" dstintfrole=\"lan\" sessionid=1534744903 action=\"dropped\" proto=17 service=\"udp/64199\" policyid=11 poluuid=\"808834ec-9d1a-51ef-835d-f46e34b6c71e\" policytype=\"policy\" attack=\"Mozi.Botnet\" srcport=53256 dstport=64199 direction=\"outgoing\" attackid=50496 profile=\"high_security\" ref=\"http://www.fortinet.com/ids/VID50496\" incidentserialno=224946830 msg=\"backdoor: Mozi.Botnet\" crscore=30 craction=8192 crlevel=\"high\"",
    "predecoder": {
      "timestamp": "Mar  5 11:30:27",
      "hostname": "147.175.144.2"
    },
    "decoder": {
      "name": "fortigate-firewall-v5"
    },
    "data": {
      "action": "dropped",
      "srcip": "113.237.108.187",
      "srcport": "53256",
      "dstip": "147.175.146.252",
      "dstport": "64199",
      "attack": "Mozi.Botnet",
      "attackid": "50496",
      "craction": "8192",
      "crlevel": "high",
      "crscore": "30",
      "devid": "FG6H0FTB23904723",
      "devname": "FortiGate-600F",
      "direction": "outgoing",
      "dstcountry": "Slovakia",
      "dstintf": "inside",
      "dstintfrole": "lan",
      "eventtime": "1772706627473341929",
      "eventtype": "signature",
      "incidentserialno": "224946830",
      "level": "alert",
      "logid": "0419016384",
      "msg": "backdoor: Mozi.Botnet",
      "policyid": "11",
      "poluuid": "808834ec-9d1a-51ef-835d-f46e34b6c71e",
      "profile": "high_security",
      "proto": "17",
      "ref": "http://www.fortinet.com/ids/VID50496",
      "service": "udp/64199",
      "sessionid": "1534744903",
      "severity": "high",
      "srccountry": "China",
      "srcintf": "outside",
      "srcintfrole": "wan",
      "subtype": "ips",
      "time": "11:30:27",
      "type": "utm",
      "vd": "root"
    },
    "location": "127.0.0.1"
  },
  {
    "timestamp": "2026-03-05T11:30:29.913+0100",
    "rule": {
      "level": 6,
      "description": "User has authenticated",
      "id": "200000",
      "firedtimes": 332,
      "mail": false,
      "groups": [
        "aruba_ap_syslog_rules"
      ]
    },
    "agent": {
      "id": "000",
      "name": "wazuh.fiit.stuba.sk.novalocal"
    },
    "manager": {
      "name": "wazuh.fiit.stuba.sk.novalocal"
    },
    "id": "1772706629.6544448647",
    "full_log": "Mar  5 11:30:29 10.0.219.172 stm[5554]: <501199> <NOTI> AP:AP072 <10.0.219.172 A8:5B:F7:CA:19:DA>  User authenticated, mac-42:56:13:19:20:ae, username-xkriskov@stuba.sk, IP-147.175.163.67, method-802.1x, role-eduroam",
    "predecoder": {
      "program_name": "stm",
      "timestamp": "Mar  5 11:30:29",
      "hostname": "10.0.219.172"
    },
    "decoder": {
      "parent": "aruba_ap_syslog",
      "name": "aruba_ap_user_authenticated"
    },
    "data": {
      "ap": "072",
      "username": "xkriskov@stuba.sk",
      "ip": "147.175.163.67",
      "method": "802.1x",
      "role": "eduroam"
    },
    "location": "127.0.0.1"
  },
  {
    "timestamp": "2026-03-05T11:30:29.911+0100",
    "rule": {
      "level": 6,
      "description": "Fortigate attack dropped.",
      "id": "81629",
      "firedtimes": 1170,
      "mail": false,
      "groups": [
        "fortigate",
        "syslog",
        "attack"
      ],
      "gdpr": [
        "IV_35.7.d"
      ],
      "hipaa": [
        "164.312.b"
      ],
      "nist_800_53": [
        "AU.6"
      ],
      "pci_dss": [
        "10.6.1"
      ]
    },
    "agent": {
      "id": "000",
      "name": "wazuh.fiit.stuba.sk.novalocal"
    },
    "manager": {
      "name": "wazuh.fiit.stuba.sk.novalocal"
    },
    "id": "1772706629.6544459136",
    "full_log": "Mar  5 11:30:29 147.175.144.2 date=2026-03-05 time=11:30:29 devname=\"FortiGate-600F\" devid=\"FG6H0FTB23904723\" eventtime=1772706629796349893 tz=\"+0100\" logid=\"0419016384\" type=\"utm\" subtype=\"ips\" eventtype=\"signature\" level=\"alert\" vd=\"root\" severity=\"low\" srcip=67.205.162.243 srccountry=\"United States\" dstip=147.175.150.59 dstcountry=\"Slovakia\" srcintf=\"outside\" srcintfrole=\"wan\" dstintf=\"inside\" dstintfrole=\"lan\" sessionid=1534947751 action=\"dropped\" proto=17 service=\"SNMP\" policyid=11 poluuid=\"808834ec-9d1a-51ef-835d-f46e34b6c71e\" policytype=\"policy\" attack=\"Nmap.Script.Scanner\" srcport=57728 dstport=161 direction=\"outgoing\" attackid=45360 profile=\"high_security\" ref=\"http://www.fortinet.com/ids/VID45360\" incidentserialno=224947611 msg=\"tools: Nmap.Script.Scanner\" crscore=5 craction=32768 crlevel=\"low\"",
    "predecoder": {
      "timestamp": "Mar  5 11:30:29",
      "hostname": "147.175.144.2"
    },
    "decoder": {
      "name": "fortigate-firewall-v5"
    },
    "data": {
      "action": "dropped",
      "srcip": "67.205.162.243",
      "srcport": "57728",
      "dstip": "147.175.150.59",
      "dstport": "161",
      "attack": "Nmap.Script.Scanner",
      "attackid": "45360",
      "craction": "32768",
      "crlevel": "low",
      "crscore": "5",
      "devid": "FG6H0FTB23904723",
      "devname": "FortiGate-600F",
      "direction": "outgoing",
      "dstcountry": "Slovakia",
      "dstintf": "inside",
      "dstintfrole": "lan",
      "eventtime": "1772706629796349893",
      "eventtype": "signature",
      "incidentserialno": "224947611",
      "level": "alert",
      "logid": "0419016384",
      "msg": "tools: Nmap.Script.Scanner",
      "policyid": "11",
      "poluuid": "808834ec-9d1a-51ef-835d-f46e34b6c71e",
      "profile": "high_security",
      "proto": "17",
      "ref": "http://www.fortinet.com/ids/VID45360",
      "service": "SNMP",
      "sessionid": "1534947751",
      "severity": "low",
      "srccountry": "United States",
      "srcintf": "outside",
      "srcintfrole": "wan",
      "subtype": "ips",
      "time": "11:30:29",
      "type": "utm",
      "vd": "root"
    },
    "location": "127.0.0.1"
  },
  {
    "timestamp": "2026-03-05T11:30:30.918+0100",
    "rule": {
      "level": 6,
      "description": "User has authenticated",
      "id": "200000",
      "firedtimes": 333,
      "mail": false,
      "groups": [
        "aruba_ap_syslog_rules"
      ]
    },
    "agent": {
      "id": "000",
      "name": "wazuh.fiit.stuba.sk.novalocal"
    },
    "manager": {
      "name": "wazuh.fiit.stuba.sk.novalocal"
    },
    "id": "1772706630.6544699249",
    "full_log": "Mar  5 11:30:30 10.0.219.12 stm[5275]: <501199> <NOTI> AP:AP12 <10.0.219.12 54:D7:E3:CA:A3:2E>  User authenticated, mac-7a:07:df:4b:34:83, username-podmma02@upol.cz, IP-147.175.163.23, method-802.1x, role-eduroam",
    "predecoder": {
      "program_name": "stm",
      "timestamp": "Mar  5 11:30:30",
      "hostname": "10.0.219.12"
    },
    "decoder": {
      "parent": "aruba_ap_syslog",
      "name": "aruba_ap_user_authenticated"
    },
    "data": {
      "ap": "12",
      "username": "podmma02@upol.cz",
      "ip": "147.175.163.23",
      "method": "802.1x",
      "role": "eduroam"
    },
    "location": "127.0.0.1"
  },
  {
    "timestamp": "2026-03-05T11:30:32.888+0100",
    "rule": {
      "level": 6,
      "description": "Fortigate attack dropped.",
      "id": "81629",
      "firedtimes": 1171,
      "mail": false,
      "groups": [
        "fortigate",
        "syslog",
        "attack"
      ],
      "gdpr": [
        "IV_35.7.d"
      ],
      "hipaa": [
        "164.312.b"
      ],
      "nist_800_53": [
        "AU.6"
      ],
      "pci_dss": [
        "10.6.1"
      ]
    },
    "agent": {
      "id": "000",
      "name": "wazuh.fiit.stuba.sk.novalocal"
    },
    "manager": {
      "name": "wazuh.fiit.stuba.sk.novalocal"
    },
    "id": "1772706632.6545061761",
    "full_log": "Mar  5 11:30:32 147.175.144.2 date=2026-03-05 time=11:30:31 devname=\"FortiGate-600F\" devid=\"FG6H0FTB23904723\" eventtime=1772706632047978030 tz=\"+0100\" logid=\"0419016384\" type=\"utm\" subtype=\"ips\" eventtype=\"signature\" level=\"alert\" vd=\"root\" severity=\"low\" srcip=157.245.228.194 srccountry=\"United States\" dstip=147.175.160.82 dstcountry=\"Slovakia\" srcintf=\"outside\" srcintfrole=\"wan\" dstintf=\"inside\" dstintfrole=\"lan\" sessionid=1534950155 action=\"dropped\" proto=6 service=\"HTTP\" policyid=11 poluuid=\"808834ec-9d1a-51ef-835d-f46e34b6c71e\" policytype=\"policy\" attack=\"Nmap.Script.Scanner\" srcport=55284 dstport=49152 url=\"/nice%20ports%2C/Tri%6Eity.txt%2ebak\" httpmethod=\"GET\" direction=\"outgoing\" attackid=45360 profile=\"high_security\" ref=\"http://www.fortinet.com/ids/VID45360\" incidentserialno=224948208 msg=\"tools: Nmap.Script.Scanner\" crscore=5 craction=32768 crlevel=\"low\"",
    "predecoder": {
      "timestamp": "Mar  5 11:30:32",
      "hostname": "147.175.144.2"
    },
    "decoder": {
      "name": "fortigate-firewall-v5"
    },
    "data": {
      "action": "dropped",
      "srcip": "157.245.228.194",
      "srcport": "55284",
      "dstip": "147.175.160.82",
      "dstport": "49152",
      "url": "/nice%20ports%2C/Tri%6Eity.txt%2ebak",
      "attack": "Nmap.Script.Scanner",
      "attackid": "45360",
      "craction": "32768",
      "crlevel": "low",
      "crscore": "5",
      "devid": "FG6H0FTB23904723",
      "devname": "FortiGate-600F",
      "direction": "outgoing",
      "dstcountry": "Slovakia",
      "dstintf": "inside",
      "dstintfrole": "lan",
      "eventtime": "1772706632047978030",
      "eventtype": "signature",
      "incidentserialno": "224948208",
      "level": "alert",
      "logid": "0419016384",
      "msg": "tools: Nmap.Script.Scanner",
      "policyid": "11",
      "poluuid": "808834ec-9d1a-51ef-835d-f46e34b6c71e",
      "profile": "high_security",
      "proto": "6",
      "ref": "http://www.fortinet.com/ids/VID45360",
      "service": "HTTP",
      "sessionid": "1534950155",
      "severity": "low",
      "srccountry": "United States",
      "srcintf": "outside",
      "srcintfrole": "wan",
      "subtype": "ips",
      "time": "11:30:31",
      "type": "utm",
      "vd": "root"
    },
    "location": "127.0.0.1"
  },
  {
    "timestamp": "2026-03-05T11:30:34.630+0100",
    "rule": {
      "level": 10,
      "description": "Multiple Windows Logon Failures",
      "id": "60204",
      "mitre": {
        "id": [
          "T1110"
        ],
        "tactic": [
          "Credential Access"
        ],
        "technique": [
          "Brute Force"
        ]
      },
      "frequency": 8,
      "firedtimes": 29,
      "mail": false,
      "groups": [
        "windows",
        "windows_security",
        "authentication_failures"
      ],
      "pci_dss": [
        "10.2.4",
        "10.2.5",
        "11.4"
      ],
      "gdpr": [
        "IV_35.7.d",
        "IV_32.2"
      ],
      "hipaa": [
        "164.312.b"
      ],
      "nist_800_53": [
        "AU.14",
        "AC.7",
        "SI.4"
      ],
      "tsc": [
        "CC6.1",
        "CC6.8",
        "CC7.2",
        "CC7.3"
      ]
    },
    "agent": {
      "id": "248",
      "name": "safeq",
      "ip": "147.175.144.91"
    },
    "manager": {
      "name": "wazuh.fiit.stuba.sk.novalocal"
    },
    "id": "1772706634.6545428077",
    "previous_output": "{\"win\":{\"system\":{\"providerName\":\"Microsoft-Windows-Security-Auditing\",\"providerGuid\":\"{54849625-5478-4994-a5ba-3e3b0328c30d}\",\"eventID\":\"4625\",\"version\":\"0\",\"level\":\"0\",\"task\":\"12544\",\"opcode\":\"0\",\"keywords\":\"0x8010000000000000\",\"systemTime\":\"2026-03-05T10:30:33.6063597Z\",\"eventRecordID\":\"4655889\",\"processID\":\"724\",\"threadID\":\"9860\",\"channel\":\"Security\",\"computer\":\"safeq.ad.fiit\",\"severityValue\":\"AUDIT_FAILURE\",\"message\":\"\\\"An account failed to log on.\\r\\n\\r\\nSubject:\\r\\n\\tSecurity ID:\\t\\tS-1-0-0\\r\\n\\tAccount Name:\\t\\t-\\r\\n\\tAccount Domain:\\t\\t-\\r\\n\\tLogon ID:\\t\\t0x0\\r\\n\\r\\nLogon Type:\\t\\t\\t3\\r\\n\\r\\nAccount For Which Logon Failed:\\r\\n\\tSecurity ID:\\t\\tS-1-0-0\\r\\n\\tAccount Name:\\t\\tMackova\\r\\n\\tAccount Domain:\\t\\tPC-1415P\\r\\n\\r\\nFailure Information:\\r\\n\\tFailure Reason:\\t\\tUnknown user name or bad password.\\r\\n\\tStatus:\\t\\t\\t0xC000006D\\r\\n\\tSub Status:\\t\\t0xC0000064\\r\\n\\r\\nProcess Information:\\r\\n\\tCaller Process ID:\\t0x0\\r\\n\\tCaller Process Name:\\t-\\r\\n\\r\\nNetwork Information:\\r\\n\\tWorkstation Name:\\tPC-1415P\\r\\n\\tSource Network Address:\\t147.175.145.162\\r\\n\\tSource Port:\\t\\t52701\\r\\n\\r\\nDetailed Authentication Information:\\r\\n\\tLogon Process:\\t\\tNtLmSsp \\r\\n\\tAuthentication Package:\\tNTLM\\r\\n\\tTransited Services:\\t-\\r\\n\\tPackage Name (NTLM only):\\t-\\r\\n\\tKey Length:\\t\\t0\\r\\n\\r\\nThis event is generated when a logon request fails. It is generated on the computer where access was attempted.\\r\\n\\r\\nThe Subject fields indicate the account on the local system which requested the logon. This is most commonly a service such as the Server service, or a local process such as Winlogon.exe or Services.exe.\\r\\n\\r\\nThe Logon Type field indicates the kind of logon that was requested. The most common types are 2 (interactive) and 3 (network).\\r\\n\\r\\nThe Process Information fields indicate which account and process on the system requested the logon.\\r\\n\\r\\nThe Network Information fields indicate where a remote logon request originated. Workstation name is not always available and may be left blank in some cases.\\r\\n\\r\\nThe authentication information fields provide detailed information about this specific logon request.\\r\\n\\t- Transited services indicate which intermediate services have participated in this logon request.\\r\\n\\t- Package name indicates which sub-protocol was used among the NTLM protocols.\\r\\n\\t- Key length indicates the length of the generated session key. This will be 0 if no session key was requested.\\\"\"},\"eventdata\":{\"subjectUserSid\":\"S-1-0-0\",\"subjectLogonId\":\"0x0\",\"targetUserSid\":\"S-1-0-0\",\"targetUserName\":\"Mackova\",\"targetDomainName\":\"PC-1415P\",\"status\":\"0xc000006d\",\"failureReason\":\"%%2313\",\"subStatus\":\"0xc0000064\",\"logonType\":\"3\",\"logonProcessName\":\"NtLmSsp\",\"authenticationPackageName\":\"NTLM\",\"workstationName\":\"PC-1415P\",\"keyLength\":\"0\",\"processId\":\"0x0\",\"ipAddress\":\"147.175.145.162\",\"ipPort\":\"52701\"}}}\n{\"win\":{\"system\":{\"providerName\":\"Microsoft-Windows-Security-Auditing\",\"providerGuid\":\"{54849625-5478-4994-a5ba-3e3b0328c30d}\",\"eventID\":\"4625\",\"version\":\"0\",\"level\":\"0\",\"task\":\"12544\",\"opcode\":\"0\",\"keywords\":\"0x8010000000000000\",\"systemTime\":\"2026-03-05T10:30:29.5515838Z\",\"eventRecordID\":\"4655883\",\"processID\":\"724\",\"threadID\":\"9860\",\"channel\":\"Security\",\"computer\":\"safeq.ad.fiit\",\"severityValue\":\"AUDIT_FAILURE\",\"message\":\"\\\"An account failed to log on.\\r\\n\\r\\nSubject:\\r\\n\\tSecurity ID:\\t\\tS-1-0-0\\r\\n\\tAccount Name:\\t\\t-\\r\\n\\tAccount Domain:\\t\\t-\\r\\n\\tLogon ID:\\t\\t0x0\\r\\n\\r\\nLogon Type:\\t\\t\\t3\\r\\n\\r\\nAccount For Which Logon Failed:\\r\\n\\tSecurity ID:\\t\\tS-1-0-0\\r\\n\\tAccount Name:\\t\\tMackova\\r\\n\\tAccount Domain:\\t\\tPC-1415P\\r\\n\\r\\nFailure Information:\\r\\n\\tFailure Reason:\\t\\tUnknown user name or bad password.\\r\\n\\tStatus:\\t\\t\\t0xC000006D\\r\\n\\tSub Status:\\t\\t0xC0000064\\r\\n\\r\\nProcess Information:\\r\\n\\tCaller Process ID:\\t0x0\\r\\n\\tCaller Process Name:\\t-\\r\\n\\r\\nNetwork Information:\\r\\n\\tWorkstation Name:\\tPC-1415P\\r\\n\\tSource Network Address:\\t147.175.145.162\\r\\n\\tSource Port:\\t\\t52699\\r\\n\\r\\nDetailed Authentication Information:\\r\\n\\tLogon Process:\\t\\tNtLmSsp \\r\\n\\tAuthentication Package:\\tNTLM\\r\\n\\tTransited Services:\\t-\\r\\n\\tPackage Name (NTLM only):\\t-\\r\\n\\tKey Length:\\t\\t0\\r\\n\\r\\nThis event is generated when a logon request fails. It is generated on the computer where access was attempted.\\r\\n\\r\\nThe Subject fields indicate the account on the local system which requested the logon. This is most commonly a service such as the Server service, or a local process such as Winlogon.exe or Services.exe.\\r\\n\\r\\nThe Logon Type field indicates the kind of logon that was requested. The most common types are 2 (interactive) and 3 (network).\\r\\n\\r\\nThe Process Information fields indicate which account and process on the system requested the logon.\\r\\n\\r\\nThe Network Information fields indicate where a remote logon request originated. Workstation name is not always available and may be left blank in some cases.\\r\\n\\r\\nThe authentication information fields provide detailed information about this specific logon request.\\r\\n\\t- Transited services indicate which intermediate services have participated in this logon request.\\r\\n\\t- Package name indicates which sub-protocol was used among the NTLM protocols.\\r\\n\\t- Key length indicates the length of the generated session key. This will be 0 if no session key was requested.\\\"\"},\"eventdata\":{\"subjectUserSid\":\"S-1-0-0\",\"subjectLogonId\":\"0x0\",\"targetUserSid\":\"S-1-0-0\",\"targetUserName\":\"Mackova\",\"targetDomainName\":\"PC-1415P\",\"status\":\"0xc000006d\",\"failureReason\":\"%%2313\",\"subStatus\":\"0xc0000064\",\"logonType\":\"3\",\"logonProcessName\":\"NtLmSsp\",\"authenticationPackageName\":\"NTLM\",\"workstationName\":\"PC-1415P\",\"keyLength\":\"0\",\"processId\":\"0x0\",\"ipAddress\":\"147.175.145.162\",\"ipPort\":\"52699\"}}}\n{\"win\":{\"system\":{\"providerName\":\"Microsoft-Windows-Security-Auditing\",\"providerGuid\":\"{54849625-5478-4994-a5ba-3e3b0328c30d}\",\"eventID\":\"4625\",\"version\":\"0\",\"level\":\"0\",\"task\":\"12544\",\"opcode\":\"0\",\"keywords\":\"0x8010000000000000\",\"systemTime\":\"2026-03-05T10:30:29.5332298Z\",\"eventRecordID\":\"4655881\",\"processID\":\"724\",\"threadID\":\"9860\",\"channel\":\"Security\",\"computer\":\"safeq.ad.fiit\",\"severityValue\":\"AUDIT_FAILURE\",\"message\":\"\\\"An account failed to log on.\\r\\n\\r\\nSubject:\\r\\n\\tSecurity ID:\\t\\tS-1-0-0\\r\\n\\tAccount Name:\\t\\t-\\r\\n\\tAccount Domain:\\t\\t-\\r\\n\\tLogon ID:\\t\\t0x0\\r\\n\\r\\nLogon Type:\\t\\t\\t3\\r\\n\\r\\nAccount For Which Logon Failed:\\r\\n\\tSecurity ID:\\t\\tS-1-0-0\\r\\n\\tAccount Name:\\t\\tMackova\\r\\n\\tAccount Domain:\\t\\tPC-1415P\\r\\n\\r\\nFailure Information:\\r\\n\\tFailure Reason:\\t\\tUnknown user name or bad password.\\r\\n\\tStatus:\\t\\t\\t0xC000006D\\r\\n\\tSub Status:\\t\\t0xC0000064\\r\\n\\r\\nProcess Information:\\r\\n\\tCaller Process ID:\\t0x0\\r\\n\\tCaller Process Name:\\t-\\r\\n\\r\\nNetwork Information:\\r\\n\\tWorkstation Name:\\tPC-1415P\\r\\n\\tSource Network Address:\\t147.175.145.162\\r\\n\\tSource Port:\\t\\t52698\\r\\n\\r\\nDetailed Authentication Information:\\r\\n\\tLogon Process:\\t\\tNtLmSsp \\r\\n\\tAuthentication Package:\\tNTLM\\r\\n\\tTransited Services:\\t-\\r\\n\\tPackage Name (NTLM only):\\t-\\r\\n\\tKey Length:\\t\\t0\\r\\n\\r\\nThis event is generated when a logon request fails. It is generated on the computer where access was attempted.\\r\\n\\r\\nThe Subject fields indicate the account on the local system which requested the logon. This is most commonly a service such as the Server service, or a local process such as Winlogon.exe or Services.exe.\\r\\n\\r\\nThe Logon Type field indicates the kind of logon that was requested. The most common types are 2 (interactive) and 3 (network).\\r\\n\\r\\nThe Process Information fields indicate which account and process on the system requested the logon.\\r\\n\\r\\nThe Network Information fields indicate where a remote logon request originated. Workstation name is not always available and may be left blank in some cases.\\r\\n\\r\\nThe authentication information fields provide detailed information about this specific logon request.\\r\\n\\t- Transited services indicate which intermediate services have participated in this logon request.\\r\\n\\t- Package name indicates which sub-protocol was used among the NTLM protocols.\\r\\n\\t- Key length indicates the length of the generated session key. This will be 0 if no session key was requested.\\\"\"},\"eventdata\":{\"subjectUserSid\":\"S-1-0-0\",\"subjectLogonId\":\"0x0\",\"targetUserSid\":\"S-1-0-0\",\"targetUserName\":\"Mackova\",\"targetDomainName\":\"PC-1415P\",\"status\":\"0xc000006d\",\"failureReason\":\"%%2313\",\"subStatus\":\"0xc0000064\",\"logonType\":\"3\",\"logonProcessName\":\"NtLmSsp\",\"authenticationPackageName\":\"NTLM\",\"workstationName\":\"PC-1415P\",\"keyLength\":\"0\",\"processId\":\"0x0\",\"ipAddress\":\"147.175.145.162\",\"ipPort\":\"52698\"}}}\n{\"win\":{\"system\":{\"providerName\":\"Microsoft-Windows-Security-Auditing\",\"providerGuid\":\"{54849625-5478-4994-a5ba-3e3b0328c30d}\",\"eventID\":\"4625\",\"version\":\"0\",\"level\":\"0\",\"task\":\"12544\",\"opcode\":\"0\",\"keywords\":\"0x8010000000000000\",\"systemTime\":\"2026-03-05T10:30:29.5118890Z\",\