"eventRecordID\":\"4655630\",\"processID\":\"724\",\"threadID\":\"1888\",\"channel\":\"Security\",\"computer\":\"safeq.ad.fiit\",\"severityValue\":\"AUDIT_FAILURE\",\"message\":\"\\\"An account failed to log on.\\r\\n\\r\\nSubject:\\r\\n\\tSecurity ID:\\t\\tS-1-0-0\\r\\n\\tAccount Name:\\t\\t-\\r\\n\\tAccount Domain:\\t\\t-\\r\\n\\tLogon ID:\\t\\t0x0\\r\\n\\r\\nLogon Type:\\t\\t\\t3\\r\\n\\r\\nAccount For Which Logon Failed:\\r\\n\\tSecurity ID:\\t\\tS-1-0-0\\r\\n\\tAccount Name:\\t\\tMackova\\r\\n\\tAccount Domain:\\t\\tPC-1415P\\r\\n\\r\\nFailure Information:\\r\\n\\tFailure Reason:\\t\\tUnknown user name or bad password.\\r\\n\\tStatus:\\t\\t\\t0xC000006D\\r\\n\\tSub Status:\\t\\t0xC0000064\\r\\n\\r\\nProcess Information:\\r\\n\\tCaller Process ID:\\t0x0\\r\\n\\tCaller Process Name:\\t-\\r\\n\\r\\nNetwork Information:\\r\\n\\tWorkstation Name:\\tPC-1415P\\r\\n\\tSource Network Address:\\t147.175.145.162\\r\\n\\tSource Port:\\t\\t52514\\r\\n\\r\\nDetailed Authentication Information:\\r\\n\\tLogon Process:\\t\\tNtLmSsp \\r\\n\\tAuthentication Package:\\tNTLM\\r\\n\\tTransited Services:\\t-\\r\\n\\tPackage Name (NTLM only):\\t-\\r\\n\\tKey Length:\\t\\t0\\r\\n\\r\\nThis event is generated when a logon request fails. It is generated on the computer where access was attempted.\\r\\n\\r\\nThe Subject fields indicate the account on the local system which requested the logon. This is most commonly a service such as the Server service, or a local process such as Winlogon.exe or Services.exe.\\r\\n\\r\\nThe Logon Type field indicates the kind of logon that was requested. The most common types are 2 (interactive) and 3 (network).\\r\\n\\r\\nThe Process Information fields indicate which account and process on the system requested the logon.\\r\\n\\r\\nThe Network Information fields indicate where a remote logon request originated. Workstation name is not always available and may be left blank in some cases.\\r\\n\\r\\nThe authentication information fields provide detailed information about this specific logon request.\\r\\n\\t- Transited services indicate which intermediate services have participated in this logon request.\\r\\n\\t- Package name indicates which sub-protocol was used among the NTLM protocols.\\r\\n\\t- Key length indicates the length of the generated session key. This will be 0 if no session key was requested.\\\"\"},\"eventdata\":{\"subjectUserSid\":\"S-1-0-0\",\"subjectLogonId\":\"0x0\",\"targetUserSid\":\"S-1-0-0\",\"targetUserName\":\"Mackova\",\"targetDomainName\":\"PC-1415P\",\"status\":\"0xc000006d\",\"failureReason\":\"%%2313\",\"subStatus\":\"0xc0000064\",\"logonType\":\"3\",\"logonProcessName\":\"NtLmSsp\",\"authenticationPackageName\":\"NTLM\",\"workstationName\":\"PC-1415P\",\"keyLength\":\"0\",\"processId\":\"0x0\",\"ipAddress\":\"147.175.145.162\",\"ipPort\":\"52514\"}}}\n{\"win\":{\"system\":{\"providerName\":\"Microsoft-Windows-Security-Auditing\",\"providerGuid\":\"{54849625-5478-4994-a5ba-3e3b0328c30d}\",\"eventID\":\"4625\",\"version\":\"0\",\"level\":\"0\",\"task\":\"12544\",\"opcode\":\"0\",\"keywords\":\"0x8010000000000000\",\"systemTime\":\"2026-03-05T10:27:28.9836080Z\",\"eventRecordID\":\"4655628\",\"processID\":\"724\",\"threadID\":\"1888\",\"channel\":\"Security\",\"computer\":\"safeq.ad.fiit\",\"severityValue\":\"AUDIT_FAILURE\",\"message\":\"\\\"An account failed to log on.\\r\\n\\r\\nSubject:\\r\\n\\tSecurity ID:\\t\\tS-1-0-0\\r\\n\\tAccount Name:\\t\\t-\\r\\n\\tAccount Domain:\\t\\t-\\r\\n\\tLogon ID:\\t\\t0x0\\r\\n\\r\\nLogon Type:\\t\\t\\t3\\r\\n\\r\\nAccount For Which Logon Failed:\\r\\n\\tSecurity ID:\\t\\tS-1-0-0\\r\\n\\tAccount Name:\\t\\tMackova\\r\\n\\tAccount Domain:\\t\\tPC-1415P\\r\\n\\r\\nFailure Information:\\r\\n\\tFailure Reason:\\t\\tUnknown user name or bad password.\\r\\n\\tStatus:\\t\\t\\t0xC000006D\\r\\n\\tSub Status:\\t\\t0xC0000064\\r\\n\\r\\nProcess Information:\\r\\n\\tCaller Process ID:\\t0x0\\r\\n\\tCaller Process Name:\\t-\\r\\n\\r\\nNetwork Information:\\r\\n\\tWorkstation Name:\\tPC-1415P\\r\\n\\tSource Network Address:\\t147.175.145.162\\r\\n\\tSource Port:\\t\\t52513\\r\\n\\r\\nDetailed Authentication Information:\\r\\n\\tLogon Process:\\t\\tNtLmSsp \\r\\n\\tAuthentication Package:\\tNTLM\\r\\n\\tTransited Services:\\t-\\r\\n\\tPackage Name (NTLM only):\\t-\\r\\n\\tKey Length:\\t\\t0\\r\\n\\r\\nThis event is generated when a logon request fails. It is generated on the computer where access was attempted.\\r\\n\\r\\nThe Subject fields indicate the account on the local system which requested the logon. This is most commonly a service such as the Server service, or a local process such as Winlogon.exe or Services.exe.\\r\\n\\r\\nThe Logon Type field indicates the kind of logon that was requested. The most common types are 2 (interactive) and 3 (network).\\r\\n\\r\\nThe Process Information fields indicate which account and process on the system requested the logon.\\r\\n\\r\\nThe Network Information fields indicate where a remote logon request originated. Workstation name is not always available and may be left blank in some cases.\\r\\n\\r\\nThe authentication information fields provide detailed information about this specific logon request.\\r\\n\\t- Transited services indicate which intermediate services have participated in this logon request.\\r\\n\\t- Package name indicates which sub-protocol was used among the NTLM protocols.\\r\\n\\t- Key length indicates the length of the generated session key. This will be 0 if no session key was requested.\\\"\"},\"eventdata\":{\"subjectUserSid\":\"S-1-0-0\",\"subjectLogonId\":\"0x0\",\"targetUserSid\":\"S-1-0-0\",\"targetUserName\":\"Mackova\",\"targetDomainName\":\"PC-1415P\",\"status\":\"0xc000006d\",\"failureReason\":\"%%2313\",\"subStatus\":\"0xc0000064\",\"logonType\":\"3\",\"logonProcessName\":\"NtLmSsp\",\"authenticationPackageName\":\"NTLM\",\"workstationName\":\"PC-1415P\",\"keyLength\":\"0\",\"processId\":\"0x0\",\"ipAddress\":\"147.175.145.162\",\"ipPort\":\"52513\"}}}",
    "full_log": "{\"win\":{\"system\":{\"providerName\":\"Microsoft-Windows-Security-Auditing\",\"providerGuid\":\"{54849625-5478-4994-a5ba-3e3b0328c30d}\",\"eventID\":\"4625\",\"version\":\"0\",\"level\":\"0\",\"task\":\"12544\",\"opcode\":\"0\",\"keywords\":\"0x8010000000000000\",\"systemTime\":\"2026-03-05T10:27:46.1673138Z\",\"eventRecordID\":\"4655654\",\"processID\":\"724\",\"threadID\":\"3600\",\"channel\":\"Security\",\"computer\":\"safeq.ad.fiit\",\"severityValue\":\"AUDIT_FAILURE\",\"message\":\"\\\"An account failed to log on.\\r\\n\\r\\nSubject:\\r\\n\\tSecurity ID:\\t\\tS-1-0-0\\r\\n\\tAccount Name:\\t\\t-\\r\\n\\tAccount Domain:\\t\\t-\\r\\n\\tLogon ID:\\t\\t0x0\\r\\n\\r\\nLogon Type:\\t\\t\\t3\\r\\n\\r\\nAccount For Which Logon Failed:\\r\\n\\tSecurity ID:\\t\\tS-1-0-0\\r\\n\\tAccount Name:\\t\\tMackova\\r\\n\\tAccount Domain:\\t\\tPC-1415P\\r\\n\\r\\nFailure Information:\\r\\n\\tFailure Reason:\\t\\tUnknown user name or bad password.\\r\\n\\tStatus:\\t\\t\\t0xC000006D\\r\\n\\tSub Status:\\t\\t0xC0000064\\r\\n\\r\\nProcess Information:\\r\\n\\tCaller Process ID:\\t0x0\\r\\n\\tCaller Process Name:\\t-\\r\\n\\r\\nNetwork Information:\\r\\n\\tWorkstation Name:\\tPC-1415P\\r\\n\\tSource Network Address:\\t147.175.145.162\\r\\n\\tSource Port:\\t\\t52528\\r\\n\\r\\nDetailed Authentication Information:\\r\\n\\tLogon Process:\\t\\tNtLmSsp \\r\\n\\tAuthentication Package:\\tNTLM\\r\\n\\tTransited Services:\\t-\\r\\n\\tPackage Name (NTLM only):\\t-\\r\\n\\tKey Length:\\t\\t0\\r\\n\\r\\nThis event is generated when a logon request fails. It is generated on the computer where access was attempted.\\r\\n\\r\\nThe Subject fields indicate the account on the local system which requested the logon. This is most commonly a service such as the Server service, or a local process such as Winlogon.exe or Services.exe.\\r\\n\\r\\nThe Logon Type field indicates the kind of logon that was requested. The most common types are 2 (interactive) and 3 (network).\\r\\n\\r\\nThe Process Information fields indicate which account and process on the system requested the logon.\\r\\n\\r\\nThe Network Information fields indicate where a remote logon request originated. Workstation name is not always available and may be left blank in some cases.\\r\\n\\r\\nThe authentication information fields provide detailed information about this specific logon request.\\r\\n\\t- Transited services indicate which intermediate services have participated in this logon request.\\r\\n\\t- Package name indicates which sub-protocol was used among the NTLM protocols.\\r\\n\\t- Key length indicates the length of the generated session key. This will be 0 if no session key was requested.\\\"\"},\"eventdata\":{\"subjectUserSid\":\"S-1-0-0\",\"subjectLogonId\":\"0x0\",\"targetUserSid\":\"S-1-0-0\",\"targetUserName\":\"Mackova\",\"targetDomainName\":\"PC-1415P\",\"status\":\"0xc000006d\",\"failureReason\":\"%%2313\",\"subStatus\":\"0xc0000064\",\"logonType\":\"3\",\"logonProcessName\":\"NtLmSsp\",\"authenticationPackageName\":\"NTLM\",\"workstationName\":\"PC-1415P\",\"keyLength\":\"0\",\"processId\":\"0x0\",\"ipAddress\":\"147.175.145.162\",\"ipPort\":\"52528\"}}}",
    "decoder": {
      "name": "windows_eventchannel"
    },
    "data": {
      "win": {
        "system": {
          "providerName": "Microsoft-Windows-Security-Auditing",
          "providerGuid": "{54849625-5478-4994-a5ba-3e3b0328c30d}",
          "eventID": "4625",
          "version": "0",
          "level": "0",
          "task": "12544",
          "opcode": "0",
          "keywords": "0x8010000000000000",
          "systemTime": "2026-03-05T10:27:46.1673138Z",
          "eventRecordID": "4655654",
          "processID": "724",
          "threadID": "3600",
          "channel": "Security",
          "computer": "safeq.ad.fiit",
          "severityValue": "AUDIT_FAILURE",
          "message": "\"An account failed to log on.\r\n\r\nSubject:\r\n\tSecurity ID:\t\tS-1-0-0\r\n\tAccount Name:\t\t-\r\n\tAccount Domain:\t\t-\r\n\tLogon ID:\t\t0x0\r\n\r\nLogon Type:\t\t\t3\r\n\r\nAccount For Which Logon Failed:\r\n\tSecurity ID:\t\tS-1-0-0\r\n\tAccount Name:\t\tMackova\r\n\tAccount Domain:\t\tPC-1415P\r\n\r\nFailure Information:\r\n\tFailure Reason:\t\tUnknown user name or bad password.\r\n\tStatus:\t\t\t0xC000006D\r\n\tSub Status:\t\t0xC0000064\r\n\r\nProcess Information:\r\n\tCaller Process ID:\t0x0\r\n\tCaller Process Name:\t-\r\n\r\nNetwork Information:\r\n\tWorkstation Name:\tPC-1415P\r\n\tSource Network Address:\t147.175.145.162\r\n\tSource Port:\t\t52528\r\n\r\nDetailed Authentication Information:\r\n\tLogon Process:\t\tNtLmSsp \r\n\tAuthentication Package:\tNTLM\r\n\tTransited Services:\t-\r\n\tPackage Name (NTLM only):\t-\r\n\tKey Length:\t\t0\r\n\r\nThis event is generated when a logon request fails. It is generated on the computer where access was attempted.\r\n\r\nThe Subject fields indicate the account on the local system which requested the logon. This is most commonly a service such as the Server service, or a local process such as Winlogon.exe or Services.exe.\r\n\r\nThe Logon Type field indicates the kind of logon that was requested. The most common types are 2 (interactive) and 3 (network).\r\n\r\nThe Process Information fields indicate which account and process on the system requested the logon.\r\n\r\nThe Network Information fields indicate where a remote logon request originated. Workstation name is not always available and may be left blank in some cases.\r\n\r\nThe authentication information fields provide detailed information about this specific logon request.\r\n\t- Transited services indicate which intermediate services have participated in this logon request.\r\n\t- Package name indicates which sub-protocol was used among the NTLM protocols.\r\n\t- Key length indicates the length of the generated session key. This will be 0 if no session key was requested.\""
        },
        "eventdata": {
          "subjectUserSid": "S-1-0-0",
          "subjectLogonId": "0x0",
          "targetUserSid": "S-1-0-0",
          "targetUserName": "Mackova",
          "targetDomainName": "PC-1415P",
          "status": "0xc000006d",
          "failureReason": "%%2313",
          "subStatus": "0xc0000064",
          "logonType": "3",
          "logonProcessName": "NtLmSsp",
          "authenticationPackageName": "NTLM",
          "workstationName": "PC-1415P",
          "keyLength": "0",
          "processId": "0x0",
          "ipAddress": "147.175.145.162",
          "ipPort": "52528"
        }
      }
    },
    "location": "EventChannel"
  },
  {
    "timestamp": "2026-03-05T11:27:47.903+0100",
    "rule": {
      "level": 6,
      "description": "Fortigate attack dropped.",
      "id": "81629",
      "firedtimes": 1050,
      "mail": false,
      "groups": [
        "fortigate",
        "syslog",
        "attack"
      ],
      "gdpr": [
        "IV_35.7.d"
      ],
      "hipaa": [
        "164.312.b"
      ],
      "nist_800_53": [
        "AU.6"
      ],
      "pci_dss": [
        "10.6.1"
      ]
    },
    "agent": {
      "id": "000",
      "name": "wazuh.fiit.stuba.sk.novalocal"
    },
    "manager": {
      "name": "wazuh.fiit.stuba.sk.novalocal"
    },
    "id": "1772706467.6505964112",
    "full_log": "Mar  5 11:27:47 147.175.144.2 date=2026-03-05 time=11:27:47 devname=\"FortiGate-600F\" devid=\"FG6H0FTB23904723\" eventtime=1772706467539530175 tz=\"+0100\" logid=\"0419016384\" type=\"utm\" subtype=\"ips\" eventtype=\"signature\" level=\"alert\" vd=\"root\" severity=\"high\" srcip=89.10.237.211 srccountry=\"Norway\" dstip=147.175.146.252 dstcountry=\"Slovakia\" srcintf=\"outside\" srcintfrole=\"wan\" dstintf=\"inside\" dstintfrole=\"lan\" sessionid=1534705206 action=\"dropped\" proto=17 service=\"udp/64199\" policyid=11 poluuid=\"808834ec-9d1a-51ef-835d-f46e34b6c71e\" policytype=\"policy\" attack=\"Mozi.Botnet\" srcport=4000 dstport=64199 direction=\"outgoing\" attackid=50496 profile=\"high_security\" ref=\"http://www.fortinet.com/ids/VID50496\" incidentserialno=224896243 msg=\"backdoor: Mozi.Botnet\" crscore=30 craction=8192 crlevel=\"high\"",
    "predecoder": {
      "timestamp": "Mar  5 11:27:47",
      "hostname": "147.175.144.2"
    },
    "decoder": {
      "name": "fortigate-firewall-v5"
    },
    "data": {
      "action": "dropped",
      "srcip": "89.10.237.211",
      "srcport": "4000",
      "dstip": "147.175.146.252",
      "dstport": "64199",
      "attack": "Mozi.Botnet",
      "attackid": "50496",
      "craction": "8192",
      "crlevel": "high",
      "crscore": "30",
      "devid": "FG6H0FTB23904723",
      "devname": "FortiGate-600F",
      "direction": "outgoing",
      "dstcountry": "Slovakia",
      "dstintf": "inside",
      "dstintfrole": "lan",
      "eventtime": "1772706467539530175",
      "eventtype": "signature",
      "incidentserialno": "224896243",
      "level": "alert",
      "logid": "0419016384",
      "msg": "backdoor: Mozi.Botnet",
      "policyid": "11",
      "poluuid": "808834ec-9d1a-51ef-835d-f46e34b6c71e",
      "profile": "high_security",
      "proto": "17",
      "ref": "http://www.fortinet.com/ids/VID50496",
      "service": "udp/64199",
      "sessionid": "1534705206",
      "severity": "high",
      "srccountry": "Norway",
      "srcintf": "outside",
      "srcintfrole": "wan",
      "subtype": "ips",
      "time": "11:27:47",
      "type": "utm",
      "vd": "root"
    },
    "location": "127.0.0.1"
  },
  {
    "timestamp": "2026-03-05T11:27:47.918+0100",
    "rule": {
      "level": 6,
      "description": "Fortigate attack dropped.",
      "id": "81629",
      "firedtimes": 1051,
      "mail": false,
      "groups": [
        "fortigate",
        "syslog",
        "attack"
      ],
      "gdpr": [
        "IV_35.7.d"
      ],
      "hipaa": [
        "164.312.b"
      ],
      "nist_800_53": [
        "AU.6"
      ],
      "pci_dss": [
        "10.6.1"
      ]
    },
    "agent": {
      "id": "000",
      "name": "wazuh.fiit.stuba.sk.novalocal"
    },
    "manager": {
      "name": "wazuh.fiit.stuba.sk.novalocal"
    },
    "id": "1772706467.6506015452",
    "full_log": "Mar  5 11:27:47 147.175.144.2 date=2026-03-05 time=11:27:47 devname=\"FortiGate-600F\" devid=\"FG6H0FTB23904723\" eventtime=1772706467695722117 tz=\"+0100\" logid=\"0419016384\" type=\"utm\" subtype=\"ips\" eventtype=\"signature\" level=\"alert\" vd=\"root\" severity=\"high\" srcip=203.101.186.236 srccountry=\"Pakistan\" dstip=147.175.146.252 dstcountry=\"Slovakia\" srcintf=\"outside\" srcintfrole=\"wan\" dstintf=\"inside\" dstintfrole=\"lan\" sessionid=1534705470 action=\"dropped\" proto=17 service=\"udp/64199\" policyid=11 poluuid=\"808834ec-9d1a-51ef-835d-f46e34b6c71e\" policytype=\"policy\" attack=\"Mozi.Botnet\" srcport=38762 dstport=64199 direction=\"outgoing\" attackid=50496 profile=\"high_security\" ref=\"http://www.fortinet.com/ids/VID50496\" incidentserialno=224896292 msg=\"backdoor: Mozi.Botnet\" crscore=30 craction=8192 crlevel=\"high\"",
    "predecoder": {
      "timestamp": "Mar  5 11:27:47",
      "hostname": "147.175.144.2"
    },
    "decoder": {
      "name": "fortigate-firewall-v5"
    },
    "data": {
      "action": "dropped",
      "srcip": "203.101.186.236",
      "srcport": "38762",
      "dstip": "147.175.146.252",
      "dstport": "64199",
      "attack": "Mozi.Botnet",
      "attackid": "50496",
      "craction": "8192",
      "crlevel": "high",
      "crscore": "30",
      "devid": "FG6H0FTB23904723",
      "devname": "FortiGate-600F",
      "direction": "outgoing",
      "dstcountry": "Slovakia",
      "dstintf": "inside",
      "dstintfrole": "lan",
      "eventtime": "1772706467695722117",
      "eventtype": "signature",
      "incidentserialno": "224896292",
      "level": "alert",
      "logid": "0419016384",
      "msg": "backdoor: Mozi.Botnet",
      "policyid": "11",
      "poluuid": "808834ec-9d1a-51ef-835d-f46e34b6c71e",
      "profile": "high_security",
      "proto": "17",
      "ref": "http://www.fortinet.com/ids/VID50496",
      "service": "udp/64199",
      "sessionid": "1534705470",
      "severity": "high",
      "srccountry": "Pakistan",
      "srcintf": "outside",
      "srcintfrole": "wan",
      "subtype": "ips",
      "time": "11:27:47",
      "type": "utm",
      "vd": "root"
    },
    "location": "127.0.0.1"
  },
  {
    "timestamp": "2026-03-05T11:27:48.847+0100",
    "rule": {
      "level": 6,
      "description": "Fortigate attack dropped.",
      "id": "81629",
      "firedtimes": 1052,
      "mail": false,
      "groups": [
        "fortigate",
        "syslog",
        "attack"
      ],
      "gdpr": [
        "IV_35.7.d"
      ],
      "hipaa": [
        "164.312.b"
      ],
      "nist_800_53": [
        "AU.6"
      ],
      "pci_dss": [
        "10.6.1"
      ]
    },
    "agent": {
      "id": "000",
      "name": "wazuh.fiit.stuba.sk.novalocal"
    },
    "manager": {
      "name": "wazuh.fiit.stuba.sk.novalocal"
    },
    "id": "1772706468.6506096315",
    "full_log": "Mar  5 11:27:47 147.175.144.2 date=2026-03-05 time=11:27:47 devname=\"FortiGate-600F\" devid=\"FG6H0FTB23904723\" eventtime=1772706467961192698 tz=\"+0100\" logid=\"0419016384\" type=\"utm\" subtype=\"ips\" eventtype=\"signature\" level=\"alert\" vd=\"root\" severity=\"high\" srcip=117.209.87.66 srccountry=\"India\" dstip=147.175.146.252 dstcountry=\"Slovakia\" srcintf=\"outside\" srcintfrole=\"wan\" dstintf=\"inside\" dstintfrole=\"lan\" sessionid=1534705900 action=\"dropped\" proto=17 service=\"udp/64199\" policyid=11 poluuid=\"808834ec-9d1a-51ef-835d-f46e34b6c71e\" policytype=\"policy\" attack=\"Mozi.Botnet\" srcport=15082 dstport=64199 direction=\"outgoing\" attackid=50496 profile=\"high_security\" ref=\"http://www.fortinet.com/ids/VID50496\" incidentserialno=224896363 msg=\"backdoor: Mozi.Botnet\" crscore=30 craction=8192 crlevel=\"high\"",
    "predecoder": {
      "timestamp": "Mar  5 11:27:47",
      "hostname": "147.175.144.2"
    },
    "decoder": {
      "name": "fortigate-firewall-v5"
    },
    "data": {
      "action": "dropped",
      "srcip": "117.209.87.66",
      "srcport": "15082",
      "dstip": "147.175.146.252",
      "dstport": "64199",
      "attack": "Mozi.Botnet",
      "attackid": "50496",
      "craction": "8192",
      "crlevel": "high",
      "crscore": "30",
      "devid": "FG6H0FTB23904723",
      "devname": "FortiGate-600F",
      "direction": "outgoing",
      "dstcountry": "Slovakia",
      "dstintf": "inside",
      "dstintfrole": "lan",
      "eventtime": "1772706467961192698",
      "eventtype": "signature",
      "incidentserialno": "224896363",
      "level": "alert",
      "logid": "0419016384",
      "msg": "backdoor: Mozi.Botnet",
      "policyid": "11",
      "poluuid": "808834ec-9d1a-51ef-835d-f46e34b6c71e",
      "profile": "high_security",
      "proto": "17",
      "ref": "http://www.fortinet.com/ids/VID50496",
      "service": "udp/64199",
      "sessionid": "1534705900",
      "severity": "high",
      "srccountry": "India",
      "srcintf": "outside",
      "srcintfrole": "wan",
      "subtype": "ips",
      "time": "11:27:47",
      "type": "utm",
      "vd": "root"
    },
    "location": "127.0.0.1"
  },
  {
    "timestamp": "2026-03-05T11:27:49.872+0100",
    "rule": {
      "level": 6,
      "description": "Fortigate attack dropped.",
      "id": "81629",
      "firedtimes": 1053,
      "mail": false,
      "groups": [
        "fortigate",
        "syslog",
        "attack"
      ],
      "gdpr": [
        "IV_35.7.d"
      ],
      "hipaa": [
        "164.312.b"
      ],
      "nist_800_53": [
        "AU.6"
      ],
      "pci_dss": [
        "10.6.1"
      ]
    },
    "agent": {
      "id": "000",
      "name": "wazuh.fiit.stuba.sk.novalocal"
    },
    "manager": {
      "name": "wazuh.fiit.stuba.sk.novalocal"
    },
    "id": "1772706469.6506320090",
    "full_log": "Mar  5 11:27:49 147.175.144.2 date=2026-03-05 time=11:27:49 devname=\"FortiGate-600F\" devid=\"FG6H0FTB23904723\" eventtime=1772706469074119770 tz=\"+0100\" logid=\"0419016384\" type=\"utm\" subtype=\"ips\" eventtype=\"signature\" level=\"alert\" vd=\"root\" severity=\"high\" srcip=59.97.254.65 srccountry=\"India\" dstip=147.175.146.252 dstcountry=\"Slovakia\" srcintf=\"outside\" srcintfrole=\"wan\" dstintf=\"inside\" dstintfrole=\"lan\" sessionid=1534707773 action=\"dropped\" proto=17 service=\"udp/64199\" policyid=11 poluuid=\"808834ec-9d1a-51ef-835d-f46e34b6c71e\" policytype=\"policy\" attack=\"Mozi.Botnet\" srcport=8000 dstport=64199 direction=\"outgoing\" attackid=50496 profile=\"high_security\" ref=\"http://www.fortinet.com/ids/VID50496\" incidentserialno=224896708 msg=\"backdoor: Mozi.Botnet\" crscore=30 craction=8192 crlevel=\"high\"",
    "predecoder": {
      "timestamp": "Mar  5 11:27:49",
      "hostname": "147.175.144.2"
    },
    "decoder": {
      "name": "fortigate-firewall-v5"
    },
    "data": {
      "action": "dropped",
      "srcip": "59.97.254.65",
      "srcport": "8000",
      "dstip": "147.175.146.252",
      "dstport": "64199",
      "attack": "Mozi.Botnet",
      "attackid": "50496",
      "craction": "8192",
      "crlevel": "high",
      "crscore": "30",
      "devid": "FG6H0FTB23904723",
      "devname": "FortiGate-600F",
      "direction": "outgoing",
      "dstcountry": "Slovakia",
      "dstintf": "inside",
      "dstintfrole": "lan",
      "eventtime": "1772706469074119770",
      "eventtype": "signature",
      "incidentserialno": "224896708",
      "level": "alert",
      "logid": "0419016384",
      "msg": "backdoor: Mozi.Botnet",
      "policyid": "11",
      "poluuid": "808834ec-9d1a-51ef-835d-f46e34b6c71e",
      "profile": "high_security",
      "proto": "17",
      "ref": "http://www.fortinet.com/ids/VID50496",
      "service": "udp/64199",
      "sessionid": "1534707773",
      "severity": "high",
      "srccountry": "India",
      "srcintf": "outside",
      "srcintfrole": "wan",
      "subtype": "ips",
      "time": "11:27:49",
      "type": "utm",
      "vd": "root"
    },
    "location": "127.0.0.1"
  },
  {
    "timestamp": "2026-03-05T11:27:50.914+0100",
    "rule": {
      "level": 6,
      "description": "Fortigate attack dropped.",
      "id": "81629",
      "firedtimes": 1054,
      "mail": false,
      "groups": [
        "fortigate",
        "syslog",
        "attack"
      ],
      "gdpr": [
        "IV_35.7.d"
      ],
      "hipaa": [
        "164.312.b"
      ],
      "nist_800_53": [
        "AU.6"
      ],
      "pci_dss": [
        "10.6.1"
      ]
    },
    "agent": {
      "id": "000",
      "name": "wazuh.fiit.stuba.sk.novalocal"
    },
    "manager": {
      "name": "wazuh.fiit.stuba.sk.novalocal"
    },
    "id": "1772706470.6506497946",
    "full_log": "Mar  5 11:27:50 147.175.144.2 date=2026-03-05 time=11:27:50 devname=\"FortiGate-600F\" devid=\"FG6H0FTB23904723\" eventtime=1772706470105526586 tz=\"+0100\" logid=\"0419016384\" type=\"utm\" subtype=\"ips\" eventtype=\"signature\" level=\"alert\" vd=\"root\" severity=\"high\" srcip=202.141.43.84 srccountry=\"India\" dstip=147.175.146.252 dstcountry=\"Slovakia\" srcintf=\"outside\" srcintfrole=\"wan\" dstintf=\"inside\" dstintfrole=\"lan\" sessionid=1534709497 action=\"dropped\" proto=17 service=\"udp/64199\" policyid=11 poluuid=\"808834ec-9d1a-51ef-835d-f46e34b6c71e\" policytype=\"policy\" attack=\"Mozi.Botnet\" srcport=39353 dstport=64199 direction=\"outgoing\" attackid=50496 profile=\"high_security\" ref=\"http://www.fortinet.com/ids/VID50496\" incidentserialno=224896958 msg=\"backdoor: Mozi.Botnet\" crscore=30 craction=8192 crlevel=\"high\"",
    "predecoder": {
      "timestamp": "Mar  5 11:27:50",
      "hostname": "147.175.144.2"
    },
    "decoder": {
      "name": "fortigate-firewall-v5"
    },
    "data": {
      "action": "dropped",
      "srcip": "202.141.43.84",
      "srcport": "39353",
      "dstip": "147.175.146.252",
      "dstport": "64199",
      "attack": "Mozi.Botnet",
      "attackid": "50496",
      "craction": "8192",
      "crlevel": "high",
      "crscore": "30",
      "devid": "FG6H0FTB23904723",
      "devname": "FortiGate-600F",
      "direction": "outgoing",
      "dstcountry": "Slovakia",
      "dstintf": "inside",
      "dstintfrole": "lan",
      "eventtime": "1772706470105526586",
      "eventtype": "signature",
      "incidentserialno": "224896958",
      "level": "alert",
      "logid": "0419016384",
      "msg": "backdoor: Mozi.Botnet",
      "policyid": "11",
      "poluuid": "808834ec-9d1a-51ef-835d-f46e34b6c71e",
      "profile": "high_security",
      "proto": "17",
      "ref": "http://www.fortinet.com/ids/VID50496",
      "service": "udp/64199",
      "sessionid": "1534709497",
      "severity": "high",
      "srccountry": "India",
      "srcintf": "outside",
      "srcintfrole": "wan",
      "subtype": "ips",
      "time": "11:27:50",
      "type": "utm",
      "vd": "root"
    },
    "location": "127.0.0.1"
  },
  {
    "timestamp": "2026-03-05T11:27:51.477+0100",
    "rule": {
      "level": 10,
      "description": "Multiple Windows Logon Failures",
      "id": "60204",
      "mitre": {
        "id": [
          "T1110"
        ],
        "tactic": [
          "Credential Access"
        ],
        "technique": [
          "Brute Force"
        ]
      },
      "frequency": 8,
      "firedtimes": 21,
      "mail": false,
      "groups": [
        "windows",
        "windows_security",
        "authentication_failures"
      ],
      "pci_dss": [
        "10.2.4",
        "10.2.5",
        "11.4"
      ],
      "gdpr": [
        "IV_35.7.d",
        "IV_32.2"
      ],
      "hipaa": [
        "164.312.b"
      ],
      "nist_800_53": [
        "AU.14",
        "AC.7",
        "SI.4"
      ],
      "tsc": [
        "CC6.1",
        "CC6.8",
        "CC7.2",
        "CC7.3"
      ]
    },
    "agent": {
      "id": "248",
      "name": "safeq",
      "ip": "147.175.144.91"
    },
    "manager": {
      "name": "wazuh.fiit.stuba.sk.novalocal"
    },
    "id": "1772706471.6506623708",
    "previous_output": "{\"win\":{\"system\":{\"providerName\":\"Microsoft-Windows-Security-Auditing\",\"providerGuid\":\"{54849625-5478-4994-a5ba-3e3b0328c30d}\",\"eventID\":\"4625\",\"version\":\"0\",\"level\":\"0\",\"task\":\"12544\",\"opcode\":\"0\",\"keywords\":\"0x8010000000000000\",\"systemTime\":\"2026-03-05T10:27:50.3497644Z\",\"eventRecordID\":\"4655668\",\"processID\":\"724\",\"threadID\":\"9860\",\"channel\":\"Security\",\"computer\":\"safeq.ad.fiit\",\"severityValue\":\"AUDIT_FAILURE\",\"message\":\"\\\"An account failed to log on.\\r\\n\\r\\nSubject:\\r\\n\\tSecurity ID:\\t\\tS-1-0-0\\r\\n\\tAccount Name:\\t\\t-\\r\\n\\tAccount Domain:\\t\\t-\\r\\n\\tLogon ID:\\t\\t0x0\\r\\n\\r\\nLogon Type:\\t\\t\\t3\\r\\n\\r\\nAccount For Which Logon Failed:\\r\\n\\tSecurity ID:\\t\\tS-1-0-0\\r\\n\\tAccount Name:\\t\\tMackova\\r\\n\\tAccount Domain:\\t\\tPC-1415P\\r\\n\\r\\nFailure Information:\\r\\n\\tFailure Reason:\\t\\tUnknown user name or bad password.\\r\\n\\tStatus:\\t\\t\\t0xC000006D\\r\\n\\tSub Status:\\t\\t0xC0000064\\r\\n\\r\\nProcess Information:\\r\\n\\tCaller Process ID:\\t0x0\\r\\n\\tCaller Process Name:\\t-\\r\\n\\r\\nNetwork Information:\\r\\n\\tWorkstation Name:\\tPC-1415P\\r\\n\\tSource Network Address:\\t147.175.145.162\\r\\n\\tSource Port:\\t\\t52535\\r\\n\\r\\nDetailed Authentication Information:\\r\\n\\tLogon Process:\\t\\tNtLmSsp \\r\\n\\tAuthentication Package:\\tNTLM\\r\\n\\tTransited Services:\\t-\\r\\n\\tPackage Name (NTLM only):\\t-\\r\\n\\tKey Length:\\t\\t0\\r\\n\\r\\nThis event is generated when a logon request fails. It is generated on the computer where access was attempted.\\r\\n\\r\\nThe Subject fields indicate the account on the local system which requested the logon. This is most commonly a service such as the Server service, or a local process such as Winlogon.exe or Services.exe.\\r\\n\\r\\nThe Logon Type field indicates the kind of logon that was requested. The most common types are 2 (interactive) and 3 (network).\\r\\n\\r\\nThe Process Information fields indicate which account and process on the system requested the logon.\\r\\n\\r\\nThe Network Information fields indicate where a remote logon request originated. Workstation name is not always available and may be left blank in some cases.\\r\\n\\r\\nThe authentication information fields provide detailed information about this specific logon request.\\r\\n\\t- Transited services indicate which intermediate services have participated in this logon request.\\r\\n\\t- Package name indicates which sub-protocol was used among the NTLM protocols.\\r\\n\\t- Key length indicates the length of the generated session key. This will be 0 if no session key was requested.\\\"\"},\"eventdata\":{\"subjectUserSid\":\"S-1-0-0\",\"subjectLogonId\":\"0x0\",\"targetUserSid\":\"S-1-0-0\",\"targetUserName\":\"Mackova\",\"targetDomainName\":\"PC-1415P\",\"status\":\"0xc000006d\",\"failureReason\":\"%%2313\",\"subStatus\":\"0xc0000064\",\"logonType\":\"3\",\"logonProcessName\":\"NtLmSsp\",\"authenticationPackageName\":\"NTLM\",\"workstationName\":\"PC-1415P\",\"keyLength\":\"0\",\"processId\":\"0x0\",\"ipAddress\":\"147.175.145.162\",\"ipPort\":\"52535\"}}}\n{\"win\":{\"system\":{\"providerName\":\"Microsoft-Windows-Security-Auditing\",\"providerGuid\":\"{54849625-5478-4994-a5ba-3e3b0328c30d}\",\"eventID\":\"4625\",\"version\":\"0\",\"level\":\"0\",\"task\":\"12544\",\"opcode\":\"0\",\"keywords\":\"0x8010000000000000\",\"systemTime\":\"2026-03-05T10:27:50.3212000Z\",\"eventRecordID\":\"4655666\",\"processID\":\"724\",\"threadID\":\"9860\",\"channel\":\"Security\",\"computer\":\"safeq.ad.fiit\",\"severityValue\":\"AUDIT_FAILURE\",\"message\":\"\\\"An account failed to log on.\\r\\n\\r\\nSubject:\\r\\n\\tSecurity ID:\\t\\tS-1-0-0\\r\\n\\tAccount Name:\\t\\t-\\r\\n\\tAccount Domain:\\t\\t-\\r\\n\\tLogon ID:\\t\\t0x0\\r\\n\\r\\nLogon Type:\\t\\t\\t3\\r\\n\\r\\nAccount For Which Logon Failed:\\r\\n\\tSecurity ID:\\t\\tS-1-0-0\\r\\n\\tAccount Name:\\t\\tMackova\\r\\n\\tAccount Domain:\\t\\tPC-1415P\\r\\n\\r\\nFailure Information:\\r\\n\\tFailure Reason:\\t\\tUnknown user name or bad password.\\r\\n\\tStatus:\\t\\t\\t0xC000006D\\r\\n\\tSub Status:\\t\\t0xC0000064\\r\\n\\r\\nProcess Information:\\r\\n\\tCaller Process ID:\\t0x0\\r\\n\\tCaller Process Name:\\t-\\r\\n\\r\\nNetwork Information:\\r\\n\\tWorkstation Name:\\tPC-1415P\\r\\n\\tSource Network Address:\\t147.175.145.162\\r\\n\\tSource Port:\\t\\t52534\\r\\n\\r\\nDetailed Authentication Information:\\r\\n\\tLogon Process:\\t\\tNtLmSsp \\r\\n\\tAuthentication Package:\\tNTLM\\r\\n\\tTransited Services:\\t-\\r\\n\\tPackage Name (NTLM only):\\t-\\r\\n\\tKey Length:\\t\\t0\\r\\n\\r\\nThis event is generated when a logon request fails. It is generated on the computer where access was attempted.\\r\\n\\r\\nThe Subject fields indicate the account on the local system which requested the logon. This is most commonly a service such as the Server service, or a local process such as Winlogon.exe or Services.exe.\\r\\n\\r\\nThe Logon Type field indicates the kind of logon that was requested. The most common types are 2 (interactive) and 3 (network).\\r\\n\\r\\nThe Process Information fields indicate which account and process on the system requested the logon.\\r\\n\\r\\nThe Network Information fields indicate where a remote logon request originated. Workstation name is not always available and may be left blank in some cases.\\r\\n\\r\\nThe authentication information fields provide detailed information about this specific logon request.\\r\\n\\t- Transited services indicate which intermediate services have participated in this logon request.\\r\\n\\t- Package name indicates which sub-protocol was used among the NTLM protocols.\\r\\n\\t- Key length indicates the length of the generated session key. This will be 0 if no session key was requested.\\\"\"},\"eventdata\":{\"subjectUserSid\":\"S-1-0-0\",\"subjectLogonId\":\"0x0\",\"targetUserSid\":\"S-1-0-0\",\"targetUserName\":\"Mackova\",\"targetDomainName\":\"PC-1415P\",\"status\":\"0xc000006d\",\"failureReason\":\"%%2313\",\"subStatus\":\"0xc0000064\",\"logonType\":\"3\",\"logonProcessName\":\"NtLmSsp\",\"authenticationPackageName\":\"NTLM\",\"workstationName\":\"PC-1415P\",\"keyLength\":\"0\",\"processId\":\"0x0\",\"ipAddress\":\"147.175.145.162\",\"ipPort\":\"52534\"}}}\n{\"win\":{\"system\":{\"providerName\":\"Microsoft-Windows-Security-Auditing\",\"providerGuid\":\"{54849625-5478-4994-a5ba-3e3b0328c30d}\",\"eventID\":\"4625\",\"version\":\"0\",\"level\":\"0\",\"task\":\"12544\",\"opcode\":\"0\",\"keywords\":\"0x8010000000000000\",\"systemTime\":\"2026-03-05T10:27:50.2808378Z\",\"eventRecordID\":\"4655664\",\"processID\":\"724\",\"threadID\":\"9860\",\"channel\":\"Security\",\"computer\":\"safeq.ad.fiit\",\"severityValue\":\"AUDIT_FAILURE\",\"message\":\"\\\"An account failed to log on.\\r\\n\\r\\nSubject:\\r\\n\\tSecurity ID:\\t\\tS-1-0-0\\r\\n\\tAccount Name:\\t\\t-\\r\\n\\tAccount Domain:\\t\\t-\\r\\n\\tLogon ID:\\t\\t0x0\\r\\n\\r\\nLogon Type:\\t\\t\\t3\\r\\n\\r\\nAccount For Which Logon Failed:\\r\\n\\tSecurity ID:\\t\\tS-1-0-0\\r\\n\\tAccount Name:\\t\\tMackova\\r\\n\\tAccount Domain:\\t\\tPC-1415P\\r\\n\\r\\nFailure Information:\\r\\n\\tFailure Reason:\\t\\tUnknown user name or bad password.\\r\\n\\tStatus:\\t\\t\\t0xC000006D\\r\\n\\tSub Status:\\t\\t0xC0000064\\r\\n\\r\\nProcess Information:\\r\\n\\tCaller Process ID:\\t0x0\\r\\n\\tCaller Process Name:\\t-\\r\\n\\r\\nNetwork Information:\\r\\n\\tWorkstation Name:\\tPC-1415P\\r\\n\\tSource Network Address:\\t147.175.145.162\\r\\n\\tSource Port:\\t\\t52533\\r\\n\\r\\nDetailed Authentication Information:\\r\\n\\tLogon Process:\\t\\tNtLmSsp \\r\\n\\tAuthentication Package:\\tNTLM\\r\\n\\tTransited Services:\\t-\\r\\n\\tPackage Name (NTLM only):\\t-\\r\\n\\tKey Length:\\t\\t0\\r\\n\\r\\nThis event is generated when a logon request fails. It is generated on the computer where access was attempted.\\r\\n\\r\\nThe Subject fields indicate the account on the local system which requested the logon. This is most commonly a service such as the Server service, or a local process such as Winlogon.exe or Services.exe.\\r\\n\\r\\nThe Logon Type field indicates the kind of logon that was requested. The most common types are 2 (interactive) and 3 (network).\\r\\n\\r\\nThe Process Information fields indicate which account and process on the system requested the logon.\\r\\n\\r\\nThe Network Information fields indicate where a remote logon request originated. Workstation name is not always available and may be left blank in some cases.\\r\\n\\r\\nThe authentication information fields provide detailed information about this specific logon request.\\r\\n\\t- Transited services indicate which intermediate services have participated in this logon request.\\r\\n\\t- Package name indicates which sub-protocol was used among the NTLM protocols.\\r\\n\\t- Key length indicates the length of the generated session key. This will be 0 if no session key was requested.\\\"\"},\"eventdata\":{\"subjectUserSid\":\"S-1-0-0\",\"subjectLogonId\":\"0x0\",\"targetUserSid\":\"S-1-0-0\",\"targetUserName\":\"Mackova\",\"targetDomainName\":\"PC-1415P\",\"status\":\"0xc000006d\",\"failureReason\":\"%%2313\",\"subStatus\":\"0xc0000064\",\"logonType\":\"3\",\"logonProcessName\":\"NtLmSsp\",\"authenticationPackageName\":\"NTLM\",\"workstationName\":\"PC-1415P\",\"keyLength\":\"0\",\"processId\":\"0x0\",\"ipAddress\":\"147.175.145.162\",\"ipPort\":\"52533\"}}}\n{\"win\":{\"system\":{\"providerName\":\"Microsoft-Windows-Security-Auditing\",\"providerGuid\":\"{54849625-5478-4994-a5ba-3e3b0328c30d}\",\"eventID\":\"4625\",\"version\":\"0\",\"level\":\"0\",\"task\":\"12544\",\"opcode\":\"0\",\"keywords\":\"0x8010000000000000\",\"systemTime\":\"2026-03-05T10:27:50.2655535Z\",\"eventRecordID\":\"4655662\",\"processID\":\"724\",\"threadID\":\"9860\",\"channel\":\"Security\",\"computer\":\"safeq.ad.fiit\",\"severityValue\":\"AUDIT_FAILURE\",\"message\":\"\\\"An account failed to log on.\\r\\n\\r\\nSubject:\\r\\n\\tSecurity ID:\\t\\tS-1-0-0\\r\\n\\tAccount Name:\\t\\t-\\r\\n\\tAccount Domain:\\t\\t-\\r\\n\\tLogon ID:\\t\\t0x0\\r\\n\\r\\nLogon Type:\\t\\t\\t3\\r\\n\\r\\nAccount For Which Logon Failed:\\r\\n\\tSecurity ID:\\t\\tS-1-0-0\\r\\n\\tAccount Name:\\t\\tMackova\\r\\n\\tAccount Domain:\\t\\tPC-1415P\\r\\n\\r\\nFailure Information:\\r\\n\\tFailure Reason:\\t\\tUnknown user name or bad password.\\r\\n\\tStatus:\\t\\t\\t0xC000006D\\r\\n\\tSub Status:\\t\\t0xC0000064\\r\\n\\r\\nProcess Information:\\r\\n\\tCaller Process ID:\\t0x0\\r\\n\\tCaller Process Name:\\t-\\r\\n\\r\\nNetwork Information:\\r\\n\\tWorkstation Name:\\tPC-1415P\\r\\n\\tSource Network Address:\\t147.175.145.162\\r\\n\\tSource Port:\\t\\t52532\\r\\n\\r\\nDetailed Authentication Information:\\r\\n\\tLogon Process:\\t\\tNtLmSsp \\r\\n\\tAuthentication Package:\\tNTLM\\r\\n\\tTransited Services:\\t-\\r\\n\\tPackage Name (NTLM only):\\t-\\r\\n\\tKey Length:\\t\\t0\\r\\n\\r\\nThis event is generated when a logon request fails. It is generated on the computer where access was attempted.\\r\\n\\r\\nThe Subject fields indicate the account on the local system which requested the logon. This is most commonly a service such as the Server service, or a local process such as Winlogon.exe or Services.exe.\\r\\n\\r\\nThe Logon Type field indicates the kind of logon that was requested. The most common types are 2 (interactive) and 3 (network).\\r\\n\\r\\nThe Process Information fields indicate which account and process on the system requested the logon.\\r\\n\\r\\nThe Network Information fields indicate where a remote logon request originated. Workstation name is not always available and may be left blank in some cases.\\r\\n\\r\\nThe authentication information fields provide detailed information about this specific logon request.\\r\\n\\t- Transited services indicate which intermediate services have participated in this logon request.\\r\\n\\t- Package name indicates which sub-protocol was used among the NTLM protocols.\\r\\n\\t- Key length indicates the length of the generated session key. This will be 0 if no session key was requested.\\\"\"},\"eventdata\":{\"subjectUserSid\":\"S-1-0-0\",\"subjectLogonId\":\"0x0\",\"targetUserSid\":\"S-1-0-0\",\"targetUserName\":\"Mackova\",\"targetDomainName\":\"PC-1415P\",\"status\":\"0xc000006d\",\"failureReason\":\"%%2313\",\"subStatus\":\"0xc0000064\",\"logonType\":\"3\",\"logonProcessName\":\"NtLmSsp\",\"authenticationPackageName\":\"NTLM\",\"workstationName\":\"PC-1415P\",\"keyLength\":\"0\",\"processId\":\"0x0\",\"ipAddress\":\"147.175.145.162\",\"ipPort\":\"52532\"}}}\n{\"win\":{\"system\":{\"providerName\":\"Microsoft-Windows-Security-Auditing\",\"providerGuid\":\"{54849625-5478-4994-a5ba-3e3b0328c30d}\",\"eventID\":\"4625\",\"version\":\"0\",\"level\":\"0\",\"task\":\"12544\",\"opcode\":\"0\",\"keywords\":\"0x8010000000000000\",\"systemTime\":\"2026-03-05T10:27:46.2112269Z\",\"eventRecordID\":\"4655660\",\"processID\":\"724\",\"threadID\":\"3600\",\"channel\":\"Security\",\"computer\":\"safeq.ad.fiit\",\"severityValue\":\"AUDIT_FAILURE\",\"message\":\"\\\"An account failed to log on.\\r\\n\\r\\nSubject:\\r\\n\\tSecurity ID:\\t\\tS-1-0-0\\r\\n\\tAccount Name:\\t\\t-\\r\\n\\tAccount Domain:\\t\\t-\\r\\n\\tLogon ID:\\t\\t0x0\\r\\n\\r\\nLogon Type:\\t\\t\\t3\\r\\n\\r\\nAccount For Which Logon Failed:\\r\\n\\tSecurity ID:\\t\\tS-1-0-0\\r\\n\\tAccount Name:\\t\\tMackova\\r\\n\\tAccount Domain:\\t\\tPC-1415P\\r\\n\\r\\nFailure Information:\\r\\n\\tFailure Reason:\\t\\tUnknown user name or bad password.\\r\\n\\tStatus:\\t\\t\\t0xC000006D\\r\\n\\tSub Status:\\t\\t0xC0000064\\r\\n\\r\\nProcess Information:\\r\\n\\tCaller Process ID:\\t0x0\\r\\n\\tCaller Process Name:\\t-\\r\\n\\r\\nNetwork Information:\\r\\n\\tWorkstation Name:\\tPC-1415P\\r\\n\\tSource Network Address:\\t147.175.145.162\\r\\n\\tSource Port:\\t\\t52531\\r\\n\\r\\nDetailed Authentication Information:\\r\\n\\tLogon Process:\\t\\tNtLmSsp \\r\\n\\tAuthentication Package:\\tNTLM\\r\\n\\tTransited Services:\\t-\\r\\n\\tPackage Name (NTLM only):\\t-\\r\\n\\tKey Length:\\t\\t0\\r\\n\\r\\nThis event is generated when a logon request fails. It is generated on the computer where access was attempted.\\r\\n\\r\\nThe Subject fields indicate the account on the local system which requested the logon. This is most commonly a service such as the Server service, or a local process such as Winlogon.exe or Services.exe.\\r\\n\\r\\nThe Logon Type field indicates the kind of logon that was requested. The most common types are 2 (interactive) and 3 (network).\\r\\n\\r\\nThe Process Information fields indicate which account and process on the system requested the logon.\\r\\n\\r\\nThe Network Information fields indicate where a remote logon request originated. Workstation name is not always available and may be left blank in some cases.\\r\\n\\r\\nThe authentication information fields provide detailed information about this specific logon request.\\r\\n\\t- Transited services indicate which intermediate services have participated in this logon request.\\r\\n\\t- Package name indicates which sub-protocol was used among the NTLM protocols.\\r\\n\\t- Key length indicates the length of the generated session key. This will be 0 if no session key was requested.\\\"\"},\"eventdata\":{\"subjectUserSid\":\"S-1-0-0\",\"subjectLogonId\":\"0x0\",\"targetUserSid\":\"S-1-0-0\",\"targetUserName\":\"Mackova\",\"targetDomainName\":\"PC-1415P\",\"status\":\"0xc000006d\",\"failureReason\":\"%%2313\",\"subStatus\":\"0xc0000064\",\"logonType\":\"3\",\"logonProcessName\":\"NtLmSsp\",\"authenticationPackageName\":\"NTLM\",\"workstationName\":\"PC-1415P\",\"keyLength\":\"0\",\"processId\":\"0x0\",\"ipAddress\":\"147.175.145.162\",\"ipPort\":\"52531\"}}}\n{\"win\":{\"system\":{\"providerName\":\"Microsoft-Windows-Security-Auditing\",\"providerGuid\":\"{54849625-5478-4994-a5ba-3e3b0328c30d}\",\"eventID\":\"4625\",\"version\":\"0\",\"level\":\"0\",\"task\":\"12544\",\"opcode\":\"0\",\"keywords\":\"0x8010000000000000\",\"systemTime\":\"2026-03-05T10:27:46.1980478Z\",\"eventRecordID\":\"4655658\",\"processID\":\"724\",\"threadID\":\"3600\",\"channel\":\"Security\",\"computer\":\"safeq.ad.fiit\",\"severityValue\":\"AUDIT_FAILURE\",\"message\":\"\\\"An account failed to log on.\\r\\n\\r\\nSubject:\\r\\n\\tSecurity ID:\\t\\tS-1-0-0\\r\\n\\tAccount Name:\\t\\t-\\r\\n\\tAccount Domain:\\t\\t-\\r\\n\\tLogon ID:\\t\\t0x0\\r\\n\\r\\nLogon Type:\\t\\t\\t3\\r\\n\\r\\nAccount For Which Logon Failed:\\r\\n\\tSecurity ID:\\t\\tS-1-0-0\\r\\n\\tAccount Name:\\t\\tMackova\\r\\n\\tAccount Domain:\\t\\tPC-1415P\\r\\n\\r\\nFailure Information:\\r\\n\\tFailure Reason:\\t\\tUnknown user name or bad password.\\r\\n\\tStatus:\\t\\t\\t0xC000006D\\r\\n\\tSub Status:\\t\\t0xC0000064\\r\\n\\r\\nProcess Information:\\r\\n\\tCaller Process ID:\\t0x0\\r\\n\\tCaller Process Name:\\t-\\r\\n\\r\\nNetwork Information:\\r\\n\\tWorkstation Name:\\tPC-1415P\\r\\n\\tSource Network Address:\\t147.175.145.162\\r\\n\\tSource Port:\\t\\t52530\\r\\n\\r\\nDetailed Authentication Information:\\r\\n\\tLogon Process:\\t\\tNtLmSsp \\r\\n\\tAuthentication Package:\\tNTLM\\r\\n\\tTransited Services:\\t-\\r\\n\\tPackage Name (NTLM only):\\t-\\r\\n\\tKey Length:\\t\\t0\\r\\n\\r\\nThis event is generated when a logon request fails. It is generated on the computer where access was attempted.\\r\\n\\r\\nThe Subject fields indicate the account on the local system which requested the logon. This is most commonly a service such as the Server service, or a local process such as Winlogon.exe or Services.exe.\\r\\n\\r\\nThe Logon Type field indicates the kind of logon that was requested. The most common types are 2 (interactive) and 3 (network).\\r\\n\\r\\nThe Process Information fields indicate which account and process on the system requested the logon.\\r\\n\\r\\nThe Network Information fields indicate where a remote logon request originated. Workstation name is not always available and may be left blank in some cases.\\r\\n\\r\\nThe authentication information fields provide detailed information about this specific logon request.\\r\\n\\t- Transited services indicate which intermediate services have participated in this logon request.\\r\\n\\t- Package name indicates which sub-protocol was used among the NTLM protocols.\\r\\n\\t- Key length indicates the length of the generated session key. This will be 0 if no session key was requested.\\\"\"},\"eventdata\":{\"subjectUserSid\":\"S-1-0-0\",\"subjectLogonId\":\"0x0\",\"targetUserSid\":\"S-1-0-0\",\"targetUserName\":\"Mackova\",\"targetDomainName\":\"PC-1415P\",\"status\":\"0xc000006d\",\"failureReason\":\"%%2313\",\"subStatus\":\"0xc0000064\",\"logonType\":\"3\",\"logonProcessName\":\"NtLmSsp\",\"authenticationPackageName\":\"NTLM\",\"workstationName\":\"PC-1415P\",\"keyLength\":\"0\",\"processId\":\"0x0\",\"ipAddress\":\"147.175.145.162\",\"ipPort\":\"52530\"}}}\n{\"win\":{\"system\":{\"providerName\":\"Microsoft-Windows-Security-Auditing\",\"providerGuid\":\"{54849625-5478-4994-a5ba-3e3b0328c30d}\",\"eventID\":\"4625\",\"version\":\"0\",\"level\":\"0\",\"task\":\"12544\",\"opcode\":\"0\",\"keywords\":\"0x8010000000000000\",\"systemTime\":\"2026-03-05T10:27:46.1853490Z\",\