  {
    "timestamp": "2026-03-05T11:26:36.911+0100",
    "rule": {
      "level": 10,
      "description": "Multiple Windows Logon Failures",
      "id": "60204",
      "mitre": {
        "id": [
          "T1110"
        ],
        "tactic": [
          "Credential Access"
        ],
        "technique": [
          "Brute Force"
        ]
      },
      "frequency": 8,
      "firedtimes": 17,
      "mail": false,
      "groups": [
        "windows",
        "windows_security",
        "authentication_failures"
      ],
      "pci_dss": [
        "10.2.4",
        "10.2.5",
        "11.4"
      ],
      "gdpr": [
        "IV_35.7.d",
        "IV_32.2"
      ],
      "hipaa": [
        "164.312.b"
      ],
      "nist_800_53": [
        "AU.14",
        "AC.7",
        "SI.4"
      ],
      "tsc": [
        "CC6.1",
        "CC6.8",
        "CC7.2",
        "CC7.3"
      ]
    },
    "agent": {
      "id": "248",
      "name": "safeq",
      "ip": "147.175.144.91"
    },
    "manager": {
      "name": "wazuh.fiit.stuba.sk.novalocal"
    },
    "id": "1772706396.6481505397",
    "previous_output": "{\"win\":{\"system\":{\"providerName\":\"Microsoft-Windows-Security-Auditing\",\"providerGuid\":\"{54849625-5478-4994-a5ba-3e3b0328c30d}\",\"eventID\":\"4625\",\"version\":\"0\",\"level\":\"0\",\"task\":\"12544\",\"opcode\":\"0\",\"keywords\":\"0x8010000000000000\",\"systemTime\":\"2026-03-05T10:26:36.1230651Z\",\"eventRecordID\":\"4655566\",\"processID\":\"724\",\"threadID\":\"9860\",\"channel\":\"Security\",\"computer\":\"safeq.ad.fiit\",\"severityValue\":\"AUDIT_FAILURE\",\"message\":\"\\\"An account failed to log on.\\r\\n\\r\\nSubject:\\r\\n\\tSecurity ID:\\t\\tS-1-0-0\\r\\n\\tAccount Name:\\t\\t-\\r\\n\\tAccount Domain:\\t\\t-\\r\\n\\tLogon ID:\\t\\t0x0\\r\\n\\r\\nLogon Type:\\t\\t\\t3\\r\\n\\r\\nAccount For Which Logon Failed:\\r\\n\\tSecurity ID:\\t\\tS-1-0-0\\r\\n\\tAccount Name:\\t\\tMackova\\r\\n\\tAccount Domain:\\t\\tPC-1415P\\r\\n\\r\\nFailure Information:\\r\\n\\tFailure Reason:\\t\\tUnknown user name or bad password.\\r\\n\\tStatus:\\t\\t\\t0xC000006D\\r\\n\\tSub Status:\\t\\t0xC0000064\\r\\n\\r\\nProcess Information:\\r\\n\\tCaller Process ID:\\t0x0\\r\\n\\tCaller Process Name:\\t-\\r\\n\\r\\nNetwork Information:\\r\\n\\tWorkstation Name:\\tPC-1415P\\r\\n\\tSource Network Address:\\t147.175.145.162\\r\\n\\tSource Port:\\t\\t52454\\r\\n\\r\\nDetailed Authentication Information:\\r\\n\\tLogon Process:\\t\\tNtLmSsp \\r\\n\\tAuthentication Package:\\tNTLM\\r\\n\\tTransited Services:\\t-\\r\\n\\tPackage Name (NTLM only):\\t-\\r\\n\\tKey Length:\\t\\t0\\r\\n\\r\\nThis event is generated when a logon request fails. It is generated on the computer where access was attempted.\\r\\n\\r\\nThe Subject fields indicate the account on the local system which requested the logon. This is most commonly a service such as the Server service, or a local process such as Winlogon.exe or Services.exe.\\r\\n\\r\\nThe Logon Type field indicates the kind of logon that was requested. The most common types are 2 (interactive) and 3 (network).\\r\\n\\r\\nThe Process Information fields indicate which account and process on the system requested the logon.\\r\\n\\r\\nThe Network Information fields indicate where a remote logon request originated. Workstation name is not always available and may be left blank in some cases.\\r\\n\\r\\nThe authentication information fields provide detailed information about this specific logon request.\\r\\n\\t- Transited services indicate which intermediate services have participated in this logon request.\\r\\n\\t- Package name indicates which sub-protocol was used among the NTLM protocols.\\r\\n\\t- Key length indicates the length of the generated session key. This will be 0 if no session key was requested.\\\"\"},\"eventdata\":{\"subjectUserSid\":\"S-1-0-0\",\"subjectLogonId\":\"0x0\",\"targetUserSid\":\"S-1-0-0\",\"targetUserName\":\"Mackova\",\"targetDomainName\":\"PC-1415P\",\"status\":\"0xc000006d\",\"failureReason\":\"%%2313\",\"subStatus\":\"0xc0000064\",\"logonType\":\"3\",\"logonProcessName\":\"NtLmSsp\",\"authenticationPackageName\":\"NTLM\",\"workstationName\":\"PC-1415P\",\"keyLength\":\"0\",\"processId\":\"0x0\",\"ipAddress\":\"147.175.145.162\",\"ipPort\":\"52454\"}}}\n{\"win\":{\"system\":{\"providerName\":\"Microsoft-Windows-Security-Auditing\",\"providerGuid\":\"{54849625-5478-4994-a5ba-3e3b0328c30d}\",\"eventID\":\"4625\",\"version\":\"0\",\"level\":\"0\",\"task\":\"12544\",\"opcode\":\"0\",\"keywords\":\"0x8010000000000000\",\"systemTime\":\"2026-03-05T10:26:36.1012074Z\",\"eventRecordID\":\"4655564\",\"processID\":\"724\",\"threadID\":\"9860\",\"channel\":\"Security\",\"computer\":\"safeq.ad.fiit\",\"severityValue\":\"AUDIT_FAILURE\",\"message\":\"\\\"An account failed to log on.\\r\\n\\r\\nSubject:\\r\\n\\tSecurity ID:\\t\\tS-1-0-0\\r\\n\\tAccount Name:\\t\\t-\\r\\n\\tAccount Domain:\\t\\t-\\r\\n\\tLogon ID:\\t\\t0x0\\r\\n\\r\\nLogon Type:\\t\\t\\t3\\r\\n\\r\\nAccount For Which Logon Failed:\\r\\n\\tSecurity ID:\\t\\tS-1-0-0\\r\\n\\tAccount Name:\\t\\tMackova\\r\\n\\tAccount Domain:\\t\\tPC-1415P\\r\\n\\r\\nFailure Information:\\r\\n\\tFailure Reason:\\t\\tUnknown user name or bad password.\\r\\n\\tStatus:\\t\\t\\t0xC000006D\\r\\n\\tSub Status:\\t\\t0xC0000064\\r\\n\\r\\nProcess Information:\\r\\n\\tCaller Process ID:\\t0x0\\r\\n\\tCaller Process Name:\\t-\\r\\n\\r\\nNetwork Information:\\r\\n\\tWorkstation Name:\\tPC-1415P\\r\\n\\tSource Network Address:\\t147.175.145.162\\r\\n\\tSource Port:\\t\\t52453\\r\\n\\r\\nDetailed Authentication Information:\\r\\n\\tLogon Process:\\t\\tNtLmSsp \\r\\n\\tAuthentication Package:\\tNTLM\\r\\n\\tTransited Services:\\t-\\r\\n\\tPackage Name (NTLM only):\\t-\\r\\n\\tKey Length:\\t\\t0\\r\\n\\r\\nThis event is generated when a logon request fails. It is generated on the computer where access was attempted.\\r\\n\\r\\nThe Subject fields indicate the account on the local system which requested the logon. This is most commonly a service such as the Server service, or a local process such as Winlogon.exe or Services.exe.\\r\\n\\r\\nThe Logon Type field indicates the kind of logon that was requested. The most common types are 2 (interactive) and 3 (network).\\r\\n\\r\\nThe Process Information fields indicate which account and process on the system requested the logon.\\r\\n\\r\\nThe Network Information fields indicate where a remote logon request originated. Workstation name is not always available and may be left blank in some cases.\\r\\n\\r\\nThe authentication information fields provide detailed information about this specific logon request.\\r\\n\\t- Transited services indicate which intermediate services have participated in this logon request.\\r\\n\\t- Package name indicates which sub-protocol was used among the NTLM protocols.\\r\\n\\t- Key length indicates the length of the generated session key. This will be 0 if no session key was requested.\\\"\"},\"eventdata\":{\"subjectUserSid\":\"S-1-0-0\",\"subjectLogonId\":\"0x0\",\"targetUserSid\":\"S-1-0-0\",\"targetUserName\":\"Mackova\",\"targetDomainName\":\"PC-1415P\",\"status\":\"0xc000006d\",\"failureReason\":\"%%2313\",\"subStatus\":\"0xc0000064\",\"logonType\":\"3\",\"logonProcessName\":\"NtLmSsp\",\"authenticationPackageName\":\"NTLM\",\"workstationName\":\"PC-1415P\",\"keyLength\":\"0\",\"processId\":\"0x0\",\"ipAddress\":\"147.175.145.162\",\"ipPort\":\"52453\"}}}\n{\"win\":{\"system\":{\"providerName\":\"Microsoft-Windows-Security-Auditing\",\"providerGuid\":\"{54849625-5478-4994-a5ba-3e3b0328c30d}\",\"eventID\":\"4625\",\"version\":\"0\",\"level\":\"0\",\"task\":\"12544\",\"opcode\":\"0\",\"keywords\":\"0x8010000000000000\",\"systemTime\":\"2026-03-05T10:26:36.0835122Z\",\"eventRecordID\":\"4655562\",\"processID\":\"724\",\"threadID\":\"9860\",\"channel\":\"Security\",\"computer\":\"safeq.ad.fiit\",\"severityValue\":\"AUDIT_FAILURE\",\"message\":\"\\\"An account failed to log on.\\r\\n\\r\\nSubject:\\r\\n\\tSecurity ID:\\t\\tS-1-0-0\\r\\n\\tAccount Name:\\t\\t-\\r\\n\\tAccount Domain:\\t\\t-\\r\\n\\tLogon ID:\\t\\t0x0\\r\\n\\r\\nLogon Type:\\t\\t\\t3\\r\\n\\r\\nAccount For Which Logon Failed:\\r\\n\\tSecurity ID:\\t\\tS-1-0-0\\r\\n\\tAccount Name:\\t\\tMackova\\r\\n\\tAccount Domain:\\t\\tPC-1415P\\r\\n\\r\\nFailure Information:\\r\\n\\tFailure Reason:\\t\\tUnknown user name or bad password.\\r\\n\\tStatus:\\t\\t\\t0xC000006D\\r\\n\\tSub Status:\\t\\t0xC0000064\\r\\n\\r\\nProcess Information:\\r\\n\\tCaller Process ID:\\t0x0\\r\\n\\tCaller Process Name:\\t-\\r\\n\\r\\nNetwork Information:\\r\\n\\tWorkstation Name:\\tPC-1415P\\r\\n\\tSource Network Address:\\t147.175.145.162\\r\\n\\tSource Port:\\t\\t52452\\r\\n\\r\\nDetailed Authentication Information:\\r\\n\\tLogon Process:\\t\\tNtLmSsp \\r\\n\\tAuthentication Package:\\tNTLM\\r\\n\\tTransited Services:\\t-\\r\\n\\tPackage Name (NTLM only):\\t-\\r\\n\\tKey Length:\\t\\t0\\r\\n\\r\\nThis event is generated when a logon request fails. It is generated on the computer where access was attempted.\\r\\n\\r\\nThe Subject fields indicate the account on the local system which requested the logon. This is most commonly a service such as the Server service, or a local process such as Winlogon.exe or Services.exe.\\r\\n\\r\\nThe Logon Type field indicates the kind of logon that was requested. The most common types are 2 (interactive) and 3 (network).\\r\\n\\r\\nThe Process Information fields indicate which account and process on the system requested the logon.\\r\\n\\r\\nThe Network Information fields indicate where a remote logon request originated. Workstation name is not always available and may be left blank in some cases.\\r\\n\\r\\nThe authentication information fields provide detailed information about this specific logon request.\\r\\n\\t- Transited services indicate which intermediate services have participated in this logon request.\\r\\n\\t- Package name indicates which sub-protocol was used among the NTLM protocols.\\r\\n\\t- Key length indicates the length of the generated session key. This will be 0 if no session key was requested.\\\"\"},\"eventdata\":{\"subjectUserSid\":\"S-1-0-0\",\"subjectLogonId\":\"0x0\",\"targetUserSid\":\"S-1-0-0\",\"targetUserName\":\"Mackova\",\"targetDomainName\":\"PC-1415P\",\"status\":\"0xc000006d\",\"failureReason\":\"%%2313\",\"subStatus\":\"0xc0000064\",\"logonType\":\"3\",\"logonProcessName\":\"NtLmSsp\",\"authenticationPackageName\":\"NTLM\",\"workstationName\":\"PC-1415P\",\"keyLength\":\"0\",\"processId\":\"0x0\",\"ipAddress\":\"147.175.145.162\",\"ipPort\":\"52452\"}}}\n{\"win\":{\"system\":{\"providerName\":\"Microsoft-Windows-Security-Auditing\",\"providerGuid\":\"{54849625-5478-4994-a5ba-3e3b0328c30d}\",\"eventID\":\"4625\",\"version\":\"0\",\"level\":\"0\",\"task\":\"12544\",\"opcode\":\"0\",\"keywords\":\"0x8010000000000000\",\"systemTime\":\"2026-03-05T10:26:35.6625259Z\",\"eventRecordID\":\"4655559\",\"processID\":\"724\",\"threadID\":\"9860\",\"channel\":\"Security\",\"computer\":\"safeq.ad.fiit\",\"severityValue\":\"AUDIT_FAILURE\",\"message\":\"\\\"An account failed to log on.\\r\\n\\r\\nSubject:\\r\\n\\tSecurity ID:\\t\\tS-1-0-0\\r\\n\\tAccount Name:\\t\\t-\\r\\n\\tAccount Domain:\\t\\t-\\r\\n\\tLogon ID:\\t\\t0x0\\r\\n\\r\\nLogon Type:\\t\\t\\t3\\r\\n\\r\\nAccount For Which Logon Failed:\\r\\n\\tSecurity ID:\\t\\tS-1-0-0\\r\\n\\tAccount Name:\\t\\tMackova\\r\\n\\tAccount Domain:\\t\\tPC-1415P\\r\\n\\r\\nFailure Information:\\r\\n\\tFailure Reason:\\t\\tUnknown user name or bad password.\\r\\n\\tStatus:\\t\\t\\t0xC000006D\\r\\n\\tSub Status:\\t\\t0xC0000064\\r\\n\\r\\nProcess Information:\\r\\n\\tCaller Process ID:\\t0x0\\r\\n\\tCaller Process Name:\\t-\\r\\n\\r\\nNetwork Information:\\r\\n\\tWorkstation Name:\\tPC-1415P\\r\\n\\tSource Network Address:\\t147.175.145.162\\r\\n\\tSource Port:\\t\\t52451\\r\\n\\r\\nDetailed Authentication Information:\\r\\n\\tLogon Process:\\t\\tNtLmSsp \\r\\n\\tAuthentication Package:\\tNTLM\\r\\n\\tTransited Services:\\t-\\r\\n\\tPackage Name (NTLM only):\\t-\\r\\n\\tKey Length:\\t\\t0\\r\\n\\r\\nThis event is generated when a logon request fails. It is generated on the computer where access was attempted.\\r\\n\\r\\nThe Subject fields indicate the account on the local system which requested the logon. This is most commonly a service such as the Server service, or a local process such as Winlogon.exe or Services.exe.\\r\\n\\r\\nThe Logon Type field indicates the kind of logon that was requested. The most common types are 2 (interactive) and 3 (network).\\r\\n\\r\\nThe Process Information fields indicate which account and process on the system requested the logon.\\r\\n\\r\\nThe Network Information fields indicate where a remote logon request originated. Workstation name is not always available and may be left blank in some cases.\\r\\n\\r\\nThe authentication information fields provide detailed information about this specific logon request.\\r\\n\\t- Transited services indicate which intermediate services have participated in this logon request.\\r\\n\\t- Package name indicates which sub-protocol was used among the NTLM protocols.\\r\\n\\t- Key length indicates the length of the generated session key. This will be 0 if no session key was requested.\\\"\"},\"eventdata\":{\"subjectUserSid\":\"S-1-0-0\",\"subjectLogonId\":\"0x0\",\"targetUserSid\":\"S-1-0-0\",\"targetUserName\":\"Mackova\",\"targetDomainName\":\"PC-1415P\",\"status\":\"0xc000006d\",\"failureReason\":\"%%2313\",\"subStatus\":\"0xc0000064\",\"logonType\":\"3\",\"logonProcessName\":\"NtLmSsp\",\"authenticationPackageName\":\"NTLM\",\"workstationName\":\"PC-1415P\",\"keyLength\":\"0\",\"processId\":\"0x0\",\"ipAddress\":\"147.175.145.162\",\"ipPort\":\"52451\"}}}\n{\"win\":{\"system\":{\"providerName\":\"Microsoft-Windows-Security-Auditing\",\"providerGuid\":\"{54849625-5478-4994-a5ba-3e3b0328c30d}\",\"eventID\":\"4625\",\"version\":\"0\",\"level\":\"0\",\"task\":\"12544\",\"opcode\":\"0\",\"keywords\":\"0x8010000000000000\",\"systemTime\":\"2026-03-05T10:26:35.6406547Z\",\"eventRecordID\":\"4655557\",\"processID\":\"724\",\"threadID\":\"9860\",\"channel\":\"Security\",\"computer\":\"safeq.ad.fiit\",\"severityValue\":\"AUDIT_FAILURE\",\"message\":\"\\\"An account failed to log on.\\r\\n\\r\\nSubject:\\r\\n\\tSecurity ID:\\t\\tS-1-0-0\\r\\n\\tAccount Name:\\t\\t-\\r\\n\\tAccount Domain:\\t\\t-\\r\\n\\tLogon ID:\\t\\t0x0\\r\\n\\r\\nLogon Type:\\t\\t\\t3\\r\\n\\r\\nAccount For Which Logon Failed:\\r\\n\\tSecurity ID:\\t\\tS-1-0-0\\r\\n\\tAccount Name:\\t\\tMackova\\r\\n\\tAccount Domain:\\t\\tPC-1415P\\r\\n\\r\\nFailure Information:\\r\\n\\tFailure Reason:\\t\\tUnknown user name or bad password.\\r\\n\\tStatus:\\t\\t\\t0xC000006D\\r\\n\\tSub Status:\\t\\t0xC0000064\\r\\n\\r\\nProcess Information:\\r\\n\\tCaller Process ID:\\t0x0\\r\\n\\tCaller Process Name:\\t-\\r\\n\\r\\nNetwork Information:\\r\\n\\tWorkstation Name:\\tPC-1415P\\r\\n\\tSource Network Address:\\t147.175.145.162\\r\\n\\tSource Port:\\t\\t52450\\r\\n\\r\\nDetailed Authentication Information:\\r\\n\\tLogon Process:\\t\\tNtLmSsp \\r\\n\\tAuthentication Package:\\tNTLM\\r\\n\\tTransited Services:\\t-\\r\\n\\tPackage Name (NTLM only):\\t-\\r\\n\\tKey Length:\\t\\t0\\r\\n\\r\\nThis event is generated when a logon request fails. It is generated on the computer where access was attempted.\\r\\n\\r\\nThe Subject fields indicate the account on the local system which requested the logon. This is most commonly a service such as the Server service, or a local process such as Winlogon.exe or Services.exe.\\r\\n\\r\\nThe Logon Type field indicates the kind of logon that was requested. The most common types are 2 (interactive) and 3 (network).\\r\\n\\r\\nThe Process Information fields indicate which account and process on the system requested the logon.\\r\\n\\r\\nThe Network Information fields indicate where a remote logon request originated. Workstation name is not always available and may be left blank in some cases.\\r\\n\\r\\nThe authentication information fields provide detailed information about this specific logon request.\\r\\n\\t- Transited services indicate which intermediate services have participated in this logon request.\\r\\n\\t- Package name indicates which sub-protocol was used among the NTLM protocols.\\r\\n\\t- Key length indicates the length of the generated session key. This will be 0 if no session key was requested.\\\"\"},\"eventdata\":{\"subjectUserSid\":\"S-1-0-0\",\"subjectLogonId\":\"0x0\",\"targetUserSid\":\"S-1-0-0\",\"targetUserName\":\"Mackova\",\"targetDomainName\":\"PC-1415P\",\"status\":\"0xc000006d\",\"failureReason\":\"%%2313\",\"subStatus\":\"0xc0000064\",\"logonType\":\"3\",\"logonProcessName\":\"NtLmSsp\",\"authenticationPackageName\":\"NTLM\",\"workstationName\":\"PC-1415P\",\"keyLength\":\"0\",\"processId\":\"0x0\",\"ipAddress\":\"147.175.145.162\",\"ipPort\":\"52450\"}}}\n{\"win\":{\"system\":{\"providerName\":\"Microsoft-Windows-Security-Auditing\",\"providerGuid\":\"{54849625-5478-4994-a5ba-3e3b0328c30d}\",\"eventID\":\"4625\",\"version\":\"0\",\"level\":\"0\",\"task\":\"12544\",\"opcode\":\"0\",\"keywords\":\"0x8010000000000000\",\"systemTime\":\"2026-03-05T10:26:27.5697025Z\",\"eventRecordID\":\"4655551\",\"processID\":\"724\",\"threadID\":\"9860\",\"channel\":\"Security\",\"computer\":\"safeq.ad.fiit\",\"severityValue\":\"AUDIT_FAILURE\",\"message\":\"\\\"An account failed to log on.\\r\\n\\r\\nSubject:\\r\\n\\tSecurity ID:\\t\\tS-1-0-0\\r\\n\\tAccount Name:\\t\\t-\\r\\n\\tAccount Domain:\\t\\t-\\r\\n\\tLogon ID:\\t\\t0x0\\r\\n\\r\\nLogon Type:\\t\\t\\t3\\r\\n\\r\\nAccount For Which Logon Failed:\\r\\n\\tSecurity ID:\\t\\tS-1-0-0\\r\\n\\tAccount Name:\\t\\tMackova\\r\\n\\tAccount Domain:\\t\\tPC-1415P\\r\\n\\r\\nFailure Information:\\r\\n\\tFailure Reason:\\t\\tUnknown user name or bad password.\\r\\n\\tStatus:\\t\\t\\t0xC000006D\\r\\n\\tSub Status:\\t\\t0xC0000064\\r\\n\\r\\nProcess Information:\\r\\n\\tCaller Process ID:\\t0x0\\r\\n\\tCaller Process Name:\\t-\\r\\n\\r\\nNetwork Information:\\r\\n\\tWorkstation Name:\\tPC-1415P\\r\\n\\tSource Network Address:\\t147.175.145.162\\r\\n\\tSource Port:\\t\\t52446\\r\\n\\r\\nDetailed Authentication Information:\\r\\n\\tLogon Process:\\t\\tNtLmSsp \\r\\n\\tAuthentication Package:\\tNTLM\\r\\n\\tTransited Services:\\t-\\r\\n\\tPackage Name (NTLM only):\\t-\\r\\n\\tKey Length:\\t\\t0\\r\\n\\r\\nThis event is generated when a logon request fails. It is generated on the computer where access was attempted.\\r\\n\\r\\nThe Subject fields indicate the account on the local system which requested the logon. This is most commonly a service such as the Server service, or a local process such as Winlogon.exe or Services.exe.\\r\\n\\r\\nThe Logon Type field indicates the kind of logon that was requested. The most common types are 2 (interactive) and 3 (network).\\r\\n\\r\\nThe Process Information fields indicate which account and process on the system requested the logon.\\r\\n\\r\\nThe Network Information fields indicate where a remote logon request originated. Workstation name is not always available and may be left blank in some cases.\\r\\n\\r\\nThe authentication information fields provide detailed information about this specific logon request.\\r\\n\\t- Transited services indicate which intermediate services have participated in this logon request.\\r\\n\\t- Package name indicates which sub-protocol was used among the NTLM protocols.\\r\\n\\t- Key length indicates the length of the generated session key. This will be 0 if no session key was requested.\\\"\"},\"eventdata\":{\"subjectUserSid\":\"S-1-0-0\",\"subjectLogonId\":\"0x0\",\"targetUserSid\":\"S-1-0-0\",\"targetUserName\":\"Mackova\",\"targetDomainName\":\"PC-1415P\",\"status\":\"0xc000006d\",\"failureReason\":\"%%2313\",\"subStatus\":\"0xc0000064\",\"logonType\":\"3\",\"logonProcessName\":\"NtLmSsp\",\"authenticationPackageName\":\"NTLM\",\"workstationName\":\"PC-1415P\",\"keyLength\":\"0\",\"processId\":\"0x0\",\"ipAddress\":\"147.175.145.162\",\"ipPort\":\"52446\"}}}\n{\"win\":{\"system\":{\"providerName\":\"Microsoft-Windows-Security-Auditing\",\"providerGuid\":\"{54849625-5478-4994-a5ba-3e3b0328c30d}\",\"eventID\":\"4625\",\"version\":\"0\",\"level\":\"0\",\"task\":\"12544\",\"opcode\":\"0\",\"keywords\":\"0x8010000000000000\",\"systemTime\":\"2026-03-05T10:26:27.5456406Z\",\"eventRecordID\":\"4655548\",\"processID\":\"724\",\"threadID\":\"1888\",\"channel\":\"Security\",\"computer\":\"safeq.ad.fiit\",\"severityValue\":\"AUDIT_FAILURE\",\"message\":\"\\\"An account failed to log on.\\r\\n\\r\\nSubject:\\r\\n\\tSecurity ID:\\t\\tS-1-0-0\\r\\n\\tAccount Name:\\t\\t-\\r\\n\\tAccount Domain:\\t\\t-\\r\\n\\tLogon ID:\\t\\t0x0\\r\\n\\r\\nLogon Type:\\t\\t\\t3\\r\\n\\r\\nAccount For Which Logon Failed:\\r\\n\\tSecurity ID:\\t\\tS-1-0-0\\r\\n\\tAccount Name:\\t\\tMackova\\r\\n\\tAccount Domain:\\t\\tPC-1415P\\r\\n\\r\\nFailure Information:\\r\\n\\tFailure Reason:\\t\\tUnknown user name or bad password.\\r\\n\\tStatus:\\t\\t\\t0xC000006D\\r\\n\\tSub Status:\\t\\t0xC0000064\\r\\n\\r\\nProcess Information:\\r\\n\\tCaller Process ID:\\t0x0\\r\\n\\tCaller Process Name:\\t-\\r\\n\\r\\nNetwork Information:\\r\\n\\tWorkstation Name:\\tPC-1415P\\r\\n\\tSource Network Address:\\t147.175.145.162\\r\\n\\tSource Port:\\t\\t52443\\r\\n\\r\\nDetailed Authentication Information:\\r\\n\\tLogon Process:\\t\\tNtLmSsp \\r\\n\\tAuthentication Package:\\tNTLM\\r\\n\\tTransited Services:\\t-\\r\\n\\tPackage Name (NTLM only):\\t-\\r\\n\\tKey Length:\\t\\t0\\r\\n\\r\\nThis event is generated when a logon request fails. It is generated on the computer where access was attempted.\\r\\n\\r\\nThe Subject fields indicate the account on the local system which requested the logon. This is most commonly a service such as the Server service, or a local process such as Winlogon.exe or Services.exe.\\r\\n\\r\\nThe Logon Type field indicates the kind of logon that was requested. The most common types are 2 (interactive) and 3 (network).\\r\\n\\r\\nThe Process Information fields indicate which account and process on the system requested the logon.\\r\\n\\r\\nThe Network Information fields indicate where a remote logon request originated. Workstation name is not always available and may be left blank in some cases.\\r\\n\\r\\nThe authentication information fields provide detailed information about this specific logon request.\\r\\n\\t- Transited services indicate which intermediate services have participated in this logon request.\\r\\n\\t- Package name indicates which sub-protocol was used among the NTLM protocols.\\r\\n\\t- Key length indicates the length of the generated session key. This will be 0 if no session key was requested.\\\"\"},\"eventdata\":{\"subjectUserSid\":\"S-1-0-0\",\"subjectLogonId\":\"0x0\",\"targetUserSid\":\"S-1-0-0\",\"targetUserName\":\"Mackova\",\"targetDomainName\":\"PC-1415P\",\"status\":\"0xc000006d\",\"failureReason\":\"%%2313\",\"subStatus\":\"0xc0000064\",\"logonType\":\"3\",\"logonProcessName\":\"NtLmSsp\",\"authenticationPackageName\":\"NTLM\",\"workstationName\":\"PC-1415P\",\"keyLength\":\"0\",\"processId\":\"0x0\",\"ipAddress\":\"147.175.145.162\",\"ipPort\":\"52443\"}}}",
    "full_log": "{\"win\":{\"system\":{\"providerName\":\"Microsoft-Windows-Security-Auditing\",\"providerGuid\":\"{54849625-5478-4994-a5ba-3e3b0328c30d}\",\"eventID\":\"4625\",\"version\":\"0\",\"level\":\"0\",\"task\":\"12544\",\"opcode\":\"0\",\"keywords\":\"0x8010000000000000\",\"systemTime\":\"2026-03-05T10:26:36.1375572Z\",\"eventRecordID\":\"4655568\",\"processID\":\"724\",\"threadID\":\"9860\",\"channel\":\"Security\",\"computer\":\"safeq.ad.fiit\",\"severityValue\":\"AUDIT_FAILURE\",\"message\":\"\\\"An account failed to log on.\\r\\n\\r\\nSubject:\\r\\n\\tSecurity ID:\\t\\tS-1-0-0\\r\\n\\tAccount Name:\\t\\t-\\r\\n\\tAccount Domain:\\t\\t-\\r\\n\\tLogon ID:\\t\\t0x0\\r\\n\\r\\nLogon Type:\\t\\t\\t3\\r\\n\\r\\nAccount For Which Logon Failed:\\r\\n\\tSecurity ID:\\t\\tS-1-0-0\\r\\n\\tAccount Name:\\t\\tMackova\\r\\n\\tAccount Domain:\\t\\tPC-1415P\\r\\n\\r\\nFailure Information:\\r\\n\\tFailure Reason:\\t\\tUnknown user name or bad password.\\r\\n\\tStatus:\\t\\t\\t0xC000006D\\r\\n\\tSub Status:\\t\\t0xC0000064\\r\\n\\r\\nProcess Information:\\r\\n\\tCaller Process ID:\\t0x0\\r\\n\\tCaller Process Name:\\t-\\r\\n\\r\\nNetwork Information:\\r\\n\\tWorkstation Name:\\tPC-1415P\\r\\n\\tSource Network Address:\\t147.175.145.162\\r\\n\\tSource Port:\\t\\t52455\\r\\n\\r\\nDetailed Authentication Information:\\r\\n\\tLogon Process:\\t\\tNtLmSsp \\r\\n\\tAuthentication Package:\\tNTLM\\r\\n\\tTransited Services:\\t-\\r\\n\\tPackage Name (NTLM only):\\t-\\r\\n\\tKey Length:\\t\\t0\\r\\n\\r\\nThis event is generated when a logon request fails. It is generated on the computer where access was attempted.\\r\\n\\r\\nThe Subject fields indicate the account on the local system which requested the logon. This is most commonly a service such as the Server service, or a local process such as Winlogon.exe or Services.exe.\\r\\n\\r\\nThe Logon Type field indicates the kind of logon that was requested. The most common types are 2 (interactive) and 3 (network).\\r\\n\\r\\nThe Process Information fields indicate which account and process on the system requested the logon.\\r\\n\\r\\nThe Network Information fields indicate where a remote logon request originated. Workstation name is not always available and may be left blank in some cases.\\r\\n\\r\\nThe authentication information fields provide detailed information about this specific logon request.\\r\\n\\t- Transited services indicate which intermediate services have participated in this logon request.\\r\\n\\t- Package name indicates which sub-protocol was used among the NTLM protocols.\\r\\n\\t- Key length indicates the length of the generated session key. This will be 0 if no session key was requested.\\\"\"},\"eventdata\":{\"subjectUserSid\":\"S-1-0-0\",\"subjectLogonId\":\"0x0\",\"targetUserSid\":\"S-1-0-0\",\"targetUserName\":\"Mackova\",\"targetDomainName\":\"PC-1415P\",\"status\":\"0xc000006d\",\"failureReason\":\"%%2313\",\"subStatus\":\"0xc0000064\",\"logonType\":\"3\",\"logonProcessName\":\"NtLmSsp\",\"authenticationPackageName\":\"NTLM\",\"workstationName\":\"PC-1415P\",\"keyLength\":\"0\",\"processId\":\"0x0\",\"ipAddress\":\"147.175.145.162\",\"ipPort\":\"52455\"}}}",
    "decoder": {
      "name": "windows_eventchannel"
    },
    "data": {
      "win": {
        "system": {
          "providerName": "Microsoft-Windows-Security-Auditing",
          "providerGuid": "{54849625-5478-4994-a5ba-3e3b0328c30d}",
          "eventID": "4625",
          "version": "0",
          "level": "0",
          "task": "12544",
          "opcode": "0",
          "keywords": "0x8010000000000000",
          "systemTime": "2026-03-05T10:26:36.1375572Z",
