  {
    "timestamp": "2025-10-28T00:02:43.946+0100",
    "agent": {
      "id": "307",
      "name": "vdi-143",
      "ip": "10.162.13.3"
    },
    "manager": {
      "name": "wazuh.fiit.stuba.sk.novalocal"
    },
    "id": "1761606163.19245173",
    "full_log": "{\"win\":{\"system\":{\"providerName\":\"Microsoft-Windows-Security-Auditing\",\"providerGuid\":\"{54849625-5478-4994-a5ba-3e3b0328c30d}\",\"eventID\":\"5379\",\"version\":\"0\",\"level\":\"0\",\"task\":\"13824\",\"opcode\":\"0\",\"keywords\":\"0x8020000000000000\",\"systemTime\":\"2025-10-27T23:02:42.5937215Z\",\"eventRecordID\":\"341720\",\"processID\":\"724\",\"threadID\":\"3704\",\"channel\":\"Security\",\"computer\":\"vdi-143.ucebne.fiit.stuba.sk\",\"severityValue\":\"AUDIT_SUCCESS\",\"message\":\"\\\"Credential Manager credentials were read.\\r\\n\\r\\nSubject:\\r\\n\\tSecurity ID:\\t\\tS-1-5-18\\r\\n\\tAccount Name:\\t\\tVDI-143$\\r\\n\\tAccount Domain:\\t\\tUCEBNE\\r\\n\\tLogon ID:\\t\\t0x3E7\\r\\n\\tRead Operation:\\t\\tEnumerate Credentials\\r\\n\\r\\nThis event occurs when a user performs a read operation on stored credentials in Credential Manager.\\\"\"},\"eventdata\":{\"subjectUserSid\":\"S-1-5-18\",\"subjectUserName\":\"VDI-143$\",\"subjectDomainName\":\"UCEBNE\",\"subjectLogonId\":\"0x3e7\",\"targetName\":\"MicrosoftAccount:user=02nvxcshavxggkdf\",\"type\":\"0\",\"countOfCredentialsReturned\":\"0\",\"readOperation\":\"%%8100\",\"returnCode\":\"3221226021\",\"processCreationTime\":\"2025-10-27T22:58:10.1267010Z\",\"clientProcessId\":\"328\"}}}",
    "decoder": {
      "name": "windows_eventchannel"
    },
    "data": {
      "win": {
        "system": {
          "providerName": "Microsoft-Windows-Security-Auditing",
          "providerGuid": "{54849625-5478-4994-a5ba-3e3b0328c30d}",
          "eventID": "5379",
          "version": "0",
          "level": "0",
          "task": "13824",
          "opcode": "0",
          "keywords": "0x8020000000000000",
          "systemTime": "2025-10-27T23:02:42.5937215Z",
          "eventRecordID": "341720",
          "processID": "724",
          "threadID": "3704",
          "channel": "Security",
          "computer": "vdi-143.ucebne.fiit.stuba.sk",
          "severityValue": "AUDIT_SUCCESS",
          "message": "\"Credential Manager credentials were read.\r\n\r\nSubject:\r\n\tSecurity ID:\t\tS-1-5-18\r\n\tAccount Name:\t\tVDI-143$\r\n\tAccount Domain:\t\tUCEBNE\r\n\tLogon ID:\t\t0x3E7\r\n\tRead Operation:\t\tEnumerate Credentials\r\n\r\nThis event occurs when a user performs a read operation on stored credentials in Credential Manager.\""
        },
        "eventdata": {
          "subjectUserSid": "S-1-5-18",
          "subjectUserName": "VDI-143$",
          "subjectDomainName": "UCEBNE",
          "subjectLogonId": "0x3e7",
          "targetName": "MicrosoftAccount:user=02nvxcshavxggkdf",
          "type": "0",
          "countOfCredentialsReturned": "0",
          "readOperation": "%%8100",
          "returnCode": "3221226021",
          "processCreationTime": "2025-10-27T22:58:10.1267010Z",
          "clientProcessId": "328"
        }
      }
    },
    "location": "EventChannel"
  },
  {
    "timestamp": "2025-10-28T00:02:43.950+0100",
    "agent": {
      "id": "307",
      "name": "vdi-143",
      "ip": "10.162.13.3"
    },
    "manager": {
      "name": "wazuh.fiit.stuba.sk.novalocal"
    },
    "id": "1761606163.19245173",
    "full_log": "{\"win\":{\"system\":{\"providerName\":\"Microsoft-Windows-Security-Auditing\",\"providerGuid\":\"{54849625-5478-4994-a5ba-3e3b0328c30d}\",\"eventID\":\"5379\",\"version\":\"0\",\"level\":\"0\",\"task\":\"13824\",\"opcode\":\"0\",\"keywords\":\"0x8020000000000000\",\"systemTime\":\"2025-10-27T23:02:42.5939768Z\",\"eventRecordID\":\"341721\",\"processID\":\"724\",\"threadID\":\"3704\",\"channel\":\"Security\",\"computer\":\"vdi-143.ucebne.fiit.stuba.sk\",\"severityValue\":\"AUDIT_SUCCESS\",\"message\":\"\\\"Credential Manager credentials were read.\\r\\n\\r\\nSubject:\\r\\n\\tSecurity ID:\\t\\tS-1-5-18\\r\\n\\tAccount Name:\\t\\tVDI-143$\\r\\n\\tAccount Domain:\\t\\tUCEBNE\\r\\n\\tLogon ID:\\t\\t0x3E7\\r\\n\\tRead Operation:\\t\\tEnumerate Credentials\\r\\n\\r\\nThis event occurs when a user performs a read operation on stored credentials in Credential Manager.\\\"\"},\"eventdata\":{\"subjectUserSid\":\"S-1-5-18\",\"subjectUserName\":\"VDI-143$\",\"subjectDomainName\":\"UCEBNE\",\"subjectLogonId\":\"0x3e7\",\"targetName\":\"WindowsLive:(token):name=02nvxcshavxggkdf;serviceuri=*\",\"type\":\"0\",\"countOfCredentialsReturned\":\"0\",\"readOperation\":\"%%8100\",\"returnCode\":\"3221226021\",\"processCreationTime\":\"2025-10-27T22:58:10.1267010Z\",\"clientProcessId\":\"328\"}}}",
    "decoder": {
      "name": "windows_eventchannel"
    },
    "data": {
      "win": {
        "system": {
          "providerName": "Microsoft-Windows-Security-Auditing",
          "providerGuid": "{54849625-5478-4994-a5ba-3e3b0328c30d}",
          "eventID": "5379",
          "version": "0",
          "level": "0",
          "task": "13824",
          "opcode": "0",
          "keywords": "0x8020000000000000",
          "systemTime": "2025-10-27T23:02:42.5939768Z",
          "eventRecordID": "341721",
          "processID": "724",
          "threadID": "3704",
          "channel": "Security",
          "computer": "vdi-143.ucebne.fiit.stuba.sk",
          "severityValue": "AUDIT_SUCCESS",
          "message": "\"Credential Manager credentials were read.\r\n\r\nSubject:\r\n\tSecurity ID:\t\tS-1-5-18\r\n\tAccount Name:\t\tVDI-143$\r\n\tAccount Domain:\t\tUCEBNE\r\n\tLogon ID:\t\t0x3E7\r\n\tRead Operation:\t\tEnumerate Credentials\r\n\r\nThis event occurs when a user performs a read operation on stored credentials in Credential Manager.\""
        },
        "eventdata": {
          "subjectUserSid": "S-1-5-18",
          "subjectUserName": "VDI-143$",
          "subjectDomainName": "UCEBNE",
          "subjectLogonId": "0x3e7",
          "targetName": "WindowsLive:(token):name=02nvxcshavxggkdf;serviceuri=*",
          "type": "0",
          "countOfCredentialsReturned": "0",
          "readOperation": "%%8100",
          "returnCode": "3221226021",
          "processCreationTime": "2025-10-27T22:58:10.1267010Z",
          "clientProcessId": "328"
        }
      }
    },
    "location": "EventChannel"
  },
  {
    "timestamp": "2025-10-28T00:02:43.957+0100",
    "agent": {
      "id": "307",
      "name": "vdi-143",
      "ip": "10.162.13.3"
    },
    "manager": {
      "name": "wazuh.fiit.stuba.sk.novalocal"
    },
    "id": "1761606163.19245173",
    "full_log": "{\"win\":{\"system\":{\"providerName\":\"Microsoft-Windows-Security-Auditing\",\"providerGuid\":\"{54849625-5478-4994-a5ba-3e3b0328c30d}\",\"eventID\":\"5379\",\"version\":\"0\",\"level\":\"0\",\"task\":\"13824\",\"opcode\":\"0\",\"keywords\":\"0x8020000000000000\",\"systemTime\":\"2025-10-27T23:02:42.5950613Z\",\"eventRecordID\":\"341722\",\"processID\":\"724\",\"threadID\":\"3704\",\"channel\":\"Security\",\"computer\":\"vdi-143.ucebne.fiit.stuba.sk\",\"severityValue\":\"AUDIT_SUCCESS\",\"message\":\"\\\"Credential Manager credentials were read.\\r\\n\\r\\nSubject:\\r\\n\\tSecurity ID:\\t\\tS-1-5-18\\r\\n\\tAccount Name:\\t\\tVDI-143$\\r\\n\\tAccount Domain:\\t\\tUCEBNE\\r\\n\\tLogon ID:\\t\\t0x3E7\\r\\n\\tRead Operation:\\t\\tEnumerate Credentials\\r\\n\\r\\nThis event occurs when a user performs a read operation on stored credentials in Credential Manager.\\\"\"},\"eventdata\":{\"subjectUserSid\":\"S-1-5-18\",\"subjectUserName\":\"VDI-143$\",\"subjectDomainName\":\"UCEBNE\",\"subjectLogonId\":\"0x3e7\",\"targetName\":\"WindowsLive:(cert):name=02nvxcshavxggkdf;serviceuri=*\",\"type\":\"0\",\"countOfCredentialsReturned\":\"0\",\"readOperation\":\"%%8100\",\"returnCode\":\"3221226021\",\"processCreationTime\":\"2025-10-27T22:58:10.1267010Z\",\"clientProcessId\":\"328\"}}}",
    "decoder": {
      "name": "windows_eventchannel"
    },
    "data": {
      "win": {
        "system": {
          "providerName": "Microsoft-Windows-Security-Auditing",
          "providerGuid": "{54849625-5478-4994-a5ba-3e3b0328c30d}",
          "eventID": "5379",
          "version": "0",
          "level": "0",
          "task": "13824",
          "opcode": "0",
          "keywords": "0x8020000000000000",
          "systemTime": "2025-10-27T23:02:42.5950613Z",
          "eventRecordID": "341722",
          "processID": "724",
          "threadID": "3704",
          "channel": "Security",
          "computer": "vdi-143.ucebne.fiit.stuba.sk",
          "severityValue": "AUDIT_SUCCESS",
          "message": "\"Credential Manager credentials were read.\r\n\r\nSubject:\r\n\tSecurity ID:\t\tS-1-5-18\r\n\tAccount Name:\t\tVDI-143$\r\n\tAccount Domain:\t\tUCEBNE\r\n\tLogon ID:\t\t0x3E7\r\n\tRead Operation:\t\tEnumerate Credentials\r\n\r\nThis event occurs when a user performs a read operation on stored credentials in Credential Manager.\""
        },
        "eventdata": {
          "subjectUserSid": "S-1-5-18",
          "subjectUserName": "VDI-143$",
          "subjectDomainName": "UCEBNE",
          "subjectLogonId": "0x3e7",
          "targetName": "WindowsLive:(cert):name=02nvxcshavxggkdf;serviceuri=*",
          "type": "0",
          "countOfCredentialsReturned": "0",
          "readOperation": "%%8100",
          "returnCode": "3221226021",
          "processCreationTime": "2025-10-27T22:58:10.1267010Z",
          "clientProcessId": "328"
        }
      }
    },
    "location": "EventChannel"
  },
  {
    "timestamp": "2025-10-28T00:02:43.975+0100",
    "agent": {
      "id": "307",
      "name": "vdi-143",
      "ip": "10.162.13.3"
    },
    "manager": {
      "name": "wazuh.fiit.stuba.sk.novalocal"
    },
    "id": "1761606163.19245173",
    "full_log": "{\"win\":{\"system\":{\"providerName\":\"Microsoft-Windows-Security-Auditing\",\"providerGuid\":\"{54849625-5478-4994-a5ba-3e3b0328c30d}\",\"eventID\":\"5379\",\"version\":\"0\",\"level\":\"0\",\"task\":\"13824\",\"opcode\":\"0\",\"keywords\":\"0x8020000000000000\",\"systemTime\":\"2025-10-27T23:02:42.6035425Z\",\"eventRecordID\":\"341723\",\"processID\":\"724\",\"threadID\":\"3704\",\"channel\":\"Security\",\"computer\":\"vdi-143.ucebne.fiit.stuba.sk\",\"severityValue\":\"AUDIT_SUCCESS\",\"message\":\"\\\"Credential Manager credentials were read.\\r\\n\\r\\nSubject:\\r\\n\\tSecurity ID:\\t\\tS-1-5-18\\r\\n\\tAccount Name:\\t\\tVDI-143$\\r\\n\\tAccount Domain:\\t\\tUCEBNE\\r\\n\\tLogon ID:\\t\\t0x3E7\\r\\n\\tRead Operation:\\t\\tEnumerate Credentials\\r\\n\\r\\nThis event occurs when a user performs a read operation on stored credentials in Credential Manager.\\\"\"},\"eventdata\":{\"subjectUserSid\":\"S-1-5-18\",\"subjectUserName\":\"VDI-143$\",\"subjectDomainName\":\"UCEBNE\",\"subjectLogonId\":\"0x3e7\",\"targetName\":\"MicrosoftAccount:user=02nvxcshavxggkdf\",\"type\":\"0\",\"countOfCredentialsReturned\":\"0\",\"readOperation\":\"%%8100\",\"returnCode\":\"3221226021\",\"processCreationTime\":\"2025-10-27T22:58:10.1267010Z\",\"clientProcessId\":\"328\"}}}",
    "decoder": {
      "name": "windows_eventchannel"
    },
    "data": {
      "win": {
        "system": {
          "providerName": "Microsoft-Windows-Security-Auditing",
          "providerGuid": "{54849625-5478-4994-a5ba-3e3b0328c30d}",
          "eventID": "5379",
          "version": "0",
          "level": "0",
          "task": "13824",
          "opcode": "0",
          "keywords": "0x8020000000000000",
          "systemTime": "2025-10-27T23:02:42.6035425Z",
          "eventRecordID": "341723",
          "processID": "724",
          "threadID": "3704",
          "channel": "Security",
          "computer": "vdi-143.ucebne.fiit.stuba.sk",
          "severityValue": "AUDIT_SUCCESS",
          "message": "\"Credential Manager credentials were read.\r\n\r\nSubject:\r\n\tSecurity ID:\t\tS-1-5-18\r\n\tAccount Name:\t\tVDI-143$\r\n\tAccount Domain:\t\tUCEBNE\r\n\tLogon ID:\t\t0x3E7\r\n\tRead Operation:\t\tEnumerate Credentials\r\n\r\nThis event occurs when a user performs a read operation on stored credentials in Credential Manager.\""
        },
        "eventdata": {
          "subjectUserSid": "S-1-5-18",
          "subjectUserName": "VDI-143$",
          "subjectDomainName": "UCEBNE",
          "subjectLogonId": "0x3e7",
          "targetName": "MicrosoftAccount:user=02nvxcshavxggkdf",
          "type": "0",
          "countOfCredentialsReturned": "0",
          "readOperation": "%%8100",
          "returnCode": "3221226021",
          "processCreationTime": "2025-10-27T22:58:10.1267010Z",
          "clientProcessId": "328"
        }
      }
    },
    "location": "EventChannel"
  },
  {
    "timestamp": "2025-10-28T00:02:43.988+0100",
    "agent": {
      "id": "307",
      "name": "vdi-143",
      "ip": "10.162.13.3"
    },
    "manager": {
      "name": "wazuh.fiit.stuba.sk.novalocal"
    },
    "id": "1761606163.19245173",
    "full_log": "{\"win\":{\"system\":{\"providerName\":\"Microsoft-Windows-Security-Auditing\",\"providerGuid\":\"{54849625-5478-4994-a5ba-3e3b0328c30d}\",\"eventID\":\"5379\",\"version\":\"0\",\"level\":\"0\",\"task\":\"13824\",\"opcode\":\"0\",\"keywords\":\"0x8020000000000000\",\"systemTime\":\"2025-10-27T23:02:43.0234941Z\",\"eventRecordID\":\"341724\",\"processID\":\"724\",\"threadID\":\"1312\",\"channel\":\"Security\",\"computer\":\"vdi-143.ucebne.fiit.stuba.sk\",\"severityValue\":\"AUDIT_SUCCESS\",\"message\":\"\\\"Credential Manager credentials were read.\\r\\n\\r\\nSubject:\\r\\n\\tSecurity ID:\\t\\tS-1-5-18\\r\\n\\tAccount Name:\\t\\tVDI-143$\\r\\n\\tAccount Domain:\\t\\tUCEBNE\\r\\n\\tLogon ID:\\t\\t0x3E7\\r\\n\\tRead Operation:\\t\\tEnumerate Credentials\\r\\n\\r\\nThis event occurs when a user performs a read operation on stored credentials in Credential Manager.\\\"\"},\"eventdata\":{\"subjectUserSid\":\"S-1-5-18\",\"subjectUserName\":\"VDI-143$\",\"subjectDomainName\":\"UCEBNE\",\"subjectLogonId\":\"0x3e7\",\"targetName\":\"MicrosoftAccount:user=02nvxcshavxggkdf\",\"type\":\"0\",\"countOfCredentialsReturned\":\"0\",\"readOperation\":\"%%8100\",\"returnCode\":\"3221226021\",\"processCreationTime\":\"2025-10-27T22:58:10.1267010Z\",\"clientProcessId\":\"328\"}}}",
    "decoder": {
      "name": "windows_eventchannel"
    },
    "data": {
      "win": {
        "system": {
          "providerName": "Microsoft-Windows-Security-Auditing",
          "providerGuid": "{54849625-5478-4994-a5ba-3e3b0328c30d}",
          "eventID": "5379",
          "version": "0",
          "level": "0",
          "task": "13824",
          "opcode": "0",
          "keywords": "0x8020000000000000",
          "systemTime": "2025-10-27T23:02:43.0234941Z",
          "eventRecordID": "341724",
          "processID": "724",
          "threadID": "1312",
          "channel": "Security",
          "computer": "vdi-143.ucebne.fiit.stuba.sk",
          "severityValue": "AUDIT_SUCCESS",
          "message": "\"Credential Manager credentials were read.\r\n\r\nSubject:\r\n\tSecurity ID:\t\tS-1-5-18\r\n\tAccount Name:\t\tVDI-143$\r\n\tAccount Domain:\t\tUCEBNE\r\n\tLogon ID:\t\t0x3E7\r\n\tRead Operation:\t\tEnumerate Credentials\r\n\r\nThis event occurs when a user performs a read operation on stored credentials in Credential Manager.\""
        },
        "eventdata": {
          "subjectUserSid": "S-1-5-18",
          "subjectUserName": "VDI-143$",
          "subjectDomainName": "UCEBNE",
          "subjectLogonId": "0x3e7",
          "targetName": "MicrosoftAccount:user=02nvxcshavxggkdf",
          "type": "0",
          "countOfCredentialsReturned": "0",
          "readOperation": "%%8100",
          "returnCode": "3221226021",
          "processCreationTime": "2025-10-27T22:58:10.1267010Z",
          "clientProcessId": "328"
        }
      }
    },
    "location": "EventChannel"
  },
  {
    "timestamp": "2025-10-28T00:02:44.004+0100",
    "agent": {
      "id": "307",
      "name": "vdi-143",
      "ip": "10.162.13.3"
    },
    "manager": {
      "name": "wazuh.fiit.stuba.sk.novalocal"
    },
    "id": "1761606164.19245173",
    "full_log": "{\"win\":{\"system\":{\"providerName\":\"Microsoft-Windows-Security-Auditing\",\"providerGuid\":\"{54849625-5478-4994-a5ba-3e3b0328c30d}\",\"eventID\":\"5379\",\"version\":\"0\",\"level\":\"0\",\"task\":\"13824\",\"opcode\":\"0\",\"keywords\":\"0x8020000000000000\",\"systemTime\":\"2025-10-27T23:02:43.0236810Z\",\"eventRecordID\":\"341725\",\"processID\":\"724\",\"threadID\":\"1312\",\"channel\":\"Security\",\"computer\":\"vdi-143.ucebne.fiit.stuba.sk\",\"severityValue\":\"AUDIT_SUCCESS\",\"message\":\"\\\"Credential Manager credentials were read.\\r\\n\\r\\nSubject:\\r\\n\\tSecurity ID:\\t\\tS-1-5-18\\r\\n\\tAccount Name:\\t\\tVDI-143$\\r\\n\\tAccount Domain:\\t\\tUCEBNE\\r\\n\\tLogon ID:\\t\\t0x3E7\\r\\n\\tRead Operation:\\t\\tEnumerate Credentials\\r\\n\\r\\nThis event occurs when a user performs a read operation on stored credentials in Credential Manager.\\\"\"},\"eventdata\":{\"subjectUserSid\":\"S-1-5-18\",\"subjectUserName\":\"VDI-143$\",\"subjectDomainName\":\"UCEBNE\",\"subjectLogonId\":\"0x3e7\",\"targetName\":\"WindowsLive:(token):name=02nvxcshavxggkdf;serviceuri=*\",\"type\":\"0\",\"countOfCredentialsReturned\":\"0\",\"readOperation\":\"%%8100\",\"returnCode\":\"3221226021\",\"processCreationTime\":\"2025-10-27T22:58:10.1267010Z\",\"clientProcessId\":\"328\"}}}",
    "decoder": {
      "name": "windows_eventchannel"
    },
    "data": {
      "win": {
        "system": {
          "providerName": "Microsoft-Windows-Security-Auditing",
          "providerGuid": "{54849625-5478-4994-a5ba-3e3b0328c30d}",
          "eventID": "5379",
          "version": "0",
          "level": "0",
          "task": "13824",
          "opcode": "0",
          "keywords": "0x8020000000000000",
          "systemTime": "2025-10-27T23:02:43.0236810Z",
          "eventRecordID": "341725",
          "processID": "724",
          "threadID": "1312",
          "channel": "Security",
          "computer": "vdi-143.ucebne.fiit.stuba.sk",
          "severityValue": "AUDIT_SUCCESS",
          "message": "\"Credential Manager credentials were read.\r\n\r\nSubject:\r\n\tSecurity ID:\t\tS-1-5-18\r\n\tAccount Name:\t\tVDI-143$\r\n\tAccount Domain:\t\tUCEBNE\r\n\tLogon ID:\t\t0x3E7\r\n\tRead Operation:\t\tEnumerate Credentials\r\n\r\nThis event occurs when a user performs a read operation on stored credentials in Credential Manager.\""
        },
        "eventdata": {
          "subjectUserSid": "S-1-5-18",
          "subjectUserName": "VDI-143$",
          "subjectDomainName": "UCEBNE",
          "subjectLogonId": "0x3e7",
          "targetName": "WindowsLive:(token):name=02nvxcshavxggkdf;serviceuri=*",
          "type": "0",
          "countOfCredentialsReturned": "0",
          "readOperation": "%%8100",
          "returnCode": "3221226021",
          "processCreationTime": "2025-10-27T22:58:10.1267010Z",
          "clientProcessId": "328"
        }
      }
    },
    "location": "EventChannel"
  },
  {
    "timestamp": "2025-10-28T00:02:44.021+0100",
    "rule": {
      "level": 3,
      "description": "Fortigate: App passed by firewall.",
      "id": "81633",
      "firedtimes": 10186,
      "mail": false,
      "groups": [
        "fortigate",
        "syslog"
      ],
      "gdpr": [
        "IV_35.7.d"
      ],
      "hipaa": [
        "164.312.b"
      ],
      "nist_800_53": [
        "AU.6"
      ],
      "pci_dss": [
        "10.6.1"
      ]
    },
    "agent": {
      "id": "000",
      "name": "wazuh.fiit.stuba.sk.novalocal"
    },
    "manager": {
      "name": "wazuh.fiit.stuba.sk.novalocal"
    },
    "id": "1761606164.19245173",
    "full_log": "Oct 28 00:02:43 147.175.144.2 date=2025-10-28 time=00:02:43 devname=\"FortiGate-600F\" devid=\"FG6H0FTB23904723\" eventtime=1761606163051796726 tz=\"+0100\" logid=\"1059028704\" type=\"utm\" subtype=\"app-ctrl\" eventtype=\"signature\" level=\"information\" vd=\"root\" appid=16083 srcip=5.253.36.150 srccountry=\"Singapore\" dstip=147.175.161.107 dstcountry=\"Slovakia\" srcport=21671 dstport=1900 srcintf=\"outside\" srcintfrole=\"wan\" dstintf=\"inside\" dstintfrole=\"lan\" proto=17 service=\"MMS\" direction=\"outgoing\" policyid=11 poluuid=\"808834ec-9d1a-51ef-835d-f46e34b6c71e\" policytype=\"policy\" sessionid=2314238931 applist=\"default\" action=\"pass\" appcat=\"Network.Service\" app=\"UPnP\" incidentserialno=3357261425 msg=\"Network.Service: UPnP\" apprisk=\"elevated\"",
    "predecoder": {
      "timestamp": "Oct 28 00:02:43",
      "hostname": "147.175.144.2"
    },
    "decoder": {
      "name": "fortigate-firewall-v5"
    },
    "data": {
      "action": "pass",
      "srcip": "5.253.36.150",
      "srcport": "21671",
      "dstip": "147.175.161.107",
      "dstport": "1900",
      "app": "UPnP",
      "appcat": "Network.Service",
      "appid": "16083",
      "applist": "default",
      "apprisk": "elevated",
      "devid": "FG6H0FTB23904723",
      "devname": "FortiGate-600F",
      "direction": "outgoing",
      "dstcountry": "Slovakia",
      "dstintf": "inside",
      "dstintfrole": "lan",
      "eventtime": "1761606163051796726",
      "eventtype": "signature",
      "incidentserialno": "3357261425",
      "level": "information",
      "logid": "1059028704",
      "msg": "Network.Service: UPnP",
      "policyid": "11",
      "poluuid": "808834ec-9d1a-51ef-835d-f46e34b6c71e",
      "proto": "17",
      "service": "MMS",
      "sessionid": "2314238931",
      "srccountry": "Singapore",
      "srcintf": "outside",
      "srcintfrole": "wan",
      "subtype": "app-ctrl",
      "time": "00:02:43",
      "type": "utm",
      "vd": "root"
    },
    "location": "127.0.0.1"
  },
  {
    "timestamp": "2025-10-28T00:02:44.023+0100",
    "rule": {
      "level": 1,
      "description": "Fortigate: Traffic to be aware of.",
      "id": "81618",
      "firedtimes": 6304,
      "mail": false,
      "groups": [
        "fortigate",
        "syslog"
      ],
      "gdpr": [
        "IV_35.7.d"
      ],
      "hipaa": [
        "164.312.b"
      ],
      "nist_800_53": [
        "AU.6"
      ],
      "pci_dss": [
        "10.6.1"
      ]
    },
    "agent": {
      "id": "000",
      "name": "wazuh.fiit.stuba.sk.novalocal"
    },
    "manager": {
      "name": "wazuh.fiit.stuba.sk.novalocal"
    },
    "id": "1761606164.19245173",
    "full_log": "Oct 28 00:02:43 147.175.144.2 date=2025-10-28 time=00:02:43 devname=\"FortiGate-600F\" devid=\"FG6H0FTB23904723\" eventtime=1761606163238719855 tz=\"+0100\" logid=\"0000000013\" type=\"traffic\" subtype=\"forward\" level=\"notice\" vd=\"root\" srcip=147.175.161.60 srcport=1258 srcintf=\"inside\" srcintfrole=\"lan\" dstip=23.35.210.164 dstport=443 dstintf=\"outside\" dstintfrole=\"wan\" srccountry=\"Slovakia\" dstcountry=\"Austria\" sessionid=2314232161 proto=6 action=\"client-rst\" policyid=2 policytype=\"policy\" poluuid=\"2a7f9d02-b3fe-51ee-bd60-53404bd02dc6\" policyname=\"allow inside\" service=\"HTTPS\" trandisp=\"noop\" appid=16009 app=\"Microsoft.Windows.Update\" appcat=\"Update\" apprisk=\"elevated\" applist=\"default\" duration=11 sentbyte=172 rcvdbyte=92 sentpkt=4 rcvdpkt=2 utmaction=\"allow\" countapp=1 srchwvendor=\"Cisco\" devtype=\"Router\" unauthuser=\"orders\" unauthusersource=\"imap\" mastersrcmac=\"84:b8:02:66:72:34\" srcmac=\"84:b8:02:66:72:34\" srcserver=0",
    "predecoder": {
      "timestamp": "Oct 28 00:02:43",
      "hostname": "147.175.144.2"
    },
    "decoder": {
      "name": "fortigate-firewall-v5"
    },
    "data": {
      "action": "client-rst",
      "srcip": "147.175.161.60",
      "srcport": "1258",
      "dstip": "23.35.210.164",
      "dstport": "443",
      "dstuser": "orders",
      "app": "Microsoft.Windows.Update",
      "appcat": "Update",
      "appid": "16009",
      "applist": "default",
      "apprisk": "elevated",
      "countapp": "1",
      "devid": "FG6H0FTB23904723",
      "devname": "FortiGate-600F",
      "dstcountry": "Austria",
      "dstintf": "outside",
      "dstintfrole": "wan",
      "duration": "11",
      "eventtime": "1761606163238719855",
      "level": "notice",
      "logid": "0000000013",
      "policyid": "2",
      "poluuid": "2a7f9d02-b3fe-51ee-bd60-53404bd02dc6",
      "proto": "6",
      "rcvdbyte": "92",
      "sentbyte": "172",
      "sentpkt": "4",
      "service": "HTTPS",
      "sessionid": "2314232161",
      "srccountry": "Slovakia",
      "srcintf": "inside",
      "srcintfrole": "lan",
      "subtype": "forward",
      "time": "00:02:43",
      "trandisp": "noop",
      "type": "traffic",
      "utmaction": "allow",
      "vd": "root"
    },
    "location": "127.0.0.1"
  },
  {
    "timestamp": "2025-10-28T00:02:44.020+0100",
    "rule": {
      "level": 1,
      "description": "Fortigate: Traffic to be aware of.",
      "id": "81618",
      "firedtimes": 6305,
      "mail": false,
      "groups": [
        "fortigate",
        "syslog"
      ],
      "gdpr": [
        "IV_35.7.d"
      ],
      "hipaa": [
        "164.312.b"
      ],
      "nist_800_53": [
        "AU.6"
      ],
      "pci_dss": [
        "10.6.1"
      ]
    },
    "agent": {
      "id": "000",
      "name": "wazuh.fiit.stuba.sk.novalocal"
    },
    "manager": {
      "name": "wazuh.fiit.stuba.sk.novalocal"
    },
    "id": "1761606164.19245173",
    "full_log": "Oct 28 00:02:43 147.175.144.2 date=2025-10-28 time=00:02:43 devname=\"FortiGate-600F\" devid=\"FG6H0FTB23904723\" eventtime=1761606162808716586 tz=\"+0100\" logid=\"0000000013\" type=\"traffic\" subtype=\"forward\" level=\"notice\" vd=\"root\" srcip=176.96.243.227 identifier=24798 srcintf=\"outside\" srcintfrole=\"wan\" dstip=147.175.163.186 dstintf=\"inside\" dstintfrole=\"lan\" srccountry=\"Uzbekistan\" dstcountry=\"Slovakia\" sessionid=2314200311 proto=1 action=\"accept\" policyid=11 policytype=\"policy\" poluuid=\"808834ec-9d1a-51ef-835d-f46e34b6c71e\" policyname=\"allow outside\" service=\"PING\" trandisp=\"noop\" appid=24466 app=\"Ping\" appcat=\"Network.Service\" apprisk=\"elevated\" applist=\"default\" duration=63 sentbyte=160 rcvdbyte=0 sentpkt=4 rcvdpkt=0 utmaction=\"allow\" countapp=1 dsthwvendor=\"Cisco\" dstdevtype=\"Router\" dstunauthuser=\"orders\" dstunauthusersource=\"imap\" masterdstmac=\"84:b8:02:66:72:34\" dstmac=\"84:b8:02:66:72:34\" dstserver=0",
    "predecoder": {
      "timestamp": "Oct 28 00:02:43",
      "hostname": "147.175.144.2"
    },
    "decoder": {
      "name": "fortigate-firewall-v5"
    },
    "data": {
      "action": "accept",
      "srcip": "176.96.243.227",
      "dstip": "147.175.163.186",
      "dstuser": "orders",
      "app": "Ping",
      "appcat": "Network.Service",
      "appid": "24466",
      "applist": "default",
      "apprisk": "elevated",
      "countapp": "1",
      "devid": "FG6H0FTB23904723",
      "devname": "FortiGate-600F",
      "dstcountry": "Slovakia",
      "dstintf": "inside",
      "dstintfrole": "lan",
      "duration": "63",
      "eventtime": "1761606162808716586",
      "level": "notice",
      "logid": "0000000013",
      "policyid": "11",
      "poluuid": "808834ec-9d1a-51ef-835d-f46e34b6c71e",
      "proto": "1",
      "rcvdbyte": "0",
      "sentbyte": "160",
      "sentpkt": "4",
      "service": "PING",
      "sessionid": "2314200311",
      "srccountry": "Uzbekistan",
      "srcintf": "outside",
      "srcintfrole": "wan",
      "subtype": "forward",
      "time": "00:02:43",
      "trandisp": "noop",
      "type": "traffic",
      "utmaction": "allow",
      "vd": "root"
    },
    "location": "127.0.0.1"
  },
  {
    "timestamp": "2025-10-28T00:02:44.023+0100",
    "rule": {
      "level": 1,
      "description": "Fortigate: Traffic to be aware of.",
      "id": "81618",
      "firedtimes": 6306,
      "mail": false,
      "groups": [
        "fortigate",
        "syslog"
      ],
      "gdpr": [
        "IV_35.7.d"
      ],
      "hipaa": [
        "164.312.b"
      ],
      "nist_800_53": [
        "AU.6"
      ],
      "pci_dss": [
        "10.6.1"
      ]
    },
    "agent": {
      "id": "000",
      "name": "wazuh.fiit.stuba.sk.novalocal"
    },
    "manager": {
      "name": "wazuh.fiit.stuba.sk.novalocal"
    },
    "id": "1761606164.19245173",
    "full_log": "Oct 28 00:02:43 147.175.144.2 date=2025-10-28 time=00:02:43 devname=\"FortiGate-600F\" devid=\"FG6H0FTB23904723\" eventtime=1761606163248723633 tz=\"+0100\" logid=\"0000000013\" type=\"traffic\" subtype=\"forward\" level=\"notice\" vd=\"root\" srcip=147.175.161.60 srcport=41927 srcintf=\"inside\" srcintfrole=\"lan\" dstip=72.145.35.114 dstport=443 dstintf=\"outside\" dstintfrole=\"wan\" srccountry=\"Slovakia\" dstcountry=\"Ireland\" sessionid=2314235865 proto=6 action=\"client-rst\" policyid=2 policytype=\"policy\" poluuid=\"2a7f9d02-b3fe-51ee-bd60-53404bd02dc6\" policyname=\"allow inside\" service=\"HTTPS\" trandisp=\"noop\" appid=16009 app=\"Microsoft.Windows.Update\" appcat=\"Update\" apprisk=\"elevated\" applist=\"default\" duration=5 sentbyte=172 rcvdbyte=92 sentpkt=4 rcvdpkt=2 utmaction=\"allow\" countapp=1 srchwvendor=\"Cisco\" devtype=\"Router\" unauthuser=\"orders\" unauthusersource=\"imap\" mastersrcmac=\"84:b8:02:66:72:34\" srcmac=\"84:b8:02:66:72:34\" srcserver=0",
    "predecoder": {
      "timestamp": "Oct 28 00:02:43",
      "hostname": "147.175.144.2"
    },
    "decoder": {
      "name": "fortigate-firewall-v5"
    },
    "data": {
      "action": "client-rst",
      "srcip": "147.175.161.60",
      "srcport": "41927",
      "dstip": "72.145.35.114",
      "dstport": "443",
      "dstuser": "orders",
      "app": "Microsoft.Windows.Update",
      "appcat": "Update",
      "appid": "16009",
      "applist": "default",
      "apprisk": "elevated",
      "countapp": "1",
      "devid": "FG6H0FTB23904723",
      "devname": "FortiGate-600F",
      "dstcountry": "Ireland",
      "dstintf": "outside",
      "dstintfrole": "wan",
      "duration": "5",
      "eventtime": "1761606163248723633",
      "level": "notice",
      "logid": "0000000013",
      "policyid": "2",
      "poluuid": "2a7f9d02-b3fe-51ee-bd60-53404bd02dc6",
      "proto": "6",
      "rcvdbyte": "92",
      "sentbyte": "172",
      "sentpkt": "4",
      "service": "HTTPS",
      "sessionid": "2314235865",
      "srccountry": "Slovakia",
      "srcintf": "inside",
      "srcintfrole": "lan",
      "subtype": "forward",
      "time": "00:02:43",
      "trandisp": "noop",
      "type": "traffic",
      "utmaction": "allow",
      "vd": "root"
    },
    "location": "127.0.0.1"
  },
  {
    "timestamp": "2025-10-28T00:02:44.028+0100",
    "rule": {
      "level": 3,
      "description": "Fortigate: App passed by firewall.",
      "id": "81633",
      "firedtimes": 10193,
      "mail": false,
      "groups": [
        "fortigate",
        "syslog"
      ],
      "gdpr": [
        "IV_35.7.d"
      ],
      "hipaa": [
        "164.312.b"
      ],
      "nist_800_53": [
        "AU.6"
      ],
      "pci_dss": [
        "10.6.1"
      ]
    },
    "agent": {
      "id": "000",
      "name": "wazuh.fiit.stuba.sk.novalocal"
    },
    "manager": {
      "name": "wazuh.fiit.stuba.sk.novalocal"
    },
    "id": "1761606164.19245173",
    "full_log": "Oct 28 00:02:43 147.175.144.2 date=2025-10-28 time=00:02:43 devname=\"FortiGate-600F\" devid=\"FG6H0FTB23904723\" eventtime=1761606163058537884 tz=\"+0100\" logid=\"1059028704\" type=\"utm\" subtype=\"app-ctrl\" eventtype=\"signature\" level=\"information\" vd=\"root\" appid=16083 srcip=5.253.36.86 srccountry=\"Singapore\" dstip=147.175.161.107 dstcountry=\"Slovakia\" srcport=33420 dstport=1900 srcintf=\"outside\" srcintfrole=\"wan\" dstintf=\"inside\" dstintfrole=\"lan\" proto=17 service=\"MMS\" direction=\"outgoing\" policyid=11 poluuid=\"808834ec-9d1a-51ef-835d-f46e34b6c71e\" policytype=\"policy\" sessionid=2314238936 applist=\"default\" action=\"pass\" appcat=\"Network.Service\" app=\"UPnP\" incidentserialno=3357261426 msg=\"Network.Service: UPnP\" apprisk=\"elevated\"",
    "predecoder": {
      "timestamp": "Oct 28 00:02:43",
      "hostname": "147.175.144.2"
    },
    "decoder": {
      "name": "fortigate-firewall-v5"
    },
    "data": {
      "action": "pass",
      "srcip": "5.253.36.86",
      "srcport": "33420",
      "dstip": "147.175.161.107",
      "dstport": "1900",
      "app": "UPnP",
      "appcat": "Network.Service",
      "appid": "16083",
      "applist": "default",
      "apprisk": "elevated",
      "devid": "FG6H0FTB23904723",
      "devname": "FortiGate-600F",
      "direction": "outgoing",
      "dstcountry": "Slovakia",
      "dstintf": "inside",
      "dstintfrole": "lan",
      "eventtime": "1761606163058537884",
      "eventtype": "signature",
      "incidentserialno": "3357261426",
      "level": "information",
      "logid": "1059028704",
      "msg": "Network.Service: UPnP",
      "policyid": "11",
      "poluuid": "808834ec-9d1a-51ef-835d-f46e34b6c71e",
      "proto": "17",
      "service": "MMS",
      "sessionid": "2314238936",
      "srccountry": "Singapore",
      "srcintf": "outside",
      "srcintfrole": "wan",
      "subtype": "app-ctrl",
      "time": "00:02:43",
      "type": "utm",
      "vd": "root"
    },
    "location": "127.0.0.1"
  },
  {
    "timestamp": "2025-10-28T00:02:44.030+0100",
    "agent": {
      "id": "307",
      "name": "vdi-143",
      "ip": "10.162.13.3"
    },
    "manager": {
      "name": "wazuh.fiit.stuba.sk.novalocal"
    },
    "id": "1761606164.19245173",
    "full_log": "{\"win\":{\"system\":{\"providerName\":\"Microsoft-Windows-Security-Auditing\",\"providerGuid\":\"{54849625-5478-4994-a5ba-3e3b0328c30d}\",\"eventID\":\"5379\",\"version\":\"0\",\"level\":\"0\",\"task\":\"13824\",\"opcode\":\"0\",\"keywords\":\"0x8020000000000000\",\"systemTime\":\"2025-10-27T23:02:43.0245596Z\",\"eventRecordID\":\"341726\",\"processID\":\"724\",\"threadID\":\"1312\",\"channel\":\"Security\",\"computer\":\"vdi-143.ucebne.fiit.stuba.sk\",\"severityValue\":\"AUDIT_SUCCESS\",\"message\":\"\\\"Credential Manager credentials were read.\\r\\n\\r\\nSubject:\\r\\n\\tSecurity ID:\\t\\tS-1-5-18\\r\\n\\tAccount Name:\\t\\tVDI-143$\\r\\n\\tAccount Domain:\\t\\tUCEBNE\\r\\n\\tLogon ID:\\t\\t0x3E7\\r\\n\\tRead Operation:\\t\\tEnumerate Credentials\\r\\n\\r\\nThis event occurs when a user performs a read operation on stored credentials in Credential Manager.\\\"\"},\"eventdata\":{\"subjectUserSid\":\"S-1-5-18\",\"subjectUserName\":\"VDI-143$\",\"subjectDomainName\":\"UCEBNE\",\"subjectLogonId\":\"0x3e7\",\"targetName\":\"WindowsLive:(cert):name=02nvxcshavxggkdf;serviceuri=*\",\"type\":\"0\",\"countOfCredentialsReturned\":\"0\",\"readOperation\":\"%%8100\",\"returnCode\":\"3221226021\",\"processCreationTime\":\"2025-10-27T22:58:10.1267010Z\",\"clientProcessId\":\"328\"}}}",
    "decoder": {
      "name": "windows_eventchannel"
    },
    "data": {
      "win": {
        "system": {
          "providerName": "Microsoft-Windows-Security-Auditing",
          "providerGuid": "{54849625-5478-4994-a5ba-3e3b0328c30d}",
          "eventID": "5379",
          "version": "0",
          "level": "0",
          "task": "13824",
          "opcode": "0",
          "keywords": "0x8020000000000000",
          "systemTime": "2025-10-27T23:02:43.0245596Z",
          "eventRecordID": "341726",
          "processID": "724",
          "threadID": "1312",
          "channel": "Security",
          "computer": "vdi-143.ucebne.fiit.stuba.sk",
          "severityValue": "AUDIT_SUCCESS",
          "message": "\"Credential Manager credentials were read.\r\n\r\nSubject:\r\n\tSecurity ID:\t\tS-1-5-18\r\n\tAccount Name:\t\tVDI-143$\r\n\tAccount Domain:\t\tUCEBNE\r\n\tLogon ID:\t\t0x3E7\r\n\tRead Operation:\t\tEnumerate Credentials\r\n\r\nThis event occurs when a user performs a read operation on stored credentials in Credential Manager.\""
        },
        "eventdata": {
          "subjectUserSid": "S-1-5-18",
          "subjectUserName": "VDI-143$",
          "subjectDomainName": "UCEBNE",
          "subjectLogonId": "0x3e7",
          "targetName": "WindowsLive:(cert):name=02nvxcshavxggkdf;serviceuri=*",
          "type": "0",
          "countOfCredentialsReturned": "0",
          "readOperation": "%%8100",
          "returnCode": "3221226021",
          "processCreationTime": "2025-10-27T22:58:10.1267010Z",
          "clientProcessId": "328"
        }
      }
    },
    "location": "EventChannel"
  },
