  {
    "timestamp": "2025-10-28T00:02:58.029+0100",
    "rule": {
      "level": 1,
      "description": "Fortigate: Traffic to be aware of.",
      "id": "81618",
      "firedtimes": 6833,
      "mail": false,
      "groups": [
        "fortigate",
        "syslog"
      ],
      "gdpr": [
        "IV_35.7.d"
      ],
      "hipaa": [
        "164.312.b"
      ],
      "nist_800_53": [
        "AU.6"
      ],
      "pci_dss": [
        "10.6.1"
      ]
    },
    "agent": {
      "id": "000",
      "name": "wazuh.fiit.stuba.sk.novalocal"
    },
    "manager": {
      "name": "wazuh.fiit.stuba.sk.novalocal"
    },
    "id": "1761606178.20779767",
    "full_log": "Oct 28 00:02:57 147.175.144.2 date=2025-10-28 time=00:02:57 devname=\"FortiGate-600F\" devid=\"FG6H0FTB23904723\" eventtime=1761606176488840065 tz=\"+0100\" logid=\"0000000013\" type=\"traffic\" subtype=\"forward\" level=\"notice\" vd=\"root\" srcip=205.210.31.172 srcport=62866 srcintf=\"outside\" srcintfrole=\"wan\" dstip=147.175.160.47 dstport=2000 dstintf=\"inside\" dstintfrole=\"lan\" srccountry=\"Brazil\" dstcountry=\"Slovakia\" sessionid=2314162357 proto=6 action=\"client-rst\" policyid=11 policytype=\"policy\" poluuid=\"808834ec-9d1a-51ef-835d-f46e34b6c71e\" policyname=\"allow outside\" service=\"SCCP\" trandisp=\"noop\" appid=23759 app=\"Skinny\" appcat=\"Network.Service\" apprisk=\"elevated\" applist=\"default\" duration=134 sentbyte=240 rcvdbyte=112 sentpkt=4 rcvdpkt=2 utmaction=\"allow\" countapp=1 dsthwvendor=\"Cisco\" dstdevtype=\"Router\" dstunauthuser=\"orders\" dstunauthusersource=\"imap\" masterdstmac=\"84:b8:02:66:72:34\" dstmac=\"84:b8:02:66:72:34\" dstserver=0",
    "predecoder": {
      "timestamp": "Oct 28 00:02:57",
      "hostname": "147.175.144.2"
    },
    "decoder": {
      "name": "fortigate-firewall-v5"
    },
    "data": {
      "action": "client-rst",
      "srcip": "205.210.31.172",
      "srcport": "62866",
      "dstip": "147.175.160.47",
      "dstport": "2000",
      "dstuser": "orders",
      "app": "Skinny",
      "appcat": "Network.Service",
      "appid": "23759",
      "applist": "default",
      "apprisk": "elevated",
      "countapp": "1",
      "devid": "FG6H0FTB23904723",
      "devname": "FortiGate-600F",
      "dstcountry": "Slovakia",
      "dstintf": "inside",
      "dstintfrole": "lan",
      "duration": "134",
      "eventtime": "1761606176488840065",
      "level": "notice",
      "logid": "0000000013",
      "policyid": "11",
      "poluuid": "808834ec-9d1a-51ef-835d-f46e34b6c71e",
      "proto": "6",
      "rcvdbyte": "112",
      "sentbyte": "240",
      "sentpkt": "4",
      "service": "SCCP",
      "sessionid": "2314162357",
      "srccountry": "Brazil",
      "srcintf": "outside",
      "srcintfrole": "wan",
      "subtype": "forward",
      "time": "00:02:57",
      "trandisp": "noop",
      "type": "traffic",
      "utmaction": "allow",
      "vd": "root"
    },
    "location": "127.0.0.1"
  },
  {
    "timestamp": "2025-10-28T00:02:58.020+0100",
    "rule": {
      "level": 1,
      "description": "Fortigate: Traffic to be aware of.",
      "id": "81618",
      "firedtimes": 6836,
      "mail": false,
      "groups": [
        "fortigate",
        "syslog"
      ],
      "gdpr": [
        "IV_35.7.d"
      ],
      "hipaa": [
        "164.312.b"
      ],
      "nist_800_53": [
        "AU.6"
      ],
      "pci_dss": [
        "10.6.1"
      ]
    },
    "agent": {
      "id": "000",
      "name": "wazuh.fiit.stuba.sk.novalocal"
    },
    "manager": {
      "name": "wazuh.fiit.stuba.sk.novalocal"
    },
    "id": "1761606178.20803987",
    "full_log": "Oct 28 00:02:57 147.175.144.2 date=2025-10-28 time=00:02:57 devname=\"FortiGate-600F\" devid=\"FG6H0FTB23904723\" eventtime=1761606176458737901 tz=\"+0100\" logid=\"0000000013\" type=\"traffic\" subtype=\"forward\" level=\"notice\" vd=\"root\" srcip=101.126.156.14 identifier=15442 srcintf=\"outside\" srcintfrole=\"wan\" dstip=147.175.163.157 dstintf=\"inside\" dstintfrole=\"lan\" srccountry=\"China\" dstcountry=\"Slovakia\" sessionid=2314207687 proto=1 action=\"accept\" policyid=11 policytype=\"policy\" poluuid=\"808834ec-9d1a-51ef-835d-f46e34b6c71e\" policyname=\"allow outside\" service=\"PING\" trandisp=\"noop\" appid=24466 app=\"Ping\" appcat=\"Network.Service\" apprisk=\"elevated\" applist=\"default\" duration=64 sentbyte=50 rcvdbyte=0 sentpkt=1 rcvdpkt=0 utmaction=\"allow\" countapp=1 dsthwvendor=\"Cisco\" dstdevtype=\"Router\" dstunauthuser=\"orders\" dstunauthusersource=\"imap\" masterdstmac=\"84:b8:02:66:72:34\" dstmac=\"84:b8:02:66:72:34\" dstserver=0",
    "predecoder": {
      "timestamp": "Oct 28 00:02:57",
      "hostname": "147.175.144.2"
    },
    "decoder": {
      "name": "fortigate-firewall-v5"
    },
    "data": {
      "action": "accept",
      "srcip": "101.126.156.14",
      "dstip": "147.175.163.157",
      "dstuser": "orders",
      "app": "Ping",
      "appcat": "Network.Service",
      "appid": "24466",
      "applist": "default",
      "apprisk": "elevated",
      "countapp": "1",
      "devid": "FG6H0FTB23904723",
      "devname": "FortiGate-600F",
      "dstcountry": "Slovakia",
      "dstintf": "inside",
      "dstintfrole": "lan",
      "duration": "64",
      "eventtime": "1761606176458737901",
      "level": "notice",
      "logid": "0000000013",
      "policyid": "11",
      "poluuid": "808834ec-9d1a-51ef-835d-f46e34b6c71e",
      "proto": "1",
      "rcvdbyte": "0",
      "sentbyte": "50",
      "sentpkt": "1",
      "service": "PING",
      "sessionid": "2314207687",
      "srccountry": "China",
      "srcintf": "outside",
      "srcintfrole": "wan",
      "subtype": "forward",
      "time": "00:02:57",
      "trandisp": "noop",
      "type": "traffic",
      "utmaction": "allow",
      "vd": "root"
    },
    "location": "127.0.0.1"
  },
  {
    "timestamp": "2025-10-28T00:02:58.044+0100",
    "rule": {
      "level": 1,
      "description": "Fortigate: Traffic to be aware of.",
      "id": "81618",
      "firedtimes": 6837,
      "mail": false,
      "groups": [
        "fortigate",
        "syslog"
      ],
      "gdpr": [
        "IV_35.7.d"
      ],
      "hipaa": [
        "164.312.b"
      ],
      "nist_800_53": [
        "AU.6"
      ],
      "pci_dss": [
        "10.6.1"
      ]
    },
    "agent": {
      "id": "000",
      "name": "wazuh.fiit.stuba.sk.novalocal"
    },
    "manager": {
      "name": "wazuh.fiit.stuba.sk.novalocal"
    },
    "id": "1761606178.20803987",
    "full_log": "Oct 28 00:02:57 147.175.144.2 date=2025-10-28 time=00:02:57 devname=\"FortiGate-600F\" devid=\"FG6H0FTB23904723\" eventtime=1761606176449518975 tz=\"+0100\" logid=\"0000000013\" type=\"traffic\" subtype=\"forward\" level=\"notice\" vd=\"root\" srcip=147.185.132.70 srcport=49453 srcintf=\"outside\" srcintfrole=\"wan\" dstip=147.175.163.50 dstport=1701 dstintf=\"inside\" dstintfrole=\"lan\" srccountry=\"United States\" dstcountry=\"Slovakia\" sessionid=2314129102 proto=17 action=\"accept\" policyid=11 policytype=\"policy\" poluuid=\"808834ec-9d1a-51ef-835d-f46e34b6c71e\" policyname=\"allow outside\" service=\"L2TP\" trandisp=\"noop\" appid=16435 app=\"L2TP\" appcat=\"Proxy\" apprisk=\"elevated\" applist=\"default\" duration=182 sentbyte=86 rcvdbyte=0 sentpkt=1 rcvdpkt=0 utmaction=\"allow\" countapp=1 crscore=10 craction=1048576 dsthwvendor=\"Cisco\" dstdevtype=\"Router\" dstunauthuser=\"orders\" dstunauthusersource=\"imap\" masterdstmac=\"84:b8:02:66:72:34\" dstmac=\"84:b8:02:66:72:34\" dstserver=0",
    "predecoder": {
      "timestamp": "Oct 28 00:02:57",
      "hostname": "147.175.144.2"
    },
    "decoder": {
      "name": "fortigate-firewall-v5"
    },
    "data": {
      "action": "accept",
      "srcip": "147.185.132.70",
      "srcport": "49453",
      "dstip": "147.175.163.50",
      "dstport": "1701",
      "dstuser": "orders",
      "app": "L2TP",
      "appcat": "Proxy",
      "appid": "16435",
      "applist": "default",
      "apprisk": "elevated",
      "countapp": "1",
      "craction": "1048576",
      "crscore": "10",
      "devid": "FG6H0FTB23904723",
      "devname": "FortiGate-600F",
      "dstcountry": "Slovakia",
      "dstintf": "inside",
      "dstintfrole": "lan",
      "duration": "182",
      "eventtime": "1761606176449518975",
      "level": "notice",
      "logid": "0000000013",
      "policyid": "11",
      "poluuid": "808834ec-9d1a-51ef-835d-f46e34b6c71e",
      "proto": "17",
      "rcvdbyte": "0",
      "sentbyte": "86",
      "sentpkt": "1",
      "service": "L2TP",
      "sessionid": "2314129102",
      "srccountry": "United States",
      "srcintf": "outside",
      "srcintfrole": "wan",
      "subtype": "forward",
      "time": "00:02:57",
      "trandisp": "noop",
      "type": "traffic",
      "utmaction": "allow",
      "vd": "root"
    },
    "location": "127.0.0.1"
  },
  {
    "timestamp": "2025-10-28T00:02:58.045+0100",
    "rule": {
      "level": 1,
      "description": "Fortigate: Traffic to be aware of.",
      "id": "81618",
      "firedtimes": 6839,
      "mail": false,
      "groups": [
        "fortigate",
        "syslog"
      ],
      "gdpr": [
        "IV_35.7.d"
      ],
      "hipaa": [
        "164.312.b"
      ],
      "nist_800_53": [
        "AU.6"
      ],
      "pci_dss": [
        "10.6.1"
      ]
    },
    "agent": {
      "id": "000",
      "name": "wazuh.fiit.stuba.sk.novalocal"
    },
    "manager": {
      "name": "wazuh.fiit.stuba.sk.novalocal"
    },
    "id": "1761606178.20803987",
    "full_log": "Oct 28 00:02:57 147.175.144.2 date=2025-10-28 time=00:02:57 devname=\"FortiGate-600F\" devid=\"FG6H0FTB23904723\" eventtime=1761606176458720328 tz=\"+0100\" logid=\"0000000013\" type=\"traffic\" subtype=\"forward\" level=\"notice\" vd=\"root\" srcip=204.236.222.107 identifier=22100 srcintf=\"outside\" srcintfrole=\"wan\" dstip=147.175.161.55 dstintf=\"inside\" dstintfrole=\"lan\" srccountry=\"United States\" dstcountry=\"Slovakia\" sessionid=2314210348 proto=1 action=\"accept\" policyid=11 policytype=\"policy\" poluuid=\"808834ec-9d1a-51ef-835d-f46e34b6c71e\" policyname=\"allow outside\" service=\"PING\" trandisp=\"noop\" appid=24466 app=\"Ping\" appcat=\"Network.Service\" apprisk=\"elevated\" applist=\"default\" duration=60 sentbyte=40 rcvdbyte=0 sentpkt=1 rcvdpkt=0 utmaction=\"allow\" countapp=1 dsthwvendor=\"Cisco\" dstdevtype=\"Router\" dstunauthuser=\"orders\" dstunauthusersource=\"imap\" masterdstmac=\"84:b8:02:66:72:34\" dstmac=\"84:b8:02:66:72:34\" dstserver=0",
    "predecoder": {
      "timestamp": "Oct 28 00:02:57",
      "hostname": "147.175.144.2"
    },
    "decoder": {
      "name": "fortigate-firewall-v5"
    },
    "data": {
      "action": "accept",
      "srcip": "204.236.222.107",
      "dstip": "147.175.161.55",
      "dstuser": "orders",
      "app": "Ping",
      "appcat": "Network.Service",
      "appid": "24466",
      "applist": "default",
      "apprisk": "elevated",
      "countapp": "1",
      "devid": "FG6H0FTB23904723",
      "devname": "FortiGate-600F",
      "dstcountry": "Slovakia",
      "dstintf": "inside",
      "dstintfrole": "lan",
      "duration": "60",
      "eventtime": "1761606176458720328",
      "level": "notice",
      "logid": "0000000013",
      "policyid": "11",
      "poluuid": "808834ec-9d1a-51ef-835d-f46e34b6c71e",
      "proto": "1",
      "rcvdbyte": "0",
      "sentbyte": "40",
      "sentpkt": "1",
      "service": "PING",
      "sessionid": "2314210348",
      "srccountry": "United States",
      "srcintf": "outside",
      "srcintfrole": "wan",
      "subtype": "forward",
      "time": "00:02:57",
      "trandisp": "noop",
      "type": "traffic",
      "utmaction": "allow",
      "vd": "root"
    },
    "location": "127.0.0.1"
  },
  {
    "timestamp": "2025-10-28T00:02:58.049+0100",
    "rule": {
      "level": 1,
      "description": "Fortigate: Traffic to be aware of.",
      "id": "81618",
      "firedtimes": 6847,
      "mail": false,
      "groups": [
        "fortigate",
        "syslog"
      ],
      "gdpr": [
        "IV_35.7.d"
      ],
      "hipaa": [
        "164.312.b"
      ],
      "nist_800_53": [
        "AU.6"
      ],
      "pci_dss": [
        "10.6.1"
      ]
    },
    "agent": {
      "id": "000",
      "name": "wazuh.fiit.stuba.sk.novalocal"
    },
    "manager": {
      "name": "wazuh.fiit.stuba.sk.novalocal"
    },
    "id": "1761606178.20803987",
    "full_log": "Oct 28 00:02:57 147.175.144.2 date=2025-10-28 time=00:02:57 devname=\"FortiGate-600F\" devid=\"FG6H0FTB23904723\" eventtime=1761606176478731438 tz=\"+0100\" logid=\"0000000013\" type=\"traffic\" subtype=\"forward\" level=\"notice\" vd=\"root\" srcip=212.64.180.123 identifier=43601 srcintf=\"outside\" srcintfrole=\"wan\" dstip=147.175.162.163 dstintf=\"inside\" dstintfrole=\"lan\" srccountry=\"Spain\" dstcountry=\"Slovakia\" sessionid=2314207592 proto=1 action=\"accept\" policyid=11 policytype=\"policy\" poluuid=\"808834ec-9d1a-51ef-835d-f46e34b6c71e\" policyname=\"allow outside\" service=\"PING\" trandisp=\"noop\" appid=24466 app=\"Ping\" appcat=\"Network.Service\" apprisk=\"elevated\" applist=\"default\" duration=64 sentbyte=160 rcvdbyte=0 sentpkt=4 rcvdpkt=0 utmaction=\"allow\" countapp=1 dsthwvendor=\"Cisco\" dstdevtype=\"Router\" dstunauthuser=\"orders\" dstunauthusersource=\"imap\" masterdstmac=\"84:b8:02:66:72:34\" dstmac=\"84:b8:02:66:72:34\" dstserver=0",
    "predecoder": {
      "timestamp": "Oct 28 00:02:57",
      "hostname": "147.175.144.2"
    },
    "decoder": {
      "name": "fortigate-firewall-v5"
    },
    "data": {
      "action": "accept",
      "srcip": "212.64.180.123",
      "dstip": "147.175.162.163",
      "dstuser": "orders",
      "app": "Ping",
      "appcat": "Network.Service",
      "appid": "24466",
      "applist": "default",
      "apprisk": "elevated",
      "countapp": "1",
      "devid": "FG6H0FTB23904723",
      "devname": "FortiGate-600F",
      "dstcountry": "Slovakia",
      "dstintf": "inside",
      "dstintfrole": "lan",
      "duration": "64",
      "eventtime": "1761606176478731438",
      "level": "notice",
      "logid": "0000000013",
      "policyid": "11",
      "poluuid": "808834ec-9d1a-51ef-835d-f46e34b6c71e",
      "proto": "1",
      "rcvdbyte": "0",
      "sentbyte": "160",
      "sentpkt": "4",
      "service": "PING",
      "sessionid": "2314207592",
      "srccountry": "Spain",
      "srcintf": "outside",
      "srcintfrole": "wan",
      "subtype": "forward",
      "time": "00:02:57",
      "trandisp": "noop",
      "type": "traffic",
      "utmaction": "allow",
      "vd": "root"
    },
    "location": "127.0.0.1"
  },
  {
    "timestamp": "2025-10-28T00:02:58.065+0100",
    "rule": {
      "level": 3,
      "description": "Windows Logon Success",
      "id": "60106",
      "mitre": {
        "id": [
          "T1078"
        ],
        "tactic": [
          "Defense Evasion",
          "Persistence",
          "Privilege Escalation",
          "Initial Access"
        ],
        "technique": [
          "Valid Accounts"
        ]
      },
      "firedtimes": 285,
      "mail": false,
      "groups": [
        "windows",
        "windows_security",
        "authentication_success"
      ],
      "pci_dss": [
        "10.2.5"
      ],
      "gpg13": [
        "7.1",
        "7.2"
      ],
      "gdpr": [
        "IV_32.2"
      ],
      "hipaa": [
        "164.312.b"
      ],
      "nist_800_53": [
        "AU.14",
        "AC.9"
      ],
      "tsc": [
        "CC6.8",
        "CC7.2",
        "CC7.3"
      ]
    },
    "agent": {
      "id": "307",
      "name": "vdi-143",
      "ip": "10.162.13.3"
    },
    "manager": {
      "name": "wazuh.fiit.stuba.sk.novalocal"
    },
    "id": "1761606178.20808860",
    "full_log": "{\"win\":{\"system\":{\"providerName\":\"Microsoft-Windows-Security-Auditing\",\"providerGuid\":\"{54849625-5478-4994-a5ba-3e3b0328c30d}\",\"eventID\":\"4624\",\"version\":\"2\",\"level\":\"0\",\"task\":\"12544\",\"opcode\":\"0\",\"keywords\":\"0x8020000000000000\",\"systemTime\":\"2025-10-27T23:02:56.9030505Z\",\"eventRecordID\":\"341806\",\"processID\":\"724\",\"threadID\":\"7252\",\"channel\":\"Security\",\"computer\":\"vdi-143.ucebne.fiit.stuba.sk\",\"severityValue\":\"AUDIT_SUCCESS\",\"message\":\"\\\"An account was successfully logged on.\\r\\n\\r\\nSubject:\\r\\n\\tSecurity ID:\\t\\tS-1-5-18\\r\\n\\tAccount Name:\\t\\tVDI-143$\\r\\n\\tAccount Domain:\\t\\tUCEBNE\\r\\n\\tLogon ID:\\t\\t0x3E7\\r\\n\\r\\nLogon Information:\\r\\n\\tLogon Type:\\t\\t5\\r\\n\\tRestricted Admin Mode:\\t-\\r\\n\\tVirtual Account:\\t\\tNo\\r\\n\\tElevated Token:\\t\\tYes\\r\\n\\r\\nImpersonation Level:\\t\\tImpersonation\\r\\n\\r\\nNew Logon:\\r\\n\\tSecurity ID:\\t\\tS-1-5-18\\r\\n\\tAccount Name:\\t\\tSYSTEM\\r\\n\\tAccount Domain:\\t\\tNT AUTHORITY\\r\\n\\tLogon ID:\\t\\t0x3E7\\r\\n\\tLinked Logon ID:\\t\\t0x0\\r\\n\\tNetwork Account Name:\\t-\\r\\n\\tNetwork Account Domain:\\t-\\r\\n\\tLogon GUID:\\t\\t{00000000-0000-0000-0000-000000000000}\\r\\n\\r\\nProcess Information:\\r\\n\\tProcess ID:\\t\\t0x2cc\\r\\n\\tProcess Name:\\t\\tC:\\\\Windows\\\\System32\\\\services.exe\\r\\n\\r\\nNetwork Information:\\r\\n\\tWorkstation Name:\\t-\\r\\n\\tSource Network Address:\\t-\\r\\n\\tSource Port:\\t\\t-\\r\\n\\r\\nDetailed Authentication Information:\\r\\n\\tLogon Process:\\t\\tAdvapi  \\r\\n\\tAuthentication Package:\\tNegotiate\\r\\n\\tTransited Services:\\t-\\r\\n\\tPackage Name (NTLM only):\\t-\\r\\n\\tKey Length:\\t\\t0\\r\\n\\r\\nThis event is generated when a logon session is created. It is generated on the computer that was accessed.\\r\\n\\r\\nThe subject fields indicate the account on the local system which requested the logon. This is most commonly a service such as the Server service, or a local process such as Winlogon.exe or Services.exe.\\r\\n\\r\\nThe logon type field indicates the kind of logon that occurred. The most common types are 2 (interactive) and 3 (network).\\r\\n\\r\\nThe New Logon fields indicate the account for whom the new logon was created, i.e. the account that was logged on.\\r\\n\\r\\nThe network fields indicate where a remote logon request originated. Workstation name is not always available and may be left blank in some cases.\\r\\n\\r\\nThe impersonation level field indicates the extent to which a process in the logon session can impersonate.\\r\\n\\r\\nThe authentication information fields provide detailed information about this specific logon request.\\r\\n\\t- Logon GUID is a unique identifier that can be used to correlate this event with a KDC event.\\r\\n\\t- Transited services indicate which intermediate services have participated in this logon request.\\r\\n\\t- Package name indicates which sub-protocol was used among the NTLM protocols.\\r\\n\\t- Key length indicates the length of the generated session key. This will be 0 if no session key was requested.\\\"\"},\"eventdata\":{\"subjectUserSid\":\"S-1-5-18\",\"subjectUserName\":\"VDI-143$\",\"subjectDomainName\":\"UCEBNE\",\"subjectLogonId\":\"0x3e7\",\"targetUserSid\":\"S-1-5-18\",\"targetUserName\":\"SYSTEM\",\"targetDomainName\":\"NT AUTHORITY\",\"targetLogonId\":\"0x3e7\",\"logonType\":\"5\",\"logonProcessName\":\"Advapi\",\"authenticationPackageName\":\"Negotiate\",\"logonGuid\":\"{00000000-0000-0000-0000-000000000000}\",\"keyLength\":\"0\",\"processId\":\"0x2cc\",\"processName\":\"C:\\\\\\\\Windows\\\\\\\\System32\\\\\\\\services.exe\",\"impersonationLevel\":\"%%1833\",\"virtualAccount\":\"%%1843\",\"targetLinkedLogonId\":\"0x0\",\"elevatedToken\":\"%%1842\"}}}",
    "decoder": {
      "name": "windows_eventchannel"
    },
    "data": {
      "win": {
        "system": {
          "providerName": "Microsoft-Windows-Security-Auditing",
          "providerGuid": "{54849625-5478-4994-a5ba-3e3b0328c30d}",
          "eventID": "4624",
          "version": "2",
          "level": "0",
          "task": "12544",
          "opcode": "0",
          "keywords": "0x8020000000000000",
          "systemTime": "2025-10-27T23:02:56.9030505Z",
          "eventRecordID": "341806",
          "processID": "724",
          "threadID": "7252",
          "channel": "Security",
          "computer": "vdi-143.ucebne.fiit.stuba.sk",
          "severityValue": "AUDIT_SUCCESS",
          "message": "\"An account was successfully logged on.\r\n\r\nSubject:\r\n\tSecurity ID:\t\tS-1-5-18\r\n\tAccount Name:\t\tVDI-143$\r\n\tAccount Domain:\t\tUCEBNE\r\n\tLogon ID:\t\t0x3E7\r\n\r\nLogon Information:\r\n\tLogon Type:\t\t5\r\n\tRestricted Admin Mode:\t-\r\n\tVirtual Account:\t\tNo\r\n\tElevated Token:\t\tYes\r\n\r\nImpersonation Level:\t\tImpersonation\r\n\r\nNew Logon:\r\n\tSecurity ID:\t\tS-1-5-18\r\n\tAccount Name:\t\tSYSTEM\r\n\tAccount Domain:\t\tNT AUTHORITY\r\n\tLogon ID:\t\t0x3E7\r\n\tLinked Logon ID:\t\t0x0\r\n\tNetwork Account Name:\t-\r\n\tNetwork Account Domain:\t-\r\n\tLogon GUID:\t\t{00000000-0000-0000-0000-000000000000}\r\n\r\nProcess Information:\r\n\tProcess ID:\t\t0x2cc\r\n\tProcess Name:\t\tC:\\Windows\\System32\\services.exe\r\n\r\nNetwork Information:\r\n\tWorkstation Name:\t-\r\n\tSource Network Address:\t-\r\n\tSource Port:\t\t-\r\n\r\nDetailed Authentication Information:\r\n\tLogon Process:\t\tAdvapi  \r\n\tAuthentication Package:\tNegotiate\r\n\tTransited Services:\t-\r\n\tPackage Name (NTLM only):\t-\r\n\tKey Length:\t\t0\r\n\r\nThis event is generated when a logon session is created. It is generated on the computer that was accessed.\r\n\r\nThe subject fields indicate the account on the local system which requested the logon. This is most commonly a service such as the Server service, or a local process such as Winlogon.exe or Services.exe.\r\n\r\nThe logon type field indicates the kind of logon that occurred. The most common types are 2 (interactive) and 3 (network).\r\n\r\nThe New Logon fields indicate the account for whom the new logon was created, i.e. the account that was logged on.\r\n\r\nThe network fields indicate where a remote logon request originated. Workstation name is not always available and may be left blank in some cases.\r\n\r\nThe impersonation level field indicates the extent to which a process in the logon session can impersonate.\r\n\r\nThe authentication information fields provide detailed information about this specific logon request.\r\n\t- Logon GUID is a unique identifier that can be used to correlate this event with a KDC event.\r\n\t- Transited services indicate which intermediate services have participated in this logon request.\r\n\t- Package name indicates which sub-protocol was used among the NTLM protocols.\r\n\t- Key length indicates the length of the generated session key. This will be 0 if no session key was requested.\""
        },
        "eventdata": {
          "subjectUserSid": "S-1-5-18",
          "subjectUserName": "VDI-143$",
          "subjectDomainName": "UCEBNE",
          "subjectLogonId": "0x3e7",
          "targetUserSid": "S-1-5-18",
          "targetUserName": "SYSTEM",
          "targetDomainName": "NT AUTHORITY",
          "targetLogonId": "0x3e7",
          "logonType": "5",
          "logonProcessName": "Advapi",
          "authenticationPackageName": "Negotiate",
          "logonGuid": "{00000000-0000-0000-0000-000000000000}",
          "keyLength": "0",
          "processId": "0x2cc",
          "processName": "C:\\\\Windows\\\\System32\\\\services.exe",
          "impersonationLevel": "%%1833",
          "virtualAccount": "%%1843",
          "targetLinkedLogonId": "0x0",
          "elevatedToken": "%%1842"
        }
      }
    },
    "location": "EventChannel"
  },
  {
    "timestamp": "2025-10-28T00:02:58.073+0100",
    "agent": {
      "id": "307",
      "name": "vdi-143",
      "ip": "10.162.13.3"
    },
    "manager": {
      "name": "wazuh.fiit.stuba.sk.novalocal"
    },
    "id": "1761606178.20808860",
    "full_log": "{\"win\":{\"system\":{\"providerName\":\"Microsoft-Windows-Security-Auditing\",\"providerGuid\":\"{54849625-5478-4994-a5ba-3e3b0328c30d}\",\"eventID\":\"4672\",\"version\":\"0\",\"level\":\"0\",\"task\":\"12548\",\"opcode\":\"0\",\"keywords\":\"0x8020000000000000\",\"systemTime\":\"2025-10-27T23:02:56.9030879Z\",\"eventRecordID\":\"341807\",\"processID\":\"724\",\"threadID\":\"7252\",\"channel\":\"Security\",\"computer\":\"vdi-143.ucebne.fiit.stuba.sk\",\"severityValue\":\"AUDIT_SUCCESS\",\"message\":\"\\\"Special privileges assigned to new logon.\\r\\n\\r\\nSubject:\\r\\n\\tSecurity ID:\\t\\tS-1-5-18\\r\\n\\tAccount Name:\\t\\tSYSTEM\\r\\n\\tAccount Domain:\\t\\tNT AUTHORITY\\r\\n\\tLogon ID:\\t\\t0x3E7\\r\\n\\r\\nPrivileges:\\t\\tSeAssignPrimaryTokenPrivilege\\r\\n\\t\\t\\tSeTcbPrivilege\\r\\n\\t\\t\\tSeSecurityPrivilege\\r\\n\\t\\t\\tSeTakeOwnershipPrivilege\\r\\n\\t\\t\\tSeLoadDriverPrivilege\\r\\n\\t\\t\\tSeBackupPrivilege\\r\\n\\t\\t\\tSeRestorePrivilege\\r\\n\\t\\t\\tSeDebugPrivilege\\r\\n\\t\\t\\tSeAuditPrivilege\\r\\n\\t\\t\\tSeSystemEnvironmentPrivilege\\r\\n\\t\\t\\tSeImpersonatePrivilege\\r\\n\\t\\t\\tSeDelegateSessionUserImpersonatePrivilege\\\"\"},\"eventdata\":{\"subjectUserSid\":\"S-1-5-18\",\"subjectUserName\":\"SYSTEM\",\"subjectDomainName\":\"NT AUTHORITY\",\"subjectLogonId\":\"0x3e7\",\"privilegeList\":\"SeAssignPrimaryTokenPrivilege     SeTcbPrivilege     SeSecurityPrivilege     SeTakeOwnershipPrivilege     SeLoadDriverPrivilege     SeBackupPrivilege     SeRestorePrivilege     SeDebugPrivilege     SeAuditPrivilege     SeSystemEnvironmentPrivilege     SeImpersonatePrivilege     SeDelegateSessionUserImpersonatePrivilege\"}}}",
    "decoder": {
      "name": "windows_eventchannel"
    },
    "data": {
      "win": {
        "system": {
          "providerName": "Microsoft-Windows-Security-Auditing",
          "providerGuid": "{54849625-5478-4994-a5ba-3e3b0328c30d}",
          "eventID": "4672",
          "version": "0",
          "level": "0",
          "task": "12548",
          "opcode": "0",
          "keywords": "0x8020000000000000",
          "systemTime": "2025-10-27T23:02:56.9030879Z",
          "eventRecordID": "341807",
          "processID": "724",
          "threadID": "7252",
          "channel": "Security",
          "computer": "vdi-143.ucebne.fiit.stuba.sk",
          "severityValue": "AUDIT_SUCCESS",
          "message": "\"Special privileges assigned to new logon.\r\n\r\nSubject:\r\n\tSecurity ID:\t\tS-1-5-18\r\n\tAccount Name:\t\tSYSTEM\r\n\tAccount Domain:\t\tNT AUTHORITY\r\n\tLogon ID:\t\t0x3E7\r\n\r\nPrivileges:\t\tSeAssignPrimaryTokenPrivilege\r\n\t\t\tSeTcbPrivilege\r\n\t\t\tSeSecurityPrivilege\r\n\t\t\tSeTakeOwnershipPrivilege\r\n\t\t\tSeLoadDriverPrivilege\r\n\t\t\tSeBackupPrivilege\r\n\t\t\tSeRestorePrivilege\r\n\t\t\tSeDebugPrivilege\r\n\t\t\tSeAuditPrivilege\r\n\t\t\tSeSystemEnvironmentPrivilege\r\n\t\t\tSeImpersonatePrivilege\r\n\t\t\tSeDelegateSessionUserImpersonatePrivilege\""
        },
        "eventdata": {
          "subjectUserSid": "S-1-5-18",
          "subjectUserName": "SYSTEM",
          "subjectDomainName": "NT AUTHORITY",
          "subjectLogonId": "0x3e7",
          "privilegeList": "SeAssignPrimaryTokenPrivilege     SeTcbPrivilege     SeSecurityPrivilege     SeTakeOwnershipPrivilege     SeLoadDriverPrivilege     SeBackupPrivilege     SeRestorePrivilege     SeDebugPrivilege     SeAuditPrivilege     SeSystemEnvironmentPrivilege     SeImpersonatePrivilege     SeDelegateSessionUserImpersonatePrivilege"
        }
      }
    },
    "location": "EventChannel"
  },
  {
    "timestamp": "2025-10-28T00:02:58.086+0100",
    "rule": {
      "level": 3,
      "description": "Windows Logon Success",
      "id": "60106",
      "mitre": {
        "id": [
          "T1078"
        ],
        "tactic": [
          "Defense Evasion",
          "Persistence",
          "Privilege Escalation",
          "Initial Access"
        ],
        "technique": [
          "Valid Accounts"
        ]
      },
      "firedtimes": 286,
      "mail": false,
      "groups": [
        "windows",
        "windows_security",
        "authentication_success"
      ],
      "pci_dss": [
        "10.2.5"
      ],
      "gpg13": [
        "7.1",
        "7.2"
      ],
      "gdpr": [
        "IV_32.2"
      ],
      "hipaa": [
        "164.312.b"
      ],
      "nist_800_53": [
        "AU.14",
        "AC.9"
      ],
      "tsc": [
        "CC6.8",
        "CC7.2",
        "CC7.3"
      ]
    },
    "agent": {
      "id": "307",
      "name": "vdi-143",
      "ip": "10.162.13.3"
    },
    "manager": {
      "name": "wazuh.fiit.stuba.sk.novalocal"
    },
    "id": "1761606178.20822767",
    "full_log": "{\"win\":{\"system\":{\"providerName\":\"Microsoft-Windows-Security-Auditing\",\"providerGuid\":\"{54849625-5478-4994-a5ba-3e3b0328c30d}\",\"eventID\":\"4624\",\"version\":\"2\",\"level\":\"0\",\"task\":\"12544\",\"opcode\":\"0\",\"keywords\":\"0x8020000000000000\",\"systemTime\":\"2025-10-27T23:02:56.9200572Z\",\"eventRecordID\":\"341808\",\"processID\":\"724\",\"threadID\":\"7252\",\"channel\":\"Security\",\"computer\":\"vdi-143.ucebne.fiit.stuba.sk\",\"severityValue\":\"AUDIT_SUCCESS\",\"message\":\"\\\"An account was successfully logged on.\\r\\n\\r\\nSubject:\\r\\n\\tSecurity ID:\\t\\tS-1-5-18\\r\\n\\tAccount Name:\\t\\tVDI-143$\\r\\n\\tAccount Domain:\\t\\tUCEBNE\\r\\n\\tLogon ID:\\t\\t0x3E7\\r\\n\\r\\nLogon Information:\\r\\n\\tLogon Type:\\t\\t5\\r\\n\\tRestricted Admin Mode:\\t-\\r\\n\\tVirtual Account:\\t\\tNo\\r\\n\\tElevated Token:\\t\\tYes\\r\\n\\r\\nImpersonation Level:\\t\\tImpersonation\\r\\n\\r\\nNew Logon:\\r\\n\\tSecurity ID:\\t\\tS-1-5-18\\r\\n\\tAccount Name:\\t\\tSYSTEM\\r\\n\\tAccount Domain:\\t\\tNT AUTHORITY\\r\\n\\tLogon ID:\\t\\t0x3E7\\r\\n\\tLinked Logon ID:\\t\\t0x0\\r\\n\\tNetwork Account Name:\\t-\\r\\n\\tNetwork Account Domain:\\t-\\r\\n\\tLogon GUID:\\t\\t{00000000-0000-0000-0000-000000000000}\\r\\n\\r\\nProcess Information:\\r\\n\\tProcess ID:\\t\\t0x2cc\\r\\n\\tProcess Name:\\t\\tC:\\\\Windows\\\\System32\\\\services.exe\\r\\n\\r\\nNetwork Information:\\r\\n\\tWorkstation Name:\\t-\\r\\n\\tSource Network Address:\\t-\\r\\n\\tSource Port:\\t\\t-\\r\\n\\r\\nDetailed Authentication Information:\\r\\n\\tLogon Process:\\t\\tAdvapi  \\r\\n\\tAuthentication Package:\\tNegotiate\\r\\n\\tTransited Services:\\t-\\r\\n\\tPackage Name (NTLM only):\\t-\\r\\n\\tKey Length:\\t\\t0\\r\\n\\r\\nThis event is generated when a logon session is created. It is generated on the computer that was accessed.\\r\\n\\r\\nThe subject fields indicate the account on the local system which requested the logon. This is most commonly a service such as the Server service, or a local process such as Winlogon.exe or Services.exe.\\r\\n\\r\\nThe logon type field indicates the kind of logon that occurred. The most common types are 2 (interactive) and 3 (network).\\r\\n\\r\\nThe New Logon fields indicate the account for whom the new logon was created, i.e. the account that was logged on.\\r\\n\\r\\nThe network fields indicate where a remote logon request originated. Workstation name is not always available and may be left blank in some cases.\\r\\n\\r\\nThe impersonation level field indicates the extent to which a process in the logon session can impersonate.\\r\\n\\r\\nThe authentication information fields provide detailed information about this specific logon request.\\r\\n\\t- Logon GUID is a unique identifier that can be used to correlate this event with a KDC event.\\r\\n\\t- Transited services indicate which intermediate services have participated in this logon request.\\r\\n\\t- Package name indicates which sub-protocol was used among the NTLM protocols.\\r\\n\\t- Key length indicates the length of the generated session key. This will be 0 if no session key was requested.\\\"\"},\"eventdata\":{\"subjectUserSid\":\"S-1-5-18\",\"subjectUserName\":\"VDI-143$\",\"subjectDomainName\":\"UCEBNE\",\"subjectLogonId\":\"0x3e7\",\"targetUserSid\":\"S-1-5-18\",\"targetUserName\":\"SYSTEM\",\"targetDomainName\":\"NT AUTHORITY\",\"targetLogonId\":\"0x3e7\",\"logonType\":\"5\",\"logonProcessName\":\"Advapi\",\"authenticationPackageName\":\"Negotiate\",\"logonGuid\":\"{00000000-0000-0000-0000-000000000000}\",\"keyLength\":\"0\",\"processId\":\"0x2cc\",\"processName\":\"C:\\\\\\\\Windows\\\\\\\\System32\\\\\\\\services.exe\",\"impersonationLevel\":\"%%1833\",\"virtualAccount\":\"%%1843\",\"targetLinkedLogonId\":\"0x0\",\"elevatedToken\":\"%%1842\"}}}",
    "decoder": {
      "name": "windows_eventchannel"
    },
    "data": {
      "win": {
        "system": {
          "providerName": "Microsoft-Windows-Security-Auditing",
          "providerGuid": "{54849625-5478-4994-a5ba-3e3b0328c30d}",
          "eventID": "4624",
          "version": "2",
          "level": "0",
          "task": "12544",
          "opcode": "0",
          "keywords": "0x8020000000000000",
          "systemTime": "2025-10-27T23:02:56.9200572Z",
          "eventRecordID": "341808",
          "processID": "724",
          "threadID": "7252",
          "channel": "Security",
          "computer": "vdi-143.ucebne.fiit.stuba.sk",
          "severityValue": "AUDIT_SUCCESS",
          "message": "\"An account was successfully logged on.\r\n\r\nSubject:\r\n\tSecurity ID:\t\tS-1-5-18\r\n\tAccount Name:\t\tVDI-143$\r\n\tAccount Domain:\t\tUCEBNE\r\n\tLogon ID:\t\t0x3E7\r\n\r\nLogon Information:\r\n\tLogon Type:\t\t5\r\n\tRestricted Admin Mode:\t-\r\n\tVirtual Account:\t\tNo\r\n\tElevated Token:\t\tYes\r\n\r\nImpersonation Level:\t\tImpersonation\r\n\r\nNew Logon:\r\n\tSecurity ID:\t\tS-1-5-18\r\n\tAccount Name:\t\tSYSTEM\r\n\tAccount Domain:\t\tNT AUTHORITY\r\n\tLogon ID:\t\t0x3E7\r\n\tLinked Logon ID:\t\t0x0\r\n\tNetwork Account Name:\t-\r\n\tNetwork Account Domain:\t-\r\n\tLogon GUID:\t\t{00000000-0000-0000-0000-000000000000}\r\n\r\nProcess Information:\r\n\tProcess ID:\t\t0x2cc\r\n\tProcess Name:\t\tC:\\Windows\\System32\\services.exe\r\n\r\nNetwork Information:\r\n\tWorkstation Name:\t-\r\n\tSource Network Address:\t-\r\n\tSource Port:\t\t-\r\n\r\nDetailed Authentication Information:\r\n\tLogon Process:\t\tAdvapi  \r\n\tAuthentication Package:\tNegotiate\r\n\tTransited Services:\t-\r\n\tPackage Name (NTLM only):\t-\r\n\tKey Length:\t\t0\r\n\r\nThis event is generated when a logon session is created. It is generated on the computer that was accessed.\r\n\r\nThe subject fields indicate the account on the local system which requested the logon. This is most commonly a service such as the Server service, or a local process such as Winlogon.exe or Services.exe.\r\n\r\nThe logon type field indicates the kind of logon that occurred. The most common types are 2 (interactive) and 3 (network).\r\n\r\nThe New Logon fields indicate the account for whom the new logon was created, i.e. the account that was logged on.\r\n\r\nThe network fields indicate where a remote logon request originated. Workstation name is not always available and may be left blank in some cases.\r\n\r\nThe impersonation level field indicates the extent to which a process in the logon session can impersonate.\r\n\r\nThe authentication information fields provide detailed information about this specific logon request.\r\n\t- Logon GUID is a unique identifier that can be used to correlate this event with a KDC event.\r\n\t- Transited services indicate which intermediate services have participated in this logon request.\r\n\t- Package name indicates which sub-protocol was used among the NTLM protocols.\r\n\t- Key length indicates the length of the generated session key. This will be 0 if no session key was requested.\""
        },
        "eventdata": {
          "subjectUserSid": "S-1-5-18",
          "subjectUserName": "VDI-143$",
          "subjectDomainName": "UCEBNE",
          "subjectLogonId": "0x3e7",
          "targetUserSid": "S-1-5-18",
          "targetUserName": "SYSTEM",
          "targetDomainName": "NT AUTHORITY",
          "targetLogonId": "0x3e7",
          "logonType": "5",
          "logonProcessName": "Advapi",
          "authenticationPackageName": "Negotiate",
          "logonGuid": "{00000000-0000-0000-0000-000000000000}",
          "keyLength": "0",
          "processId": "0x2cc",
          "processName": "C:\\\\Windows\\\\System32\\\\services.exe",
          "impersonationLevel": "%%1833",
          "virtualAccount": "%%1843",
          "targetLinkedLogonId": "0x0",
          "elevatedToken": "%%1842"
        }
      }
    },
    "location": "EventChannel"
  },
  {
    "timestamp": "2025-10-28T00:02:58.101+0100",
    "agent": {
      "id": "307",
      "name": "vdi-143",
      "ip": "10.162.13.3"
    },
    "manager": {
      "name": "wazuh.fiit.stuba.sk.novalocal"
    },
    "id": "1761606178.20822767",
    "full_log": "{\"win\":{\"system\":{\"providerName\":\"Microsoft-Windows-Security-Auditing\",\"providerGuid\":\"{54849625-5478-4994-a5ba-3e3b0328c30d}\",\"eventID\":\"4672\",\"version\":\"0\",\"level\":\"0\",\"task\":\"12548\",\"opcode\":\"0\",\"keywords\":\"0x8020000000000000\",\"systemTime\":\"2025-10-27T23:02:56.9201234Z\",\"eventRecordID\":\"341809\",\"processID\":\"724\",\"threadID\":\"7252\",\"channel\":\"Security\",\"computer\":\"vdi-143.ucebne.fiit.stuba.sk\",\"severityValue\":\"AUDIT_SUCCESS\",\"message\":\"\\\"Special privileges assigned to new logon.\\r\\n\\r\\nSubject:\\r\\n\\tSecurity ID:\\t\\tS-1-5-18\\r\\n\\tAccount Name:\\t\\tSYSTEM\\r\\n\\tAccount Domain:\\t\\tNT AUTHORITY\\r\\n\\tLogon ID:\\t\\t0x3E7\\r\\n\\r\\nPrivileges:\\t\\tSeAssignPrimaryTokenPrivilege\\r\\n\\t\\t\\tSeTcbPrivilege\\r\\n\\t\\t\\tSeSecurityPrivilege\\r\\n\\t\\t\\tSeTakeOwnershipPrivilege\\r\\n\\t\\t\\tSeLoadDriverPrivilege\\r\\n\\t\\t\\tSeBackupPrivilege\\r\\n\\t\\t\\tSeRestorePrivilege\\r\\n\\t\\t\\tSeDebugPrivilege\\r\\n\\t\\t\\tSeAuditPrivilege\\r\\n\\t\\t\\tSeSystemEnvironmentPrivilege\\r\\n\\t\\t\\tSeImpersonatePrivilege\\r\\n\\t\\t\\tSeDelegateSessionUserImpersonatePrivilege\\\"\"},\"eventdata\":{\"subjectUserSid\":\"S-1-5-18\",\"subjectUserName\":\"SYSTEM\",\"subjectDomainName\":\"NT AUTHORITY\",\"subjectLogonId\":\"0x3e7\",\"privilegeList\":\"SeAssignPrimaryTokenPrivilege     SeTcbPrivilege     SeSecurityPrivilege     SeTakeOwnershipPrivilege     SeLoadDriverPrivilege     SeBackupPrivilege     SeRestorePrivilege     SeDebugPrivilege     SeAuditPrivilege     SeSystemEnvironmentPrivilege     SeImpersonatePrivilege     SeDelegateSessionUserImpersonatePrivilege\"}}}",
    "decoder": {
      "name": "windows_eventchannel"
    },
    "data": {
      "win": {
        "system": {
          "providerName": "Microsoft-Windows-Security-Auditing",
          "providerGuid": "{54849625-5478-4994-a5ba-3e3b0328c30d}",
          "eventID": "4672",
          "version": "0",
          "level": "0",
          "task": "12548",
          "opcode": "0",
          "keywords": "0x8020000000000000",
          "systemTime": "2025-10-27T23:02:56.9201234Z",
          "eventRecordID": "341809",
          "processID": "724",
          "threadID": "7252",
          "channel": "Security",
          "computer": "vdi-143.ucebne.fiit.stuba.sk",
          "severityValue": "AUDIT_SUCCESS",
          "message": "\"Special privileges assigned to new logon.\r\n\r\nSubject:\r\n\tSecurity ID:\t\tS-1-5-18\r\n\tAccount Name:\t\tSYSTEM\r\n\tAccount Domain:\t\tNT AUTHORITY\r\n\tLogon ID:\t\t0x3E7\r\n\r\nPrivileges:\t\tSeAssignPrimaryTokenPrivilege\r\n\t\t\tSeTcbPrivilege\r\n\t\t\tSeSecurityPrivilege\r\n\t\t\tSeTakeOwnershipPrivilege\r\n\t\t\tSeLoadDriverPrivilege\r\n\t\t\tSeBackupPrivilege\r\n\t\t\tSeRestorePrivilege\r\n\t\t\tSeDebugPrivilege\r\n\t\t\tSeAuditPrivilege\r\n\t\t\tSeSystemEnvironmentPrivilege\r\n\t\t\tSeImpersonatePrivilege\r\n\t\t\tSeDelegateSessionUserImpersonatePrivilege\""
        },
        "eventdata": {
          "subjectUserSid": "S-1-5-18",
          "subjectUserName": "SYSTEM",
          "subjectDomainName": "NT AUTHORITY",
          "subjectLogonId": "0x3e7",
          "privilegeList": "SeAssignPrimaryTokenPrivilege     SeTcbPrivilege     SeSecurityPrivilege     SeTakeOwnershipPrivilege     SeLoadDriverPrivilege     SeBackupPrivilege     SeRestorePrivilege     SeDebugPrivilege     SeAuditPrivilege     SeSystemEnvironmentPrivilege     SeImpersonatePrivilege     SeDelegateSessionUserImpersonatePrivilege"
        }
      }
    },
    "location": "EventChannel"
  },
  {
    "timestamp": "2025-10-28T00:02:58.117+0100",
    "rule": {
      "level": 3,
      "description": "Windows Logon Success",
      "id": "60106",
      "mitre": {
        "id": [
          "T1078"
        ],
        "tactic": [
          "Defense Evasion",
          "Persistence",
          "Privilege Escalation",
          "Initial Access"
        ],
        "technique": [
          "Valid Accounts"
        ]
      },
      "firedtimes": 287,
      "mail": false,
      "groups": [
        "windows",
        "windows_security",
        "authentication_success"
      ],
      "pci_dss": [
        "10.2.5"
      ],
      "gpg13": [
        "7.1",
        "7.2"
      ],
      "gdpr": [
        "IV_32.2"
      ],
      "hipaa": [
        "164.312.b"
      ],
      "nist_800_53": [
        "AU.14",
        "AC.9"
      ],
      "tsc": [
        "CC6.8",
        "CC7.2",
        "CC7.3"
      ]
    },
    "agent": {
      "id": "307",
      "name": "vdi-143",
      "ip": "10.162.13.3"
    },
    "manager": {
      "name": "wazuh.fiit.stuba.sk.novalocal"
    },
    "id": "1761606178.20830067",
    "full_log": "{\"win\":{\"system\":{\"providerName\":\"Microsoft-Windows-Security-Auditing\",\"providerGuid\":\"{54849625-5478-4994-a5ba-3e3b0328c30d}\",\"eventID\":\"4624\",\"version\":\"2\",\"level\":\"0\",\"task\":\"12544\",\"opcode\":\"0\",\"keywords\":\"0x8020000000000000\",\"systemTime\":\"2025-10-27T23:02:56.9364655Z\",\"eventRecordID\":\"341810\",\"processID\":\"724\",\"threadID\":\"7252\",\"channel\":\"Security\",\"computer\":\"vdi-143.ucebne.fiit.stuba.sk\",\"severityValue\":\"AUDIT_SUCCESS\",\"message\":\"\\\"An account was successfully logged on.\\r\\n\\r\\nSubject:\\r\\n\\tSecurity ID:\\t\\tS-1-5-18\\r\\n\\tAccount Name:\\t\\tVDI-143$\\r\\n\\tAccount Domain:\\t\\tUCEBNE\\r\\n\\tLogon ID:\\t\\t0x3E7\\r\\n\\r\\nLogon Information:\\r\\n\\tLogon Type:\\t\\t5\\r\\n\\tRestricted Admin Mode:\\t-\\r\\n\\tVirtual Account:\\t\\tNo\\r\\n\\tElevated Token:\\t\\tYes\\r\\n\\r\\nImpersonation Level:\\t\\tImpersonation\\r\\n\\r\\nNew Logon:\\r\\n\\tSecurity ID:\\t\\tS-1-5-18\\r\\n\\tAccount Name:\\t\\tSYSTEM\\r\\n\\tAccount Domain:\\t\\tNT AUTHORITY\\r\\n\\tLogon ID:\\t\\t0x3E7\\r\\n\\tLinked Logon ID:\\t\\t0x0\\r\\n\\tNetwork Account Name:\\t-\\r\\n\\tNetwork Account Domain:\\t-\\r\\n\\tLogon GUID:\\t\\t{00000000-0000-0000-0000-000000000000}\\r\\n\\r\\nProcess Information:\\r\\n\\tProcess ID:\\t\\t0x2cc\\r\\n\\tProcess Name:\\t\\tC:\\\\Windows\\\\System32\\\\services.exe\\r\\n\\r\\nNetwork Information:\\r\\n\\tWorkstation Name:\\t-\\r\\n\\tSource Network Address:\\t-\\r\\n\\tSource Port:\\t\\t-\\r\\n\\r\\nDetailed Authentication Information:\\r\\n\\tLogon Process:\\t\\tAdvapi  \\r\\n\\tAuthentication Package:\\tNegotiate\\r\\n\\tTransited Services:\\t-\\r\\n\\tPackage Name (NTLM only):\\t-\\r\\n\\tKey Length:\\t\\t0\\r\\n\\r\\nThis event is generated when a logon session is created. It is generated on the computer that was accessed.\\r\\n\\r\\nThe subject fields indicate the account on the local system which requested the logon. This is most commonly a service such as the Server service, or a local process such as Winlogon.exe or Services.exe.\\r\\n\\r\\nThe logon type field indicates the kind of logon that occurred. The most common types are 2 (interactive) and 3 (network).\\r\\n\\r\\nThe New Logon fields indicate the account for whom the new logon was created, i.e. the account that was logged on.\\r\\n\\r\\nThe network fields indicate where a remote logon request originated. Workstation name is not always available and may be left blank in some cases.\\r\\n\\r\\nThe impersonation level field indicates the extent to which a process in the logon session can impersonate.\\r\\n\\r\\nThe authentication information fields provide detailed information about this specific logon request.\\r\\n\\t- Logon GUID is a unique identifier that can be used to correlate this event with a KDC event.\\r\\n\\t- Transited services indicate which intermediate services have participated in this logon request.\\r\\n\\t- Package name indicates which sub-protocol was used among the NTLM protocols.\\r\\n\\t- Key length indicates the length of the generated session key. This will be 0 if no session key was requested.\\\"\"},\"eventdata\":{\"subjectUserSid\":\"S-1-5-18\",\"subjectUserName\":\"VDI-143$\",\"subjectDomainName\":\"UCEBNE\",\"subjectLogonId\":\"0x3e7\",\"targetUserSid\":\"S-1-5-18\",\"targetUserName\":\"SYSTEM\",\"targetDomainName\":\"NT AUTHORITY\",\"targetLogonId\":\"0x3e7\",\"logonType\":\"5\",\"logonProcessName\":\"Advapi\",\"authenticationPackageName\":\"Negotiate\",\"logonGuid\":\"{00000000-0000-0000-0000-000000000000}\",\"keyLength\":\"0\",\"processId\":\"0x2cc\",\"processName\":\"C:\\\\\\\\Windows\\\\\\\\System32\\\\\\\\services.exe\",\"impersonationLevel\":\"%%1833\",\"virtualAccount\":\"%%1843\",\"targetLinkedLogonId\":\"0x0\",\"elevatedToken\":\"%%1842\"}}}",
    "decoder": {
      "name": "windows_eventchannel"
    },
    "data": {
      "win": {
        "system": {
          "providerName": "Microsoft-Windows-Security-Auditing",
          "providerGuid": "{54849625-5478-4994-a5ba-3e3b0328c30d}",
          "eventID": "4624",
          "version": "2",
          "level": "0",
          "task": "12544",
          "opcode": "0",
          "keywords": "0x8020000000000000",
          "systemTime": "2025-10-27T23:02:56.9364655Z",
          "eventRecordID": "341810",
          "processID": "724",
          "threadID": "7252",
          "channel": "Security",
          "computer": "vdi-143.ucebne.fiit.stuba.sk",
          "severityValue": "AUDIT_SUCCESS",
          "message": "\"An account was successfully logged on.\r\n\r\nSubject:\r\n\tSecurity ID:\t\tS-1-5-18\r\n\tAccount Name:\t\tVDI-143$\r\n\tAccount Domain:\t\tUCEBNE\r\n\tLogon ID:\t\t0x3E7\r\n\r\nLogon Information:\r\n\tLogon Type:\t\t5\r\n\tRestricted Admin Mode:\t-\r\n\tVirtual Account:\t\tNo\r\n\tElevated Token:\t\tYes\r\n\r\nImpersonation Level:\t\tImpersonation\r\n\r\nNew Logon:\r\n\tSecurity ID:\t\tS-1-5-18\r\n\tAccount Name:\t\tSYSTEM\r\n\tAccount Domain:\t\tNT AUTHORITY\r\n\tLogon ID:\t\t0x3E7\r\n\tLinked Logon ID:\t\t0x0\r\n\tNetwork Account Name:\t-\r\n\tNetwork Account Domain:\t-\r\n\tLogon GUID:\t\t{00000000-0000-0000-0000-000000000000}\r\n\r\nProcess Information:\r\n\tProcess ID:\t\t0x2cc\r\n\tProcess Name:\t\tC:\\Windows\\System32\\services.exe\r\n\r\nNetwork Information:\r\n\tWorkstation Name:\t-\r\n\tSource Network Address:\t-\r\n\tSource Port:\t\t-\r\n\r\nDetailed Authentication Information:\r\n\tLogon Process:\t\tAdvapi  \r\n\tAuthentication Package:\tNegotiate\r\n\tTransited Services:\t-\r\n\tPackage Name (NTLM only):\t-\r\n\tKey Length:\t\t0\r\n\r\nThis event is generated when a logon session is created. It is generated on the computer that was accessed.\r\n\r\nThe subject fields indicate the account on the local system which requested the logon. This is most commonly a service such as the Server service, or a local process such as Winlogon.exe or Services.exe.\r\n\r\nThe logon type field indicates the kind of logon that occurred. The most common types are 2 (interactive) and 3 (network).\r\n\r\nThe New Logon fields indicate the account for whom the new logon was created, i.e. the account that was logged on.\r\n\r\nThe network fields indicate where a remote logon request originated. Workstation name is not always available and may be left blank in some cases.\r\n\r\nThe impersonation level field indicates the extent to which a process in the logon session can impersonate.\r\n\r\nThe authentication information fields provide detailed information about this specific logon request.\r\n\t- Logon GUID is a unique identifier that can be used to correlate this event with a KDC event.\r\n\t- Transited services indicate which intermediate services have participated in this logon request.\r\n\t- Package name indicates which sub-protocol was used among the NTLM protocols.\r\n\t- Key length indicates the length of the generated session key. This will be 0 if no session key was requested.\""
        },
        "eventdata": {
          "subjectUserSid": "S-1-5-18",
          "subjectUserName": "VDI-143$",
          "subjectDomainName": "UCEBNE",
          "subjectLogonId": "0x3e7",
          "targetUserSid": "S-1-5-18",
          "targetUserName": "SYSTEM",
          "targetDomainName": "NT AUTHORITY",
          "targetLogonId": "0x3e7",
          "logonType": "5",
          "logonProcessName": "Advapi",
          "authenticationPackageName": "Negotiate",
          "logonGuid": "{00000000-0000-0000-0000-000000000000}",
          "keyLength": "0",
          "processId": "0x2cc",
          "processName": "C:\\\\Windows\\\\System32\\\\services.exe",
          "impersonationLevel": "%%1833",
          "virtualAccount": "%%1843",
          "targetLinkedLogonId": "0x0",
          "elevatedToken": "%%1842"
        }
      }
    },
    "location": "EventChannel"
  },
