  {
    "timestamp": "2025-10-28T00:00:34.956+0100",
    "rule": {
      "level": 3,
      "description": "Windows Logon Success",
      "id": "60106",
      "mitre": {
        "id": [
          "T1078"
        ],
        "tactic": [
          "Defense Evasion",
          "Persistence",
          "Privilege Escalation",
          "Initial Access"
        ],
        "technique": [
          "Valid Accounts"
        ]
      },
      "firedtimes": 68,
      "mail": false,
      "groups": [
        "windows",
        "windows_security",
        "authentication_success"
      ],
      "pci_dss": [
        "10.2.5"
      ],
      "gpg13": [
        "7.1",
        "7.2"
      ],
      "gdpr": [
        "IV_32.2"
      ],
      "hipaa": [
        "164.312.b"
      ],
      "nist_800_53": [
        "AU.14",
        "AC.9"
      ],
      "tsc": [
        "CC6.8",
        "CC7.2",
        "CC7.3"
      ]
    },
    "agent": {
      "id": "307",
      "name": "vdi-143",
      "ip": "10.162.13.3"
    },
    "manager": {
      "name": "wazuh.fiit.stuba.sk.novalocal"
    },
    "id": "1761606034.5191751",
    "full_log": "{\"win\":{\"system\":{\"providerName\":\"Microsoft-Windows-Security-Auditing\",\"providerGuid\":\"{54849625-5478-4994-a5ba-3e3b0328c30d}\",\"eventID\":\"4624\",\"version\":\"2\",\"level\":\"0\",\"task\":\"12544\",\"opcode\":\"0\",\"keywords\":\"0x8020000000000000\",\"systemTime\":\"2025-10-27T23:00:33.6257975Z\",\"eventRecordID\":\"341388\",\"processID\":\"724\",\"threadID\":\"7848\",\"channel\":\"Security\",\"computer\":\"vdi-143.ucebne.fiit.stuba.sk\",\"severityValue\":\"AUDIT_SUCCESS\",\"message\":\"\\\"An account was successfully logged on.\\r\\n\\r\\nSubject:\\r\\n\\tSecurity ID:\\t\\tS-1-5-18\\r\\n\\tAccount Name:\\t\\tVDI-143$\\r\\n\\tAccount Domain:\\t\\tUCEBNE\\r\\n\\tLogon ID:\\t\\t0x3E7\\r\\n\\r\\nLogon Information:\\r\\n\\tLogon Type:\\t\\t5\\r\\n\\tRestricted Admin Mode:\\t-\\r\\n\\tVirtual Account:\\t\\tNo\\r\\n\\tElevated Token:\\t\\tYes\\r\\n\\r\\nImpersonation Level:\\t\\tImpersonation\\r\\n\\r\\nNew Logon:\\r\\n\\tSecurity ID:\\t\\tS-1-5-18\\r\\n\\tAccount Name:\\t\\tSYSTEM\\r\\n\\tAccount Domain:\\t\\tNT AUTHORITY\\r\\n\\tLogon ID:\\t\\t0x3E7\\r\\n\\tLinked Logon ID:\\t\\t0x0\\r\\n\\tNetwork Account Name:\\t-\\r\\n\\tNetwork Account Domain:\\t-\\r\\n\\tLogon GUID:\\t\\t{00000000-0000-0000-0000-000000000000}\\r\\n\\r\\nProcess Information:\\r\\n\\tProcess ID:\\t\\t0x2cc\\r\\n\\tProcess Name:\\t\\tC:\\\\Windows\\\\System32\\\\services.exe\\r\\n\\r\\nNetwork Information:\\r\\n\\tWorkstation Name:\\t-\\r\\n\\tSource Network Address:\\t-\\r\\n\\tSource Port:\\t\\t-\\r\\n\\r\\nDetailed Authentication Information:\\r\\n\\tLogon Process:\\t\\tAdvapi  \\r\\n\\tAuthentication Package:\\tNegotiate\\r\\n\\tTransited Services:\\t-\\r\\n\\tPackage Name (NTLM only):\\t-\\r\\n\\tKey Length:\\t\\t0\\r\\n\\r\\nThis event is generated when a logon session is created. It is generated on the computer that was accessed.\\r\\n\\r\\nThe subject fields indicate the account on the local system which requested the logon. This is most commonly a service such as the Server service, or a local process such as Winlogon.exe or Services.exe.\\r\\n\\r\\nThe logon type field indicates the kind of logon that occurred. The most common types are 2 (interactive) and 3 (network).\\r\\n\\r\\nThe New Logon fields indicate the account for whom the new logon was created, i.e. the account that was logged on.\\r\\n\\r\\nThe network fields indicate where a remote logon request originated. Workstation name is not always available and may be left blank in some cases.\\r\\n\\r\\nThe impersonation level field indicates the extent to which a process in the logon session can impersonate.\\r\\n\\r\\nThe authentication information fields provide detailed information about this specific logon request.\\r\\n\\t- Logon GUID is a unique identifier that can be used to correlate this event with a KDC event.\\r\\n\\t- Transited services indicate which intermediate services have participated in this logon request.\\r\\n\\t- Package name indicates which sub-protocol was used among the NTLM protocols.\\r\\n\\t- Key length indicates the length of the generated session key. This will be 0 if no session key was requested.\\\"\"},\"eventdata\":{\"subjectUserSid\":\"S-1-5-18\",\"subjectUserName\":\"VDI-143$\",\"subjectDomainName\":\"UCEBNE\",\"subjectLogonId\":\"0x3e7\",\"targetUserSid\":\"S-1-5-18\",\"targetUserName\":\"SYSTEM\",\"targetDomainName\":\"NT AUTHORITY\",\"targetLogonId\":\"0x3e7\",\"logonType\":\"5\",\"logonProcessName\":\"Advapi\",\"authenticationPackageName\":\"Negotiate\",\"logonGuid\":\"{00000000-0000-0000-0000-000000000000}\",\"keyLength\":\"0\",\"processId\":\"0x2cc\",\"processName\":\"C:\\\\\\\\Windows\\\\\\\\System32\\\\\\\\services.exe\",\"impersonationLevel\":\"%%1833\",\"virtualAccount\":\"%%1843\",\"targetLinkedLogonId\":\"0x0\",\"elevatedToken\":\"%%1842\"}}}",
    "decoder": {
      "name": "windows_eventchannel"
    },
    "data": {
      "win": {
        "system": {
          "providerName": "Microsoft-Windows-Security-Auditing",
          "providerGuid": "{54849625-5478-4994-a5ba-3e3b0328c30d}",
          "eventID": "4624",
          "version": "2",
          "level": "0",
          "task": "12544",
          "opcode": "0",
          "keywords": "0x8020000000000000",
          "systemTime": "2025-10-27T23:00:33.6257975Z",
          "eventRecordID": "341388",
          "processID": "724",
          "threadID": "7848",
          "channel": "Security",
          "computer": "vdi-143.ucebne.fiit.stuba.sk",
          "severityValue": "AUDIT_SUCCESS",
          "message": "\"An account was successfully logged on.\r\n\r\nSubject:\r\n\tSecurity ID:\t\tS-1-5-18\r\n\tAccount Name:\t\tVDI-143$\r\n\tAccount Domain:\t\tUCEBNE\r\n\tLogon ID:\t\t0x3E7\r\n\r\nLogon Information:\r\n\tLogon Type:\t\t5\r\n\tRestricted Admin Mode:\t-\r\n\tVirtual Account:\t\tNo\r\n\tElevated Token:\t\tYes\r\n\r\nImpersonation Level:\t\tImpersonation\r\n\r\nNew Logon:\r\n\tSecurity ID:\t\tS-1-5-18\r\n\tAccount Name:\t\tSYSTEM\r\n\tAccount Domain:\t\tNT AUTHORITY\r\n\tLogon ID:\t\t0x3E7\r\n\tLinked Logon ID:\t\t0x0\r\n\tNetwork Account Name:\t-\r\n\tNetwork Account Domain:\t-\r\n\tLogon GUID:\t\t{00000000-0000-0000-0000-000000000000}\r\n\r\nProcess Information:\r\n\tProcess ID:\t\t0x2cc\r\n\tProcess Name:\t\tC:\\Windows\\System32\\services.exe\r\n\r\nNetwork Information:\r\n\tWorkstation Name:\t-\r\n\tSource Network Address:\t-\r\n\tSource Port:\t\t-\r\n\r\nDetailed Authentication Information:\r\n\tLogon Process:\t\tAdvapi  \r\n\tAuthentication Package:\tNegotiate\r\n\tTransited Services:\t-\r\n\tPackage Name (NTLM only):\t-\r\n\tKey Length:\t\t0\r\n\r\nThis event is generated when a logon session is created. It is generated on the computer that was accessed.\r\n\r\nThe subject fields indicate the account on the local system which requested the logon. This is most commonly a service such as the Server service, or a local process such as Winlogon.exe or Services.exe.\r\n\r\nThe logon type field indicates the kind of logon that occurred. The most common types are 2 (interactive) and 3 (network).\r\n\r\nThe New Logon fields indicate the account for whom the new logon was created, i.e. the account that was logged on.\r\n\r\nThe network fields indicate where a remote logon request originated. Workstation name is not always available and may be left blank in some cases.\r\n\r\nThe impersonation level field indicates the extent to which a process in the logon session can impersonate.\r\n\r\nThe authentication information fields provide detailed information about this specific logon request.\r\n\t- Logon GUID is a unique identifier that can be used to correlate this event with a KDC event.\r\n\t- Transited services indicate which intermediate services have participated in this logon request.\r\n\t- Package name indicates which sub-protocol was used among the NTLM protocols.\r\n\t- Key length indicates the length of the generated session key. This will be 0 if no session key was requested.\""
        },
        "eventdata": {
          "subjectUserSid": "S-1-5-18",
          "subjectUserName": "VDI-143$",
          "subjectDomainName": "UCEBNE",
          "subjectLogonId": "0x3e7",
          "targetUserSid": "S-1-5-18",
          "targetUserName": "SYSTEM",
          "targetDomainName": "NT AUTHORITY",
          "targetLogonId": "0x3e7",
          "logonType": "5",
          "logonProcessName": "Advapi",
          "authenticationPackageName": "Negotiate",
          "logonGuid": "{00000000-0000-0000-0000-000000000000}",
          "keyLength": "0",
          "processId": "0x2cc",
          "processName": "C:\\\\Windows\\\\System32\\\\services.exe",
          "impersonationLevel": "%%1833",
          "virtualAccount": "%%1843",
          "targetLinkedLogonId": "0x0",
          "elevatedToken": "%%1842"
        }
      }
    },
    "location": "EventChannel"
  },
  {
    "timestamp": "2025-10-28T00:00:34.972+0100",
    "agent": {
      "id": "307",
      "name": "vdi-143",
      "ip": "10.162.13.3"
    },
    "manager": {
      "name": "wazuh.fiit.stuba.sk.novalocal"
    },
    "id": "1761606034.5191751",
    "full_log": "{\"win\":{\"system\":{\"providerName\":\"Microsoft-Windows-Security-Auditing\",\"providerGuid\":\"{54849625-5478-4994-a5ba-3e3b0328c30d}\",\"eventID\":\"4672\",\"version\":\"0\",\"level\":\"0\",\"task\":\"12548\",\"opcode\":\"0\",\"keywords\":\"0x8020000000000000\",\"systemTime\":\"2025-10-27T23:00:33.6258366Z\",\"eventRecordID\":\"341389\",\"processID\":\"724\",\"threadID\":\"7848\",\"channel\":\"Security\",\"computer\":\"vdi-143.ucebne.fiit.stuba.sk\",\"severityValue\":\"AUDIT_SUCCESS\",\"message\":\"\\\"Special privileges assigned to new logon.\\r\\n\\r\\nSubject:\\r\\n\\tSecurity ID:\\t\\tS-1-5-18\\r\\n\\tAccount Name:\\t\\tSYSTEM\\r\\n\\tAccount Domain:\\t\\tNT AUTHORITY\\r\\n\\tLogon ID:\\t\\t0x3E7\\r\\n\\r\\nPrivileges:\\t\\tSeAssignPrimaryTokenPrivilege\\r\\n\\t\\t\\tSeTcbPrivilege\\r\\n\\t\\t\\tSeSecurityPrivilege\\r\\n\\t\\t\\tSeTakeOwnershipPrivilege\\r\\n\\t\\t\\tSeLoadDriverPrivilege\\r\\n\\t\\t\\tSeBackupPrivilege\\r\\n\\t\\t\\tSeRestorePrivilege\\r\\n\\t\\t\\tSeDebugPrivilege\\r\\n\\t\\t\\tSeAuditPrivilege\\r\\n\\t\\t\\tSeSystemEnvironmentPrivilege\\r\\n\\t\\t\\tSeImpersonatePrivilege\\r\\n\\t\\t\\tSeDelegateSessionUserImpersonatePrivilege\\\"\"},\"eventdata\":{\"subjectUserSid\":\"S-1-5-18\",\"subjectUserName\":\"SYSTEM\",\"subjectDomainName\":\"NT AUTHORITY\",\"subjectLogonId\":\"0x3e7\",\"privilegeList\":\"SeAssignPrimaryTokenPrivilege     SeTcbPrivilege     SeSecurityPrivilege     SeTakeOwnershipPrivilege     SeLoadDriverPrivilege     SeBackupPrivilege     SeRestorePrivilege     SeDebugPrivilege     SeAuditPrivilege     SeSystemEnvironmentPrivilege     SeImpersonatePrivilege     SeDelegateSessionUserImpersonatePrivilege\"}}}",
    "decoder": {
      "name": "windows_eventchannel"
    },
    "data": {
      "win": {
        "system": {
          "providerName": "Microsoft-Windows-Security-Auditing",
          "providerGuid": "{54849625-5478-4994-a5ba-3e3b0328c30d}",
          "eventID": "4672",
          "version": "0",
          "level": "0",
          "task": "12548",
          "opcode": "0",
          "keywords": "0x8020000000000000",
          "systemTime": "2025-10-27T23:00:33.6258366Z",
          "eventRecordID": "341389",
          "processID": "724",
          "threadID": "7848",
          "channel": "Security",
          "computer": "vdi-143.ucebne.fiit.stuba.sk",
          "severityValue": "AUDIT_SUCCESS",
          "message": "\"Special privileges assigned to new logon.\r\n\r\nSubject:\r\n\tSecurity ID:\t\tS-1-5-18\r\n\tAccount Name:\t\tSYSTEM\r\n\tAccount Domain:\t\tNT AUTHORITY\r\n\tLogon ID:\t\t0x3E7\r\n\r\nPrivileges:\t\tSeAssignPrimaryTokenPrivilege\r\n\t\t\tSeTcbPrivilege\r\n\t\t\tSeSecurityPrivilege\r\n\t\t\tSeTakeOwnershipPrivilege\r\n\t\t\tSeLoadDriverPrivilege\r\n\t\t\tSeBackupPrivilege\r\n\t\t\tSeRestorePrivilege\r\n\t\t\tSeDebugPrivilege\r\n\t\t\tSeAuditPrivilege\r\n\t\t\tSeSystemEnvironmentPrivilege\r\n\t\t\tSeImpersonatePrivilege\r\n\t\t\tSeDelegateSessionUserImpersonatePrivilege\""
        },
        "eventdata": {
          "subjectUserSid": "S-1-5-18",
          "subjectUserName": "SYSTEM",
          "subjectDomainName": "NT AUTHORITY",
          "subjectLogonId": "0x3e7",
          "privilegeList": "SeAssignPrimaryTokenPrivilege     SeTcbPrivilege     SeSecurityPrivilege     SeTakeOwnershipPrivilege     SeLoadDriverPrivilege     SeBackupPrivilege     SeRestorePrivilege     SeDebugPrivilege     SeAuditPrivilege     SeSystemEnvironmentPrivilege     SeImpersonatePrivilege     SeDelegateSessionUserImpersonatePrivilege"
        }
      }
    },
    "location": "EventChannel"
  },
  {
    "timestamp": "2025-10-28T00:00:34.994+0100",
    "rule": {
      "level": 3,
      "description": "Windows Logon Success",
      "id": "60106",
      "mitre": {
        "id": [
          "T1078"
        ],
        "tactic": [
          "Defense Evasion",
          "Persistence",
          "Privilege Escalation",
          "Initial Access"
        ],
        "technique": [
          "Valid Accounts"
        ]
      },
      "firedtimes": 69,
      "mail": false,
      "groups": [
        "windows",
        "windows_security",
        "authentication_success"
      ],
      "pci_dss": [
        "10.2.5"
      ],
      "gpg13": [
        "7.1",
        "7.2"
      ],
      "gdpr": [
        "IV_32.2"
      ],
      "hipaa": [
        "164.312.b"
      ],
      "nist_800_53": [
        "AU.14",
        "AC.9"
      ],
      "tsc": [
        "CC6.8",
        "CC7.2",
        "CC7.3"
      ]
    },
    "agent": {
      "id": "307",
      "name": "vdi-143",
      "ip": "10.162.13.3"
    },
    "manager": {
      "name": "wazuh.fiit.stuba.sk.novalocal"
    },
    "id": "1761606034.5199050",
    "full_log": "{\"win\":{\"system\":{\"providerName\":\"Microsoft-Windows-Security-Auditing\",\"providerGuid\":\"{54849625-5478-4994-a5ba-3e3b0328c30d}\",\"eventID\":\"4624\",\"version\":\"2\",\"level\":\"0\",\"task\":\"12544\",\"opcode\":\"0\",\"keywords\":\"0x8020000000000000\",\"systemTime\":\"2025-10-27T23:00:33.6449241Z\",\"eventRecordID\":\"341390\",\"processID\":\"724\",\"threadID\":\"7848\",\"channel\":\"Security\",\"computer\":\"vdi-143.ucebne.fiit.stuba.sk\",\"severityValue\":\"AUDIT_SUCCESS\",\"message\":\"\\\"An account was successfully logged on.\\r\\n\\r\\nSubject:\\r\\n\\tSecurity ID:\\t\\tS-1-5-18\\r\\n\\tAccount Name:\\t\\tVDI-143$\\r\\n\\tAccount Domain:\\t\\tUCEBNE\\r\\n\\tLogon ID:\\t\\t0x3E7\\r\\n\\r\\nLogon Information:\\r\\n\\tLogon Type:\\t\\t5\\r\\n\\tRestricted Admin Mode:\\t-\\r\\n\\tVirtual Account:\\t\\tNo\\r\\n\\tElevated Token:\\t\\tYes\\r\\n\\r\\nImpersonation Level:\\t\\tImpersonation\\r\\n\\r\\nNew Logon:\\r\\n\\tSecurity ID:\\t\\tS-1-5-18\\r\\n\\tAccount Name:\\t\\tSYSTEM\\r\\n\\tAccount Domain:\\t\\tNT AUTHORITY\\r\\n\\tLogon ID:\\t\\t0x3E7\\r\\n\\tLinked Logon ID:\\t\\t0x0\\r\\n\\tNetwork Account Name:\\t-\\r\\n\\tNetwork Account Domain:\\t-\\r\\n\\tLogon GUID:\\t\\t{00000000-0000-0000-0000-000000000000}\\r\\n\\r\\nProcess Information:\\r\\n\\tProcess ID:\\t\\t0x2cc\\r\\n\\tProcess Name:\\t\\tC:\\\\Windows\\\\System32\\\\services.exe\\r\\n\\r\\nNetwork Information:\\r\\n\\tWorkstation Name:\\t-\\r\\n\\tSource Network Address:\\t-\\r\\n\\tSource Port:\\t\\t-\\r\\n\\r\\nDetailed Authentication Information:\\r\\n\\tLogon Process:\\t\\tAdvapi  \\r\\n\\tAuthentication Package:\\tNegotiate\\r\\n\\tTransited Services:\\t-\\r\\n\\tPackage Name (NTLM only):\\t-\\r\\n\\tKey Length:\\t\\t0\\r\\n\\r\\nThis event is generated when a logon session is created. It is generated on the computer that was accessed.\\r\\n\\r\\nThe subject fields indicate the account on the local system which requested the logon. This is most commonly a service such as the Server service, or a local process such as Winlogon.exe or Services.exe.\\r\\n\\r\\nThe logon type field indicates the kind of logon that occurred. The most common types are 2 (interactive) and 3 (network).\\r\\n\\r\\nThe New Logon fields indicate the account for whom the new logon was created, i.e. the account that was logged on.\\r\\n\\r\\nThe network fields indicate where a remote logon request originated. Workstation name is not always available and may be left blank in some cases.\\r\\n\\r\\nThe impersonation level field indicates the extent to which a process in the logon session can impersonate.\\r\\n\\r\\nThe authentication information fields provide detailed information about this specific logon request.\\r\\n\\t- Logon GUID is a unique identifier that can be used to correlate this event with a KDC event.\\r\\n\\t- Transited services indicate which intermediate services have participated in this logon request.\\r\\n\\t- Package name indicates which sub-protocol was used among the NTLM protocols.\\r\\n\\t- Key length indicates the length of the generated session key. This will be 0 if no session key was requested.\\\"\"},\"eventdata\":{\"subjectUserSid\":\"S-1-5-18\",\"subjectUserName\":\"VDI-143$\",\"subjectDomainName\":\"UCEBNE\",\"subjectLogonId\":\"0x3e7\",\"targetUserSid\":\"S-1-5-18\",\"targetUserName\":\"SYSTEM\",\"targetDomainName\":\"NT AUTHORITY\",\"targetLogonId\":\"0x3e7\",\"logonType\":\"5\",\"logonProcessName\":\"Advapi\",\"authenticationPackageName\":\"Negotiate\",\"logonGuid\":\"{00000000-0000-0000-0000-000000000000}\",\"keyLength\":\"0\",\"processId\":\"0x2cc\",\"processName\":\"C:\\\\\\\\Windows\\\\\\\\System32\\\\\\\\services.exe\",\"impersonationLevel\":\"%%1833\",\"virtualAccount\":\"%%1843\",\"targetLinkedLogonId\":\"0x0\",\"elevatedToken\":\"%%1842\"}}}",
    "decoder": {
      "name": "windows_eventchannel"
    },
    "data": {
      "win": {
        "system": {
          "providerName": "Microsoft-Windows-Security-Auditing",
          "providerGuid": "{54849625-5478-4994-a5ba-3e3b0328c30d}",
          "eventID": "4624",
          "version": "2",
          "level": "0",
          "task": "12544",
          "opcode": "0",
          "keywords": "0x8020000000000000",
          "systemTime": "2025-10-27T23:00:33.6449241Z",
          "eventRecordID": "341390",
          "processID": "724",
          "threadID": "7848",
          "channel": "Security",
          "computer": "vdi-143.ucebne.fiit.stuba.sk",
          "severityValue": "AUDIT_SUCCESS",
          "message": "\"An account was successfully logged on.\r\n\r\nSubject:\r\n\tSecurity ID:\t\tS-1-5-18\r\n\tAccount Name:\t\tVDI-143$\r\n\tAccount Domain:\t\tUCEBNE\r\n\tLogon ID:\t\t0x3E7\r\n\r\nLogon Information:\r\n\tLogon Type:\t\t5\r\n\tRestricted Admin Mode:\t-\r\n\tVirtual Account:\t\tNo\r\n\tElevated Token:\t\tYes\r\n\r\nImpersonation Level:\t\tImpersonation\r\n\r\nNew Logon:\r\n\tSecurity ID:\t\tS-1-5-18\r\n\tAccount Name:\t\tSYSTEM\r\n\tAccount Domain:\t\tNT AUTHORITY\r\n\tLogon ID:\t\t0x3E7\r\n\tLinked Logon ID:\t\t0x0\r\n\tNetwork Account Name:\t-\r\n\tNetwork Account Domain:\t-\r\n\tLogon GUID:\t\t{00000000-0000-0000-0000-000000000000}\r\n\r\nProcess Information:\r\n\tProcess ID:\t\t0x2cc\r\n\tProcess Name:\t\tC:\\Windows\\System32\\services.exe\r\n\r\nNetwork Information:\r\n\tWorkstation Name:\t-\r\n\tSource Network Address:\t-\r\n\tSource Port:\t\t-\r\n\r\nDetailed Authentication Information:\r\n\tLogon Process:\t\tAdvapi  \r\n\tAuthentication Package:\tNegotiate\r\n\tTransited Services:\t-\r\n\tPackage Name (NTLM only):\t-\r\n\tKey Length:\t\t0\r\n\r\nThis event is generated when a logon session is created. It is generated on the computer that was accessed.\r\n\r\nThe subject fields indicate the account on the local system which requested the logon. This is most commonly a service such as the Server service, or a local process such as Winlogon.exe or Services.exe.\r\n\r\nThe logon type field indicates the kind of logon that occurred. The most common types are 2 (interactive) and 3 (network).\r\n\r\nThe New Logon fields indicate the account for whom the new logon was created, i.e. the account that was logged on.\r\n\r\nThe network fields indicate where a remote logon request originated. Workstation name is not always available and may be left blank in some cases.\r\n\r\nThe impersonation level field indicates the extent to which a process in the logon session can impersonate.\r\n\r\nThe authentication information fields provide detailed information about this specific logon request.\r\n\t- Logon GUID is a unique identifier that can be used to correlate this event with a KDC event.\r\n\t- Transited services indicate which intermediate services have participated in this logon request.\r\n\t- Package name indicates which sub-protocol was used among the NTLM protocols.\r\n\t- Key length indicates the length of the generated session key. This will be 0 if no session key was requested.\""
        },
        "eventdata": {
          "subjectUserSid": "S-1-5-18",
          "subjectUserName": "VDI-143$",
          "subjectDomainName": "UCEBNE",
          "subjectLogonId": "0x3e7",
          "targetUserSid": "S-1-5-18",
          "targetUserName": "SYSTEM",
          "targetDomainName": "NT AUTHORITY",
          "targetLogonId": "0x3e7",
          "logonType": "5",
          "logonProcessName": "Advapi",
          "authenticationPackageName": "Negotiate",
          "logonGuid": "{00000000-0000-0000-0000-000000000000}",
          "keyLength": "0",
          "processId": "0x2cc",
          "processName": "C:\\\\Windows\\\\System32\\\\services.exe",
          "impersonationLevel": "%%1833",
          "virtualAccount": "%%1843",
          "targetLinkedLogonId": "0x0",
          "elevatedToken": "%%1842"
        }
      }
    },
    "location": "EventChannel"
  },
  {
    "timestamp": "2025-10-28T00:00:35.016+0100",
    "rule": {
      "level": 3,
      "description": "Fortigate: App passed by firewall.",
      "id": "81633",
      "firedtimes": 2762,
      "mail": false,
      "groups": [
        "fortigate",
        "syslog"
      ],
      "gdpr": [
        "IV_35.7.d"
      ],
      "hipaa": [
        "164.312.b"
      ],
      "nist_800_53": [
        "AU.6"
      ],
      "pci_dss": [
        "10.6.1"
      ]
    },
    "agent": {
      "id": "000",
      "name": "wazuh.fiit.stuba.sk.novalocal"
    },
    "manager": {
      "name": "wazuh.fiit.stuba.sk.novalocal"
    },
    "id": "1761606035.5211188",
    "full_log": "Oct 28 00:00:34 147.175.144.2 date=2025-10-28 time=00:00:34 devname=\"FortiGate-600F\" devid=\"FG6H0FTB23904723\" eventtime=1761606034088574983 tz=\"+0100\" logid=\"1059028704\" type=\"utm\" subtype=\"app-ctrl\" eventtype=\"signature\" level=\"information\" vd=\"root\" appid=24466 srcip=162.62.58.193 srccountry=\"Germany\" dstip=147.175.162.109 dstcountry=\"Slovakia\" srcport=32795 dstport=8 srcintf=\"outside\" srcintfrole=\"wan\" dstintf=\"inside\" dstintfrole=\"lan\" proto=1 service=\"PING\" direction=\"outgoing\" policyid=11 poluuid=\"808834ec-9d1a-51ef-835d-f46e34b6c71e\" policytype=\"policy\" sessionid=2314156555 applist=\"default\" action=\"pass\" appcat=\"Network.Service\" app=\"Ping\" incidentserialno=3357243500 msg=\"Network.Service: Ping\" apprisk=\"elevated\"",
    "predecoder": {
      "timestamp": "Oct 28 00:00:34",
      "hostname": "147.175.144.2"
    },
    "decoder": {
      "name": "fortigate-firewall-v5"
    },
    "data": {
      "action": "pass",
      "srcip": "162.62.58.193",
      "srcport": "32795",
      "dstip": "147.175.162.109",
      "dstport": "8",
      "app": "Ping",
      "appcat": "Network.Service",
      "appid": "24466",
      "applist": "default",
      "apprisk": "elevated",
      "devid": "FG6H0FTB23904723",
      "devname": "FortiGate-600F",
      "direction": "outgoing",
      "dstcountry": "Slovakia",
      "dstintf": "inside",
      "dstintfrole": "lan",
      "eventtime": "1761606034088574983",
      "eventtype": "signature",
      "incidentserialno": "3357243500",
      "level": "information",
      "logid": "1059028704",
      "msg": "Network.Service: Ping",
      "policyid": "11",
      "poluuid": "808834ec-9d1a-51ef-835d-f46e34b6c71e",
      "proto": "1",
      "service": "PING",
      "sessionid": "2314156555",
      "srccountry": "Germany",
      "srcintf": "outside",
      "srcintfrole": "wan",
      "subtype": "app-ctrl",
      "time": "00:00:34",
      "type": "utm",
      "vd": "root"
    },
    "location": "127.0.0.1"
  },
  {
    "timestamp": "2025-10-28T00:00:35.016+0100",
    "rule": {
      "level": 1,
      "description": "Fortigate: Traffic to be aware of.",
      "id": "81618",
      "firedtimes": 1373,
      "mail": false,
      "groups": [
        "fortigate",
        "syslog"
      ],
      "gdpr": [
        "IV_35.7.d"
      ],
      "hipaa": [
        "164.312.b"
      ],
      "nist_800_53": [
        "AU.6"
      ],
      "pci_dss": [
        "10.6.1"
      ]
    },
    "agent": {
      "id": "000",
      "name": "wazuh.fiit.stuba.sk.novalocal"
    },
    "manager": {
      "name": "wazuh.fiit.stuba.sk.novalocal"
    },
    "id": "1761606035.5211188",
    "full_log": "Oct 28 00:00:34 147.175.144.2 date=2025-10-28 time=00:00:34 devname=\"FortiGate-600F\" devid=\"FG6H0FTB23904723\" eventtime=1761606034118716088 tz=\"+0100\" logid=\"0000000013\" type=\"traffic\" subtype=\"forward\" level=\"notice\" vd=\"root\" srcip=5.253.36.71 srcport=41400 srcintf=\"outside\" srcintfrole=\"wan\" dstip=147.175.161.107 dstport=1900 dstintf=\"inside\" dstintfrole=\"lan\" srccountry=\"Singapore\" dstcountry=\"Slovakia\" sessionid=2313976815 proto=17 action=\"accept\" policyid=11 policytype=\"policy\" poluuid=\"808834ec-9d1a-51ef-835d-f46e34b6c71e\" policyname=\"allow outside\" service=\"MMS\" trandisp=\"noop\" appid=16083 app=\"UPnP\" appcat=\"Network.Service\" apprisk=\"elevated\" applist=\"default\" duration=301 sentbyte=240 rcvdbyte=0 sentpkt=2 rcvdpkt=0 utmaction=\"allow\" countapp=1 dsthwvendor=\"Cisco\" dstdevtype=\"Router\" dstunauthuser=\"orders\" dstunauthusersource=\"imap\" masterdstmac=\"84:b8:02:66:72:34\" dstmac=\"84:b8:02:66:72:34\" dstserver=0",
    "predecoder": {
      "timestamp": "Oct 28 00:00:34",
      "hostname": "147.175.144.2"
    },
    "decoder": {
      "name": "fortigate-firewall-v5"
    },
    "data": {
      "action": "accept",
      "srcip": "5.253.36.71",
      "srcport": "41400",
      "dstip": "147.175.161.107",
      "dstport": "1900",
      "dstuser": "orders",
      "app": "UPnP",
      "appcat": "Network.Service",
      "appid": "16083",
      "applist": "default",
      "apprisk": "elevated",
      "countapp": "1",
      "devid": "FG6H0FTB23904723",
      "devname": "FortiGate-600F",
      "dstcountry": "Slovakia",
      "dstintf": "inside",
      "dstintfrole": "lan",
      "duration": "301",
      "eventtime": "1761606034118716088",
      "level": "notice",
      "logid": "0000000013",
      "policyid": "11",
      "poluuid": "808834ec-9d1a-51ef-835d-f46e34b6c71e",
      "proto": "17",
      "rcvdbyte": "0",
      "sentbyte": "240",
      "sentpkt": "2",
      "service": "MMS",
      "sessionid": "2313976815",
      "srccountry": "Singapore",
      "srcintf": "outside",
      "srcintfrole": "wan",
      "subtype": "forward",
      "time": "00:00:34",
      "trandisp": "noop",
      "type": "traffic",
      "utmaction": "allow",
      "vd": "root"
    },
    "location": "127.0.0.1"
  },
  {
    "timestamp": "2025-10-28T00:00:35.019+0100",
    "rule": {
      "level": 3,
      "description": "Fortigate: App passed by firewall.",
      "id": "81633",
      "firedtimes": 2765,
      "mail": false,
      "groups": [
        "fortigate",
        "syslog"
      ],
      "gdpr": [
        "IV_35.7.d"
      ],
      "hipaa": [
        "164.312.b"
      ],
      "nist_800_53": [
        "AU.6"
      ],
      "pci_dss": [
        "10.6.1"
      ]
    },
    "agent": {
      "id": "000",
      "name": "wazuh.fiit.stuba.sk.novalocal"
    },
    "manager": {
      "name": "wazuh.fiit.stuba.sk.novalocal"
    },
    "id": "1761606035.5216282",
    "full_log": "Oct 28 00:00:34 147.175.144.2 date=2025-10-28 time=00:00:34 devname=\"FortiGate-600F\" devid=\"FG6H0FTB23904723\" eventtime=1761606033290240215 tz=\"+0100\" logid=\"1059028704\" type=\"utm\" subtype=\"app-ctrl\" eventtype=\"signature\" level=\"information\" vd=\"root\" appid=15895 srcip=147.175.162.255 srccountry=\"Slovakia\" dstip=40.79.141.154 dstcountry=\"France\" srcport=57364 dstport=443 srcintf=\"inside\" srcintfrole=\"lan\" dstintf=\"outside\" dstintfrole=\"wan\" proto=6 service=\"HTTPS\" direction=\"outgoing\" policyid=2 poluuid=\"2a7f9d02-b3fe-51ee-bd60-53404bd02dc6\" policytype=\"policy\" sessionid=2314156030 applist=\"default\" action=\"pass\" appcat=\"Network.Service\" app=\"SSL\" incidentserialno=3357243367 msg=\"Network.Service: SSL\" apprisk=\"elevated\"",
    "predecoder": {
      "timestamp": "Oct 28 00:00:34",
      "hostname": "147.175.144.2"
    },
    "decoder": {
      "name": "fortigate-firewall-v5"
    },
    "data": {
      "action": "pass",
      "srcip": "147.175.162.255",
      "srcport": "57364",
      "dstip": "40.79.141.154",
      "dstport": "443",
      "app": "SSL",
      "appcat": "Network.Service",
      "appid": "15895",
      "applist": "default",
      "apprisk": "elevated",
      "devid": "FG6H0FTB23904723",
      "devname": "FortiGate-600F",
      "direction": "outgoing",
      "dstcountry": "France",
      "dstintf": "outside",
      "dstintfrole": "wan",
      "eventtime": "1761606033290240215",
      "eventtype": "signature",
      "incidentserialno": "3357243367",
      "level": "information",
      "logid": "1059028704",
      "msg": "Network.Service: SSL",
      "policyid": "2",
      "poluuid": "2a7f9d02-b3fe-51ee-bd60-53404bd02dc6",
      "proto": "6",
      "service": "HTTPS",
      "sessionid": "2314156030",
      "srccountry": "Slovakia",
      "srcintf": "inside",
      "srcintfrole": "lan",
      "subtype": "app-ctrl",
      "time": "00:00:34",
      "type": "utm",
      "vd": "root"
    },
    "location": "127.0.0.1"
  },
  {
    "timestamp": "2025-10-28T00:00:35.020+0100",
    "rule": {
      "level": 3,
      "description": "Fortigate: App passed by firewall.",
      "id": "81633",
      "firedtimes": 2767,
      "mail": false,
      "groups": [
        "fortigate",
        "syslog"
      ],
      "gdpr": [
        "IV_35.7.d"
      ],
      "hipaa": [
        "164.312.b"
      ],
      "nist_800_53": [
        "AU.6"
      ],
      "pci_dss": [
        "10.6.1"
      ]
    },
    "agent": {
      "id": "000",
      "name": "wazuh.fiit.stuba.sk.novalocal"
    },
    "manager": {
      "name": "wazuh.fiit.stuba.sk.novalocal"
    },
    "id": "1761606035.5219800",
    "full_log": "Oct 28 00:00:34 147.175.144.2 date=2025-10-28 time=00:00:34 devname=\"FortiGate-600F\" devid=\"FG6H0FTB23904723\" eventtime=1761606033316944900 tz=\"+0100\" logid=\"1059028704\" type=\"utm\" subtype=\"app-ctrl\" eventtype=\"signature\" level=\"information\" vd=\"root\" appid=41469 srcip=147.175.162.255 srccountry=\"Slovakia\" dstip=40.79.141.154 dstcountry=\"France\" srcport=57364 dstport=443 srcintf=\"inside\" srcintfrole=\"lan\" dstintf=\"outside\" dstintfrole=\"wan\" proto=6 service=\"SSL\" direction=\"outgoing\" policyid=2 poluuid=\"2a7f9d02-b3fe-51ee-bd60-53404bd02dc6\" policytype=\"policy\" sessionid=2314156030 applist=\"default\" action=\"pass\" appcat=\"Collaboration\" app=\"Microsoft.Portal\" hostname=\"eu-mobile.events.data.microsoft.com\" incidentserialno=3357243368 url=\"/\" msg=\"Collaboration: Microsoft.Portal\" apprisk=\"elevated\" scertcname=\"*.events.data.microsoft.com\"",
    "predecoder": {
      "timestamp": "Oct 28 00:00:34",
      "hostname": "147.175.144.2"
    },
    "decoder": {
      "name": "fortigate-firewall-v5"
    },
    "data": {
      "action": "pass",
      "srcip": "147.175.162.255",
      "srcport": "57364",
      "dstip": "40.79.141.154",
      "dstport": "443",
      "url": "/",
      "app": "Microsoft.Portal",
      "appcat": "Collaboration",
      "appid": "41469",
      "applist": "default",
      "apprisk": "elevated",
      "devid": "FG6H0FTB23904723",
      "devname": "FortiGate-600F",
      "direction": "outgoing",
      "dstcountry": "France",
      "dstintf": "outside",
      "dstintfrole": "wan",
      "eventtime": "1761606033316944900",
      "eventtype": "signature",
      "hostname": "eu-mobile.events.data.microsoft.com",
      "incidentserialno": "3357243368",
      "level": "information",
      "logid": "1059028704",
      "msg": "Collaboration: Microsoft.Portal",
      "policyid": "2",
      "poluuid": "2a7f9d02-b3fe-51ee-bd60-53404bd02dc6",
      "proto": "6",
      "scertcname": "*.events.data.microsoft.com",
      "service": "SSL",
      "sessionid": "2314156030",
      "srccountry": "Slovakia",
      "srcintf": "inside",
      "srcintfrole": "lan",
      "subtype": "app-ctrl",
      "time": "00:00:34",
      "type": "utm",
      "vd": "root"
    },
    "location": "127.0.0.1"
  },
  {
    "timestamp": "2025-10-28T00:00:35.021+0100",
    "rule": {
      "level": 1,
      "description": "Fortigate: Traffic to be aware of.",
      "id": "81618",
      "firedtimes": 1377,
      "mail": false,
      "groups": [
        "fortigate",
        "syslog"
      ],
      "gdpr": [
        "IV_35.7.d"
      ],
      "hipaa": [
        "164.312.b"
      ],
      "nist_800_53": [
        "AU.6"
      ],
      "pci_dss": [
        "10.6.1"
      ]
    },
    "agent": {
      "id": "000",
      "name": "wazuh.fiit.stuba.sk.novalocal"
    },
    "manager": {
      "name": "wazuh.fiit.stuba.sk.novalocal"
    },
    "id": "1761606035.5224847",
    "full_log": "Oct 28 00:00:34 147.175.144.2 date=2025-10-28 time=00:00:34 devname=\"FortiGate-600F\" devid=\"FG6H0FTB23904723\" eventtime=1761606033388715267 tz=\"+0100\" logid=\"0000000013\" type=\"traffic\" subtype=\"forward\" level=\"notice\" vd=\"root\" srcip=147.175.162.255 srcport=57343 srcintf=\"inside\" srcintfrole=\"lan\" dstip=17.248.214.15 dstport=443 dstintf=\"outside\" dstintfrole=\"wan\" srccountry=\"Slovakia\" dstcountry=\"United States\" sessionid=2314128232 proto=6 action=\"client-rst\" policyid=2 policytype=\"policy\" poluuid=\"2a7f9d02-b3fe-51ee-bd60-53404bd02dc6\" policyname=\"allow inside\" service=\"HTTPS\" trandisp=\"noop\" appid=29880 app=\"iCloud\" appcat=\"Storage.Backup\" apprisk=\"medium\" applist=\"default\" duration=41 sentbyte=156 rcvdbyte=244 sentpkt=3 rcvdpkt=5 utmaction=\"allow\" countapp=2 srchwvendor=\"Cisco\" devtype=\"Router\" unauthuser=\"orders\" unauthusersource=\"imap\" mastersrcmac=\"84:b8:02:66:72:34\" srcmac=\"84:b8:02:66:72:34\" srcserver=0",
    "predecoder": {
      "timestamp": "Oct 28 00:00:34",
      "hostname": "147.175.144.2"
    },
    "decoder": {
      "name": "fortigate-firewall-v5"
    },
    "data": {
      "action": "client-rst",
      "srcip": "147.175.162.255",
      "srcport": "57343",
      "dstip": "17.248.214.15",
      "dstport": "443",
      "dstuser": "orders",
      "app": "iCloud",
      "appcat": "Storage.Backup",
      "appid": "29880",
      "applist": "default",
      "apprisk": "medium",
      "countapp": "2",
      "devid": "FG6H0FTB23904723",
      "devname": "FortiGate-600F",
      "dstcountry": "United States",
      "dstintf": "outside",
      "dstintfrole": "wan",
      "duration": "41",
      "eventtime": "1761606033388715267",
      "level": "notice",
      "logid": "0000000013",
      "policyid": "2",
      "poluuid": "2a7f9d02-b3fe-51ee-bd60-53404bd02dc6",
      "proto": "6",
      "rcvdbyte": "244",
      "sentbyte": "156",
      "sentpkt": "3",
      "service": "HTTPS",
      "sessionid": "2314128232",
      "srccountry": "Slovakia",
      "srcintf": "inside",
      "srcintfrole": "lan",
      "subtype": "forward",
      "time": "00:00:34",
      "trandisp": "noop",
      "type": "traffic",
      "utmaction": "allow",
      "vd": "root"
    },
    "location": "127.0.0.1"
  },
  {
    "timestamp": "2025-10-28T00:00:35.023+0100",
    "rule": {
      "level": 3,
      "description": "Fortigate: App passed by firewall.",
      "id": "81633",
      "firedtimes": 2772,
      "mail": false,
      "groups": [
        "fortigate",
        "syslog"
      ],
      "gdpr": [
        "IV_35.7.d"
      ],
      "hipaa": [
        "164.312.b"
      ],
      "nist_800_53": [
        "AU.6"
      ],
      "pci_dss": [
        "10.6.1"
      ]
    },
    "agent": {
      "id": "000",
      "name": "wazuh.fiit.stuba.sk.novalocal"
    },
    "manager": {
      "name": "wazuh.fiit.stuba.sk.novalocal"
    },
    "id": "1761606035.5228015",
    "full_log": "Oct 28 00:00:34 147.175.144.2 date=2025-10-28 time=00:00:34 devname=\"FortiGate-600F\" devid=\"FG6H0FTB23904723\" eventtime=1761606033482473310 tz=\"+0100\" logid=\"1059028704\" type=\"utm\" subtype=\"app-ctrl\" eventtype=\"signature\" level=\"information\" vd=\"root\" appid=24466 srcip=34.241.101.219 srccountry=\"Ireland\" dstip=147.175.161.125 dstcountry=\"Slovakia\" srcport=17 dstport=8 srcintf=\"outside\" srcintfrole=\"wan\" dstintf=\"inside\" dstintfrole=\"lan\" proto=1 service=\"PING\" direction=\"outgoing\" policyid=11 poluuid=\"808834ec-9d1a-51ef-835d-f46e34b6c71e\" policytype=\"policy\" sessionid=2314156160 applist=\"default\" action=\"pass\" appcat=\"Network.Service\" app=\"Ping\" incidentserialno=3357243400 msg=\"Network.Service: Ping\" apprisk=\"elevated\"",
    "predecoder": {
      "timestamp": "Oct 28 00:00:34",
      "hostname": "147.175.144.2"
    },
    "decoder": {
      "name": "fortigate-firewall-v5"
    },
    "data": {
      "action": "pass",
      "srcip": "34.241.101.219",
      "srcport": "17",
      "dstip": "147.175.161.125",
      "dstport": "8",
      "app": "Ping",
      "appcat": "Network.Service",
      "appid": "24466",
      "applist": "default",
      "apprisk": "elevated",
      "devid": "FG6H0FTB23904723",
      "devname": "FortiGate-600F",
      "direction": "outgoing",
      "dstcountry": "Slovakia",
      "dstintf": "inside",
      "dstintfrole": "lan",
      "eventtime": "1761606033482473310",
      "eventtype": "signature",
      "incidentserialno": "3357243400",
      "level": "information",
      "logid": "1059028704",
      "msg": "Network.Service: Ping",
      "policyid": "11",
      "poluuid": "808834ec-9d1a-51ef-835d-f46e34b6c71e",
      "proto": "1",
      "service": "PING",
      "sessionid": "2314156160",
      "srccountry": "Ireland",
      "srcintf": "outside",
      "srcintfrole": "wan",
      "subtype": "app-ctrl",
      "time": "00:00:34",
      "type": "utm",
      "vd": "root"
    },
    "location": "127.0.0.1"
  },
  {
    "timestamp": "2025-10-28T00:00:35.026+0100",
    "agent": {
      "id": "307",
      "name": "vdi-143",
      "ip": "10.162.13.3"
    },
    "manager": {
      "name": "wazuh.fiit.stuba.sk.novalocal"
    },
    "id": "1761606035.5232754",
    "full_log": "{\"win\":{\"system\":{\"providerName\":\"Microsoft-Windows-Security-Auditing\",\"providerGuid\":\"{54849625-5478-4994-a5ba-3e3b0328c30d}\",\"eventID\":\"4672\",\"version\":\"0\",\"level\":\"0\",\"task\":\"12548\",\"opcode\":\"0\",\"keywords\":\"0x8020000000000000\",\"systemTime\":\"2025-10-27T23:00:33.6449604Z\",\"eventRecordID\":\"341391\",\"processID\":\"724\",\"threadID\":\"7848\",\"channel\":\"Security\",\"computer\":\"vdi-143.ucebne.fiit.stuba.sk\",\"severityValue\":\"AUDIT_SUCCESS\",\"message\":\"\\\"Special privileges assigned to new logon.\\r\\n\\r\\nSubject:\\r\\n\\tSecurity ID:\\t\\tS-1-5-18\\r\\n\\tAccount Name:\\t\\tSYSTEM\\r\\n\\tAccount Domain:\\t\\tNT AUTHORITY\\r\\n\\tLogon ID:\\t\\t0x3E7\\r\\n\\r\\nPrivileges:\\t\\tSeAssignPrimaryTokenPrivilege\\r\\n\\t\\t\\tSeTcbPrivilege\\r\\n\\t\\t\\tSeSecurityPrivilege\\r\\n\\t\\t\\tSeTakeOwnershipPrivilege\\r\\n\\t\\t\\tSeLoadDriverPrivilege\\r\\n\\t\\t\\tSeBackupPrivilege\\r\\n\\t\\t\\tSeRestorePrivilege\\r\\n\\t\\t\\tSeDebugPrivilege\\r\\n\\t\\t\\tSeAuditPrivilege\\r\\n\\t\\t\\tSeSystemEnvironmentPrivilege\\r\\n\\t\\t\\tSeImpersonatePrivilege\\r\\n\\t\\t\\tSeDelegateSessionUserImpersonatePrivilege\\\"\"},\"eventdata\":{\"subjectUserSid\":\"S-1-5-18\",\"subjectUserName\":\"SYSTEM\",\"subjectDomainName\":\"NT AUTHORITY\",\"subjectLogonId\":\"0x3e7\",\"privilegeList\":\"SeAssignPrimaryTokenPrivilege     SeTcbPrivilege     SeSecurityPrivilege     SeTakeOwnershipPrivilege     SeLoadDriverPrivilege     SeBackupPrivilege     SeRestorePrivilege     SeDebugPrivilege     SeAuditPrivilege     SeSystemEnvironmentPrivilege     SeImpersonatePrivilege     SeDelegateSessionUserImpersonatePrivilege\"}}}",
    "decoder": {
      "name": "windows_eventchannel"
    },
    "data": {
      "win": {
        "system": {
          "providerName": "Microsoft-Windows-Security-Auditing",
          "providerGuid": "{54849625-5478-4994-a5ba-3e3b0328c30d}",
          "eventID": "4672",
          "version": "0",
          "level": "0",
          "task": "12548",
          "opcode": "0",
          "keywords": "0x8020000000000000",
          "systemTime": "2025-10-27T23:00:33.6449604Z",
          "eventRecordID": "341391",
          "processID": "724",
          "threadID": "7848",
          "channel": "Security",
          "computer": "vdi-143.ucebne.fiit.stuba.sk",
          "severityValue": "AUDIT_SUCCESS",
          "message": "\"Special privileges assigned to new logon.\r\n\r\nSubject:\r\n\tSecurity ID:\t\tS-1-5-18\r\n\tAccount Name:\t\tSYSTEM\r\n\tAccount Domain:\t\tNT AUTHORITY\r\n\tLogon ID:\t\t0x3E7\r\n\r\nPrivileges:\t\tSeAssignPrimaryTokenPrivilege\r\n\t\t\tSeTcbPrivilege\r\n\t\t\tSeSecurityPrivilege\r\n\t\t\tSeTakeOwnershipPrivilege\r\n\t\t\tSeLoadDriverPrivilege\r\n\t\t\tSeBackupPrivilege\r\n\t\t\tSeRestorePrivilege\r\n\t\t\tSeDebugPrivilege\r\n\t\t\tSeAuditPrivilege\r\n\t\t\tSeSystemEnvironmentPrivilege\r\n\t\t\tSeImpersonatePrivilege\r\n\t\t\tSeDelegateSessionUserImpersonatePrivilege\""
        },
        "eventdata": {
          "subjectUserSid": "S-1-5-18",
          "subjectUserName": "SYSTEM",
          "subjectDomainName": "NT AUTHORITY",
          "subjectLogonId": "0x3e7",
          "privilegeList": "SeAssignPrimaryTokenPrivilege     SeTcbPrivilege     SeSecurityPrivilege     SeTakeOwnershipPrivilege     SeLoadDriverPrivilege     SeBackupPrivilege     SeRestorePrivilege     SeDebugPrivilege     SeAuditPrivilege     SeSystemEnvironmentPrivilege     SeImpersonatePrivilege     SeDelegateSessionUserImpersonatePrivilege"
        }
      }
    },
    "location": "EventChannel"
  },
