  {
    "timestamp": "2025-10-28T00:02:44.030+0100",
    "rule": {
      "level": 3,
      "description": "Fortigate: App passed by firewall.",
      "id": "81633",
      "firedtimes": 10198,
      "mail": false,
      "groups": [
        "fortigate",
        "syslog"
      ],
      "gdpr": [
        "IV_35.7.d"
      ],
      "hipaa": [
        "164.312.b"
      ],
      "nist_800_53": [
        "AU.6"
      ],
      "pci_dss": [
        "10.6.1"
      ]
    },
    "agent": {
      "id": "000",
      "name": "wazuh.fiit.stuba.sk.novalocal"
    },
    "manager": {
      "name": "wazuh.fiit.stuba.sk.novalocal"
    },
    "id": "1761606164.19245173",
    "full_log": "Oct 28 00:02:43 147.175.144.2 date=2025-10-28 time=00:02:43 devname=\"FortiGate-600F\" devid=\"FG6H0FTB23904723\" eventtime=1761606163483342535 tz=\"+0100\" logid=\"1059028704\" type=\"utm\" subtype=\"app-ctrl\" eventtype=\"signature\" level=\"information\" vd=\"root\" appid=24466 srcip=203.178.148.19 srccountry=\"Japan\" dstip=147.175.160.51 dstcountry=\"Slovakia\" srcport=18710 dstport=8 srcintf=\"outside\" srcintfrole=\"wan\" dstintf=\"inside\" dstintfrole=\"lan\" proto=1 service=\"PING\" direction=\"outgoing\" policyid=11 poluuid=\"808834ec-9d1a-51ef-835d-f46e34b6c71e\" policytype=\"policy\" sessionid=2314239192 applist=\"default\" action=\"pass\" appcat=\"Network.Service\" app=\"Ping\" incidentserialno=3357261466 msg=\"Network.Service: Ping\" apprisk=\"elevated\"",
    "predecoder": {
      "timestamp": "Oct 28 00:02:43",
      "hostname": "147.175.144.2"
    },
    "decoder": {
      "name": "fortigate-firewall-v5"
    },
    "data": {
      "action": "pass",
      "srcip": "203.178.148.19",
      "srcport": "18710",
      "dstip": "147.175.160.51",
      "dstport": "8",
      "app": "Ping",
      "appcat": "Network.Service",
      "appid": "24466",
      "applist": "default",
      "apprisk": "elevated",
      "devid": "FG6H0FTB23904723",
      "devname": "FortiGate-600F",
      "direction": "outgoing",
      "dstcountry": "Slovakia",
      "dstintf": "inside",
      "dstintfrole": "lan",
      "eventtime": "1761606163483342535",
      "eventtype": "signature",
      "incidentserialno": "3357261466",
      "level": "information",
      "logid": "1059028704",
      "msg": "Network.Service: Ping",
      "policyid": "11",
      "poluuid": "808834ec-9d1a-51ef-835d-f46e34b6c71e",
      "proto": "1",
      "service": "PING",
      "sessionid": "2314239192",
      "srccountry": "Japan",
      "srcintf": "outside",
      "srcintfrole": "wan",
      "subtype": "app-ctrl",
      "time": "00:02:43",
      "type": "utm",
      "vd": "root"
    },
    "location": "127.0.0.1"
  },
  {
    "timestamp": "2025-10-28T00:02:44.038+0100",
    "rule": {
      "level": 3,
      "description": "Fortigate: App passed by firewall.",
      "id": "81633",
      "firedtimes": 10217,
      "mail": false,
      "groups": [
        "fortigate",
        "syslog"
      ],
      "gdpr": [
        "IV_35.7.d"
      ],
      "hipaa": [
        "164.312.b"
      ],
      "nist_800_53": [
        "AU.6"
      ],
      "pci_dss": [
        "10.6.1"
      ]
    },
    "agent": {
      "id": "000",
      "name": "wazuh.fiit.stuba.sk.novalocal"
    },
    "manager": {
      "name": "wazuh.fiit.stuba.sk.novalocal"
    },
    "id": "1761606164.19352331",
    "full_log": "Oct 28 00:02:43 147.175.144.2 date=2025-10-28 time=00:02:43 devname=\"FortiGate-600F\" devid=\"FG6H0FTB23904723\" eventtime=1761606163531114169 tz=\"+0100\" logid=\"1059028704\" type=\"utm\" subtype=\"app-ctrl\" eventtype=\"signature\" level=\"information\" vd=\"root\" appid=16083 srcip=5.253.36.213 srccountry=\"Singapore\" dstip=147.175.161.107 dstcountry=\"Slovakia\" srcport=6434 dstport=1900 srcintf=\"outside\" srcintfrole=\"wan\" dstintf=\"inside\" dstintfrole=\"lan\" proto=17 service=\"MMS\" direction=\"outgoing\" policyid=11 poluuid=\"808834ec-9d1a-51ef-835d-f46e34b6c71e\" policytype=\"policy\" sessionid=2314239235 applist=\"default\" action=\"pass\" appcat=\"Network.Service\" app=\"UPnP\" incidentserialno=3357261503 msg=\"Network.Service: UPnP\" apprisk=\"elevated\"",
    "predecoder": {
      "timestamp": "Oct 28 00:02:43",
      "hostname": "147.175.144.2"
    },
    "decoder": {
      "name": "fortigate-firewall-v5"
    },
    "data": {
      "action": "pass",
      "srcip": "5.253.36.213",
      "srcport": "6434",
      "dstip": "147.175.161.107",
      "dstport": "1900",
      "app": "UPnP",
      "appcat": "Network.Service",
      "appid": "16083",
      "applist": "default",
      "apprisk": "elevated",
      "devid": "FG6H0FTB23904723",
      "devname": "FortiGate-600F",
      "direction": "outgoing",
      "dstcountry": "Slovakia",
      "dstintf": "inside",
      "dstintfrole": "lan",
      "eventtime": "1761606163531114169",
      "eventtype": "signature",
      "incidentserialno": "3357261503",
      "level": "information",
      "logid": "1059028704",
      "msg": "Network.Service: UPnP",
      "policyid": "11",
      "poluuid": "808834ec-9d1a-51ef-835d-f46e34b6c71e",
      "proto": "17",
      "service": "MMS",
      "sessionid": "2314239235",
      "srccountry": "Singapore",
      "srcintf": "outside",
      "srcintfrole": "wan",
      "subtype": "app-ctrl",
      "time": "00:02:43",
      "type": "utm",
      "vd": "root"
    },
    "location": "127.0.0.1"
  },
  {
    "timestamp": "2025-10-28T00:02:44.040+0100",
    "rule": {
      "level": 1,
      "description": "Fortigate: Traffic to be aware of.",
      "id": "81618",
      "firedtimes": 6315,
      "mail": false,
      "groups": [
        "fortigate",
        "syslog"
      ],
      "gdpr": [
        "IV_35.7.d"
      ],
      "hipaa": [
        "164.312.b"
      ],
      "nist_800_53": [
        "AU.6"
      ],
      "pci_dss": [
        "10.6.1"
      ]
    },
    "agent": {
      "id": "000",
      "name": "wazuh.fiit.stuba.sk.novalocal"
    },
    "manager": {
      "name": "wazuh.fiit.stuba.sk.novalocal"
    },
    "id": "1761606164.19352331",
    "full_log": "Oct 28 00:02:43 147.175.144.2 date=2025-10-28 time=00:02:43 devname=\"FortiGate-600F\" devid=\"FG6H0FTB23904723\" eventtime=1761606162826596905 tz=\"+0100\" logid=\"0000000020\" type=\"traffic\" subtype=\"forward\" level=\"notice\" vd=\"root\" srcip=62.204.158.30 srcport=48771 srcintf=\"outside\" srcintfrole=\"wan\" dstip=147.175.161.107 dstport=1900 dstintf=\"inside\" dstintfrole=\"lan\" srccountry=\"Bulgaria\" dstcountry=\"Slovakia\" sessionid=2314161277 proto=17 action=\"accept\" policyid=11 policytype=\"policy\" poluuid=\"808834ec-9d1a-51ef-835d-f46e34b6c71e\" policyname=\"allow outside\" service=\"MMS\" trandisp=\"noop\" appid=16083 app=\"UPnP\" appcat=\"Network.Service\" apprisk=\"elevated\" applist=\"default\" duration=121 sentbyte=120 rcvdbyte=0 sentpkt=1 rcvdpkt=0 sentdelta=120 rcvddelta=0 dsthwvendor=\"Cisco\" dstdevtype=\"Router\" dstunauthuser=\"orders\" dstunauthusersource=\"imap\" masterdstmac=\"84:b8:02:66:72:34\" dstmac=\"84:b8:02:66:72:34\" dstserver=0",
    "predecoder": {
      "timestamp": "Oct 28 00:02:43",
      "hostname": "147.175.144.2"
    },
    "decoder": {
      "name": "fortigate-firewall-v5"
    },
    "data": {
      "action": "accept",
      "srcip": "62.204.158.30",
      "srcport": "48771",
      "dstip": "147.175.161.107",
      "dstport": "1900",
      "dstuser": "orders",
      "app": "UPnP",
      "appcat": "Network.Service",
      "appid": "16083",
      "applist": "default",
      "apprisk": "elevated",
      "devid": "FG6H0FTB23904723",
      "devname": "FortiGate-600F",
      "dstcountry": "Slovakia",
      "dstintf": "inside",
      "dstintfrole": "lan",
      "duration": "121",
      "eventtime": "1761606162826596905",
      "level": "notice",
      "logid": "0000000020",
      "policyid": "11",
      "poluuid": "808834ec-9d1a-51ef-835d-f46e34b6c71e",
      "proto": "17",
      "rcvdbyte": "0",
      "sentbyte": "120",
      "sentpkt": "1",
      "service": "MMS",
      "sessionid": "2314161277",
      "srccountry": "Bulgaria",
      "srcintf": "outside",
      "srcintfrole": "wan",
      "subtype": "forward",
      "time": "00:02:43",
      "trandisp": "noop",
      "type": "traffic",
      "vd": "root"
    },
    "location": "127.0.0.1"
  },
  {
    "timestamp": "2025-10-28T00:02:44.042+0100",
    "rule": {
      "level": 3,
      "description": "Fortigate: App passed by firewall.",
      "id": "81633",
      "firedtimes": 10222,
      "mail": false,
      "groups": [
        "fortigate",
        "syslog"
      ],
      "gdpr": [
        "IV_35.7.d"
      ],
      "hipaa": [
        "164.312.b"
      ],
      "nist_800_53": [
        "AU.6"
      ],
      "pci_dss": [
        "10.6.1"
      ]
    },
    "agent": {
      "id": "000",
      "name": "wazuh.fiit.stuba.sk.novalocal"
    },
    "manager": {
      "name": "wazuh.fiit.stuba.sk.novalocal"
    },
    "id": "1761606164.19352331",
    "full_log": "Oct 28 00:02:43 147.175.144.2 date=2025-10-28 time=00:02:43 devname=\"FortiGate-600F\" devid=\"FG6H0FTB23904723\" eventtime=1761606162989764320 tz=\"+0100\" logid=\"1059028704\" type=\"utm\" subtype=\"app-ctrl\" eventtype=\"signature\" level=\"information\" vd=\"root\" appid=24466 srcip=103.152.255.27 srccountry=\"Pakistan\" dstip=147.175.162.163 dstcountry=\"Slovakia\" srcport=63211 dstport=8 srcintf=\"outside\" srcintfrole=\"wan\" dstintf=\"inside\" dstintfrole=\"lan\" proto=1 service=\"PING\" direction=\"outgoing\" policyid=11 poluuid=\"808834ec-9d1a-51ef-835d-f46e34b6c71e\" policytype=\"policy\" sessionid=2314238893 applist=\"default\" action=\"pass\" appcat=\"Network.Service\" app=\"Ping\" incidentserialno=3357261419 msg=\"Network.Service: Ping\" apprisk=\"elevated\"",
    "predecoder": {
      "timestamp": "Oct 28 00:02:43",
      "hostname": "147.175.144.2"
    },
    "decoder": {
      "name": "fortigate-firewall-v5"
    },
    "data": {
      "action": "pass",
      "srcip": "103.152.255.27",
      "srcport": "63211",
      "dstip": "147.175.162.163",
      "dstport": "8",
      "app": "Ping",
      "appcat": "Network.Service",
      "appid": "24466",
      "applist": "default",
      "apprisk": "elevated",
      "devid": "FG6H0FTB23904723",
      "devname": "FortiGate-600F",
      "direction": "outgoing",
      "dstcountry": "Slovakia",
      "dstintf": "inside",
      "dstintfrole": "lan",
      "eventtime": "1761606162989764320",
      "eventtype": "signature",
      "incidentserialno": "3357261419",
      "level": "information",
      "logid": "1059028704",
      "msg": "Network.Service: Ping",
      "policyid": "11",
      "poluuid": "808834ec-9d1a-51ef-835d-f46e34b6c71e",
      "proto": "1",
      "service": "PING",
      "sessionid": "2314238893",
      "srccountry": "Pakistan",
      "srcintf": "outside",
      "srcintfrole": "wan",
      "subtype": "app-ctrl",
      "time": "00:02:43",
      "type": "utm",
      "vd": "root"
    },
    "location": "127.0.0.1"
  },
  {
    "timestamp": "2025-10-28T00:02:44.042+0100",
    "rule": {
      "level": 1,
      "description": "Fortigate: Traffic to be aware of.",
      "id": "81618",
      "firedtimes": 6317,
      "mail": false,
      "groups": [
        "fortigate",
        "syslog"
      ],
      "gdpr": [
        "IV_35.7.d"
      ],
      "hipaa": [
        "164.312.b"
      ],
      "nist_800_53": [
        "AU.6"
      ],
      "pci_dss": [
        "10.6.1"
      ]
    },
    "agent": {
      "id": "000",
      "name": "wazuh.fiit.stuba.sk.novalocal"
    },
    "manager": {
      "name": "wazuh.fiit.stuba.sk.novalocal"
    },
    "id": "1761606164.19352331",
    "full_log": "Oct 28 00:02:43 147.175.144.2 date=2025-10-28 time=00:02:43 devname=\"FortiGate-600F\" devid=\"FG6H0FTB23904723\" eventtime=1761606163012288317 tz=\"+0100\" logid=\"0000000020\" type=\"traffic\" subtype=\"forward\" level=\"notice\" vd=\"root\" srcip=5.253.36.6 srcport=8153 srcintf=\"outside\" srcintfrole=\"wan\" dstip=147.175.161.107 dstport=1900 dstintf=\"inside\" dstintfrole=\"lan\" srccountry=\"Singapore\" dstcountry=\"Slovakia\" sessionid=2314147823 proto=17 action=\"accept\" policyid=11 policytype=\"policy\" poluuid=\"808834ec-9d1a-51ef-835d-f46e34b6c71e\" policyname=\"allow outside\" service=\"MMS\" trandisp=\"noop\" appid=16083 app=\"UPnP\" appcat=\"Network.Service\" apprisk=\"elevated\" applist=\"default\" duration=141 sentbyte=480 rcvdbyte=0 sentpkt=4 rcvdpkt=0 sentdelta=480 rcvddelta=0 dsthwvendor=\"Cisco\" dstdevtype=\"Router\" dstunauthuser=\"orders\" dstunauthusersource=\"imap\" masterdstmac=\"84:b8:02:66:72:34\" dstmac=\"84:b8:02:66:72:34\" dstserver=0",
    "predecoder": {
      "timestamp": "Oct 28 00:02:43",
      "hostname": "147.175.144.2"
    },
    "decoder": {
      "name": "fortigate-firewall-v5"
    },
    "data": {
      "action": "accept",
      "srcip": "5.253.36.6",
      "srcport": "8153",
      "dstip": "147.175.161.107",
      "dstport": "1900",
      "dstuser": "orders",
      "app": "UPnP",
      "appcat": "Network.Service",
      "appid": "16083",
      "applist": "default",
      "apprisk": "elevated",
      "devid": "FG6H0FTB23904723",
      "devname": "FortiGate-600F",
      "dstcountry": "Slovakia",
      "dstintf": "inside",
      "dstintfrole": "lan",
      "duration": "141",
      "eventtime": "1761606163012288317",
      "level": "notice",
      "logid": "0000000020",
      "policyid": "11",
      "poluuid": "808834ec-9d1a-51ef-835d-f46e34b6c71e",
      "proto": "17",
      "rcvdbyte": "0",
      "sentbyte": "480",
      "sentpkt": "4",
      "service": "MMS",
      "sessionid": "2314147823",
      "srccountry": "Singapore",
      "srcintf": "outside",
      "srcintfrole": "wan",
      "subtype": "forward",
      "time": "00:02:43",
      "trandisp": "noop",
      "type": "traffic",
      "vd": "root"
    },
    "location": "127.0.0.1"
  },
  {
    "timestamp": "2025-10-28T00:02:44.050+0100",
    "agent": {
      "id": "307",
      "name": "vdi-143",
      "ip": "10.162.13.3"
    },
    "manager": {
      "name": "wazuh.fiit.stuba.sk.novalocal"
    },
    "id": "1761606164.19352331",
    "full_log": "{\"win\":{\"system\":{\"providerName\":\"Microsoft-Windows-Security-Auditing\",\"providerGuid\":\"{54849625-5478-4994-a5ba-3e3b0328c30d}\",\"eventID\":\"5379\",\"version\":\"0\",\"level\":\"0\",\"task\":\"13824\",\"opcode\":\"0\",\"keywords\":\"0x8020000000000000\",\"systemTime\":\"2025-10-27T23:02:43.0330234Z\",\"eventRecordID\":\"341727\",\"processID\":\"724\",\"threadID\":\"1312\",\"channel\":\"Security\",\"computer\":\"vdi-143.ucebne.fiit.stuba.sk\",\"severityValue\":\"AUDIT_SUCCESS\",\"message\":\"\\\"Credential Manager credentials were read.\\r\\n\\r\\nSubject:\\r\\n\\tSecurity ID:\\t\\tS-1-5-18\\r\\n\\tAccount Name:\\t\\tVDI-143$\\r\\n\\tAccount Domain:\\t\\tUCEBNE\\r\\n\\tLogon ID:\\t\\t0x3E7\\r\\n\\tRead Operation:\\t\\tEnumerate Credentials\\r\\n\\r\\nThis event occurs when a user performs a read operation on stored credentials in Credential Manager.\\\"\"},\"eventdata\":{\"subjectUserSid\":\"S-1-5-18\",\"subjectUserName\":\"VDI-143$\",\"subjectDomainName\":\"UCEBNE\",\"subjectLogonId\":\"0x3e7\",\"targetName\":\"MicrosoftAccount:user=02nvxcshavxggkdf\",\"type\":\"0\",\"countOfCredentialsReturned\":\"0\",\"readOperation\":\"%%8100\",\"returnCode\":\"3221226021\",\"processCreationTime\":\"2025-10-27T22:58:10.1267010Z\",\"clientProcessId\":\"328\"}}}",
    "decoder": {
      "name": "windows_eventchannel"
    },
    "data": {
      "win": {
        "system": {
          "providerName": "Microsoft-Windows-Security-Auditing",
          "providerGuid": "{54849625-5478-4994-a5ba-3e3b0328c30d}",
          "eventID": "5379",
          "version": "0",
          "level": "0",
          "task": "13824",
          "opcode": "0",
          "keywords": "0x8020000000000000",
          "systemTime": "2025-10-27T23:02:43.0330234Z",
          "eventRecordID": "341727",
          "processID": "724",
          "threadID": "1312",
          "channel": "Security",
          "computer": "vdi-143.ucebne.fiit.stuba.sk",
          "severityValue": "AUDIT_SUCCESS",
          "message": "\"Credential Manager credentials were read.\r\n\r\nSubject:\r\n\tSecurity ID:\t\tS-1-5-18\r\n\tAccount Name:\t\tVDI-143$\r\n\tAccount Domain:\t\tUCEBNE\r\n\tLogon ID:\t\t0x3E7\r\n\tRead Operation:\t\tEnumerate Credentials\r\n\r\nThis event occurs when a user performs a read operation on stored credentials in Credential Manager.\""
        },
        "eventdata": {
          "subjectUserSid": "S-1-5-18",
          "subjectUserName": "VDI-143$",
          "subjectDomainName": "UCEBNE",
          "subjectLogonId": "0x3e7",
          "targetName": "MicrosoftAccount:user=02nvxcshavxggkdf",
          "type": "0",
          "countOfCredentialsReturned": "0",
          "readOperation": "%%8100",
          "returnCode": "3221226021",
          "processCreationTime": "2025-10-27T22:58:10.1267010Z",
          "clientProcessId": "328"
        }
      }
    },
    "location": "EventChannel"
  },
  {
    "timestamp": "2025-10-28T00:02:44.958+0100",
    "agent": {
      "id": "307",
      "name": "vdi-143",
      "ip": "10.162.13.3"
    },
    "manager": {
      "name": "wazuh.fiit.stuba.sk.novalocal"
    },
    "id": "1761606164.19355625",
    "full_log": "{\"win\":{\"system\":{\"providerName\":\"Microsoft-Windows-WindowsUpdateClient\",\"providerGuid\":\"{945a8954-c147-4acd-923f-40c45405a658}\",\"eventID\":\"44\",\"version\":\"1\",\"level\":\"4\",\"task\":\"1\",\"opcode\":\"12\",\"keywords\":\"0x8000000000002004\",\"systemTime\":\"2025-10-27T23:02:44.1636216Z\",\"eventRecordID\":\"23123\",\"processID\":\"5784\",\"threadID\":\"7424\",\"channel\":\"System\",\"computer\":\"vdi-143.ucebne.fiit.stuba.sk\",\"severityValue\":\"INFORMATION\",\"message\":\"\\\"Windows Update started downloading an update.\\\"\"},\"eventdata\":{\"updateTitle\":\"9WZDNCRFJBH4-Microsoft.Windows.Photos\",\"updateGuid\":\"{a95488cc-5c84-4840-b32b-6f357d162b80}\",\"updateRevisionNumber\":\"1\"}}}",
    "decoder": {
      "name": "windows_eventchannel"
    },
    "data": {
      "win": {
        "system": {
          "providerName": "Microsoft-Windows-WindowsUpdateClient",
          "providerGuid": "{945a8954-c147-4acd-923f-40c45405a658}",
          "eventID": "44",
          "version": "1",
          "level": "4",
          "task": "1",
          "opcode": "12",
          "keywords": "0x8000000000002004",
          "systemTime": "2025-10-27T23:02:44.1636216Z",
          "eventRecordID": "23123",
          "processID": "5784",
          "threadID": "7424",
          "channel": "System",
          "computer": "vdi-143.ucebne.fiit.stuba.sk",
          "severityValue": "INFORMATION",
          "message": "\"Windows Update started downloading an update.\""
        },
        "eventdata": {
          "updateTitle": "9WZDNCRFJBH4-Microsoft.Windows.Photos",
          "updateGuid": "{a95488cc-5c84-4840-b32b-6f357d162b80}",
          "updateRevisionNumber": "1"
        }
      }
    },
    "location": "EventChannel"
  },
  {
    "timestamp": "2025-10-28T00:02:44.961+0100",
    "rule": {
      "level": 3,
      "description": "Windows Logon Success",
      "id": "60106",
      "mitre": {
        "id": [
          "T1078"
        ],
        "tactic": [
          "Defense Evasion",
          "Persistence",
          "Privilege Escalation",
          "Initial Access"
        ],
        "technique": [
          "Valid Accounts"
        ]
      },
      "firedtimes": 253,
      "mail": false,
      "groups": [
        "windows",
        "windows_security",
        "authentication_success"
      ],
      "pci_dss": [
        "10.2.5"
      ],
      "gpg13": [
        "7.1",
        "7.2"
      ],
      "gdpr": [
        "IV_32.2"
      ],
      "hipaa": [
        "164.312.b"
      ],
      "nist_800_53": [
        "AU.14",
        "AC.9"
      ],
      "tsc": [
        "CC6.8",
        "CC7.2",
        "CC7.3"
      ]
    },
    "agent": {
      "id": "307",
      "name": "vdi-143",
      "ip": "10.162.13.3"
    },
    "manager": {
      "name": "wazuh.fiit.stuba.sk.novalocal"
    },
    "id": "1761606164.19361199",
    "full_log": "{\"win\":{\"system\":{\"providerName\":\"Microsoft-Windows-Security-Auditing\",\"providerGuid\":\"{54849625-5478-4994-a5ba-3e3b0328c30d}\",\"eventID\":\"4624\",\"version\":\"2\",\"level\":\"0\",\"task\":\"12544\",\"opcode\":\"0\",\"keywords\":\"0x8020000000000000\",\"systemTime\":\"2025-10-27T23:02:43.5860306Z\",\"eventRecordID\":\"341728\",\"processID\":\"724\",\"threadID\":\"3704\",\"channel\":\"Security\",\"computer\":\"vdi-143.ucebne.fiit.stuba.sk\",\"severityValue\":\"AUDIT_SUCCESS\",\"message\":\"\\\"An account was successfully logged on.\\r\\n\\r\\nSubject:\\r\\n\\tSecurity ID:\\t\\tS-1-5-18\\r\\n\\tAccount Name:\\t\\tVDI-143$\\r\\n\\tAccount Domain:\\t\\tUCEBNE\\r\\n\\tLogon ID:\\t\\t0x3E7\\r\\n\\r\\nLogon Information:\\r\\n\\tLogon Type:\\t\\t5\\r\\n\\tRestricted Admin Mode:\\t-\\r\\n\\tVirtual Account:\\t\\tNo\\r\\n\\tElevated Token:\\t\\tYes\\r\\n\\r\\nImpersonation Level:\\t\\tImpersonation\\r\\n\\r\\nNew Logon:\\r\\n\\tSecurity ID:\\t\\tS-1-5-18\\r\\n\\tAccount Name:\\t\\tSYSTEM\\r\\n\\tAccount Domain:\\t\\tNT AUTHORITY\\r\\n\\tLogon ID:\\t\\t0x3E7\\r\\n\\tLinked Logon ID:\\t\\t0x0\\r\\n\\tNetwork Account Name:\\t-\\r\\n\\tNetwork Account Domain:\\t-\\r\\n\\tLogon GUID:\\t\\t{00000000-0000-0000-0000-000000000000}\\r\\n\\r\\nProcess Information:\\r\\n\\tProcess ID:\\t\\t0x2cc\\r\\n\\tProcess Name:\\t\\tC:\\\\Windows\\\\System32\\\\services.exe\\r\\n\\r\\nNetwork Information:\\r\\n\\tWorkstation Name:\\t-\\r\\n\\tSource Network Address:\\t-\\r\\n\\tSource Port:\\t\\t-\\r\\n\\r\\nDetailed Authentication Information:\\r\\n\\tLogon Process:\\t\\tAdvapi  \\r\\n\\tAuthentication Package:\\tNegotiate\\r\\n\\tTransited Services:\\t-\\r\\n\\tPackage Name (NTLM only):\\t-\\r\\n\\tKey Length:\\t\\t0\\r\\n\\r\\nThis event is generated when a logon session is created. It is generated on the computer that was accessed.\\r\\n\\r\\nThe subject fields indicate the account on the local system which requested the logon. This is most commonly a service such as the Server service, or a local process such as Winlogon.exe or Services.exe.\\r\\n\\r\\nThe logon type field indicates the kind of logon that occurred. The most common types are 2 (interactive) and 3 (network).\\r\\n\\r\\nThe New Logon fields indicate the account for whom the new logon was created, i.e. the account that was logged on.\\r\\n\\r\\nThe network fields indicate where a remote logon request originated. Workstation name is not always available and may be left blank in some cases.\\r\\n\\r\\nThe impersonation level field indicates the extent to which a process in the logon session can impersonate.\\r\\n\\r\\nThe authentication information fields provide detailed information about this specific logon request.\\r\\n\\t- Logon GUID is a unique identifier that can be used to correlate this event with a KDC event.\\r\\n\\t- Transited services indicate which intermediate services have participated in this logon request.\\r\\n\\t- Package name indicates which sub-protocol was used among the NTLM protocols.\\r\\n\\t- Key length indicates the length of the generated session key. This will be 0 if no session key was requested.\\\"\"},\"eventdata\":{\"subjectUserSid\":\"S-1-5-18\",\"subjectUserName\":\"VDI-143$\",\"subjectDomainName\":\"UCEBNE\",\"subjectLogonId\":\"0x3e7\",\"targetUserSid\":\"S-1-5-18\",\"targetUserName\":\"SYSTEM\",\"targetDomainName\":\"NT AUTHORITY\",\"targetLogonId\":\"0x3e7\",\"logonType\":\"5\",\"logonProcessName\":\"Advapi\",\"authenticationPackageName\":\"Negotiate\",\"logonGuid\":\"{00000000-0000-0000-0000-000000000000}\",\"keyLength\":\"0\",\"processId\":\"0x2cc\",\"processName\":\"C:\\\\\\\\Windows\\\\\\\\System32\\\\\\\\services.exe\",\"impersonationLevel\":\"%%1833\",\"virtualAccount\":\"%%1843\",\"targetLinkedLogonId\":\"0x0\",\"elevatedToken\":\"%%1842\"}}}",
    "decoder": {
      "name": "windows_eventchannel"
    },
    "data": {
      "win": {
        "system": {
          "providerName": "Microsoft-Windows-Security-Auditing",
          "providerGuid": "{54849625-5478-4994-a5ba-3e3b0328c30d}",
          "eventID": "4624",
          "version": "2",
          "level": "0",
          "task": "12544",
          "opcode": "0",
          "keywords": "0x8020000000000000",
          "systemTime": "2025-10-27T23:02:43.5860306Z",
          "eventRecordID": "341728",
          "processID": "724",
          "threadID": "3704",
          "channel": "Security",
          "computer": "vdi-143.ucebne.fiit.stuba.sk",
          "severityValue": "AUDIT_SUCCESS",
          "message": "\"An account was successfully logged on.\r\n\r\nSubject:\r\n\tSecurity ID:\t\tS-1-5-18\r\n\tAccount Name:\t\tVDI-143$\r\n\tAccount Domain:\t\tUCEBNE\r\n\tLogon ID:\t\t0x3E7\r\n\r\nLogon Information:\r\n\tLogon Type:\t\t5\r\n\tRestricted Admin Mode:\t-\r\n\tVirtual Account:\t\tNo\r\n\tElevated Token:\t\tYes\r\n\r\nImpersonation Level:\t\tImpersonation\r\n\r\nNew Logon:\r\n\tSecurity ID:\t\tS-1-5-18\r\n\tAccount Name:\t\tSYSTEM\r\n\tAccount Domain:\t\tNT AUTHORITY\r\n\tLogon ID:\t\t0x3E7\r\n\tLinked Logon ID:\t\t0x0\r\n\tNetwork Account Name:\t-\r\n\tNetwork Account Domain:\t-\r\n\tLogon GUID:\t\t{00000000-0000-0000-0000-000000000000}\r\n\r\nProcess Information:\r\n\tProcess ID:\t\t0x2cc\r\n\tProcess Name:\t\tC:\\Windows\\System32\\services.exe\r\n\r\nNetwork Information:\r\n\tWorkstation Name:\t-\r\n\tSource Network Address:\t-\r\n\tSource Port:\t\t-\r\n\r\nDetailed Authentication Information:\r\n\tLogon Process:\t\tAdvapi  \r\n\tAuthentication Package:\tNegotiate\r\n\tTransited Services:\t-\r\n\tPackage Name (NTLM only):\t-\r\n\tKey Length:\t\t0\r\n\r\nThis event is generated when a logon session is created. It is generated on the computer that was accessed.\r\n\r\nThe subject fields indicate the account on the local system which requested the logon. This is most commonly a service such as the Server service, or a local process such as Winlogon.exe or Services.exe.\r\n\r\nThe logon type field indicates the kind of logon that occurred. The most common types are 2 (interactive) and 3 (network).\r\n\r\nThe New Logon fields indicate the account for whom the new logon was created, i.e. the account that was logged on.\r\n\r\nThe network fields indicate where a remote logon request originated. Workstation name is not always available and may be left blank in some cases.\r\n\r\nThe impersonation level field indicates the extent to which a process in the logon session can impersonate.\r\n\r\nThe authentication information fields provide detailed information about this specific logon request.\r\n\t- Logon GUID is a unique identifier that can be used to correlate this event with a KDC event.\r\n\t- Transited services indicate which intermediate services have participated in this logon request.\r\n\t- Package name indicates which sub-protocol was used among the NTLM protocols.\r\n\t- Key length indicates the length of the generated session key. This will be 0 if no session key was requested.\""
        },
        "eventdata": {
          "subjectUserSid": "S-1-5-18",
          "subjectUserName": "VDI-143$",
          "subjectDomainName": "UCEBNE",
          "subjectLogonId": "0x3e7",
          "targetUserSid": "S-1-5-18",
          "targetUserName": "SYSTEM",
          "targetDomainName": "NT AUTHORITY",
          "targetLogonId": "0x3e7",
          "logonType": "5",
          "logonProcessName": "Advapi",
          "authenticationPackageName": "Negotiate",
          "logonGuid": "{00000000-0000-0000-0000-000000000000}",
          "keyLength": "0",
          "processId": "0x2cc",
          "processName": "C:\\\\Windows\\\\System32\\\\services.exe",
          "impersonationLevel": "%%1833",
          "virtualAccount": "%%1843",
          "targetLinkedLogonId": "0x0",
          "elevatedToken": "%%1842"
        }
      }
    },
    "location": "EventChannel"
  },
  {
    "timestamp": "2025-10-28T00:02:44.972+0100",
    "agent": {
      "id": "307",
      "name": "vdi-143",
      "ip": "10.162.13.3"
    },
    "manager": {
      "name": "wazuh.fiit.stuba.sk.novalocal"
    },
    "id": "1761606164.19361199",
    "full_log": "{\"win\":{\"system\":{\"providerName\":\"Microsoft-Windows-WindowsUpdateClient\",\"providerGuid\":\"{945a8954-c147-4acd-923f-40c45405a658}\",\"eventID\":\"44\",\"version\":\"1\",\"level\":\"4\",\"task\":\"1\",\"opcode\":\"12\",\"keywords\":\"0x8000000000002004\",\"systemTime\":\"2025-10-27T23:02:44.1636330Z\",\"eventRecordID\":\"23124\",\"processID\":\"5784\",\"threadID\":\"7424\",\"channel\":\"System\",\"computer\":\"vdi-143.ucebne.fiit.stuba.sk\",\"severityValue\":\"INFORMATION\",\"message\":\"\\\"Windows Update started downloading an update.\\\"\"},\"eventdata\":{\"updateTitle\":\"9N7V66BG7XT8-Microsoft.WindowsAppRuntime.1.7\",\"updateGuid\":\"{8af1d673-5723-4348-ab44-80817469c3c8}\",\"updateRevisionNumber\":\"1\"}}}",
    "decoder": {
      "name": "windows_eventchannel"
    },
    "data": {
      "win": {
        "system": {
          "providerName": "Microsoft-Windows-WindowsUpdateClient",
          "providerGuid": "{945a8954-c147-4acd-923f-40c45405a658}",
          "eventID": "44",
          "version": "1",
          "level": "4",
          "task": "1",
          "opcode": "12",
          "keywords": "0x8000000000002004",
          "systemTime": "2025-10-27T23:02:44.1636330Z",
          "eventRecordID": "23124",
          "processID": "5784",
          "threadID": "7424",
          "channel": "System",
          "computer": "vdi-143.ucebne.fiit.stuba.sk",
          "severityValue": "INFORMATION",
          "message": "\"Windows Update started downloading an update.\""
        },
        "eventdata": {
          "updateTitle": "9N7V66BG7XT8-Microsoft.WindowsAppRuntime.1.7",
          "updateGuid": "{8af1d673-5723-4348-ab44-80817469c3c8}",
          "updateRevisionNumber": "1"
        }
      }
    },
    "location": "EventChannel"
  },
  {
    "timestamp": "2025-10-28T00:02:44.991+0100",
    "agent": {
      "id": "307",
      "name": "vdi-143",
      "ip": "10.162.13.3"
    },
    "manager": {
      "name": "wazuh.fiit.stuba.sk.novalocal"
    },
    "id": "1761606164.19361199",
    "full_log": "{\"win\":{\"system\":{\"providerName\":\"Microsoft-Windows-WindowsUpdateClient\",\"providerGuid\":\"{945a8954-c147-4acd-923f-40c45405a658}\",\"eventID\":\"44\",\"version\":\"1\",\"level\":\"4\",\"task\":\"1\",\"opcode\":\"12\",\"keywords\":\"0x8000000000002004\",\"systemTime\":\"2025-10-27T23:02:44.1636439Z\",\"eventRecordID\":\"23125\",\"processID\":\"5784\",\"threadID\":\"7424\",\"channel\":\"System\",\"computer\":\"vdi-143.ucebne.fiit.stuba.sk\",\"severityValue\":\"INFORMATION\",\"message\":\"\\\"Windows Update started downloading an update.\\\"\"},\"eventdata\":{\"updateTitle\":\"9WZDNCRFJBH4-Microsoft.Windows.Photos\",\"updateGuid\":\"{a95488cc-5c84-4840-b32b-6f357d162b80}\",\"updateRevisionNumber\":\"1\"}}}",
    "decoder": {
      "name": "windows_eventchannel"
    },
    "data": {
      "win": {
        "system": {
          "providerName": "Microsoft-Windows-WindowsUpdateClient",
          "providerGuid": "{945a8954-c147-4acd-923f-40c45405a658}",
          "eventID": "44",
          "version": "1",
          "level": "4",
          "task": "1",
          "opcode": "12",
          "keywords": "0x8000000000002004",
          "systemTime": "2025-10-27T23:02:44.1636439Z",
          "eventRecordID": "23125",
          "processID": "5784",
          "threadID": "7424",
          "channel": "System",
          "computer": "vdi-143.ucebne.fiit.stuba.sk",
          "severityValue": "INFORMATION",
          "message": "\"Windows Update started downloading an update.\""
        },
        "eventdata": {
          "updateTitle": "9WZDNCRFJBH4-Microsoft.Windows.Photos",
          "updateGuid": "{a95488cc-5c84-4840-b32b-6f357d162b80}",
          "updateRevisionNumber": "1"
        }
      }
    },
    "location": "EventChannel"
  },
  {
    "timestamp": "2025-10-28T00:02:45.003+0100",
    "agent": {
      "id": "307",
      "name": "vdi-143",
      "ip": "10.162.13.3"
    },
    "manager": {
      "name": "wazuh.fiit.stuba.sk.novalocal"
    },
    "id": "1761606165.19375558",
    "full_log": "{\"win\":{\"system\":{\"providerName\":\"Microsoft-Windows-Security-Auditing\",\"providerGuid\":\"{54849625-5478-4994-a5ba-3e3b0328c30d}\",\"eventID\":\"4672\",\"version\":\"0\",\"level\":\"0\",\"task\":\"12548\",\"opcode\":\"0\",\"keywords\":\"0x8020000000000000\",\"systemTime\":\"2025-10-27T23:02:43.5860756Z\",\"eventRecordID\":\"341729\",\"processID\":\"724\",\"threadID\":\"3704\",\"channel\":\"Security\",\"computer\":\"vdi-143.ucebne.fiit.stuba.sk\",\"severityValue\":\"AUDIT_SUCCESS\",\"message\":\"\\\"Special privileges assigned to new logon.\\r\\n\\r\\nSubject:\\r\\n\\tSecurity ID:\\t\\tS-1-5-18\\r\\n\\tAccount Name:\\t\\tSYSTEM\\r\\n\\tAccount Domain:\\t\\tNT AUTHORITY\\r\\n\\tLogon ID:\\t\\t0x3E7\\r\\n\\r\\nPrivileges:\\t\\tSeAssignPrimaryTokenPrivilege\\r\\n\\t\\t\\tSeTcbPrivilege\\r\\n\\t\\t\\tSeSecurityPrivilege\\r\\n\\t\\t\\tSeTakeOwnershipPrivilege\\r\\n\\t\\t\\tSeLoadDriverPrivilege\\r\\n\\t\\t\\tSeBackupPrivilege\\r\\n\\t\\t\\tSeRestorePrivilege\\r\\n\\t\\t\\tSeDebugPrivilege\\r\\n\\t\\t\\tSeAuditPrivilege\\r\\n\\t\\t\\tSeSystemEnvironmentPrivilege\\r\\n\\t\\t\\tSeImpersonatePrivilege\\r\\n\\t\\t\\tSeDelegateSessionUserImpersonatePrivilege\\\"\"},\"eventdata\":{\"subjectUserSid\":\"S-1-5-18\",\"subjectUserName\":\"SYSTEM\",\"subjectDomainName\":\"NT AUTHORITY\",\"subjectLogonId\":\"0x3e7\",\"privilegeList\":\"SeAssignPrimaryTokenPrivilege     SeTcbPrivilege     SeSecurityPrivilege     SeTakeOwnershipPrivilege     SeLoadDriverPrivilege     SeBackupPrivilege     SeRestorePrivilege     SeDebugPrivilege     SeAuditPrivilege     SeSystemEnvironmentPrivilege     SeImpersonatePrivilege     SeDelegateSessionUserImpersonatePrivilege\"}}}",
    "decoder": {
      "name": "windows_eventchannel"
    },
    "data": {
      "win": {
        "system": {
          "providerName": "Microsoft-Windows-Security-Auditing",
          "providerGuid": "{54849625-5478-4994-a5ba-3e3b0328c30d}",
          "eventID": "4672",
          "version": "0",
          "level": "0",
          "task": "12548",
          "opcode": "0",
          "keywords": "0x8020000000000000",
          "systemTime": "2025-10-27T23:02:43.5860756Z",
          "eventRecordID": "341729",
          "processID": "724",
          "threadID": "3704",
          "channel": "Security",
          "computer": "vdi-143.ucebne.fiit.stuba.sk",
          "severityValue": "AUDIT_SUCCESS",
          "message": "\"Special privileges assigned to new logon.\r\n\r\nSubject:\r\n\tSecurity ID:\t\tS-1-5-18\r\n\tAccount Name:\t\tSYSTEM\r\n\tAccount Domain:\t\tNT AUTHORITY\r\n\tLogon ID:\t\t0x3E7\r\n\r\nPrivileges:\t\tSeAssignPrimaryTokenPrivilege\r\n\t\t\tSeTcbPrivilege\r\n\t\t\tSeSecurityPrivilege\r\n\t\t\tSeTakeOwnershipPrivilege\r\n\t\t\tSeLoadDriverPrivilege\r\n\t\t\tSeBackupPrivilege\r\n\t\t\tSeRestorePrivilege\r\n\t\t\tSeDebugPrivilege\r\n\t\t\tSeAuditPrivilege\r\n\t\t\tSeSystemEnvironmentPrivilege\r\n\t\t\tSeImpersonatePrivilege\r\n\t\t\tSeDelegateSessionUserImpersonatePrivilege\""
        },
        "eventdata": {
          "subjectUserSid": "S-1-5-18",
          "subjectUserName": "SYSTEM",
          "subjectDomainName": "NT AUTHORITY",
          "subjectLogonId": "0x3e7",
          "privilegeList": "SeAssignPrimaryTokenPrivilege     SeTcbPrivilege     SeSecurityPrivilege     SeTakeOwnershipPrivilege     SeLoadDriverPrivilege     SeBackupPrivilege     SeRestorePrivilege     SeDebugPrivilege     SeAuditPrivilege     SeSystemEnvironmentPrivilege     SeImpersonatePrivilege     SeDelegateSessionUserImpersonatePrivilege"
        }
      }
    },
    "location": "EventChannel"
  },
