  {
    "timestamp": "2025-10-28T00:01:05.419+0100",
    "agent": {
      "id": "330",
      "name": "vdi-165",
      "ip": "10.162.13.25"
    },
    "manager": {
      "name": "wazuh.fiit.stuba.sk.novalocal"
    },
    "id": "1761606065.9042940",
    "full_log": "{\"win\":{\"system\":{\"providerName\":\"Microsoft-Windows-Security-Auditing\",\"providerGuid\":\"{54849625-5478-4994-a5ba-3e3b0328c30d}\",\"eventID\":\"5379\",\"version\":\"0\",\"level\":\"0\",\"task\":\"13824\",\"opcode\":\"0\",\"keywords\":\"0x8020000000000000\",\"systemTime\":\"2025-10-27T23:01:04.2292735Z\",\"eventRecordID\":\"345003\",\"processID\":\"768\",\"threadID\":\"9268\",\"channel\":\"Security\",\"computer\":\"vdi-165.ucebne.fiit.stuba.sk\",\"severityValue\":\"AUDIT_SUCCESS\",\"message\":\"\\\"Credential Manager credentials were read.\\r\\n\\r\\nSubject:\\r\\n\\tSecurity ID:\\t\\tS-1-5-18\\r\\n\\tAccount Name:\\t\\tVDI-165$\\r\\n\\tAccount Domain:\\t\\tUCEBNE\\r\\n\\tLogon ID:\\t\\t0x3E7\\r\\n\\tRead Operation:\\t\\tEnumerate Credentials\\r\\n\\r\\nThis event occurs when a user performs a read operation on stored credentials in Credential Manager.\\\"\"},\"eventdata\":{\"subjectUserSid\":\"S-1-5-18\",\"subjectUserName\":\"VDI-165$\",\"subjectDomainName\":\"UCEBNE\",\"subjectLogonId\":\"0x3e7\",\"targetName\":\"WindowsLive:target=virtualapp/didlogical\",\"type\":\"0\",\"countOfCredentialsReturned\":\"1\",\"readOperation\":\"%%8100\",\"returnCode\":\"0\",\"processCreationTime\":\"2025-10-27T23:01:04.1240301Z\",\"clientProcessId\":\"3676\"}}}",
    "decoder": {
      "name": "windows_eventchannel"
    },
    "data": {
      "win": {
        "system": {
          "providerName": "Microsoft-Windows-Security-Auditing",
          "providerGuid": "{54849625-5478-4994-a5ba-3e3b0328c30d}",
          "eventID": "5379",
          "version": "0",
          "level": "0",
          "task": "13824",
          "opcode": "0",
          "keywords": "0x8020000000000000",
          "systemTime": "2025-10-27T23:01:04.2292735Z",
          "eventRecordID": "345003",
          "processID": "768",
          "threadID": "9268",
          "channel": "Security",
          "computer": "vdi-165.ucebne.fiit.stuba.sk",
          "severityValue": "AUDIT_SUCCESS",
          "message": "\"Credential Manager credentials were read.\r\n\r\nSubject:\r\n\tSecurity ID:\t\tS-1-5-18\r\n\tAccount Name:\t\tVDI-165$\r\n\tAccount Domain:\t\tUCEBNE\r\n\tLogon ID:\t\t0x3E7\r\n\tRead Operation:\t\tEnumerate Credentials\r\n\r\nThis event occurs when a user performs a read operation on stored credentials in Credential Manager.\""
        },
        "eventdata": {
          "subjectUserSid": "S-1-5-18",
          "subjectUserName": "VDI-165$",
          "subjectDomainName": "UCEBNE",
          "subjectLogonId": "0x3e7",
          "targetName": "WindowsLive:target=virtualapp/didlogical",
          "type": "0",
          "countOfCredentialsReturned": "1",
          "readOperation": "%%8100",
          "returnCode": "0",
          "processCreationTime": "2025-10-27T23:01:04.1240301Z",
          "clientProcessId": "3676"
        }
      }
    },
    "location": "EventChannel"
  },
  {
    "timestamp": "2025-10-28T00:01:05.420+0100",
    "agent": {
      "id": "330",
      "name": "vdi-165",
      "ip": "10.162.13.25"
    },
    "manager": {
      "name": "wazuh.fiit.stuba.sk.novalocal"
    },
    "id": "1761606065.9042940",
    "full_log": "{\"win\":{\"system\":{\"providerName\":\"Microsoft-Windows-Security-Auditing\",\"providerGuid\":\"{54849625-5478-4994-a5ba-3e3b0328c30d}\",\"eventID\":\"5379\",\"version\":\"0\",\"level\":\"0\",\"task\":\"13824\",\"opcode\":\"0\",\"keywords\":\"0x8020000000000000\",\"systemTime\":\"2025-10-27T23:01:04.2353273Z\",\"eventRecordID\":\"345004\",\"processID\":\"768\",\"threadID\":\"9268\",\"channel\":\"Security\",\"computer\":\"vdi-165.ucebne.fiit.stuba.sk\",\"severityValue\":\"AUDIT_SUCCESS\",\"message\":\"\\\"Credential Manager credentials were read.\\r\\n\\r\\nSubject:\\r\\n\\tSecurity ID:\\t\\tS-1-5-19\\r\\n\\tAccount Name:\\t\\tLOCAL SERVICE\\r\\n\\tAccount Domain:\\t\\tNT AUTHORITY\\r\\n\\tLogon ID:\\t\\t0x3E5\\r\\n\\tRead Operation:\\t\\tEnumerate Credentials\\r\\n\\r\\nThis event occurs when a user performs a read operation on stored credentials in Credential Manager.\\\"\"},\"eventdata\":{\"subjectUserSid\":\"S-1-5-19\",\"subjectUserName\":\"LOCAL SERVICE\",\"subjectDomainName\":\"NT AUTHORITY\",\"subjectLogonId\":\"0x3e5\",\"targetName\":\"WindowsLive:(token):name=02egdpkmzigdsctc;serviceuri=*\",\"type\":\"0\",\"countOfCredentialsReturned\":\"0\",\"readOperation\":\"%%8100\",\"returnCode\":\"3221226021\",\"processCreationTime\":\"2025-10-27T23:01:04.1240301Z\",\"clientProcessId\":\"3676\"}}}",
    "decoder": {
      "name": "windows_eventchannel"
    },
    "data": {
      "win": {
        "system": {
          "providerName": "Microsoft-Windows-Security-Auditing",
          "providerGuid": "{54849625-5478-4994-a5ba-3e3b0328c30d}",
          "eventID": "5379",
          "version": "0",
          "level": "0",
          "task": "13824",
          "opcode": "0",
          "keywords": "0x8020000000000000",
          "systemTime": "2025-10-27T23:01:04.2353273Z",
          "eventRecordID": "345004",
          "processID": "768",
          "threadID": "9268",
          "channel": "Security",
          "computer": "vdi-165.ucebne.fiit.stuba.sk",
          "severityValue": "AUDIT_SUCCESS",
          "message": "\"Credential Manager credentials were read.\r\n\r\nSubject:\r\n\tSecurity ID:\t\tS-1-5-19\r\n\tAccount Name:\t\tLOCAL SERVICE\r\n\tAccount Domain:\t\tNT AUTHORITY\r\n\tLogon ID:\t\t0x3E5\r\n\tRead Operation:\t\tEnumerate Credentials\r\n\r\nThis event occurs when a user performs a read operation on stored credentials in Credential Manager.\""
        },
        "eventdata": {
          "subjectUserSid": "S-1-5-19",
          "subjectUserName": "LOCAL SERVICE",
          "subjectDomainName": "NT AUTHORITY",
          "subjectLogonId": "0x3e5",
          "targetName": "WindowsLive:(token):name=02egdpkmzigdsctc;serviceuri=*",
          "type": "0",
          "countOfCredentialsReturned": "0",
          "readOperation": "%%8100",
          "returnCode": "3221226021",
          "processCreationTime": "2025-10-27T23:01:04.1240301Z",
          "clientProcessId": "3676"
        }
      }
    },
    "location": "EventChannel"
  },
  {
    "timestamp": "2025-10-28T00:01:05.433+0100",
    "agent": {
      "id": "330",
      "name": "vdi-165",
      "ip": "10.162.13.25"
    },
    "manager": {
      "name": "wazuh.fiit.stuba.sk.novalocal"
    },
    "id": "1761606065.9042940",
    "full_log": "{\"win\":{\"system\":{\"providerName\":\"Microsoft-Windows-Security-Auditing\",\"providerGuid\":\"{54849625-5478-4994-a5ba-3e3b0328c30d}\",\"eventID\":\"5379\",\"version\":\"0\",\"level\":\"0\",\"task\":\"13824\",\"opcode\":\"0\",\"keywords\":\"0x8020000000000000\",\"systemTime\":\"2025-10-27T23:01:04.2358452Z\",\"eventRecordID\":\"345005\",\"processID\":\"768\",\"threadID\":\"9268\",\"channel\":\"Security\",\"computer\":\"vdi-165.ucebne.fiit.stuba.sk\",\"severityValue\":\"AUDIT_SUCCESS\",\"message\":\"\\\"Credential Manager credentials were read.\\r\\n\\r\\nSubject:\\r\\n\\tSecurity ID:\\t\\tS-1-5-19\\r\\n\\tAccount Name:\\t\\tLOCAL SERVICE\\r\\n\\tAccount Domain:\\t\\tNT AUTHORITY\\r\\n\\tLogon ID:\\t\\t0x3E5\\r\\n\\tRead Operation:\\t\\tEnumerate Credentials\\r\\n\\r\\nThis event occurs when a user performs a read operation on stored credentials in Credential Manager.\\\"\"},\"eventdata\":{\"subjectUserSid\":\"S-1-5-19\",\"subjectUserName\":\"LOCAL SERVICE\",\"subjectDomainName\":\"NT AUTHORITY\",\"subjectLogonId\":\"0x3e5\",\"targetName\":\"WindowsLive:(cert):name=02egdpkmzigdsctc;serviceuri=*\",\"type\":\"0\",\"countOfCredentialsReturned\":\"0\",\"readOperation\":\"%%8100\",\"returnCode\":\"3221226021\",\"processCreationTime\":\"2025-10-27T23:01:04.1240301Z\",\"clientProcessId\":\"3676\"}}}",
    "decoder": {
      "name": "windows_eventchannel"
    },
    "data": {
      "win": {
        "system": {
          "providerName": "Microsoft-Windows-Security-Auditing",
          "providerGuid": "{54849625-5478-4994-a5ba-3e3b0328c30d}",
          "eventID": "5379",
          "version": "0",
          "level": "0",
          "task": "13824",
          "opcode": "0",
          "keywords": "0x8020000000000000",
          "systemTime": "2025-10-27T23:01:04.2358452Z",
          "eventRecordID": "345005",
          "processID": "768",
          "threadID": "9268",
          "channel": "Security",
          "computer": "vdi-165.ucebne.fiit.stuba.sk",
          "severityValue": "AUDIT_SUCCESS",
          "message": "\"Credential Manager credentials were read.\r\n\r\nSubject:\r\n\tSecurity ID:\t\tS-1-5-19\r\n\tAccount Name:\t\tLOCAL SERVICE\r\n\tAccount Domain:\t\tNT AUTHORITY\r\n\tLogon ID:\t\t0x3E5\r\n\tRead Operation:\t\tEnumerate Credentials\r\n\r\nThis event occurs when a user performs a read operation on stored credentials in Credential Manager.\""
        },
        "eventdata": {
          "subjectUserSid": "S-1-5-19",
          "subjectUserName": "LOCAL SERVICE",
          "subjectDomainName": "NT AUTHORITY",
          "subjectLogonId": "0x3e5",
          "targetName": "WindowsLive:(cert):name=02egdpkmzigdsctc;serviceuri=*",
          "type": "0",
          "countOfCredentialsReturned": "0",
          "readOperation": "%%8100",
          "returnCode": "3221226021",
          "processCreationTime": "2025-10-27T23:01:04.1240301Z",
          "clientProcessId": "3676"
        }
      }
    },
    "location": "EventChannel"
  },
  {
    "timestamp": "2025-10-28T00:01:05.465+0100",
    "agent": {
      "id": "330",
      "name": "vdi-165",
      "ip": "10.162.13.25"
    },
    "manager": {
      "name": "wazuh.fiit.stuba.sk.novalocal"
    },
    "id": "1761606065.9042940",
    "full_log": "{\"win\":{\"system\":{\"providerName\":\"Microsoft-Windows-Security-Auditing\",\"providerGuid\":\"{54849625-5478-4994-a5ba-3e3b0328c30d}\",\"eventID\":\"5379\",\"version\":\"0\",\"level\":\"0\",\"task\":\"13824\",\"opcode\":\"0\",\"keywords\":\"0x8020000000000000\",\"systemTime\":\"2025-10-27T23:01:04.2360475Z\",\"eventRecordID\":\"345006\",\"processID\":\"768\",\"threadID\":\"9268\",\"channel\":\"Security\",\"computer\":\"vdi-165.ucebne.fiit.stuba.sk\",\"severityValue\":\"AUDIT_SUCCESS\",\"message\":\"\\\"Credential Manager credentials were read.\\r\\n\\r\\nSubject:\\r\\n\\tSecurity ID:\\t\\tS-1-5-19\\r\\n\\tAccount Name:\\t\\tLOCAL SERVICE\\r\\n\\tAccount Domain:\\t\\tNT AUTHORITY\\r\\n\\tLogon ID:\\t\\t0x3E5\\r\\n\\tRead Operation:\\t\\tEnumerate Credentials\\r\\n\\r\\nThis event occurs when a user performs a read operation on stored credentials in Credential Manager.\\\"\"},\"eventdata\":{\"subjectUserSid\":\"S-1-5-19\",\"subjectUserName\":\"LOCAL SERVICE\",\"subjectDomainName\":\"NT AUTHORITY\",\"subjectLogonId\":\"0x3e5\",\"targetName\":\"WindowsLive:target=virtualapp/didlogical\",\"type\":\"0\",\"countOfCredentialsReturned\":\"1\",\"readOperation\":\"%%8100\",\"returnCode\":\"0\",\"processCreationTime\":\"2025-10-27T23:01:04.1240301Z\",\"clientProcessId\":\"3676\"}}}",
    "decoder": {
      "name": "windows_eventchannel"
    },
    "data": {
      "win": {
        "system": {
          "providerName": "Microsoft-Windows-Security-Auditing",
          "providerGuid": "{54849625-5478-4994-a5ba-3e3b0328c30d}",
          "eventID": "5379",
          "version": "0",
          "level": "0",
          "task": "13824",
          "opcode": "0",
          "keywords": "0x8020000000000000",
          "systemTime": "2025-10-27T23:01:04.2360475Z",
          "eventRecordID": "345006",
          "processID": "768",
          "threadID": "9268",
          "channel": "Security",
          "computer": "vdi-165.ucebne.fiit.stuba.sk",
          "severityValue": "AUDIT_SUCCESS",
          "message": "\"Credential Manager credentials were read.\r\n\r\nSubject:\r\n\tSecurity ID:\t\tS-1-5-19\r\n\tAccount Name:\t\tLOCAL SERVICE\r\n\tAccount Domain:\t\tNT AUTHORITY\r\n\tLogon ID:\t\t0x3E5\r\n\tRead Operation:\t\tEnumerate Credentials\r\n\r\nThis event occurs when a user performs a read operation on stored credentials in Credential Manager.\""
        },
        "eventdata": {
          "subjectUserSid": "S-1-5-19",
          "subjectUserName": "LOCAL SERVICE",
          "subjectDomainName": "NT AUTHORITY",
          "subjectLogonId": "0x3e5",
          "targetName": "WindowsLive:target=virtualapp/didlogical",
          "type": "0",
          "countOfCredentialsReturned": "1",
          "readOperation": "%%8100",
          "returnCode": "0",
          "processCreationTime": "2025-10-27T23:01:04.1240301Z",
          "clientProcessId": "3676"
        }
      }
    },
    "location": "EventChannel"
  },
  {
    "timestamp": "2025-10-28T00:01:05.465+0100",
    "agent": {
      "id": "330",
      "name": "vdi-165",
      "ip": "10.162.13.25"
    },
    "manager": {
      "name": "wazuh.fiit.stuba.sk.novalocal"
    },
    "id": "1761606065.9042940",
    "full_log": "{\"win\":{\"system\":{\"providerName\":\"Microsoft-Windows-Security-Auditing\",\"providerGuid\":\"{54849625-5478-4994-a5ba-3e3b0328c30d}\",\"eventID\":\"5379\",\"version\":\"0\",\"level\":\"0\",\"task\":\"13824\",\"opcode\":\"0\",\"keywords\":\"0x8020000000000000\",\"systemTime\":\"2025-10-27T23:01:04.2400449Z\",\"eventRecordID\":\"345007\",\"processID\":\"768\",\"threadID\":\"9268\",\"channel\":\"Security\",\"computer\":\"vdi-165.ucebne.fiit.stuba.sk\",\"severityValue\":\"AUDIT_SUCCESS\",\"message\":\"\\\"Credential Manager credentials were read.\\r\\n\\r\\nSubject:\\r\\n\\tSecurity ID:\\t\\tS-1-5-19\\r\\n\\tAccount Name:\\t\\tLOCAL SERVICE\\r\\n\\tAccount Domain:\\t\\tNT AUTHORITY\\r\\n\\tLogon ID:\\t\\t0x3E5\\r\\n\\tRead Operation:\\t\\tEnumerate Credentials\\r\\n\\r\\nThis event occurs when a user performs a read operation on stored credentials in Credential Manager.\\\"\"},\"eventdata\":{\"subjectUserSid\":\"S-1-5-19\",\"subjectUserName\":\"LOCAL SERVICE\",\"subjectDomainName\":\"NT AUTHORITY\",\"subjectLogonId\":\"0x3e5\",\"targetName\":\"MicrosoftAccount:user=02egdpkmzigdsctc\",\"type\":\"0\",\"countOfCredentialsReturned\":\"0\",\"readOperation\":\"%%8100\",\"returnCode\":\"3221226021\",\"processCreationTime\":\"2025-10-27T23:01:04.1240301Z\",\"clientProcessId\":\"3676\"}}}",
    "decoder": {
      "name": "windows_eventchannel"
    },
    "data": {
      "win": {
        "system": {
          "providerName": "Microsoft-Windows-Security-Auditing",
          "providerGuid": "{54849625-5478-4994-a5ba-3e3b0328c30d}",
          "eventID": "5379",
          "version": "0",
          "level": "0",
          "task": "13824",
          "opcode": "0",
          "keywords": "0x8020000000000000",
          "systemTime": "2025-10-27T23:01:04.2400449Z",
          "eventRecordID": "345007",
          "processID": "768",
          "threadID": "9268",
          "channel": "Security",
          "computer": "vdi-165.ucebne.fiit.stuba.sk",
          "severityValue": "AUDIT_SUCCESS",
          "message": "\"Credential Manager credentials were read.\r\n\r\nSubject:\r\n\tSecurity ID:\t\tS-1-5-19\r\n\tAccount Name:\t\tLOCAL SERVICE\r\n\tAccount Domain:\t\tNT AUTHORITY\r\n\tLogon ID:\t\t0x3E5\r\n\tRead Operation:\t\tEnumerate Credentials\r\n\r\nThis event occurs when a user performs a read operation on stored credentials in Credential Manager.\""
        },
        "eventdata": {
          "subjectUserSid": "S-1-5-19",
          "subjectUserName": "LOCAL SERVICE",
          "subjectDomainName": "NT AUTHORITY",
          "subjectLogonId": "0x3e5",
          "targetName": "MicrosoftAccount:user=02egdpkmzigdsctc",
          "type": "0",
          "countOfCredentialsReturned": "0",
          "readOperation": "%%8100",
          "returnCode": "3221226021",
          "processCreationTime": "2025-10-27T23:01:04.1240301Z",
          "clientProcessId": "3676"
        }
      }
    },
    "location": "EventChannel"
  },
  {
    "timestamp": "2025-10-28T00:01:05.480+0100",
    "agent": {
      "id": "330",
      "name": "vdi-165",
      "ip": "10.162.13.25"
    },
    "manager": {
      "name": "wazuh.fiit.stuba.sk.novalocal"
    },
    "id": "1761606065.9042940",
    "full_log": "{\"win\":{\"system\":{\"providerName\":\"Microsoft-Windows-Security-Auditing\",\"providerGuid\":\"{54849625-5478-4994-a5ba-3e3b0328c30d}\",\"eventID\":\"5379\",\"version\":\"0\",\"level\":\"0\",\"task\":\"13824\",\"opcode\":\"0\",\"keywords\":\"0x8020000000000000\",\"systemTime\":\"2025-10-27T23:01:04.2403352Z\",\"eventRecordID\":\"345008\",\"processID\":\"768\",\"threadID\":\"9268\",\"channel\":\"Security\",\"computer\":\"vdi-165.ucebne.fiit.stuba.sk\",\"severityValue\":\"AUDIT_SUCCESS\",\"message\":\"\\\"Credential Manager credentials were read.\\r\\n\\r\\nSubject:\\r\\n\\tSecurity ID:\\t\\tS-1-5-19\\r\\n\\tAccount Name:\\t\\tLOCAL SERVICE\\r\\n\\tAccount Domain:\\t\\tNT AUTHORITY\\r\\n\\tLogon ID:\\t\\t0x3E5\\r\\n\\tRead Operation:\\t\\tEnumerate Credentials\\r\\n\\r\\nThis event occurs when a user performs a read operation on stored credentials in Credential Manager.\\\"\"},\"eventdata\":{\"subjectUserSid\":\"S-1-5-19\",\"subjectUserName\":\"LOCAL SERVICE\",\"subjectDomainName\":\"NT AUTHORITY\",\"subjectLogonId\":\"0x3e5\",\"targetName\":\"WindowsLive:(token):name=02egdpkmzigdsctc;serviceuri=*\",\"type\":\"0\",\"countOfCredentialsReturned\":\"0\",\"readOperation\":\"%%8100\",\"returnCode\":\"3221226021\",\"processCreationTime\":\"2025-10-27T23:01:04.1240301Z\",\"clientProcessId\":\"3676\"}}}",
    "decoder": {
      "name": "windows_eventchannel"
    },
    "data": {
      "win": {
        "system": {
          "providerName": "Microsoft-Windows-Security-Auditing",
          "providerGuid": "{54849625-5478-4994-a5ba-3e3b0328c30d}",
          "eventID": "5379",
          "version": "0",
          "level": "0",
          "task": "13824",
          "opcode": "0",
          "keywords": "0x8020000000000000",
          "systemTime": "2025-10-27T23:01:04.2403352Z",
          "eventRecordID": "345008",
          "processID": "768",
          "threadID": "9268",
          "channel": "Security",
          "computer": "vdi-165.ucebne.fiit.stuba.sk",
          "severityValue": "AUDIT_SUCCESS",
          "message": "\"Credential Manager credentials were read.\r\n\r\nSubject:\r\n\tSecurity ID:\t\tS-1-5-19\r\n\tAccount Name:\t\tLOCAL SERVICE\r\n\tAccount Domain:\t\tNT AUTHORITY\r\n\tLogon ID:\t\t0x3E5\r\n\tRead Operation:\t\tEnumerate Credentials\r\n\r\nThis event occurs when a user performs a read operation on stored credentials in Credential Manager.\""
        },
        "eventdata": {
          "subjectUserSid": "S-1-5-19",
          "subjectUserName": "LOCAL SERVICE",
          "subjectDomainName": "NT AUTHORITY",
          "subjectLogonId": "0x3e5",
          "targetName": "WindowsLive:(token):name=02egdpkmzigdsctc;serviceuri=*",
          "type": "0",
          "countOfCredentialsReturned": "0",
          "readOperation": "%%8100",
          "returnCode": "3221226021",
          "processCreationTime": "2025-10-27T23:01:04.1240301Z",
          "clientProcessId": "3676"
        }
      }
    },
    "location": "EventChannel"
  },
  {
    "timestamp": "2025-10-28T00:01:05.511+0100",
    "agent": {
      "id": "330",
      "name": "vdi-165",
      "ip": "10.162.13.25"
    },
    "manager": {
      "name": "wazuh.fiit.stuba.sk.novalocal"
    },
    "id": "1761606065.9042940",
    "full_log": "{\"win\":{\"system\":{\"providerName\":\"Microsoft-Windows-Security-Auditing\",\"providerGuid\":\"{54849625-5478-4994-a5ba-3e3b0328c30d}\",\"eventID\":\"5379\",\"version\":\"0\",\"level\":\"0\",\"task\":\"13824\",\"opcode\":\"0\",\"keywords\":\"0x8020000000000000\",\"systemTime\":\"2025-10-27T23:01:04.2408976Z\",\"eventRecordID\":\"345009\",\"processID\":\"768\",\"threadID\":\"9268\",\"channel\":\"Security\",\"computer\":\"vdi-165.ucebne.fiit.stuba.sk\",\"severityValue\":\"AUDIT_SUCCESS\",\"message\":\"\\\"Credential Manager credentials were read.\\r\\n\\r\\nSubject:\\r\\n\\tSecurity ID:\\t\\tS-1-5-19\\r\\n\\tAccount Name:\\t\\tLOCAL SERVICE\\r\\n\\tAccount Domain:\\t\\tNT AUTHORITY\\r\\n\\tLogon ID:\\t\\t0x3E5\\r\\n\\tRead Operation:\\t\\tEnumerate Credentials\\r\\n\\r\\nThis event occurs when a user performs a read operation on stored credentials in Credential Manager.\\\"\"},\"eventdata\":{\"subjectUserSid\":\"S-1-5-19\",\"subjectUserName\":\"LOCAL SERVICE\",\"subjectDomainName\":\"NT AUTHORITY\",\"subjectLogonId\":\"0x3e5\",\"targetName\":\"WindowsLive:(cert):name=02egdpkmzigdsctc;serviceuri=*\",\"type\":\"0\",\"countOfCredentialsReturned\":\"0\",\"readOperation\":\"%%8100\",\"returnCode\":\"3221226021\",\"processCreationTime\":\"2025-10-27T23:01:04.1240301Z\",\"clientProcessId\":\"3676\"}}}",
    "decoder": {
      "name": "windows_eventchannel"
    },
    "data": {
      "win": {
        "system": {
          "providerName": "Microsoft-Windows-Security-Auditing",
          "providerGuid": "{54849625-5478-4994-a5ba-3e3b0328c30d}",
          "eventID": "5379",
          "version": "0",
          "level": "0",
          "task": "13824",
          "opcode": "0",
          "keywords": "0x8020000000000000",
          "systemTime": "2025-10-27T23:01:04.2408976Z",
          "eventRecordID": "345009",
          "processID": "768",
          "threadID": "9268",
          "channel": "Security",
          "computer": "vdi-165.ucebne.fiit.stuba.sk",
          "severityValue": "AUDIT_SUCCESS",
          "message": "\"Credential Manager credentials were read.\r\n\r\nSubject:\r\n\tSecurity ID:\t\tS-1-5-19\r\n\tAccount Name:\t\tLOCAL SERVICE\r\n\tAccount Domain:\t\tNT AUTHORITY\r\n\tLogon ID:\t\t0x3E5\r\n\tRead Operation:\t\tEnumerate Credentials\r\n\r\nThis event occurs when a user performs a read operation on stored credentials in Credential Manager.\""
        },
        "eventdata": {
          "subjectUserSid": "S-1-5-19",
          "subjectUserName": "LOCAL SERVICE",
          "subjectDomainName": "NT AUTHORITY",
          "subjectLogonId": "0x3e5",
          "targetName": "WindowsLive:(cert):name=02egdpkmzigdsctc;serviceuri=*",
          "type": "0",
          "countOfCredentialsReturned": "0",
          "readOperation": "%%8100",
          "returnCode": "3221226021",
          "processCreationTime": "2025-10-27T23:01:04.1240301Z",
          "clientProcessId": "3676"
        }
      }
    },
    "location": "EventChannel"
  },
  {
    "timestamp": "2025-10-28T00:01:05.512+0100",
    "agent": {
      "id": "330",
      "name": "vdi-165",
      "ip": "10.162.13.25"
    },
    "manager": {
      "name": "wazuh.fiit.stuba.sk.novalocal"
    },
    "id": "1761606065.9042940",
    "full_log": "{\"win\":{\"system\":{\"providerName\":\"Microsoft-Windows-Security-Auditing\",\"providerGuid\":\"{54849625-5478-4994-a5ba-3e3b0328c30d}\",\"eventID\":\"5379\",\"version\":\"0\",\"level\":\"0\",\"task\":\"13824\",\"opcode\":\"0\",\"keywords\":\"0x8020000000000000\",\"systemTime\":\"2025-10-27T23:01:04.3848079Z\",\"eventRecordID\":\"345010\",\"processID\":\"768\",\"threadID\":\"5968\",\"channel\":\"Security\",\"computer\":\"vdi-165.ucebne.fiit.stuba.sk\",\"severityValue\":\"AUDIT_SUCCESS\",\"message\":\"\\\"Credential Manager credentials were read.\\r\\n\\r\\nSubject:\\r\\n\\tSecurity ID:\\t\\tS-1-5-19\\r\\n\\tAccount Name:\\t\\tLOCAL SERVICE\\r\\n\\tAccount Domain:\\t\\tNT AUTHORITY\\r\\n\\tLogon ID:\\t\\t0x3E5\\r\\n\\tRead Operation:\\t\\tEnumerate Credentials\\r\\n\\r\\nThis event occurs when a user performs a read operation on stored credentials in Credential Manager.\\\"\"},\"eventdata\":{\"subjectUserSid\":\"S-1-5-19\",\"subjectUserName\":\"LOCAL SERVICE\",\"subjectDomainName\":\"NT AUTHORITY\",\"subjectLogonId\":\"0x3e5\",\"targetName\":\"MicrosoftAccount:user=02egdpkmzigdsctc\",\"type\":\"0\",\"countOfCredentialsReturned\":\"0\",\"readOperation\":\"%%8100\",\"returnCode\":\"3221226021\",\"processCreationTime\":\"2025-10-27T23:01:04.1240301Z\",\"clientProcessId\":\"3676\"}}}",
    "decoder": {
      "name": "windows_eventchannel"
    },
    "data": {
      "win": {
        "system": {
          "providerName": "Microsoft-Windows-Security-Auditing",
          "providerGuid": "{54849625-5478-4994-a5ba-3e3b0328c30d}",
          "eventID": "5379",
          "version": "0",
          "level": "0",
          "task": "13824",
          "opcode": "0",
          "keywords": "0x8020000000000000",
          "systemTime": "2025-10-27T23:01:04.3848079Z",
          "eventRecordID": "345010",
          "processID": "768",
          "threadID": "5968",
          "channel": "Security",
          "computer": "vdi-165.ucebne.fiit.stuba.sk",
          "severityValue": "AUDIT_SUCCESS",
          "message": "\"Credential Manager credentials were read.\r\n\r\nSubject:\r\n\tSecurity ID:\t\tS-1-5-19\r\n\tAccount Name:\t\tLOCAL SERVICE\r\n\tAccount Domain:\t\tNT AUTHORITY\r\n\tLogon ID:\t\t0x3E5\r\n\tRead Operation:\t\tEnumerate Credentials\r\n\r\nThis event occurs when a user performs a read operation on stored credentials in Credential Manager.\""
        },
        "eventdata": {
          "subjectUserSid": "S-1-5-19",
          "subjectUserName": "LOCAL SERVICE",
          "subjectDomainName": "NT AUTHORITY",
          "subjectLogonId": "0x3e5",
          "targetName": "MicrosoftAccount:user=02egdpkmzigdsctc",
          "type": "0",
          "countOfCredentialsReturned": "0",
          "readOperation": "%%8100",
          "returnCode": "3221226021",
          "processCreationTime": "2025-10-27T23:01:04.1240301Z",
          "clientProcessId": "3676"
        }
      }
    },
    "location": "EventChannel"
  },
  {
    "timestamp": "2025-10-28T00:01:05.527+0100",
    "agent": {
      "id": "330",
      "name": "vdi-165",
      "ip": "10.162.13.25"
    },
    "manager": {
      "name": "wazuh.fiit.stuba.sk.novalocal"
    },
    "id": "1761606065.9042940",
    "full_log": "{\"win\":{\"system\":{\"providerName\":\"Microsoft-Windows-Security-Auditing\",\"providerGuid\":\"{54849625-5478-4994-a5ba-3e3b0328c30d}\",\"eventID\":\"5379\",\"version\":\"0\",\"level\":\"0\",\"task\":\"13824\",\"opcode\":\"0\",\"keywords\":\"0x8020000000000000\",\"systemTime\":\"2025-10-27T23:01:04.3879181Z\",\"eventRecordID\":\"345011\",\"processID\":\"768\",\"threadID\":\"5968\",\"channel\":\"Security\",\"computer\":\"vdi-165.ucebne.fiit.stuba.sk\",\"severityValue\":\"AUDIT_SUCCESS\",\"message\":\"\\\"Credential Manager credentials were read.\\r\\n\\r\\nSubject:\\r\\n\\tSecurity ID:\\t\\tS-1-5-21-3589601401-855443806-3489754704-6385\\r\\n\\tAccount Name:\\t\\tbrath\\r\\n\\tAccount Domain:\\t\\tUCEBNE\\r\\n\\tLogon ID:\\t\\t0x103B741\\r\\n\\tRead Operation:\\t\\tEnumerate Credentials\\r\\n\\r\\nThis event occurs when a user performs a read operation on stored credentials in Credential Manager.\\\"\"},\"eventdata\":{\"subjectUserSid\":\"S-1-5-21-3589601401-855443806-3489754704-6385\",\"subjectUserName\":\"brath\",\"subjectDomainName\":\"UCEBNE\",\"subjectLogonId\":\"0x103b741\",\"targetName\":\"WindowsLive:(token):name=02dgetruztppzlsf;serviceuri=*\",\"type\":\"0\",\"countOfCredentialsReturned\":\"0\",\"readOperation\":\"%%8100\",\"returnCode\":\"3221226021\",\"processCreationTime\":\"2025-10-27T23:01:04.1240301Z\",\"clientProcessId\":\"3676\"}}}",
    "decoder": {
      "name": "windows_eventchannel"
    },
    "data": {
      "win": {
        "system": {
          "providerName": "Microsoft-Windows-Security-Auditing",
          "providerGuid": "{54849625-5478-4994-a5ba-3e3b0328c30d}",
          "eventID": "5379",
          "version": "0",
          "level": "0",
          "task": "13824",
          "opcode": "0",
          "keywords": "0x8020000000000000",
          "systemTime": "2025-10-27T23:01:04.3879181Z",
          "eventRecordID": "345011",
          "processID": "768",
          "threadID": "5968",
          "channel": "Security",
          "computer": "vdi-165.ucebne.fiit.stuba.sk",
          "severityValue": "AUDIT_SUCCESS",
          "message": "\"Credential Manager credentials were read.\r\n\r\nSubject:\r\n\tSecurity ID:\t\tS-1-5-21-3589601401-855443806-3489754704-6385\r\n\tAccount Name:\t\tbrath\r\n\tAccount Domain:\t\tUCEBNE\r\n\tLogon ID:\t\t0x103B741\r\n\tRead Operation:\t\tEnumerate Credentials\r\n\r\nThis event occurs when a user performs a read operation on stored credentials in Credential Manager.\""
        },
        "eventdata": {
          "subjectUserSid": "S-1-5-21-3589601401-855443806-3489754704-6385",
          "subjectUserName": "brath",
          "subjectDomainName": "UCEBNE",
          "subjectLogonId": "0x103b741",
          "targetName": "WindowsLive:(token):name=02dgetruztppzlsf;serviceuri=*",
          "type": "0",
          "countOfCredentialsReturned": "0",
          "readOperation": "%%8100",
          "returnCode": "3221226021",
          "processCreationTime": "2025-10-27T23:01:04.1240301Z",
          "clientProcessId": "3676"
        }
      }
    },
    "location": "EventChannel"
  },
  {
    "timestamp": "2025-10-28T00:01:05.574+0100",
    "agent": {
      "id": "330",
      "name": "vdi-165",
      "ip": "10.162.13.25"
    },
    "manager": {
      "name": "wazuh.fiit.stuba.sk.novalocal"
    },
    "id": "1761606065.9042940",
    "full_log": "{\"win\":{\"system\":{\"providerName\":\"Microsoft-Windows-Security-Auditing\",\"providerGuid\":\"{54849625-5478-4994-a5ba-3e3b0328c30d}\",\"eventID\":\"5379\",\"version\":\"0\",\"level\":\"0\",\"task\":\"13824\",\"opcode\":\"0\",\"keywords\":\"0x8020000000000000\",\"systemTime\":\"2025-10-27T23:01:04.3885492Z\",\"eventRecordID\":\"345013\",\"processID\":\"768\",\"threadID\":\"5968\",\"channel\":\"Security\",\"computer\":\"vdi-165.ucebne.fiit.stuba.sk\",\"severityValue\":\"AUDIT_SUCCESS\",\"message\":\"\\\"Credential Manager credentials were read.\\r\\n\\r\\nSubject:\\r\\n\\tSecurity ID:\\t\\tS-1-5-21-3589601401-855443806-3489754704-6385\\r\\n\\tAccount Name:\\t\\tbrath\\r\\n\\tAccount Domain:\\t\\tUCEBNE\\r\\n\\tLogon ID:\\t\\t0x103B741\\r\\n\\tRead Operation:\\t\\tEnumerate Credentials\\r\\n\\r\\nThis event occurs when a user performs a read operation on stored credentials in Credential Manager.\\\"\"},\"eventdata\":{\"subjectUserSid\":\"S-1-5-21-3589601401-855443806-3489754704-6385\",\"subjectUserName\":\"brath\",\"subjectDomainName\":\"UCEBNE\",\"subjectLogonId\":\"0x103b741\",\"targetName\":\"WindowsLive:target=virtualapp/didlogical\",\"type\":\"0\",\"countOfCredentialsReturned\":\"0\",\"readOperation\":\"%%8100\",\"returnCode\":\"3221226021\",\"processCreationTime\":\"2025-10-27T23:01:04.1240301Z\",\"clientProcessId\":\"3676\"}}}",
    "decoder": {
      "name": "windows_eventchannel"
    },
    "data": {
      "win": {
        "system": {
          "providerName": "Microsoft-Windows-Security-Auditing",
          "providerGuid": "{54849625-5478-4994-a5ba-3e3b0328c30d}",
          "eventID": "5379",
          "version": "0",
          "level": "0",
          "task": "13824",
          "opcode": "0",
          "keywords": "0x8020000000000000",
          "systemTime": "2025-10-27T23:01:04.3885492Z",
          "eventRecordID": "345013",
          "processID": "768",
          "threadID": "5968",
          "channel": "Security",
          "computer": "vdi-165.ucebne.fiit.stuba.sk",
          "severityValue": "AUDIT_SUCCESS",
          "message": "\"Credential Manager credentials were read.\r\n\r\nSubject:\r\n\tSecurity ID:\t\tS-1-5-21-3589601401-855443806-3489754704-6385\r\n\tAccount Name:\t\tbrath\r\n\tAccount Domain:\t\tUCEBNE\r\n\tLogon ID:\t\t0x103B741\r\n\tRead Operation:\t\tEnumerate Credentials\r\n\r\nThis event occurs when a user performs a read operation on stored credentials in Credential Manager.\""
        },
        "eventdata": {
          "subjectUserSid": "S-1-5-21-3589601401-855443806-3489754704-6385",
          "subjectUserName": "brath",
          "subjectDomainName": "UCEBNE",
          "subjectLogonId": "0x103b741",
          "targetName": "WindowsLive:target=virtualapp/didlogical",
          "type": "0",
          "countOfCredentialsReturned": "0",
          "readOperation": "%%8100",
          "returnCode": "3221226021",
          "processCreationTime": "2025-10-27T23:01:04.1240301Z",
          "clientProcessId": "3676"
        }
      }
    },
    "location": "EventChannel"
  },
