  {
    "timestamp": "2025-10-28T00:01:55.109+0100",
    "agent": {
      "id": "317",
      "name": "vdi-153",
      "ip": "10.162.13.13"
    },
    "manager": {
      "name": "wazuh.fiit.stuba.sk.novalocal"
    },
    "id": "1761606115.14514268",
    "full_log": "{\"win\":{\"system\":{\"providerName\":\"Microsoft-Windows-Security-Auditing\",\"providerGuid\":\"{54849625-5478-4994-a5ba-3e3b0328c30d}\",\"eventID\":\"4672\",\"version\":\"0\",\"level\":\"0\",\"task\":\"12548\",\"opcode\":\"0\",\"keywords\":\"0x8020000000000000\",\"systemTime\":\"2025-10-27T23:01:53.9408022Z\",\"eventRecordID\":\"342244\",\"processID\":\"728\",\"threadID\":\"8488\",\"channel\":\"Security\",\"computer\":\"vdi-153.ucebne.fiit.stuba.sk\",\"severityValue\":\"AUDIT_SUCCESS\",\"message\":\"\\\"Special privileges assigned to new logon.\\r\\n\\r\\nSubject:\\r\\n\\tSecurity ID:\\t\\tS-1-5-18\\r\\n\\tAccount Name:\\t\\tSYSTEM\\r\\n\\tAccount Domain:\\t\\tNT AUTHORITY\\r\\n\\tLogon ID:\\t\\t0x3E7\\r\\n\\r\\nPrivileges:\\t\\tSeAssignPrimaryTokenPrivilege\\r\\n\\t\\t\\tSeTcbPrivilege\\r\\n\\t\\t\\tSeSecurityPrivilege\\r\\n\\t\\t\\tSeTakeOwnershipPrivilege\\r\\n\\t\\t\\tSeLoadDriverPrivilege\\r\\n\\t\\t\\tSeBackupPrivilege\\r\\n\\t\\t\\tSeRestorePrivilege\\r\\n\\t\\t\\tSeDebugPrivilege\\r\\n\\t\\t\\tSeAuditPrivilege\\r\\n\\t\\t\\tSeSystemEnvironmentPrivilege\\r\\n\\t\\t\\tSeImpersonatePrivilege\\r\\n\\t\\t\\tSeDelegateSessionUserImpersonatePrivilege\\\"\"},\"eventdata\":{\"subjectUserSid\":\"S-1-5-18\",\"subjectUserName\":\"SYSTEM\",\"subjectDomainName\":\"NT AUTHORITY\",\"subjectLogonId\":\"0x3e7\",\"privilegeList\":\"SeAssignPrimaryTokenPrivilege     SeTcbPrivilege     SeSecurityPrivilege     SeTakeOwnershipPrivilege     SeLoadDriverPrivilege     SeBackupPrivilege     SeRestorePrivilege     SeDebugPrivilege     SeAuditPrivilege     SeSystemEnvironmentPrivilege     SeImpersonatePrivilege     SeDelegateSessionUserImpersonatePrivilege\"}}}",
    "decoder": {
      "name": "windows_eventchannel"
    },
    "data": {
      "win": {
        "system": {
          "providerName": "Microsoft-Windows-Security-Auditing",
          "providerGuid": "{54849625-5478-4994-a5ba-3e3b0328c30d}",
          "eventID": "4672",
          "version": "0",
          "level": "0",
          "task": "12548",
          "opcode": "0",
          "keywords": "0x8020000000000000",
          "systemTime": "2025-10-27T23:01:53.9408022Z",
          "eventRecordID": "342244",
          "processID": "728",
          "threadID": "8488",
          "channel": "Security",
          "computer": "vdi-153.ucebne.fiit.stuba.sk",
          "severityValue": "AUDIT_SUCCESS",
          "message": "\"Special privileges assigned to new logon.\r\n\r\nSubject:\r\n\tSecurity ID:\t\tS-1-5-18\r\n\tAccount Name:\t\tSYSTEM\r\n\tAccount Domain:\t\tNT AUTHORITY\r\n\tLogon ID:\t\t0x3E7\r\n\r\nPrivileges:\t\tSeAssignPrimaryTokenPrivilege\r\n\t\t\tSeTcbPrivilege\r\n\t\t\tSeSecurityPrivilege\r\n\t\t\tSeTakeOwnershipPrivilege\r\n\t\t\tSeLoadDriverPrivilege\r\n\t\t\tSeBackupPrivilege\r\n\t\t\tSeRestorePrivilege\r\n\t\t\tSeDebugPrivilege\r\n\t\t\tSeAuditPrivilege\r\n\t\t\tSeSystemEnvironmentPrivilege\r\n\t\t\tSeImpersonatePrivilege\r\n\t\t\tSeDelegateSessionUserImpersonatePrivilege\""
        },
        "eventdata": {
          "subjectUserSid": "S-1-5-18",
          "subjectUserName": "SYSTEM",
          "subjectDomainName": "NT AUTHORITY",
          "subjectLogonId": "0x3e7",
          "privilegeList": "SeAssignPrimaryTokenPrivilege     SeTcbPrivilege     SeSecurityPrivilege     SeTakeOwnershipPrivilege     SeLoadDriverPrivilege     SeBackupPrivilege     SeRestorePrivilege     SeDebugPrivilege     SeAuditPrivilege     SeSystemEnvironmentPrivilege     SeImpersonatePrivilege     SeDelegateSessionUserImpersonatePrivilege"
        }
      }
    },
    "location": "EventChannel"
  },
  {
    "timestamp": "2025-10-28T00:01:55.141+0100",
    "agent": {
      "id": "317",
      "name": "vdi-153",
      "ip": "10.162.13.13"
    },
    "manager": {
      "name": "wazuh.fiit.stuba.sk.novalocal"
    },
    "id": "1761606115.14514268",
    "full_log": "{\"win\":{\"system\":{\"providerName\":\"Microsoft-Windows-Security-Auditing\",\"providerGuid\":\"{54849625-5478-4994-a5ba-3e3b0328c30d}\",\"eventID\":\"5379\",\"version\":\"0\",\"level\":\"0\",\"task\":\"13824\",\"opcode\":\"0\",\"keywords\":\"0x8020000000000000\",\"systemTime\":\"2025-10-27T23:01:54.0253692Z\",\"eventRecordID\":\"342245\",\"processID\":\"728\",\"threadID\":\"3696\",\"channel\":\"Security\",\"computer\":\"vdi-153.ucebne.fiit.stuba.sk\",\"severityValue\":\"AUDIT_SUCCESS\",\"message\":\"\\\"Credential Manager credentials were read.\\r\\n\\r\\nSubject:\\r\\n\\tSecurity ID:\\t\\tS-1-5-18\\r\\n\\tAccount Name:\\t\\tVDI-153$\\r\\n\\tAccount Domain:\\t\\tUCEBNE\\r\\n\\tLogon ID:\\t\\t0x3E7\\r\\n\\tRead Operation:\\t\\tEnumerate Credentials\\r\\n\\r\\nThis event occurs when a user performs a read operation on stored credentials in Credential Manager.\\\"\"},\"eventdata\":{\"subjectUserSid\":\"S-1-5-18\",\"subjectUserName\":\"VDI-153$\",\"subjectDomainName\":\"UCEBNE\",\"subjectLogonId\":\"0x3e7\",\"targetName\":\"WindowsLive:(token):name=02prkirnpjpqhpob;serviceuri=*\",\"type\":\"0\",\"countOfCredentialsReturned\":\"0\",\"readOperation\":\"%%8100\",\"returnCode\":\"3221226021\",\"processCreationTime\":\"2025-10-27T23:01:53.9442847Z\",\"clientProcessId\":\"8152\"}}}",
    "decoder": {
      "name": "windows_eventchannel"
    },
    "data": {
      "win": {
        "system": {
          "providerName": "Microsoft-Windows-Security-Auditing",
          "providerGuid": "{54849625-5478-4994-a5ba-3e3b0328c30d}",
          "eventID": "5379",
          "version": "0",
          "level": "0",
          "task": "13824",
          "opcode": "0",
          "keywords": "0x8020000000000000",
          "systemTime": "2025-10-27T23:01:54.0253692Z",
          "eventRecordID": "342245",
          "processID": "728",
          "threadID": "3696",
          "channel": "Security",
          "computer": "vdi-153.ucebne.fiit.stuba.sk",
          "severityValue": "AUDIT_SUCCESS",
          "message": "\"Credential Manager credentials were read.\r\n\r\nSubject:\r\n\tSecurity ID:\t\tS-1-5-18\r\n\tAccount Name:\t\tVDI-153$\r\n\tAccount Domain:\t\tUCEBNE\r\n\tLogon ID:\t\t0x3E7\r\n\tRead Operation:\t\tEnumerate Credentials\r\n\r\nThis event occurs when a user performs a read operation on stored credentials in Credential Manager.\""
        },
        "eventdata": {
          "subjectUserSid": "S-1-5-18",
          "subjectUserName": "VDI-153$",
          "subjectDomainName": "UCEBNE",
          "subjectLogonId": "0x3e7",
          "targetName": "WindowsLive:(token):name=02prkirnpjpqhpob;serviceuri=*",
          "type": "0",
          "countOfCredentialsReturned": "0",
          "readOperation": "%%8100",
          "returnCode": "3221226021",
          "processCreationTime": "2025-10-27T23:01:53.9442847Z",
          "clientProcessId": "8152"
        }
      }
    },
    "location": "EventChannel"
  },
  {
    "timestamp": "2025-10-28T00:01:55.141+0100",
    "agent": {
      "id": "317",
      "name": "vdi-153",
      "ip": "10.162.13.13"
    },
    "manager": {
      "name": "wazuh.fiit.stuba.sk.novalocal"
    },
    "id": "1761606115.14514268",
    "full_log": "{\"win\":{\"system\":{\"providerName\":\"Microsoft-Windows-Security-Auditing\",\"providerGuid\":\"{54849625-5478-4994-a5ba-3e3b0328c30d}\",\"eventID\":\"5379\",\"version\":\"0\",\"level\":\"0\",\"task\":\"13824\",\"opcode\":\"0\",\"keywords\":\"0x8020000000000000\",\"systemTime\":\"2025-10-27T23:01:54.0258031Z\",\"eventRecordID\":\"342246\",\"processID\":\"728\",\"threadID\":\"3696\",\"channel\":\"Security\",\"computer\":\"vdi-153.ucebne.fiit.stuba.sk\",\"severityValue\":\"AUDIT_SUCCESS\",\"message\":\"\\\"Credential Manager credentials were read.\\r\\n\\r\\nSubject:\\r\\n\\tSecurity ID:\\t\\tS-1-5-18\\r\\n\\tAccount Name:\\t\\tVDI-153$\\r\\n\\tAccount Domain:\\t\\tUCEBNE\\r\\n\\tLogon ID:\\t\\t0x3E7\\r\\n\\tRead Operation:\\t\\tEnumerate Credentials\\r\\n\\r\\nThis event occurs when a user performs a read operation on stored credentials in Credential Manager.\\\"\"},\"eventdata\":{\"subjectUserSid\":\"S-1-5-18\",\"subjectUserName\":\"VDI-153$\",\"subjectDomainName\":\"UCEBNE\",\"subjectLogonId\":\"0x3e7\",\"targetName\":\"WindowsLive:(cert):name=02prkirnpjpqhpob;serviceuri=*\",\"type\":\"0\",\"countOfCredentialsReturned\":\"0\",\"readOperation\":\"%%8100\",\"returnCode\":\"3221226021\",\"processCreationTime\":\"2025-10-27T23:01:53.9442847Z\",\"clientProcessId\":\"8152\"}}}",
    "decoder": {
      "name": "windows_eventchannel"
    },
    "data": {
      "win": {
        "system": {
          "providerName": "Microsoft-Windows-Security-Auditing",
          "providerGuid": "{54849625-5478-4994-a5ba-3e3b0328c30d}",
          "eventID": "5379",
          "version": "0",
          "level": "0",
          "task": "13824",
          "opcode": "0",
          "keywords": "0x8020000000000000",
          "systemTime": "2025-10-27T23:01:54.0258031Z",
          "eventRecordID": "342246",
          "processID": "728",
          "threadID": "3696",
          "channel": "Security",
          "computer": "vdi-153.ucebne.fiit.stuba.sk",
          "severityValue": "AUDIT_SUCCESS",
          "message": "\"Credential Manager credentials were read.\r\n\r\nSubject:\r\n\tSecurity ID:\t\tS-1-5-18\r\n\tAccount Name:\t\tVDI-153$\r\n\tAccount Domain:\t\tUCEBNE\r\n\tLogon ID:\t\t0x3E7\r\n\tRead Operation:\t\tEnumerate Credentials\r\n\r\nThis event occurs when a user performs a read operation on stored credentials in Credential Manager.\""
        },
        "eventdata": {
          "subjectUserSid": "S-1-5-18",
          "subjectUserName": "VDI-153$",
          "subjectDomainName": "UCEBNE",
          "subjectLogonId": "0x3e7",
          "targetName": "WindowsLive:(cert):name=02prkirnpjpqhpob;serviceuri=*",
          "type": "0",
          "countOfCredentialsReturned": "0",
          "readOperation": "%%8100",
          "returnCode": "3221226021",
          "processCreationTime": "2025-10-27T23:01:53.9442847Z",
          "clientProcessId": "8152"
        }
      }
    },
    "location": "EventChannel"
  },
  {
    "timestamp": "2025-10-28T00:01:55.156+0100",
    "agent": {
      "id": "317",
      "name": "vdi-153",
      "ip": "10.162.13.13"
    },
    "manager": {
      "name": "wazuh.fiit.stuba.sk.novalocal"
    },
    "id": "1761606115.14514268",
    "full_log": "{\"win\":{\"system\":{\"providerName\":\"Microsoft-Windows-Security-Auditing\",\"providerGuid\":\"{54849625-5478-4994-a5ba-3e3b0328c30d}\",\"eventID\":\"5379\",\"version\":\"0\",\"level\":\"0\",\"task\":\"13824\",\"opcode\":\"0\",\"keywords\":\"0x8020000000000000\",\"systemTime\":\"2025-10-27T23:01:54.0260118Z\",\"eventRecordID\":\"342247\",\"processID\":\"728\",\"threadID\":\"3696\",\"channel\":\"Security\",\"computer\":\"vdi-153.ucebne.fiit.stuba.sk\",\"severityValue\":\"AUDIT_SUCCESS\",\"message\":\"\\\"Credential Manager credentials were read.\\r\\n\\r\\nSubject:\\r\\n\\tSecurity ID:\\t\\tS-1-5-18\\r\\n\\tAccount Name:\\t\\tVDI-153$\\r\\n\\tAccount Domain:\\t\\tUCEBNE\\r\\n\\tLogon ID:\\t\\t0x3E7\\r\\n\\tRead Operation:\\t\\tEnumerate Credentials\\r\\n\\r\\nThis event occurs when a user performs a read operation on stored credentials in Credential Manager.\\\"\"},\"eventdata\":{\"subjectUserSid\":\"S-1-5-18\",\"subjectUserName\":\"VDI-153$\",\"subjectDomainName\":\"UCEBNE\",\"subjectLogonId\":\"0x3e7\",\"targetName\":\"WindowsLive:target=virtualapp/didlogical\",\"type\":\"0\",\"countOfCredentialsReturned\":\"1\",\"readOperation\":\"%%8100\",\"returnCode\":\"0\",\"processCreationTime\":\"2025-10-27T23:01:53.9442847Z\",\"clientProcessId\":\"8152\"}}}",
    "decoder": {
      "name": "windows_eventchannel"
    },
    "data": {
      "win": {
        "system": {
          "providerName": "Microsoft-Windows-Security-Auditing",
          "providerGuid": "{54849625-5478-4994-a5ba-3e3b0328c30d}",
          "eventID": "5379",
          "version": "0",
          "level": "0",
          "task": "13824",
          "opcode": "0",
          "keywords": "0x8020000000000000",
          "systemTime": "2025-10-27T23:01:54.0260118Z",
          "eventRecordID": "342247",
          "processID": "728",
          "threadID": "3696",
          "channel": "Security",
          "computer": "vdi-153.ucebne.fiit.stuba.sk",
          "severityValue": "AUDIT_SUCCESS",
          "message": "\"Credential Manager credentials were read.\r\n\r\nSubject:\r\n\tSecurity ID:\t\tS-1-5-18\r\n\tAccount Name:\t\tVDI-153$\r\n\tAccount Domain:\t\tUCEBNE\r\n\tLogon ID:\t\t0x3E7\r\n\tRead Operation:\t\tEnumerate Credentials\r\n\r\nThis event occurs when a user performs a read operation on stored credentials in Credential Manager.\""
        },
        "eventdata": {
          "subjectUserSid": "S-1-5-18",
          "subjectUserName": "VDI-153$",
          "subjectDomainName": "UCEBNE",
          "subjectLogonId": "0x3e7",
          "targetName": "WindowsLive:target=virtualapp/didlogical",
          "type": "0",
          "countOfCredentialsReturned": "1",
          "readOperation": "%%8100",
          "returnCode": "0",
          "processCreationTime": "2025-10-27T23:01:53.9442847Z",
          "clientProcessId": "8152"
        }
      }
    },
    "location": "EventChannel"
  },
  {
    "timestamp": "2025-10-28T00:01:55.188+0100",
    "agent": {
      "id": "317",
      "name": "vdi-153",
      "ip": "10.162.13.13"
    },
    "manager": {
      "name": "wazuh.fiit.stuba.sk.novalocal"
    },
    "id": "1761606115.14514268",
    "full_log": "{\"win\":{\"system\":{\"providerName\":\"Microsoft-Windows-Security-Auditing\",\"providerGuid\":\"{54849625-5478-4994-a5ba-3e3b0328c30d}\",\"eventID\":\"5379\",\"version\":\"0\",\"level\":\"0\",\"task\":\"13824\",\"opcode\":\"0\",\"keywords\":\"0x8020000000000000\",\"systemTime\":\"2025-10-27T23:01:54.0312593Z\",\"eventRecordID\":\"342249\",\"processID\":\"728\",\"threadID\":\"3696\",\"channel\":\"Security\",\"computer\":\"vdi-153.ucebne.fiit.stuba.sk\",\"severityValue\":\"AUDIT_SUCCESS\",\"message\":\"\\\"Credential Manager credentials were read.\\r\\n\\r\\nSubject:\\r\\n\\tSecurity ID:\\t\\tS-1-5-19\\r\\n\\tAccount Name:\\t\\tLOCAL SERVICE\\r\\n\\tAccount Domain:\\t\\tNT AUTHORITY\\r\\n\\tLogon ID:\\t\\t0x3E5\\r\\n\\tRead Operation:\\t\\tEnumerate Credentials\\r\\n\\r\\nThis event occurs when a user performs a read operation on stored credentials in Credential Manager.\\\"\"},\"eventdata\":{\"subjectUserSid\":\"S-1-5-19\",\"subjectUserName\":\"LOCAL SERVICE\",\"subjectDomainName\":\"NT AUTHORITY\",\"subjectLogonId\":\"0x3e5\",\"targetName\":\"WindowsLive:(cert):name=02uenvuvbexbuoaz;serviceuri=*\",\"type\":\"0\",\"countOfCredentialsReturned\":\"0\",\"readOperation\":\"%%8100\",\"returnCode\":\"3221226021\",\"processCreationTime\":\"2025-10-27T23:01:53.9442847Z\",\"clientProcessId\":\"8152\"}}}",
    "decoder": {
      "name": "windows_eventchannel"
    },
    "data": {
      "win": {
        "system": {
          "providerName": "Microsoft-Windows-Security-Auditing",
          "providerGuid": "{54849625-5478-4994-a5ba-3e3b0328c30d}",
          "eventID": "5379",
          "version": "0",
          "level": "0",
          "task": "13824",
          "opcode": "0",
          "keywords": "0x8020000000000000",
          "systemTime": "2025-10-27T23:01:54.0312593Z",
          "eventRecordID": "342249",
          "processID": "728",
          "threadID": "3696",
          "channel": "Security",
          "computer": "vdi-153.ucebne.fiit.stuba.sk",
          "severityValue": "AUDIT_SUCCESS",
          "message": "\"Credential Manager credentials were read.\r\n\r\nSubject:\r\n\tSecurity ID:\t\tS-1-5-19\r\n\tAccount Name:\t\tLOCAL SERVICE\r\n\tAccount Domain:\t\tNT AUTHORITY\r\n\tLogon ID:\t\t0x3E5\r\n\tRead Operation:\t\tEnumerate Credentials\r\n\r\nThis event occurs when a user performs a read operation on stored credentials in Credential Manager.\""
        },
        "eventdata": {
          "subjectUserSid": "S-1-5-19",
          "subjectUserName": "LOCAL SERVICE",
          "subjectDomainName": "NT AUTHORITY",
          "subjectLogonId": "0x3e5",
          "targetName": "WindowsLive:(cert):name=02uenvuvbexbuoaz;serviceuri=*",
          "type": "0",
          "countOfCredentialsReturned": "0",
          "readOperation": "%%8100",
          "returnCode": "3221226021",
          "processCreationTime": "2025-10-27T23:01:53.9442847Z",
          "clientProcessId": "8152"
        }
      }
    },
    "location": "EventChannel"
  },
  {
    "timestamp": "2025-10-28T00:01:55.188+0100",
    "agent": {
      "id": "317",
      "name": "vdi-153",
      "ip": "10.162.13.13"
    },
    "manager": {
      "name": "wazuh.fiit.stuba.sk.novalocal"
    },
    "id": "1761606115.14514268",
    "full_log": "{\"win\":{\"system\":{\"providerName\":\"Microsoft-Windows-Security-Auditing\",\"providerGuid\":\"{54849625-5478-4994-a5ba-3e3b0328c30d}\",\"eventID\":\"5379\",\"version\":\"0\",\"level\":\"0\",\"task\":\"13824\",\"opcode\":\"0\",\"keywords\":\"0x8020000000000000\",\"systemTime\":\"2025-10-27T23:01:54.0308381Z\",\"eventRecordID\":\"342248\",\"processID\":\"728\",\"threadID\":\"3696\",\"channel\":\"Security\",\"computer\":\"vdi-153.ucebne.fiit.stuba.sk\",\"severityValue\":\"AUDIT_SUCCESS\",\"message\":\"\\\"Credential Manager credentials were read.\\r\\n\\r\\nSubject:\\r\\n\\tSecurity ID:\\t\\tS-1-5-19\\r\\n\\tAccount Name:\\t\\tLOCAL SERVICE\\r\\n\\tAccount Domain:\\t\\tNT AUTHORITY\\r\\n\\tLogon ID:\\t\\t0x3E5\\r\\n\\tRead Operation:\\t\\tEnumerate Credentials\\r\\n\\r\\nThis event occurs when a user performs a read operation on stored credentials in Credential Manager.\\\"\"},\"eventdata\":{\"subjectUserSid\":\"S-1-5-19\",\"subjectUserName\":\"LOCAL SERVICE\",\"subjectDomainName\":\"NT AUTHORITY\",\"subjectLogonId\":\"0x3e5\",\"targetName\":\"WindowsLive:(token):name=02uenvuvbexbuoaz;serviceuri=*\",\"type\":\"0\",\"countOfCredentialsReturned\":\"0\",\"readOperation\":\"%%8100\",\"returnCode\":\"3221226021\",\"processCreationTime\":\"2025-10-27T23:01:53.9442847Z\",\"clientProcessId\":\"8152\"}}}",
    "decoder": {
      "name": "windows_eventchannel"
    },
    "data": {
      "win": {
        "system": {
          "providerName": "Microsoft-Windows-Security-Auditing",
          "providerGuid": "{54849625-5478-4994-a5ba-3e3b0328c30d}",
          "eventID": "5379",
          "version": "0",
          "level": "0",
          "task": "13824",
          "opcode": "0",
          "keywords": "0x8020000000000000",
          "systemTime": "2025-10-27T23:01:54.0308381Z",
          "eventRecordID": "342248",
          "processID": "728",
          "threadID": "3696",
          "channel": "Security",
          "computer": "vdi-153.ucebne.fiit.stuba.sk",
          "severityValue": "AUDIT_SUCCESS",
          "message": "\"Credential Manager credentials were read.\r\n\r\nSubject:\r\n\tSecurity ID:\t\tS-1-5-19\r\n\tAccount Name:\t\tLOCAL SERVICE\r\n\tAccount Domain:\t\tNT AUTHORITY\r\n\tLogon ID:\t\t0x3E5\r\n\tRead Operation:\t\tEnumerate Credentials\r\n\r\nThis event occurs when a user performs a read operation on stored credentials in Credential Manager.\""
        },
        "eventdata": {
          "subjectUserSid": "S-1-5-19",
          "subjectUserName": "LOCAL SERVICE",
          "subjectDomainName": "NT AUTHORITY",
          "subjectLogonId": "0x3e5",
          "targetName": "WindowsLive:(token):name=02uenvuvbexbuoaz;serviceuri=*",
          "type": "0",
          "countOfCredentialsReturned": "0",
          "readOperation": "%%8100",
          "returnCode": "3221226021",
          "processCreationTime": "2025-10-27T23:01:53.9442847Z",
          "clientProcessId": "8152"
        }
      }
    },
    "location": "EventChannel"
  },
  {
    "timestamp": "2025-10-28T00:01:55.203+0100",
    "agent": {
      "id": "317",
      "name": "vdi-153",
      "ip": "10.162.13.13"
    },
    "manager": {
      "name": "wazuh.fiit.stuba.sk.novalocal"
    },
    "id": "1761606115.14514268",
    "full_log": "{\"win\":{\"system\":{\"providerName\":\"Microsoft-Windows-Security-Auditing\",\"providerGuid\":\"{54849625-5478-4994-a5ba-3e3b0328c30d}\",\"eventID\":\"5379\",\"version\":\"0\",\"level\":\"0\",\"task\":\"13824\",\"opcode\":\"0\",\"keywords\":\"0x8020000000000000\",\"systemTime\":\"2025-10-27T23:01:54.0314588Z\",\"eventRecordID\":\"342250\",\"processID\":\"728\",\"threadID\":\"3696\",\"channel\":\"Security\",\"computer\":\"vdi-153.ucebne.fiit.stuba.sk\",\"severityValue\":\"AUDIT_SUCCESS\",\"message\":\"\\\"Credential Manager credentials were read.\\r\\n\\r\\nSubject:\\r\\n\\tSecurity ID:\\t\\tS-1-5-19\\r\\n\\tAccount Name:\\t\\tLOCAL SERVICE\\r\\n\\tAccount Domain:\\t\\tNT AUTHORITY\\r\\n\\tLogon ID:\\t\\t0x3E5\\r\\n\\tRead Operation:\\t\\tEnumerate Credentials\\r\\n\\r\\nThis event occurs when a user performs a read operation on stored credentials in Credential Manager.\\\"\"},\"eventdata\":{\"subjectUserSid\":\"S-1-5-19\",\"subjectUserName\":\"LOCAL SERVICE\",\"subjectDomainName\":\"NT AUTHORITY\",\"subjectLogonId\":\"0x3e5\",\"targetName\":\"WindowsLive:target=virtualapp/didlogical\",\"type\":\"0\",\"countOfCredentialsReturned\":\"1\",\"readOperation\":\"%%8100\",\"returnCode\":\"0\",\"processCreationTime\":\"2025-10-27T23:01:53.9442847Z\",\"clientProcessId\":\"8152\"}}}",
    "decoder": {
      "name": "windows_eventchannel"
    },
    "data": {
      "win": {
        "system": {
          "providerName": "Microsoft-Windows-Security-Auditing",
          "providerGuid": "{54849625-5478-4994-a5ba-3e3b0328c30d}",
          "eventID": "5379",
          "version": "0",
          "level": "0",
          "task": "13824",
          "opcode": "0",
          "keywords": "0x8020000000000000",
          "systemTime": "2025-10-27T23:01:54.0314588Z",
          "eventRecordID": "342250",
          "processID": "728",
          "threadID": "3696",
          "channel": "Security",
          "computer": "vdi-153.ucebne.fiit.stuba.sk",
          "severityValue": "AUDIT_SUCCESS",
          "message": "\"Credential Manager credentials were read.\r\n\r\nSubject:\r\n\tSecurity ID:\t\tS-1-5-19\r\n\tAccount Name:\t\tLOCAL SERVICE\r\n\tAccount Domain:\t\tNT AUTHORITY\r\n\tLogon ID:\t\t0x3E5\r\n\tRead Operation:\t\tEnumerate Credentials\r\n\r\nThis event occurs when a user performs a read operation on stored credentials in Credential Manager.\""
        },
        "eventdata": {
          "subjectUserSid": "S-1-5-19",
          "subjectUserName": "LOCAL SERVICE",
          "subjectDomainName": "NT AUTHORITY",
          "subjectLogonId": "0x3e5",
          "targetName": "WindowsLive:target=virtualapp/didlogical",
          "type": "0",
          "countOfCredentialsReturned": "1",
          "readOperation": "%%8100",
          "returnCode": "0",
          "processCreationTime": "2025-10-27T23:01:53.9442847Z",
          "clientProcessId": "8152"
        }
      }
    },
    "location": "EventChannel"
  },
  {
    "timestamp": "2025-10-28T00:01:55.235+0100",
    "agent": {
      "id": "317",
      "name": "vdi-153",
      "ip": "10.162.13.13"
    },
    "manager": {
      "name": "wazuh.fiit.stuba.sk.novalocal"
    },
    "id": "1761606115.14514268",
    "full_log": "{\"win\":{\"system\":{\"providerName\":\"Microsoft-Windows-Security-Auditing\",\"providerGuid\":\"{54849625-5478-4994-a5ba-3e3b0328c30d}\",\"eventID\":\"5379\",\"version\":\"0\",\"level\":\"0\",\"task\":\"13824\",\"opcode\":\"0\",\"keywords\":\"0x8020000000000000\",\"systemTime\":\"2025-10-27T23:01:54.0341301Z\",\"eventRecordID\":\"342251\",\"processID\":\"728\",\"threadID\":\"3696\",\"channel\":\"Security\",\"computer\":\"vdi-153.ucebne.fiit.stuba.sk\",\"severityValue\":\"AUDIT_SUCCESS\",\"message\":\"\\\"Credential Manager credentials were read.\\r\\n\\r\\nSubject:\\r\\n\\tSecurity ID:\\t\\tS-1-5-19\\r\\n\\tAccount Name:\\t\\tLOCAL SERVICE\\r\\n\\tAccount Domain:\\t\\tNT AUTHORITY\\r\\n\\tLogon ID:\\t\\t0x3E5\\r\\n\\tRead Operation:\\t\\tEnumerate Credentials\\r\\n\\r\\nThis event occurs when a user performs a read operation on stored credentials in Credential Manager.\\\"\"},\"eventdata\":{\"subjectUserSid\":\"S-1-5-19\",\"subjectUserName\":\"LOCAL SERVICE\",\"subjectDomainName\":\"NT AUTHORITY\",\"subjectLogonId\":\"0x3e5\",\"targetName\":\"MicrosoftAccount:user=02uenvuvbexbuoaz\",\"type\":\"0\",\"countOfCredentialsReturned\":\"0\",\"readOperation\":\"%%8100\",\"returnCode\":\"3221226021\",\"processCreationTime\":\"2025-10-27T23:01:53.9442847Z\",\"clientProcessId\":\"8152\"}}}",
    "decoder": {
      "name": "windows_eventchannel"
    },
    "data": {
      "win": {
        "system": {
          "providerName": "Microsoft-Windows-Security-Auditing",
          "providerGuid": "{54849625-5478-4994-a5ba-3e3b0328c30d}",
          "eventID": "5379",
          "version": "0",
          "level": "0",
          "task": "13824",
          "opcode": "0",
          "keywords": "0x8020000000000000",
          "systemTime": "2025-10-27T23:01:54.0341301Z",
          "eventRecordID": "342251",
          "processID": "728",
          "threadID": "3696",
          "channel": "Security",
          "computer": "vdi-153.ucebne.fiit.stuba.sk",
          "severityValue": "AUDIT_SUCCESS",
          "message": "\"Credential Manager credentials were read.\r\n\r\nSubject:\r\n\tSecurity ID:\t\tS-1-5-19\r\n\tAccount Name:\t\tLOCAL SERVICE\r\n\tAccount Domain:\t\tNT AUTHORITY\r\n\tLogon ID:\t\t0x3E5\r\n\tRead Operation:\t\tEnumerate Credentials\r\n\r\nThis event occurs when a user performs a read operation on stored credentials in Credential Manager.\""
        },
        "eventdata": {
          "subjectUserSid": "S-1-5-19",
          "subjectUserName": "LOCAL SERVICE",
          "subjectDomainName": "NT AUTHORITY",
          "subjectLogonId": "0x3e5",
          "targetName": "MicrosoftAccount:user=02uenvuvbexbuoaz",
          "type": "0",
          "countOfCredentialsReturned": "0",
          "readOperation": "%%8100",
          "returnCode": "3221226021",
          "processCreationTime": "2025-10-27T23:01:53.9442847Z",
          "clientProcessId": "8152"
        }
      }
    },
    "location": "EventChannel"
  },
  {
    "timestamp": "2025-10-28T00:01:55.236+0100",
    "agent": {
      "id": "317",
      "name": "vdi-153",
      "ip": "10.162.13.13"
    },
    "manager": {
      "name": "wazuh.fiit.stuba.sk.novalocal"
    },
    "id": "1761606115.14514268",
    "full_log": "{\"win\":{\"system\":{\"providerName\":\"Microsoft-Windows-Security-Auditing\",\"providerGuid\":\"{54849625-5478-4994-a5ba-3e3b0328c30d}\",\"eventID\":\"5379\",\"version\":\"0\",\"level\":\"0\",\"task\":\"13824\",\"opcode\":\"0\",\"keywords\":\"0x8020000000000000\",\"systemTime\":\"2025-10-27T23:01:54.0343287Z\",\"eventRecordID\":\"342252\",\"processID\":\"728\",\"threadID\":\"3696\",\"channel\":\"Security\",\"computer\":\"vdi-153.ucebne.fiit.stuba.sk\",\"severityValue\":\"AUDIT_SUCCESS\",\"message\":\"\\\"Credential Manager credentials were read.\\r\\n\\r\\nSubject:\\r\\n\\tSecurity ID:\\t\\tS-1-5-19\\r\\n\\tAccount Name:\\t\\tLOCAL SERVICE\\r\\n\\tAccount Domain:\\t\\tNT AUTHORITY\\r\\n\\tLogon ID:\\t\\t0x3E5\\r\\n\\tRead Operation:\\t\\tEnumerate Credentials\\r\\n\\r\\nThis event occurs when a user performs a read operation on stored credentials in Credential Manager.\\\"\"},\"eventdata\":{\"subjectUserSid\":\"S-1-5-19\",\"subjectUserName\":\"LOCAL SERVICE\",\"subjectDomainName\":\"NT AUTHORITY\",\"subjectLogonId\":\"0x3e5\",\"targetName\":\"WindowsLive:(token):name=02uenvuvbexbuoaz;serviceuri=*\",\"type\":\"0\",\"countOfCredentialsReturned\":\"0\",\"readOperation\":\"%%8100\",\"returnCode\":\"3221226021\",\"processCreationTime\":\"2025-10-27T23:01:53.9442847Z\",\"clientProcessId\":\"8152\"}}}",
    "decoder": {
      "name": "windows_eventchannel"
    },
    "data": {
      "win": {
        "system": {
          "providerName": "Microsoft-Windows-Security-Auditing",
          "providerGuid": "{54849625-5478-4994-a5ba-3e3b0328c30d}",
          "eventID": "5379",
          "version": "0",
          "level": "0",
          "task": "13824",
          "opcode": "0",
          "keywords": "0x8020000000000000",
          "systemTime": "2025-10-27T23:01:54.0343287Z",
          "eventRecordID": "342252",
          "processID": "728",
          "threadID": "3696",
          "channel": "Security",
          "computer": "vdi-153.ucebne.fiit.stuba.sk",
          "severityValue": "AUDIT_SUCCESS",
          "message": "\"Credential Manager credentials were read.\r\n\r\nSubject:\r\n\tSecurity ID:\t\tS-1-5-19\r\n\tAccount Name:\t\tLOCAL SERVICE\r\n\tAccount Domain:\t\tNT AUTHORITY\r\n\tLogon ID:\t\t0x3E5\r\n\tRead Operation:\t\tEnumerate Credentials\r\n\r\nThis event occurs when a user performs a read operation on stored credentials in Credential Manager.\""
        },
        "eventdata": {
          "subjectUserSid": "S-1-5-19",
          "subjectUserName": "LOCAL SERVICE",
          "subjectDomainName": "NT AUTHORITY",
          "subjectLogonId": "0x3e5",
          "targetName": "WindowsLive:(token):name=02uenvuvbexbuoaz;serviceuri=*",
          "type": "0",
          "countOfCredentialsReturned": "0",
          "readOperation": "%%8100",
          "returnCode": "3221226021",
          "processCreationTime": "2025-10-27T23:01:53.9442847Z",
          "clientProcessId": "8152"
        }
      }
    },
    "location": "EventChannel"
  },
  {
    "timestamp": "2025-10-28T00:01:55.250+0100",
    "agent": {
      "id": "317",
      "name": "vdi-153",
      "ip": "10.162.13.13"
    },
    "manager": {
      "name": "wazuh.fiit.stuba.sk.novalocal"
    },
    "id": "1761606115.14514268",
    "full_log": "{\"win\":{\"system\":{\"providerName\":\"Microsoft-Windows-Security-Auditing\",\"providerGuid\":\"{54849625-5478-4994-a5ba-3e3b0328c30d}\",\"eventID\":\"5379\",\"version\":\"0\",\"level\":\"0\",\"task\":\"13824\",\"opcode\":\"0\",\"keywords\":\"0x8020000000000000\",\"systemTime\":\"2025-10-27T23:01:54.0347405Z\",\"eventRecordID\":\"342253\",\"processID\":\"728\",\"threadID\":\"3696\",\"channel\":\"Security\",\"computer\":\"vdi-153.ucebne.fiit.stuba.sk\",\"severityValue\":\"AUDIT_SUCCESS\",\"message\":\"\\\"Credential Manager credentials were read.\\r\\n\\r\\nSubject:\\r\\n\\tSecurity ID:\\t\\tS-1-5-19\\r\\n\\tAccount Name:\\t\\tLOCAL SERVICE\\r\\n\\tAccount Domain:\\t\\tNT AUTHORITY\\r\\n\\tLogon ID:\\t\\t0x3E5\\r\\n\\tRead Operation:\\t\\tEnumerate Credentials\\r\\n\\r\\nThis event occurs when a user performs a read operation on stored credentials in Credential Manager.\\\"\"},\"eventdata\":{\"subjectUserSid\":\"S-1-5-19\",\"subjectUserName\":\"LOCAL SERVICE\",\"subjectDomainName\":\"NT AUTHORITY\",\"subjectLogonId\":\"0x3e5\",\"targetName\":\"WindowsLive:(cert):name=02uenvuvbexbuoaz;serviceuri=*\",\"type\":\"0\",\"countOfCredentialsReturned\":\"0\",\"readOperation\":\"%%8100\",\"returnCode\":\"3221226021\",\"processCreationTime\":\"2025-10-27T23:01:53.9442847Z\",\"clientProcessId\":\"8152\"}}}",
    "decoder": {
      "name": "windows_eventchannel"
    },
    "data": {
      "win": {
        "system": {
          "providerName": "Microsoft-Windows-Security-Auditing",
          "providerGuid": "{54849625-5478-4994-a5ba-3e3b0328c30d}",
          "eventID": "5379",
          "version": "0",
          "level": "0",
          "task": "13824",
          "opcode": "0",
          "keywords": "0x8020000000000000",
          "systemTime": "2025-10-27T23:01:54.0347405Z",
          "eventRecordID": "342253",
          "processID": "728",
          "threadID": "3696",
          "channel": "Security",
          "computer": "vdi-153.ucebne.fiit.stuba.sk",
          "severityValue": "AUDIT_SUCCESS",
          "message": "\"Credential Manager credentials were read.\r\n\r\nSubject:\r\n\tSecurity ID:\t\tS-1-5-19\r\n\tAccount Name:\t\tLOCAL SERVICE\r\n\tAccount Domain:\t\tNT AUTHORITY\r\n\tLogon ID:\t\t0x3E5\r\n\tRead Operation:\t\tEnumerate Credentials\r\n\r\nThis event occurs when a user performs a read operation on stored credentials in Credential Manager.\""
        },
        "eventdata": {
          "subjectUserSid": "S-1-5-19",
          "subjectUserName": "LOCAL SERVICE",
          "subjectDomainName": "NT AUTHORITY",
          "subjectLogonId": "0x3e5",
          "targetName": "WindowsLive:(cert):name=02uenvuvbexbuoaz;serviceuri=*",
          "type": "0",
          "countOfCredentialsReturned": "0",
          "readOperation": "%%8100",
          "returnCode": "3221226021",
          "processCreationTime": "2025-10-27T23:01:53.9442847Z",
          "clientProcessId": "8152"
        }
      }
    },
    "location": "EventChannel"
  },
  {
    "timestamp": "2025-10-28T00:01:55.281+0100",
    "agent": {
      "id": "317",
      "name": "vdi-153",
      "ip": "10.162.13.13"
    },
    "manager": {
      "name": "wazuh.fiit.stuba.sk.novalocal"
    },
    "id": "1761606115.14514268",
    "full_log": "{\"win\":{\"system\":{\"providerName\":\"Microsoft-Windows-Security-Auditing\",\"providerGuid\":\"{54849625-5478-4994-a5ba-3e3b0328c30d}\",\"eventID\":\"5379\",\"version\":\"0\",\"level\":\"0\",\"task\":\"13824\",\"opcode\":\"0\",\"keywords\":\"0x8020000000000000\",\"systemTime\":\"2025-10-27T23:01:54.1446619Z\",\"eventRecordID\":\"342254\",\"processID\":\"728\",\"threadID\":\"3696\",\"channel\":\"Security\",\"computer\":\"vdi-153.ucebne.fiit.stuba.sk\",\"severityValue\":\"AUDIT_SUCCESS\",\"message\":\"\\\"Credential Manager credentials were read.\\r\\n\\r\\nSubject:\\r\\n\\tSecurity ID:\\t\\tS-1-5-19\\r\\n\\tAccount Name:\\t\\tLOCAL SERVICE\\r\\n\\tAccount Domain:\\t\\tNT AUTHORITY\\r\\n\\tLogon ID:\\t\\t0x3E5\\r\\n\\tRead Operation:\\t\\tEnumerate Credentials\\r\\n\\r\\nThis event occurs when a user performs a read operation on stored credentials in Credential Manager.\\\"\"},\"eventdata\":{\"subjectUserSid\":\"S-1-5-19\",\"subjectUserName\":\"LOCAL SERVICE\",\"subjectDomainName\":\"NT AUTHORITY\",\"subjectLogonId\":\"0x3e5\",\"targetName\":\"MicrosoftAccount:user=02uenvuvbexbuoaz\",\"type\":\"0\",\"countOfCredentialsReturned\":\"0\",\"readOperation\":\"%%8100\",\"returnCode\":\"3221226021\",\"processCreationTime\":\"2025-10-27T23:01:53.9442847Z\",\"clientProcessId\":\"8152\"}}}",
    "decoder": {
      "name": "windows_eventchannel"
    },
    "data": {
      "win": {
        "system": {
          "providerName": "Microsoft-Windows-Security-Auditing",
          "providerGuid": "{54849625-5478-4994-a5ba-3e3b0328c30d}",
          "eventID": "5379",
          "version": "0",
          "level": "0",
          "task": "13824",
          "opcode": "0",
          "keywords": "0x8020000000000000",
          "systemTime": "2025-10-27T23:01:54.1446619Z",
          "eventRecordID": "342254",
          "processID": "728",
          "threadID": "3696",
          "channel": "Security",
          "computer": "vdi-153.ucebne.fiit.stuba.sk",
          "severityValue": "AUDIT_SUCCESS",
          "message": "\"Credential Manager credentials were read.\r\n\r\nSubject:\r\n\tSecurity ID:\t\tS-1-5-19\r\n\tAccount Name:\t\tLOCAL SERVICE\r\n\tAccount Domain:\t\tNT AUTHORITY\r\n\tLogon ID:\t\t0x3E5\r\n\tRead Operation:\t\tEnumerate Credentials\r\n\r\nThis event occurs when a user performs a read operation on stored credentials in Credential Manager.\""
        },
        "eventdata": {
          "subjectUserSid": "S-1-5-19",
          "subjectUserName": "LOCAL SERVICE",
          "subjectDomainName": "NT AUTHORITY",
          "subjectLogonId": "0x3e5",
          "targetName": "MicrosoftAccount:user=02uenvuvbexbuoaz",
          "type": "0",
          "countOfCredentialsReturned": "0",
          "readOperation": "%%8100",
          "returnCode": "3221226021",
          "processCreationTime": "2025-10-27T23:01:53.9442847Z",
          "clientProcessId": "8152"
        }
      }
    },
    "location": "EventChannel"
  },
  {
    "timestamp": "2025-10-28T00:01:55.282+0100",
    "agent": {
      "id": "317",
      "name": "vdi-153",
      "ip": "10.162.13.13"
    },
    "manager": {
      "name": "wazuh.fiit.stuba.sk.novalocal"
    },
    "id": "1761606115.14514268",
    "full_log": "{\"win\":{\"system\":{\"providerName\":\"Microsoft-Windows-Security-Auditing\",\"providerGuid\":\"{54849625-5478-4994-a5ba-3e3b0328c30d}\",\"eventID\":\"5379\",\"version\":\"0\",\"level\":\"0\",\"task\":\"13824\",\"opcode\":\"0\",\"keywords\":\"0x8020000000000000\",\"systemTime\":\"2025-10-27T23:01:54.1472343Z\",\"eventRecordID\":\"342255\",\"processID\":\"728\",\"threadID\":\"3696\",\"channel\":\"Security\",\"computer\":\"vdi-153.ucebne.fiit.stuba.sk\",\"severityValue\":\"AUDIT_SUCCESS\",\"message\":\"\\\"Credential Manager credentials were read.\\r\\n\\r\\nSubject:\\r\\n\\tSecurity ID:\\t\\tS-1-5-21-3589601401-855443806-3489754704-6385\\r\\n\\tAccount Name:\\t\\tbrath\\r\\n\\tAccount Domain:\\t\\tUCEBNE\\r\\n\\tLogon ID:\\t\\t0x10A681C\\r\\n\\tRead Operation:\\t\\tEnumerate Credentials\\r\\n\\r\\nThis event occurs when a user performs a read operation on stored credentials in Credential Manager.\\\"\"},\"eventdata\":{\"subjectUserSid\":\"S-1-5-21-3589601401-855443806-3489754704-6385\",\"subjectUserName\":\"brath\",\"subjectDomainName\":\"UCEBNE\",\"subjectLogonId\":\"0x10a681c\",\"targetName\":\"WindowsLive:(token):name=02ksajafrllalnah;serviceuri=*\",\"type\":\"0\",\"countOfCredentialsReturned\":\"0\",\"readOperation\":\"%%8100\",\"returnCode\":\"3221226021\",\"processCreationTime\":\"2025-10-27T23:01:53.9442847Z\",\"clientProcessId\":\"8152\"}}}",
    "decoder": {
      "name": "windows_eventchannel"
    },
    "data": {
      "win": {
        "system": {
          "providerName": "Microsoft-Windows-Security-Auditing",
          "providerGuid": "{54849625-5478-4994-a5ba-3e3b0328c30d}",
          "eventID": "5379",
          "version": "0",
          "level": "0",
          "task": "13824",
          "opcode": "0",
          "keywords": "0x8020000000000000",
          "systemTime": "2025-10-27T23:01:54.1472343Z",
          "eventRecordID": "342255",
          "processID": "728",
          "threadID": "3696",
          "channel": "Security",
          "computer": "vdi-153.ucebne.fiit.stuba.sk",
          "severityValue": "AUDIT_SUCCESS",
          "message": "\"Credential Manager credentials were read.\r\n\r\nSubject:\r\n\tSecurity ID:\t\tS-1-5-21-3589601401-855443806-3489754704-6385\r\n\tAccount Name:\t\tbrath\r\n\tAccount Domain:\t\tUCEBNE\r\n\tLogon ID:\t\t0x10A681C\r\n\tRead Operation:\t\tEnumerate Credentials\r\n\r\nThis event occurs when a user performs a read operation on stored credentials in Credential Manager.\""
        },
        "eventdata": {
          "subjectUserSid": "S-1-5-21-3589601401-855443806-3489754704-6385",
          "subjectUserName": "brath",
          "subjectDomainName": "UCEBNE",
          "subjectLogonId": "0x10a681c",
          "targetName": "WindowsLive:(token):name=02ksajafrllalnah;serviceuri=*",
          "type": "0",
          "countOfCredentialsReturned": "0",
          "readOperation": "%%8100",
          "returnCode": "3221226021",
          "processCreationTime": "2025-10-27T23:01:53.9442847Z",
          "clientProcessId": "8152"
        }
      }
    },
    "location": "EventChannel"
  },
  {
    "timestamp": "2025-10-28T00:01:55.299+0100",
    "agent": {
      "id": "317",
      "name": "vdi-153",
      "ip": "10.162.13.13"
    },
    "manager": {
      "name": "wazuh.fiit.stuba.sk.novalocal"
    },
    "id": "1761606115.14514268",
    "full_log": "{\"win\":{\"system\":{\"providerName\":\"Microsoft-Windows-Security-Auditing\",\"providerGuid\":\"{54849625-5478-4994-a5ba-3e3b0328c30d}\",\"eventID\":\"5379\",\"version\":\"0\",\"level\":\"0\",\"task\":\"13824\",\"opcode\":\"0\",\"keywords\":\"0x8020000000000000\",\"systemTime\":\"2025-10-27T23:01:54.1476592Z\",\"eventRecordID\":\"342256\",\"processID\":\"728\",\"threadID\":\"3696\",\"channel\":\"Security\",\"computer\":\"vdi-153.ucebne.fiit.stuba.sk\",\"severityValue\":\"AUDIT_SUCCESS\",\"message\":\"\\\"Credential Manager credentials were read.\\r\\n\\r\\nSubject:\\r\\n\\tSecurity ID:\\t\\tS-1-5-21-3589601401-855443806-3489754704-6385\\r\\n\\tAccount Name:\\t\\tbrath\\r\\n\\tAccount Domain:\\t\\tUCEBNE\\r\\n\\tLogon ID:\\t\\t0x10A681C\\r\\n\\tRead Operation:\\t\\tEnumerate Credentials\\r\\n\\r\\nThis event occurs when a user performs a read operation on stored credentials in Credential Manager.\\\"\"},\"eventdata\":{\"subjectUserSid\":\"S-1-5-21-3589601401-855443806-3489754704-6385\",\"subjectUserName\":\"brath\",\"subjectDomainName\":\"UCEBNE\",\"subjectLogonId\":\"0x10a681c\",\"targetName\":\"WindowsLive:(cert):name=02ksajafrllalnah;serviceuri=*\",\"type\":\"0\",\"countOfCredentialsReturned\":\"0\",\"readOperation\":\"%%8100\",\"returnCode\":\"3221226021\",\"processCreationTime\":\"2025-10-27T23:01:53.9442847Z\",\"clientProcessId\":\"8152\"}}}",
    "decoder": {
      "name": "windows_eventchannel"
    },
    "data": {
      "win": {
        "system": {
          "providerName": "Microsoft-Windows-Security-Auditing",
          "providerGuid": "{54849625-5478-4994-a5ba-3e3b0328c30d}",
          "eventID": "5379",
          "version": "0",
          "level": "0",
          "task": "13824",
          "opcode": "0",
          "keywords": "0x8020000000000000",
          "systemTime": "2025-10-27T23:01:54.1476592Z",
          "eventRecordID": "342256",
          "processID": "728",
          "threadID": "3696",
          "channel": "Security",
          "computer": "vdi-153.ucebne.fiit.stuba.sk",
          "severityValue": "AUDIT_SUCCESS",
          "message": "\"Credential Manager credentials were read.\r\n\r\nSubject:\r\n\tSecurity ID:\t\tS-1-5-21-3589601401-855443806-3489754704-6385\r\n\tAccount Name:\t\tbrath\r\n\tAccount Domain:\t\tUCEBNE\r\n\tLogon ID:\t\t0x10A681C\r\n\tRead Operation:\t\tEnumerate Credentials\r\n\r\nThis event occurs when a user performs a read operation on stored credentials in Credential Manager.\""
        },
        "eventdata": {
          "subjectUserSid": "S-1-5-21-3589601401-855443806-3489754704-6385",
          "subjectUserName": "brath",
          "subjectDomainName": "UCEBNE",
          "subjectLogonId": "0x10a681c",
          "targetName": "WindowsLive:(cert):name=02ksajafrllalnah;serviceuri=*",
          "type": "0",
          "countOfCredentialsReturned": "0",
          "readOperation": "%%8100",
          "returnCode": "3221226021",
          "processCreationTime": "2025-10-27T23:01:53.9442847Z",
          "clientProcessId": "8152"
        }
      }
    },
    "location": "EventChannel"
  },
