  {
    "timestamp": "2025-10-28T00:02:12.038+0100",
    "rule": {
      "level": 1,
      "description": "Fortigate: Traffic to be aware of.",
      "id": "81618",
      "firedtimes": 5040,
      "mail": false,
      "groups": [
        "fortigate",
        "syslog"
      ],
      "gdpr": [
        "IV_35.7.d"
      ],
      "hipaa": [
        "164.312.b"
      ],
      "nist_800_53": [
        "AU.6"
      ],
      "pci_dss": [
        "10.6.1"
      ]
    },
    "agent": {
      "id": "000",
      "name": "wazuh.fiit.stuba.sk.novalocal"
    },
    "manager": {
      "name": "wazuh.fiit.stuba.sk.novalocal"
    },
    "id": "1761606132.16066927",
    "full_log": "Oct 28 00:02:11 147.175.144.2 date=2025-10-28 time=00:02:10 devname=\"FortiGate-600F\" devid=\"FG6H0FTB23904723\" eventtime=1761606130448766485 tz=\"+0100\" logid=\"0000000013\" type=\"traffic\" subtype=\"forward\" level=\"notice\" vd=\"root\" srcip=5.253.36.199 srcport=49872 srcintf=\"outside\" srcintfrole=\"wan\" dstip=147.175.161.107 dstport=1900 dstintf=\"inside\" dstintfrole=\"lan\" srccountry=\"Singapore\" dstcountry=\"Slovakia\" sessionid=2314102234 proto=17 action=\"accept\" policyid=11 policytype=\"policy\" poluuid=\"808834ec-9d1a-51ef-835d-f46e34b6c71e\" policyname=\"allow outside\" service=\"MMS\" trandisp=\"noop\" appid=16083 app=\"UPnP\" appcat=\"Network.Service\" apprisk=\"elevated\" applist=\"default\" duration=182 sentbyte=120 rcvdbyte=0 sentpkt=1 rcvdpkt=0 utmaction=\"allow\" countapp=1 dsthwvendor=\"Cisco\" dstdevtype=\"Router\" dstunauthuser=\"orders\" dstunauthusersource=\"imap\" masterdstmac=\"84:b8:02:66:72:34\" dstmac=\"84:b8:02:66:72:34\" dstserver=0",
    "predecoder": {
      "timestamp": "Oct 28 00:02:11",
      "hostname": "147.175.144.2"
    },
    "decoder": {
      "name": "fortigate-firewall-v5"
    },
    "data": {
      "action": "accept",
      "srcip": "5.253.36.199",
      "srcport": "49872",
      "dstip": "147.175.161.107",
      "dstport": "1900",
      "dstuser": "orders",
      "app": "UPnP",
      "appcat": "Network.Service",
      "appid": "16083",
      "applist": "default",
      "apprisk": "elevated",
      "countapp": "1",
      "devid": "FG6H0FTB23904723",
      "devname": "FortiGate-600F",
      "dstcountry": "Slovakia",
      "dstintf": "inside",
      "dstintfrole": "lan",
      "duration": "182",
      "eventtime": "1761606130448766485",
      "level": "notice",
      "logid": "0000000013",
      "policyid": "11",
      "poluuid": "808834ec-9d1a-51ef-835d-f46e34b6c71e",
      "proto": "17",
      "rcvdbyte": "0",
      "sentbyte": "120",
      "sentpkt": "1",
      "service": "MMS",
      "sessionid": "2314102234",
      "srccountry": "Singapore",
      "srcintf": "outside",
      "srcintfrole": "wan",
      "subtype": "forward",
      "time": "00:02:10",
      "trandisp": "noop",
      "type": "traffic",
      "utmaction": "allow",
      "vd": "root"
    },
    "location": "127.0.0.1"
  },
  {
    "timestamp": "2025-10-28T00:02:12.050+0100",
    "rule": {
      "level": 1,
      "description": "Fortigate: Traffic to be aware of.",
      "id": "81618",
      "firedtimes": 5050,
      "mail": false,
      "groups": [
        "fortigate",
        "syslog"
      ],
      "gdpr": [
        "IV_35.7.d"
      ],
      "hipaa": [
        "164.312.b"
      ],
      "nist_800_53": [
        "AU.6"
      ],
      "pci_dss": [
        "10.6.1"
      ]
    },
    "agent": {
      "id": "000",
      "name": "wazuh.fiit.stuba.sk.novalocal"
    },
    "manager": {
      "name": "wazuh.fiit.stuba.sk.novalocal"
    },
    "id": "1761606132.16066927",
    "full_log": "Oct 28 00:02:11 147.175.144.2 date=2025-10-28 time=00:02:11 devname=\"FortiGate-600F\" devid=\"FG6H0FTB23904723\" eventtime=1761606130448762405 tz=\"+0100\" logid=\"0000000013\" type=\"traffic\" subtype=\"forward\" level=\"notice\" vd=\"root\" srcip=5.253.36.249 srcport=51435 srcintf=\"outside\" srcintfrole=\"wan\" dstip=147.175.161.107 dstport=1900 dstintf=\"inside\" dstintfrole=\"lan\" srccountry=\"Singapore\" dstcountry=\"Slovakia\" sessionid=2314102535 proto=17 action=\"accept\" policyid=11 policytype=\"policy\" poluuid=\"808834ec-9d1a-51ef-835d-f46e34b6c71e\" policyname=\"allow outside\" service=\"MMS\" trandisp=\"noop\" appid=16083 app=\"UPnP\" appcat=\"Network.Service\" apprisk=\"elevated\" applist=\"default\" duration=182 sentbyte=120 rcvdbyte=0 sentpkt=1 rcvdpkt=0 utmaction=\"allow\" countapp=1 dsthwvendor=\"Cisco\" dstdevtype=\"Router\" dstunauthuser=\"orders\" dstunauthusersource=\"imap\" masterdstmac=\"84:b8:02:66:72:34\" dstmac=\"84:b8:02:66:72:34\" dstserver=0",
    "predecoder": {
      "timestamp": "Oct 28 00:02:11",
      "hostname": "147.175.144.2"
    },
    "decoder": {
      "name": "fortigate-firewall-v5"
    },
    "data": {
      "action": "accept",
      "srcip": "5.253.36.249",
      "srcport": "51435",
      "dstip": "147.175.161.107",
      "dstport": "1900",
      "dstuser": "orders",
      "app": "UPnP",
      "appcat": "Network.Service",
      "appid": "16083",
      "applist": "default",
      "apprisk": "elevated",
      "countapp": "1",
      "devid": "FG6H0FTB23904723",
      "devname": "FortiGate-600F",
      "dstcountry": "Slovakia",
      "dstintf": "inside",
      "dstintfrole": "lan",
      "duration": "182",
      "eventtime": "1761606130448762405",
      "level": "notice",
      "logid": "0000000013",
      "policyid": "11",
      "poluuid": "808834ec-9d1a-51ef-835d-f46e34b6c71e",
      "proto": "17",
      "rcvdbyte": "0",
      "sentbyte": "120",
      "sentpkt": "1",
      "service": "MMS",
      "sessionid": "2314102535",
      "srccountry": "Singapore",
      "srcintf": "outside",
      "srcintfrole": "wan",
      "subtype": "forward",
      "time": "00:02:11",
      "trandisp": "noop",
      "type": "traffic",
      "utmaction": "allow",
      "vd": "root"
    },
    "location": "127.0.0.1"
  },
  {
    "timestamp": "2025-10-28T00:02:12.059+0100",
    "rule": {
      "level": 1,
      "description": "Fortigate: Traffic to be aware of.",
      "id": "81618",
      "firedtimes": 5059,
      "mail": false,
      "groups": [
        "fortigate",
        "syslog"
      ],
      "gdpr": [
        "IV_35.7.d"
      ],
      "hipaa": [
        "164.312.b"
      ],
      "nist_800_53": [
        "AU.6"
      ],
      "pci_dss": [
        "10.6.1"
      ]
    },
    "agent": {
      "id": "000",
      "name": "wazuh.fiit.stuba.sk.novalocal"
    },
    "manager": {
      "name": "wazuh.fiit.stuba.sk.novalocal"
    },
    "id": "1761606132.16075231",
    "full_log": "Oct 28 00:02:11 147.175.144.2 date=2025-10-28 time=00:02:11 devname=\"FortiGate-600F\" devid=\"FG6H0FTB23904723\" eventtime=1761606131288715455 tz=\"+0100\" logid=\"0000000013\" type=\"traffic\" subtype=\"forward\" level=\"notice\" vd=\"root\" srcip=147.175.161.60 srcport=49915 srcintf=\"inside\" srcintfrole=\"lan\" dstip=72.145.35.114 dstport=443 dstintf=\"outside\" dstintfrole=\"wan\" srccountry=\"Slovakia\" dstcountry=\"Ireland\" sessionid=2314216252 proto=6 action=\"client-rst\" policyid=2 policytype=\"policy\" poluuid=\"2a7f9d02-b3fe-51ee-bd60-53404bd02dc6\" policyname=\"allow inside\" service=\"HTTPS\" trandisp=\"noop\" appid=16009 app=\"Microsoft.Windows.Update\" appcat=\"Update\" apprisk=\"elevated\" applist=\"default\" duration=5 sentbyte=172 rcvdbyte=92 sentpkt=4 rcvdpkt=2 utmaction=\"allow\" countapp=1 srchwvendor=\"Cisco\" devtype=\"Router\" unauthuser=\"orders\" unauthusersource=\"imap\" mastersrcmac=\"84:b8:02:66:72:34\" srcmac=\"84:b8:02:66:72:34\" srcserver=0",
    "predecoder": {
      "timestamp": "Oct 28 00:02:11",
      "hostname": "147.175.144.2"
    },
    "decoder": {
      "name": "fortigate-firewall-v5"
    },
    "data": {
      "action": "client-rst",
      "srcip": "147.175.161.60",
      "srcport": "49915",
      "dstip": "72.145.35.114",
      "dstport": "443",
      "dstuser": "orders",
      "app": "Microsoft.Windows.Update",
      "appcat": "Update",
      "appid": "16009",
      "applist": "default",
      "apprisk": "elevated",
      "countapp": "1",
      "devid": "FG6H0FTB23904723",
      "devname": "FortiGate-600F",
      "dstcountry": "Ireland",
      "dstintf": "outside",
      "dstintfrole": "wan",
      "duration": "5",
      "eventtime": "1761606131288715455",
      "level": "notice",
      "logid": "0000000013",
      "policyid": "2",
      "poluuid": "2a7f9d02-b3fe-51ee-bd60-53404bd02dc6",
      "proto": "6",
      "rcvdbyte": "92",
      "sentbyte": "172",
      "sentpkt": "4",
      "service": "HTTPS",
      "sessionid": "2314216252",
      "srccountry": "Slovakia",
      "srcintf": "inside",
      "srcintfrole": "lan",
      "subtype": "forward",
      "time": "00:02:11",
      "trandisp": "noop",
      "type": "traffic",
      "utmaction": "allow",
      "vd": "root"
    },
    "location": "127.0.0.1"
  },
  {
    "timestamp": "2025-10-28T00:02:12.061+0100",
    "rule": {
      "level": 3,
      "description": "Fortigate: App passed by firewall.",
      "id": "81633",
      "firedtimes": 8598,
      "mail": false,
      "groups": [
        "fortigate",
        "syslog"
      ],
      "gdpr": [
        "IV_35.7.d"
      ],
      "hipaa": [
        "164.312.b"
      ],
      "nist_800_53": [
        "AU.6"
      ],
      "pci_dss": [
        "10.6.1"
      ]
    },
    "agent": {
      "id": "000",
      "name": "wazuh.fiit.stuba.sk.novalocal"
    },
    "manager": {
      "name": "wazuh.fiit.stuba.sk.novalocal"
    },
    "id": "1761606132.16075231",
    "full_log": "Oct 28 00:02:11 147.175.144.2 date=2025-10-28 time=00:02:11 devname=\"FortiGate-600F\" devid=\"FG6H0FTB23904723\" eventtime=1761606131301211315 tz=\"+0100\" logid=\"1059028704\" type=\"utm\" subtype=\"app-ctrl\" eventtype=\"signature\" level=\"information\" vd=\"root\" appid=15895 srcip=147.175.162.255 srccountry=\"Slovakia\" dstip=52.178.17.235 dstcountry=\"Netherlands\" srcport=57406 dstport=443 srcintf=\"inside\" srcintfrole=\"lan\" dstintf=\"outside\" dstintfrole=\"wan\" proto=6 service=\"HTTPS\" direction=\"outgoing\" policyid=2 poluuid=\"2a7f9d02-b3fe-51ee-bd60-53404bd02dc6\" policytype=\"policy\" sessionid=2314219470 applist=\"default\" action=\"pass\" appcat=\"Network.Service\" app=\"SSL\" incidentserialno=3357257823 msg=\"Network.Service: SSL\" apprisk=\"elevated\"",
    "predecoder": {
      "timestamp": "Oct 28 00:02:11",
      "hostname": "147.175.144.2"
    },
    "decoder": {
      "name": "fortigate-firewall-v5"
    },
    "data": {
      "action": "pass",
      "srcip": "147.175.162.255",
      "srcport": "57406",
      "dstip": "52.178.17.235",
      "dstport": "443",
      "app": "SSL",
      "appcat": "Network.Service",
      "appid": "15895",
      "applist": "default",
      "apprisk": "elevated",
      "devid": "FG6H0FTB23904723",
      "devname": "FortiGate-600F",
      "direction": "outgoing",
      "dstcountry": "Netherlands",
      "dstintf": "outside",
      "dstintfrole": "wan",
      "eventtime": "1761606131301211315",
      "eventtype": "signature",
      "incidentserialno": "3357257823",
      "level": "information",
      "logid": "1059028704",
      "msg": "Network.Service: SSL",
      "policyid": "2",
      "poluuid": "2a7f9d02-b3fe-51ee-bd60-53404bd02dc6",
      "proto": "6",
      "service": "HTTPS",
      "sessionid": "2314219470",
      "srccountry": "Slovakia",
      "srcintf": "inside",
      "srcintfrole": "lan",
      "subtype": "app-ctrl",
      "time": "00:02:11",
      "type": "utm",
      "vd": "root"
    },
    "location": "127.0.0.1"
  },
  {
    "timestamp": "2025-10-28T00:02:12.060+0100",
    "rule": {
      "level": 1,
      "description": "Fortigate: Traffic to be aware of.",
      "id": "81618",
      "firedtimes": 5060,
      "mail": false,
      "groups": [
        "fortigate",
        "syslog"
      ],
      "gdpr": [
        "IV_35.7.d"
      ],
      "hipaa": [
        "164.312.b"
      ],
      "nist_800_53": [
        "AU.6"
      ],
      "pci_dss": [
        "10.6.1"
      ]
    },
    "agent": {
      "id": "000",
      "name": "wazuh.fiit.stuba.sk.novalocal"
    },
    "manager": {
      "name": "wazuh.fiit.stuba.sk.novalocal"
    },
    "id": "1761606132.16075231",
    "full_log": "Oct 28 00:02:11 147.175.144.2 date=2025-10-28 time=00:02:11 devname=\"FortiGate-600F\" devid=\"FG6H0FTB23904723\" eventtime=1761606131398720523 tz=\"+0100\" logid=\"0000000013\" type=\"traffic\" subtype=\"forward\" level=\"notice\" vd=\"root\" srcip=207.180.192.206 srcport=11850 srcintf=\"outside\" srcintfrole=\"wan\" dstip=147.175.162.220 dstport=58422 dstintf=\"inside\" dstintfrole=\"lan\" srccountry=\"France\" dstcountry=\"Slovakia\" sessionid=2314086140 proto=17 action=\"accept\" policyid=11 policytype=\"policy\" poluuid=\"808834ec-9d1a-51ef-835d-f46e34b6c71e\" policyname=\"allow outside\" service=\"udp/58422\" trandisp=\"noop\" appid=6 app=\"BitTorrent\" appcat=\"P2P\" apprisk=\"high\" applist=\"default\" duration=212 sentbyte=250 rcvdbyte=0 sentpkt=2 rcvdpkt=0 utmaction=\"allow\" countapp=1 crscore=5 craction=1048576 dsthwvendor=\"Cisco\" dstdevtype=\"Router\" dstunauthuser=\"orders\" dstunauthusersource=\"imap\" masterdstmac=\"84:b8:02:66:72:34\" dstmac=\"84:b8:02:66:72:34\" dstserver=0",
    "predecoder": {
      "timestamp": "Oct 28 00:02:11",
      "hostname": "147.175.144.2"
    },
    "decoder": {
      "name": "fortigate-firewall-v5"
    },
    "data": {
      "action": "accept",
      "srcip": "207.180.192.206",
      "srcport": "11850",
      "dstip": "147.175.162.220",
      "dstport": "58422",
      "dstuser": "orders",
      "app": "BitTorrent",
      "appcat": "P2P",
      "appid": "6",
      "applist": "default",
      "apprisk": "high",
      "countapp": "1",
      "craction": "1048576",
      "crscore": "5",
      "devid": "FG6H0FTB23904723",
      "devname": "FortiGate-600F",
      "dstcountry": "Slovakia",
      "dstintf": "inside",
      "dstintfrole": "lan",
      "duration": "212",
      "eventtime": "1761606131398720523",
      "level": "notice",
      "logid": "0000000013",
      "policyid": "11",
      "poluuid": "808834ec-9d1a-51ef-835d-f46e34b6c71e",
      "proto": "17",
      "rcvdbyte": "0",
      "sentbyte": "250",
      "sentpkt": "2",
      "service": "udp/58422",
      "sessionid": "2314086140",
      "srccountry": "France",
      "srcintf": "outside",
      "srcintfrole": "wan",
      "subtype": "forward",
      "time": "00:02:11",
      "trandisp": "noop",
      "type": "traffic",
      "utmaction": "allow",
      "vd": "root"
    },
    "location": "127.0.0.1"
  },
  {
    "timestamp": "2025-10-28T00:02:12.061+0100",
    "rule": {
      "level": 1,
      "description": "Fortigate: Traffic to be aware of.",
      "id": "81618",
      "firedtimes": 5061,
      "mail": false,
      "groups": [
        "fortigate",
        "syslog"
      ],
      "gdpr": [
        "IV_35.7.d"
      ],
      "hipaa": [
        "164.312.b"
      ],
      "nist_800_53": [
        "AU.6"
      ],
      "pci_dss": [
        "10.6.1"
      ]
    },
    "agent": {
      "id": "000",
      "name": "wazuh.fiit.stuba.sk.novalocal"
    },
    "manager": {
      "name": "wazuh.fiit.stuba.sk.novalocal"
    },
    "id": "1761606132.16075231",
    "full_log": "Oct 28 00:02:11 147.175.144.2 date=2025-10-28 time=00:02:11 devname=\"FortiGate-600F\" devid=\"FG6H0FTB23904723\" eventtime=1761606131458719220 tz=\"+0100\" logid=\"0000000013\" type=\"traffic\" subtype=\"forward\" level=\"notice\" vd=\"root\" srcip=5.253.36.112 srcport=57883 srcintf=\"outside\" srcintfrole=\"wan\" dstip=147.175.161.107 dstport=1900 dstintf=\"inside\" dstintfrole=\"lan\" srccountry=\"Singapore\" dstcountry=\"Slovakia\" sessionid=2314045250 proto=17 action=\"accept\" policyid=11 policytype=\"policy\" poluuid=\"808834ec-9d1a-51ef-835d-f46e34b6c71e\" policyname=\"allow outside\" service=\"MMS\" trandisp=\"noop\" appid=16083 app=\"UPnP\" appcat=\"Network.Service\" apprisk=\"elevated\" applist=\"default\" duration=284 sentbyte=360 rcvdbyte=0 sentpkt=3 rcvdpkt=0 utmaction=\"allow\" countapp=1 dsthwvendor=\"Cisco\" dstdevtype=\"Router\" dstunauthuser=\"orders\" dstunauthusersource=\"imap\" masterdstmac=\"84:b8:02:66:72:34\" dstmac=\"84:b8:02:66:72:34\" dstserver=0",
    "predecoder": {
      "timestamp": "Oct 28 00:02:11",
      "hostname": "147.175.144.2"
    },
    "decoder": {
      "name": "fortigate-firewall-v5"
    },
    "data": {
      "action": "accept",
      "srcip": "5.253.36.112",
      "srcport": "57883",
      "dstip": "147.175.161.107",
      "dstport": "1900",
      "dstuser": "orders",
      "app": "UPnP",
      "appcat": "Network.Service",
      "appid": "16083",
      "applist": "default",
      "apprisk": "elevated",
      "countapp": "1",
      "devid": "FG6H0FTB23904723",
      "devname": "FortiGate-600F",
      "dstcountry": "Slovakia",
      "dstintf": "inside",
      "dstintfrole": "lan",
      "duration": "284",
      "eventtime": "1761606131458719220",
      "level": "notice",
      "logid": "0000000013",
      "policyid": "11",
      "poluuid": "808834ec-9d1a-51ef-835d-f46e34b6c71e",
      "proto": "17",
      "rcvdbyte": "0",
      "sentbyte": "360",
      "sentpkt": "3",
      "service": "MMS",
      "sessionid": "2314045250",
      "srccountry": "Singapore",
      "srcintf": "outside",
      "srcintfrole": "wan",
      "subtype": "forward",
      "time": "00:02:11",
      "trandisp": "noop",
      "type": "traffic",
      "utmaction": "allow",
      "vd": "root"
    },
    "location": "127.0.0.1"
  },
  {
    "timestamp": "2025-10-28T00:02:12.064+0100",
    "agent": {
      "id": "307",
      "name": "vdi-143",
      "ip": "10.162.13.3"
    },
    "manager": {
      "name": "wazuh.fiit.stuba.sk.novalocal"
    },
    "id": "1761606132.16075231",
    "full_log": "{\"win\":{\"system\":{\"providerName\":\"Microsoft-Windows-Security-Auditing\",\"providerGuid\":\"{54849625-5478-4994-a5ba-3e3b0328c30d}\",\"eventID\":\"4672\",\"version\":\"0\",\"level\":\"0\",\"task\":\"12548\",\"opcode\":\"0\",\"keywords\":\"0x8020000000000000\",\"systemTime\":\"2025-10-27T23:02:11.2833758Z\",\"eventRecordID\":\"341625\",\"processID\":\"724\",\"threadID\":\"7252\",\"channel\":\"Security\",\"computer\":\"vdi-143.ucebne.fiit.stuba.sk\",\"severityValue\":\"AUDIT_SUCCESS\",\"message\":\"\\\"Special privileges assigned to new logon.\\r\\n\\r\\nSubject:\\r\\n\\tSecurity ID:\\t\\tS-1-5-18\\r\\n\\tAccount Name:\\t\\tSYSTEM\\r\\n\\tAccount Domain:\\t\\tNT AUTHORITY\\r\\n\\tLogon ID:\\t\\t0x3E7\\r\\n\\r\\nPrivileges:\\t\\tSeAssignPrimaryTokenPrivilege\\r\\n\\t\\t\\tSeTcbPrivilege\\r\\n\\t\\t\\tSeSecurityPrivilege\\r\\n\\t\\t\\tSeTakeOwnershipPrivilege\\r\\n\\t\\t\\tSeLoadDriverPrivilege\\r\\n\\t\\t\\tSeBackupPrivilege\\r\\n\\t\\t\\tSeRestorePrivilege\\r\\n\\t\\t\\tSeDebugPrivilege\\r\\n\\t\\t\\tSeAuditPrivilege\\r\\n\\t\\t\\tSeSystemEnvironmentPrivilege\\r\\n\\t\\t\\tSeImpersonatePrivilege\\r\\n\\t\\t\\tSeDelegateSessionUserImpersonatePrivilege\\\"\"},\"eventdata\":{\"subjectUserSid\":\"S-1-5-18\",\"subjectUserName\":\"SYSTEM\",\"subjectDomainName\":\"NT AUTHORITY\",\"subjectLogonId\":\"0x3e7\",\"privilegeList\":\"SeAssignPrimaryTokenPrivilege     SeTcbPrivilege     SeSecurityPrivilege     SeTakeOwnershipPrivilege     SeLoadDriverPrivilege     SeBackupPrivilege     SeRestorePrivilege     SeDebugPrivilege     SeAuditPrivilege     SeSystemEnvironmentPrivilege     SeImpersonatePrivilege     SeDelegateSessionUserImpersonatePrivilege\"}}}",
    "decoder": {
      "name": "windows_eventchannel"
    },
    "data": {
      "win": {
        "system": {
          "providerName": "Microsoft-Windows-Security-Auditing",
          "providerGuid": "{54849625-5478-4994-a5ba-3e3b0328c30d}",
          "eventID": "4672",
          "version": "0",
          "level": "0",
          "task": "12548",
          "opcode": "0",
          "keywords": "0x8020000000000000",
          "systemTime": "2025-10-27T23:02:11.2833758Z",
          "eventRecordID": "341625",
          "processID": "724",
          "threadID": "7252",
          "channel": "Security",
          "computer": "vdi-143.ucebne.fiit.stuba.sk",
          "severityValue": "AUDIT_SUCCESS",
          "message": "\"Special privileges assigned to new logon.\r\n\r\nSubject:\r\n\tSecurity ID:\t\tS-1-5-18\r\n\tAccount Name:\t\tSYSTEM\r\n\tAccount Domain:\t\tNT AUTHORITY\r\n\tLogon ID:\t\t0x3E7\r\n\r\nPrivileges:\t\tSeAssignPrimaryTokenPrivilege\r\n\t\t\tSeTcbPrivilege\r\n\t\t\tSeSecurityPrivilege\r\n\t\t\tSeTakeOwnershipPrivilege\r\n\t\t\tSeLoadDriverPrivilege\r\n\t\t\tSeBackupPrivilege\r\n\t\t\tSeRestorePrivilege\r\n\t\t\tSeDebugPrivilege\r\n\t\t\tSeAuditPrivilege\r\n\t\t\tSeSystemEnvironmentPrivilege\r\n\t\t\tSeImpersonatePrivilege\r\n\t\t\tSeDelegateSessionUserImpersonatePrivilege\""
        },
        "eventdata": {
          "subjectUserSid": "S-1-5-18",
          "subjectUserName": "SYSTEM",
          "subjectDomainName": "NT AUTHORITY",
          "subjectLogonId": "0x3e7",
          "privilegeList": "SeAssignPrimaryTokenPrivilege     SeTcbPrivilege     SeSecurityPrivilege     SeTakeOwnershipPrivilege     SeLoadDriverPrivilege     SeBackupPrivilege     SeRestorePrivilege     SeDebugPrivilege     SeAuditPrivilege     SeSystemEnvironmentPrivilege     SeImpersonatePrivilege     SeDelegateSessionUserImpersonatePrivilege"
        }
      }
    },
    "location": "EventChannel"
  },
  {
    "timestamp": "2025-10-28T00:02:12.060+0100",
    "rule": {
      "level": 1,
      "description": "Fortigate: Traffic to be aware of.",
      "id": "81618",
      "firedtimes": 5062,
      "mail": false,
      "groups": [
        "fortigate",
        "syslog"
      ],
      "gdpr": [
        "IV_35.7.d"
      ],
      "hipaa": [
        "164.312.b"
      ],
      "nist_800_53": [
        "AU.6"
      ],
      "pci_dss": [
        "10.6.1"
      ]
    },
    "agent": {
      "id": "000",
      "name": "wazuh.fiit.stuba.sk.novalocal"
    },
    "manager": {
      "name": "wazuh.fiit.stuba.sk.novalocal"
    },
    "id": "1761606132.16075231",
    "full_log": "Oct 28 00:02:11 147.175.144.2 date=2025-10-28 time=00:02:11 devname=\"FortiGate-600F\" devid=\"FG6H0FTB23904723\" eventtime=1761606131418715789 tz=\"+0100\" logid=\"0000000013\" type=\"traffic\" subtype=\"forward\" level=\"notice\" vd=\"root\" srcip=5.253.36.59 srcport=32044 srcintf=\"outside\" srcintfrole=\"wan\" dstip=147.175.161.107 dstport=1900 dstintf=\"inside\" dstintfrole=\"lan\" srccountry=\"Singapore\" dstcountry=\"Slovakia\" sessionid=2314074506 proto=17 action=\"accept\" policyid=11 policytype=\"policy\" poluuid=\"808834ec-9d1a-51ef-835d-f46e34b6c71e\" policyname=\"allow outside\" service=\"MMS\" trandisp=\"noop\" appid=16083 app=\"UPnP\" appcat=\"Network.Service\" apprisk=\"elevated\" applist=\"default\" duration=233 sentbyte=480 rcvdbyte=0 sentpkt=4 rcvdpkt=0 utmaction=\"allow\" countapp=1 dsthwvendor=\"Cisco\" dstdevtype=\"Router\" dstunauthuser=\"orders\" dstunauthusersource=\"imap\" masterdstmac=\"84:b8:02:66:72:34\" dstmac=\"84:b8:02:66:72:34\" dstserver=0",
    "predecoder": {
      "timestamp": "Oct 28 00:02:11",
      "hostname": "147.175.144.2"
    },
    "decoder": {
      "name": "fortigate-firewall-v5"
    },
    "data": {
      "action": "accept",
      "srcip": "5.253.36.59",
      "srcport": "32044",
      "dstip": "147.175.161.107",
      "dstport": "1900",
      "dstuser": "orders",
      "app": "UPnP",
      "appcat": "Network.Service",
      "appid": "16083",
      "applist": "default",
      "apprisk": "elevated",
      "countapp": "1",
      "devid": "FG6H0FTB23904723",
      "devname": "FortiGate-600F",
      "dstcountry": "Slovakia",
      "dstintf": "inside",
      "dstintfrole": "lan",
      "duration": "233",
      "eventtime": "1761606131418715789",
      "level": "notice",
      "logid": "0000000013",
      "policyid": "11",
      "poluuid": "808834ec-9d1a-51ef-835d-f46e34b6c71e",
      "proto": "17",
      "rcvdbyte": "0",
      "sentbyte": "480",
      "sentpkt": "4",
      "service": "MMS",
      "sessionid": "2314074506",
      "srccountry": "Singapore",
      "srcintf": "outside",
      "srcintfrole": "wan",
      "subtype": "forward",
      "time": "00:02:11",
      "trandisp": "noop",
      "type": "traffic",
      "utmaction": "allow",
      "vd": "root"
    },
    "location": "127.0.0.1"
  },
  {
    "timestamp": "2025-10-28T00:02:12.073+0100",
    "rule": {
      "level": 3,
      "description": "Windows Logon Success",
      "id": "60106",
      "mitre": {
        "id": [
          "T1078"
        ],
        "tactic": [
          "Defense Evasion",
          "Persistence",
          "Privilege Escalation",
          "Initial Access"
        ],
        "technique": [
          "Valid Accounts"
        ]
      },
      "firedtimes": 199,
      "mail": false,
      "groups": [
        "windows",
        "windows_security",
        "authentication_success"
      ],
      "pci_dss": [
        "10.2.5"
      ],
      "gpg13": [
        "7.1",
        "7.2"
      ],
      "gdpr": [
        "IV_32.2"
      ],
      "hipaa": [
        "164.312.b"
      ],
      "nist_800_53": [
        "AU.14",
        "AC.9"
      ],
      "tsc": [
        "CC6.8",
        "CC7.2",
        "CC7.3"
      ]
    },
    "agent": {
      "id": "307",
      "name": "vdi-143",
      "ip": "10.162.13.3"
    },
    "manager": {
      "name": "wazuh.fiit.stuba.sk.novalocal"
    },
    "id": "1761606132.16076825",
    "full_log": "{\"win\":{\"system\":{\"providerName\":\"Microsoft-Windows-Security-Auditing\",\"providerGuid\":\"{54849625-5478-4994-a5ba-3e3b0328c30d}\",\"eventID\":\"4624\",\"version\":\"2\",\"level\":\"0\",\"task\":\"12544\",\"opcode\":\"0\",\"keywords\":\"0x8020000000000000\",\"systemTime\":\"2025-10-27T23:02:11.2953942Z\",\"eventRecordID\":\"341626\",\"processID\":\"724\",\"threadID\":\"7252\",\"channel\":\"Security\",\"computer\":\"vdi-143.ucebne.fiit.stuba.sk\",\"severityValue\":\"AUDIT_SUCCESS\",\"message\":\"\\\"An account was successfully logged on.\\r\\n\\r\\nSubject:\\r\\n\\tSecurity ID:\\t\\tS-1-5-18\\r\\n\\tAccount Name:\\t\\tVDI-143$\\r\\n\\tAccount Domain:\\t\\tUCEBNE\\r\\n\\tLogon ID:\\t\\t0x3E7\\r\\n\\r\\nLogon Information:\\r\\n\\tLogon Type:\\t\\t5\\r\\n\\tRestricted Admin Mode:\\t-\\r\\n\\tVirtual Account:\\t\\tNo\\r\\n\\tElevated Token:\\t\\tYes\\r\\n\\r\\nImpersonation Level:\\t\\tImpersonation\\r\\n\\r\\nNew Logon:\\r\\n\\tSecurity ID:\\t\\tS-1-5-18\\r\\n\\tAccount Name:\\t\\tSYSTEM\\r\\n\\tAccount Domain:\\t\\tNT AUTHORITY\\r\\n\\tLogon ID:\\t\\t0x3E7\\r\\n\\tLinked Logon ID:\\t\\t0x0\\r\\n\\tNetwork Account Name:\\t-\\r\\n\\tNetwork Account Domain:\\t-\\r\\n\\tLogon GUID:\\t\\t{00000000-0000-0000-0000-000000000000}\\r\\n\\r\\nProcess Information:\\r\\n\\tProcess ID:\\t\\t0x2cc\\r\\n\\tProcess Name:\\t\\tC:\\\\Windows\\\\System32\\\\services.exe\\r\\n\\r\\nNetwork Information:\\r\\n\\tWorkstation Name:\\t-\\r\\n\\tSource Network Address:\\t-\\r\\n\\tSource Port:\\t\\t-\\r\\n\\r\\nDetailed Authentication Information:\\r\\n\\tLogon Process:\\t\\tAdvapi  \\r\\n\\tAuthentication Package:\\tNegotiate\\r\\n\\tTransited Services:\\t-\\r\\n\\tPackage Name (NTLM only):\\t-\\r\\n\\tKey Length:\\t\\t0\\r\\n\\r\\nThis event is generated when a logon session is created. It is generated on the computer that was accessed.\\r\\n\\r\\nThe subject fields indicate the account on the local system which requested the logon. This is most commonly a service such as the Server service, or a local process such as Winlogon.exe or Services.exe.\\r\\n\\r\\nThe logon type field indicates the kind of logon that occurred. The most common types are 2 (interactive) and 3 (network).\\r\\n\\r\\nThe New Logon fields indicate the account for whom the new logon was created, i.e. the account that was logged on.\\r\\n\\r\\nThe network fields indicate where a remote logon request originated. Workstation name is not always available and may be left blank in some cases.\\r\\n\\r\\nThe impersonation level field indicates the extent to which a process in the logon session can impersonate.\\r\\n\\r\\nThe authentication information fields provide detailed information about this specific logon request.\\r\\n\\t- Logon GUID is a unique identifier that can be used to correlate this event with a KDC event.\\r\\n\\t- Transited services indicate which intermediate services have participated in this logon request.\\r\\n\\t- Package name indicates which sub-protocol was used among the NTLM protocols.\\r\\n\\t- Key length indicates the length of the generated session key. This will be 0 if no session key was requested.\\\"\"},\"eventdata\":{\"subjectUserSid\":\"S-1-5-18\",\"subjectUserName\":\"VDI-143$\",\"subjectDomainName\":\"UCEBNE\",\"subjectLogonId\":\"0x3e7\",\"targetUserSid\":\"S-1-5-18\",\"targetUserName\":\"SYSTEM\",\"targetDomainName\":\"NT AUTHORITY\",\"targetLogonId\":\"0x3e7\",\"logonType\":\"5\",\"logonProcessName\":\"Advapi\",\"authenticationPackageName\":\"Negotiate\",\"logonGuid\":\"{00000000-0000-0000-0000-000000000000}\",\"keyLength\":\"0\",\"processId\":\"0x2cc\",\"processName\":\"C:\\\\\\\\Windows\\\\\\\\System32\\\\\\\\services.exe\",\"impersonationLevel\":\"%%1833\",\"virtualAccount\":\"%%1843\",\"targetLinkedLogonId\":\"0x0\",\"elevatedToken\":\"%%1842\"}}}",
    "decoder": {
      "name": "windows_eventchannel"
    },
    "data": {
      "win": {
        "system": {
          "providerName": "Microsoft-Windows-Security-Auditing",
          "providerGuid": "{54849625-5478-4994-a5ba-3e3b0328c30d}",
          "eventID": "4624",
          "version": "2",
          "level": "0",
          "task": "12544",
          "opcode": "0",
          "keywords": "0x8020000000000000",
          "systemTime": "2025-10-27T23:02:11.2953942Z",
          "eventRecordID": "341626",
          "processID": "724",
          "threadID": "7252",
          "channel": "Security",
          "computer": "vdi-143.ucebne.fiit.stuba.sk",
          "severityValue": "AUDIT_SUCCESS",
          "message": "\"An account was successfully logged on.\r\n\r\nSubject:\r\n\tSecurity ID:\t\tS-1-5-18\r\n\tAccount Name:\t\tVDI-143$\r\n\tAccount Domain:\t\tUCEBNE\r\n\tLogon ID:\t\t0x3E7\r\n\r\nLogon Information:\r\n\tLogon Type:\t\t5\r\n\tRestricted Admin Mode:\t-\r\n\tVirtual Account:\t\tNo\r\n\tElevated Token:\t\tYes\r\n\r\nImpersonation Level:\t\tImpersonation\r\n\r\nNew Logon:\r\n\tSecurity ID:\t\tS-1-5-18\r\n\tAccount Name:\t\tSYSTEM\r\n\tAccount Domain:\t\tNT AUTHORITY\r\n\tLogon ID:\t\t0x3E7\r\n\tLinked Logon ID:\t\t0x0\r\n\tNetwork Account Name:\t-\r\n\tNetwork Account Domain:\t-\r\n\tLogon GUID:\t\t{00000000-0000-0000-0000-000000000000}\r\n\r\nProcess Information:\r\n\tProcess ID:\t\t0x2cc\r\n\tProcess Name:\t\tC:\\Windows\\System32\\services.exe\r\n\r\nNetwork Information:\r\n\tWorkstation Name:\t-\r\n\tSource Network Address:\t-\r\n\tSource Port:\t\t-\r\n\r\nDetailed Authentication Information:\r\n\tLogon Process:\t\tAdvapi  \r\n\tAuthentication Package:\tNegotiate\r\n\tTransited Services:\t-\r\n\tPackage Name (NTLM only):\t-\r\n\tKey Length:\t\t0\r\n\r\nThis event is generated when a logon session is created. It is generated on the computer that was accessed.\r\n\r\nThe subject fields indicate the account on the local system which requested the logon. This is most commonly a service such as the Server service, or a local process such as Winlogon.exe or Services.exe.\r\n\r\nThe logon type field indicates the kind of logon that occurred. The most common types are 2 (interactive) and 3 (network).\r\n\r\nThe New Logon fields indicate the account for whom the new logon was created, i.e. the account that was logged on.\r\n\r\nThe network fields indicate where a remote logon request originated. Workstation name is not always available and may be left blank in some cases.\r\n\r\nThe impersonation level field indicates the extent to which a process in the logon session can impersonate.\r\n\r\nThe authentication information fields provide detailed information about this specific logon request.\r\n\t- Logon GUID is a unique identifier that can be used to correlate this event with a KDC event.\r\n\t- Transited services indicate which intermediate services have participated in this logon request.\r\n\t- Package name indicates which sub-protocol was used among the NTLM protocols.\r\n\t- Key length indicates the length of the generated session key. This will be 0 if no session key was requested.\""
        },
        "eventdata": {
          "subjectUserSid": "S-1-5-18",
          "subjectUserName": "VDI-143$",
          "subjectDomainName": "UCEBNE",
          "subjectLogonId": "0x3e7",
          "targetUserSid": "S-1-5-18",
          "targetUserName": "SYSTEM",
          "targetDomainName": "NT AUTHORITY",
          "targetLogonId": "0x3e7",
          "logonType": "5",
          "logonProcessName": "Advapi",
          "authenticationPackageName": "Negotiate",
          "logonGuid": "{00000000-0000-0000-0000-000000000000}",
          "keyLength": "0",
          "processId": "0x2cc",
          "processName": "C:\\\\Windows\\\\System32\\\\services.exe",
          "impersonationLevel": "%%1833",
          "virtualAccount": "%%1843",
          "targetLinkedLogonId": "0x0",
          "elevatedToken": "%%1842"
        }
      }
    },
    "location": "EventChannel"
  },
  {
    "timestamp": "2025-10-28T00:02:12.089+0100",
    "agent": {
      "id": "307",
      "name": "vdi-143",
      "ip": "10.162.13.3"
    },
    "manager": {
      "name": "wazuh.fiit.stuba.sk.novalocal"
    },
    "id": "1761606132.16076825",
    "full_log": "{\"win\":{\"system\":{\"providerName\":\"Microsoft-Windows-Security-Auditing\",\"providerGuid\":\"{54849625-5478-4994-a5ba-3e3b0328c30d}\",\"eventID\":\"4672\",\"version\":\"0\",\"level\":\"0\",\"task\":\"12548\",\"opcode\":\"0\",\"keywords\":\"0x8020000000000000\",\"systemTime\":\"2025-10-27T23:02:11.2954252Z\",\"eventRecordID\":\"341627\",\"processID\":\"724\",\"threadID\":\"7252\",\"channel\":\"Security\",\"computer\":\"vdi-143.ucebne.fiit.stuba.sk\",\"severityValue\":\"AUDIT_SUCCESS\",\"message\":\"\\\"Special privileges assigned to new logon.\\r\\n\\r\\nSubject:\\r\\n\\tSecurity ID:\\t\\tS-1-5-18\\r\\n\\tAccount Name:\\t\\tSYSTEM\\r\\n\\tAccount Domain:\\t\\tNT AUTHORITY\\r\\n\\tLogon ID:\\t\\t0x3E7\\r\\n\\r\\nPrivileges:\\t\\tSeAssignPrimaryTokenPrivilege\\r\\n\\t\\t\\tSeTcbPrivilege\\r\\n\\t\\t\\tSeSecurityPrivilege\\r\\n\\t\\t\\tSeTakeOwnershipPrivilege\\r\\n\\t\\t\\tSeLoadDriverPrivilege\\r\\n\\t\\t\\tSeBackupPrivilege\\r\\n\\t\\t\\tSeRestorePrivilege\\r\\n\\t\\t\\tSeDebugPrivilege\\r\\n\\t\\t\\tSeAuditPrivilege\\r\\n\\t\\t\\tSeSystemEnvironmentPrivilege\\r\\n\\t\\t\\tSeImpersonatePrivilege\\r\\n\\t\\t\\tSeDelegateSessionUserImpersonatePrivilege\\\"\"},\"eventdata\":{\"subjectUserSid\":\"S-1-5-18\",\"subjectUserName\":\"SYSTEM\",\"subjectDomainName\":\"NT AUTHORITY\",\"subjectLogonId\":\"0x3e7\",\"privilegeList\":\"SeAssignPrimaryTokenPrivilege     SeTcbPrivilege     SeSecurityPrivilege     SeTakeOwnershipPrivilege     SeLoadDriverPrivilege     SeBackupPrivilege     SeRestorePrivilege     SeDebugPrivilege     SeAuditPrivilege     SeSystemEnvironmentPrivilege     SeImpersonatePrivilege     SeDelegateSessionUserImpersonatePrivilege\"}}}",
    "decoder": {
      "name": "windows_eventchannel"
    },
    "data": {
      "win": {
        "system": {
          "providerName": "Microsoft-Windows-Security-Auditing",
          "providerGuid": "{54849625-5478-4994-a5ba-3e3b0328c30d}",
          "eventID": "4672",
          "version": "0",
          "level": "0",
          "task": "12548",
          "opcode": "0",
          "keywords": "0x8020000000000000",
          "systemTime": "2025-10-27T23:02:11.2954252Z",
          "eventRecordID": "341627",
          "processID": "724",
          "threadID": "7252",
          "channel": "Security",
          "computer": "vdi-143.ucebne.fiit.stuba.sk",
          "severityValue": "AUDIT_SUCCESS",
          "message": "\"Special privileges assigned to new logon.\r\n\r\nSubject:\r\n\tSecurity ID:\t\tS-1-5-18\r\n\tAccount Name:\t\tSYSTEM\r\n\tAccount Domain:\t\tNT AUTHORITY\r\n\tLogon ID:\t\t0x3E7\r\n\r\nPrivileges:\t\tSeAssignPrimaryTokenPrivilege\r\n\t\t\tSeTcbPrivilege\r\n\t\t\tSeSecurityPrivilege\r\n\t\t\tSeTakeOwnershipPrivilege\r\n\t\t\tSeLoadDriverPrivilege\r\n\t\t\tSeBackupPrivilege\r\n\t\t\tSeRestorePrivilege\r\n\t\t\tSeDebugPrivilege\r\n\t\t\tSeAuditPrivilege\r\n\t\t\tSeSystemEnvironmentPrivilege\r\n\t\t\tSeImpersonatePrivilege\r\n\t\t\tSeDelegateSessionUserImpersonatePrivilege\""
        },
        "eventdata": {
          "subjectUserSid": "S-1-5-18",
          "subjectUserName": "SYSTEM",
          "subjectDomainName": "NT AUTHORITY",
          "subjectLogonId": "0x3e7",
          "privilegeList": "SeAssignPrimaryTokenPrivilege     SeTcbPrivilege     SeSecurityPrivilege     SeTakeOwnershipPrivilege     SeLoadDriverPrivilege     SeBackupPrivilege     SeRestorePrivilege     SeDebugPrivilege     SeAuditPrivilege     SeSystemEnvironmentPrivilege     SeImpersonatePrivilege     SeDelegateSessionUserImpersonatePrivilege"
        }
      }
    },
    "location": "EventChannel"
  },
  {
    "timestamp": "2025-10-28T00:02:12.104+0100",
    "rule": {
      "level": 3,
      "description": "Windows Logon Success",
      "id": "60106",
      "mitre": {
        "id": [
          "T1078"
        ],
        "tactic": [
          "Defense Evasion",
          "Persistence",
          "Privilege Escalation",
          "Initial Access"
        ],
        "technique": [
          "Valid Accounts"
        ]
      },
      "firedtimes": 200,
      "mail": false,
      "groups": [
        "windows",
        "windows_security",
        "authentication_success"
      ],
      "pci_dss": [
        "10.2.5"
      ],
      "gpg13": [
        "7.1",
        "7.2"
      ],
      "gdpr": [
        "IV_32.2"
      ],
      "hipaa": [
        "164.312.b"
      ],
      "nist_800_53": [
        "AU.14",
        "AC.9"
      ],
      "tsc": [
        "CC6.8",
        "CC7.2",
        "CC7.3"
      ]
    },
    "agent": {
      "id": "307",
      "name": "vdi-143",
      "ip": "10.162.13.3"
    },
    "manager": {
      "name": "wazuh.fiit.stuba.sk.novalocal"
    },
    "id": "1761606132.16084125",
    "full_log": "{\"win\":{\"system\":{\"providerName\":\"Microsoft-Windows-Security-Auditing\",\"providerGuid\":\"{54849625-5478-4994-a5ba-3e3b0328c30d}\",\"eventID\":\"4624\",\"version\":\"2\",\"level\":\"0\",\"task\":\"12544\",\"opcode\":\"0\",\"keywords\":\"0x8020000000000000\",\"systemTime\":\"2025-10-27T23:02:11.2963413Z\",\"eventRecordID\":\"341628\",\"processID\":\"724\",\"threadID\":\"7252\",\"channel\":\"Security\",\"computer\":\"vdi-143.ucebne.fiit.stuba.sk\",\"severityValue\":\"AUDIT_SUCCESS\",\"message\":\"\\\"An account was successfully logged on.\\r\\n\\r\\nSubject:\\r\\n\\tSecurity ID:\\t\\tS-1-5-18\\r\\n\\tAccount Name:\\t\\tVDI-143$\\r\\n\\tAccount Domain:\\t\\tUCEBNE\\r\\n\\tLogon ID:\\t\\t0x3E7\\r\\n\\r\\nLogon Information:\\r\\n\\tLogon Type:\\t\\t5\\r\\n\\tRestricted Admin Mode:\\t-\\r\\n\\tVirtual Account:\\t\\tNo\\r\\n\\tElevated Token:\\t\\tYes\\r\\n\\r\\nImpersonation Level:\\t\\tImpersonation\\r\\n\\r\\nNew Logon:\\r\\n\\tSecurity ID:\\t\\tS-1-5-18\\r\\n\\tAccount Name:\\t\\tSYSTEM\\r\\n\\tAccount Domain:\\t\\tNT AUTHORITY\\r\\n\\tLogon ID:\\t\\t0x3E7\\r\\n\\tLinked Logon ID:\\t\\t0x0\\r\\n\\tNetwork Account Name:\\t-\\r\\n\\tNetwork Account Domain:\\t-\\r\\n\\tLogon GUID:\\t\\t{00000000-0000-0000-0000-000000000000}\\r\\n\\r\\nProcess Information:\\r\\n\\tProcess ID:\\t\\t0x2cc\\r\\n\\tProcess Name:\\t\\tC:\\\\Windows\\\\System32\\\\services.exe\\r\\n\\r\\nNetwork Information:\\r\\n\\tWorkstation Name:\\t-\\r\\n\\tSource Network Address:\\t-\\r\\n\\tSource Port:\\t\\t-\\r\\n\\r\\nDetailed Authentication Information:\\r\\n\\tLogon Process:\\t\\tAdvapi  \\r\\n\\tAuthentication Package:\\tNegotiate\\r\\n\\tTransited Services:\\t-\\r\\n\\tPackage Name (NTLM only):\\t-\\r\\n\\tKey Length:\\t\\t0\\r\\n\\r\\nThis event is generated when a logon session is created. It is generated on the computer that was accessed.\\r\\n\\r\\nThe subject fields indicate the account on the local system which requested the logon. This is most commonly a service such as the Server service, or a local process such as Winlogon.exe or Services.exe.\\r\\n\\r\\nThe logon type field indicates the kind of logon that occurred. The most common types are 2 (interactive) and 3 (network).\\r\\n\\r\\nThe New Logon fields indicate the account for whom the new logon was created, i.e. the account that was logged on.\\r\\n\\r\\nThe network fields indicate where a remote logon request originated. Workstation name is not always available and may be left blank in some cases.\\r\\n\\r\\nThe impersonation level field indicates the extent to which a process in the logon session can impersonate.\\r\\n\\r\\nThe authentication information fields provide detailed information about this specific logon request.\\r\\n\\t- Logon GUID is a unique identifier that can be used to correlate this event with a KDC event.\\r\\n\\t- Transited services indicate which intermediate services have participated in this logon request.\\r\\n\\t- Package name indicates which sub-protocol was used among the NTLM protocols.\\r\\n\\t- Key length indicates the length of the generated session key. This will be 0 if no session key was requested.\\\"\"},\"eventdata\":{\"subjectUserSid\":\"S-1-5-18\",\"subjectUserName\":\"VDI-143$\",\"subjectDomainName\":\"UCEBNE\",\"subjectLogonId\":\"0x3e7\",\"targetUserSid\":\"S-1-5-18\",\"targetUserName\":\"SYSTEM\",\"targetDomainName\":\"NT AUTHORITY\",\"targetLogonId\":\"0x3e7\",\"logonType\":\"5\",\"logonProcessName\":\"Advapi\",\"authenticationPackageName\":\"Negotiate\",\"logonGuid\":\"{00000000-0000-0000-0000-000000000000}\",\"keyLength\":\"0\",\"processId\":\"0x2cc\",\"processName\":\"C:\\\\\\\\Windows\\\\\\\\System32\\\\\\\\services.exe\",\"impersonationLevel\":\"%%1833\",\"virtualAccount\":\"%%1843\",\"targetLinkedLogonId\":\"0x0\",\"elevatedToken\":\"%%1842\"}}}",
    "decoder": {
      "name": "windows_eventchannel"
    },
    "data": {
      "win": {
        "system": {
          "providerName": "Microsoft-Windows-Security-Auditing",
          "providerGuid": "{54849625-5478-4994-a5ba-3e3b0328c30d}",
          "eventID": "4624",
          "version": "2",
          "level": "0",
          "task": "12544",
          "opcode": "0",
          "keywords": "0x8020000000000000",
          "systemTime": "2025-10-27T23:02:11.2963413Z",
          "eventRecordID": "341628",
          "processID": "724",
          "threadID": "7252",
          "channel": "Security",
          "computer": "vdi-143.ucebne.fiit.stuba.sk",
          "severityValue": "AUDIT_SUCCESS",
          "message": "\"An account was successfully logged on.\r\n\r\nSubject:\r\n\tSecurity ID:\t\tS-1-5-18\r\n\tAccount Name:\t\tVDI-143$\r\n\tAccount Domain:\t\tUCEBNE\r\n\tLogon ID:\t\t0x3E7\r\n\r\nLogon Information:\r\n\tLogon Type:\t\t5\r\n\tRestricted Admin Mode:\t-\r\n\tVirtual Account:\t\tNo\r\n\tElevated Token:\t\tYes\r\n\r\nImpersonation Level:\t\tImpersonation\r\n\r\nNew Logon:\r\n\tSecurity ID:\t\tS-1-5-18\r\n\tAccount Name:\t\tSYSTEM\r\n\tAccount Domain:\t\tNT AUTHORITY\r\n\tLogon ID:\t\t0x3E7\r\n\tLinked Logon ID:\t\t0x0\r\n\tNetwork Account Name:\t-\r\n\tNetwork Account Domain:\t-\r\n\tLogon GUID:\t\t{00000000-0000-0000-0000-000000000000}\r\n\r\nProcess Information:\r\n\tProcess ID:\t\t0x2cc\r\n\tProcess Name:\t\tC:\\Windows\\System32\\services.exe\r\n\r\nNetwork Information:\r\n\tWorkstation Name:\t-\r\n\tSource Network Address:\t-\r\n\tSource Port:\t\t-\r\n\r\nDetailed Authentication Information:\r\n\tLogon Process:\t\tAdvapi  \r\n\tAuthentication Package:\tNegotiate\r\n\tTransited Services:\t-\r\n\tPackage Name (NTLM only):\t-\r\n\tKey Length:\t\t0\r\n\r\nThis event is generated when a logon session is created. It is generated on the computer that was accessed.\r\n\r\nThe subject fields indicate the account on the local system which requested the logon. This is most commonly a service such as the Server service, or a local process such as Winlogon.exe or Services.exe.\r\n\r\nThe logon type field indicates the kind of logon that occurred. The most common types are 2 (interactive) and 3 (network).\r\n\r\nThe New Logon fields indicate the account for whom the new logon was created, i.e. the account that was logged on.\r\n\r\nThe network fields indicate where a remote logon request originated. Workstation name is not always available and may be left blank in some cases.\r\n\r\nThe impersonation level field indicates the extent to which a process in the logon session can impersonate.\r\n\r\nThe authentication information fields provide detailed information about this specific logon request.\r\n\t- Logon GUID is a unique identifier that can be used to correlate this event with a KDC event.\r\n\t- Transited services indicate which intermediate services have participated in this logon request.\r\n\t- Package name indicates which sub-protocol was used among the NTLM protocols.\r\n\t- Key length indicates the length of the generated session key. This will be 0 if no session key was requested.\""
        },
        "eventdata": {
          "subjectUserSid": "S-1-5-18",
          "subjectUserName": "VDI-143$",
          "subjectDomainName": "UCEBNE",
          "subjectLogonId": "0x3e7",
          "targetUserSid": "S-1-5-18",
          "targetUserName": "SYSTEM",
          "targetDomainName": "NT AUTHORITY",
          "targetLogonId": "0x3e7",
          "logonType": "5",
          "logonProcessName": "Advapi",
          "authenticationPackageName": "Negotiate",
          "logonGuid": "{00000000-0000-0000-0000-000000000000}",
          "keyLength": "0",
          "processId": "0x2cc",
          "processName": "C:\\\\Windows\\\\System32\\\\services.exe",
          "impersonationLevel": "%%1833",
          "virtualAccount": "%%1843",
          "targetLinkedLogonId": "0x0",
          "elevatedToken": "%%1842"
        }
      }
    },
    "location": "EventChannel"
  },
